[2022-08-28 15:20:04,872] {taskinstance.py:1032} INFO - Dependencies all met for <TaskInstance: ETL_Examples.Extraction scheduled__2022-08-28T10:00:00+00:00 [queued]>
[2022-08-28 15:20:04,875] {taskinstance.py:1032} INFO - Dependencies all met for <TaskInstance: ETL_Examples.Extraction scheduled__2022-08-28T10:00:00+00:00 [queued]>
[2022-08-28 15:20:04,875] {taskinstance.py:1238} INFO - 
--------------------------------------------------------------------------------
[2022-08-28 15:20:04,875] {taskinstance.py:1239} INFO - Starting attempt 1 of 1
[2022-08-28 15:20:04,875] {taskinstance.py:1240} INFO - 
--------------------------------------------------------------------------------
[2022-08-28 15:20:04,879] {taskinstance.py:1259} INFO - Executing <Task(PythonOperator): Extraction> on 2022-08-28 10:00:00+00:00
[2022-08-28 15:20:04,887] {standard_task_runner.py:52} INFO - Started process 30192 to run task
[2022-08-28 15:20:04,891] {standard_task_runner.py:76} INFO - Running: ['airflow', 'tasks', 'run', 'ETL_Examples', 'Extraction', 'scheduled__2022-08-28T10:00:00+00:00', '--job-id', '324', '--raw', '--subdir', 'DAGS_FOLDER/Pushtobigquery2.py', '--cfg-path', '/var/folders/35/pzst1sv14yld_nkt23lk_vmr0000gn/T/tmpt24b6raf', '--error-file', '/var/folders/35/pzst1sv14yld_nkt23lk_vmr0000gn/T/tmpg3pl_nv5']
[2022-08-28 15:20:04,892] {standard_task_runner.py:77} INFO - Job 324: Subtask Extraction
[2022-08-28 15:20:04,914] {logging_mixin.py:109} INFO - Running <TaskInstance: ETL_Examples.Extraction scheduled__2022-08-28T10:00:00+00:00 [running]> on host 1.0.0.127.in-addr.arpa
[2022-08-28 15:20:04,935] {taskinstance.py:1424} INFO - Exporting the following env vars:
AIRFLOW_CTX_DAG_EMAIL=jonathan.dejesus.azor@gmail.com
AIRFLOW_CTX_DAG_OWNER=admin
AIRFLOW_CTX_DAG_ID=ETL_Examples
AIRFLOW_CTX_TASK_ID=Extraction
AIRFLOW_CTX_EXECUTION_DATE=2022-08-28T10:00:00+00:00
AIRFLOW_CTX_DAG_RUN_ID=scheduled__2022-08-28T10:00:00+00:00
[2022-08-28 15:20:05,732] {python.py:175} INFO - Done. Returned value was:     incident_report_number                    crime_type  ...                 rep_date rep_time
0              20222321633            FAMILY DISTURBANCE  ...  2022-08-21T00:00:00.000       31
1              20222321603           PUBLIC INTOXICATION  ...  2022-08-20T00:00:00.000     2346
2              20222321596            FAMILY DISTURBANCE  ...  2022-08-21T00:00:00.000       30
3              20222321579                    AUTO THEFT  ...  2022-08-20T00:00:00.000     2329
4              20222321567                    AUTO THEFT  ...  2022-08-20T00:00:00.000     2325
..                     ...                           ...  ...                      ...      ...
95             20228015091                    AUTO THEFT  ...  2022-08-20T00:00:00.000      852
96           2022222320350             CRIMINAL TRESPASS  ...  2022-08-20T00:00:00.000      741
97             20222320452                    AUTO THEFT  ...  2022-08-20T00:00:00.000      731
98             20222320356           BURGLARY OF VEHICLE  ...  2022-08-20T00:00:00.000      705
99             20222320216  POSS CONTROLLED SUB/NARCOTIC  ...  2022-08-20T00:00:00.000      700

[100 rows x 9 columns]
[2022-08-28 15:20:05,748] {taskinstance.py:1267} INFO - Marking task as SUCCESS. dag_id=ETL_Examples, task_id=Extraction, execution_date=20220828T100000, start_date=20220828T202004, end_date=20220828T202005
[2022-08-28 15:20:05,762] {local_task_job.py:154} INFO - Task exited with return code 0
[2022-08-28 15:20:05,775] {local_task_job.py:264} INFO - 1 downstream tasks scheduled from follow-on schedule check
[2022-08-28 15:34:03,871] {taskinstance.py:1032} INFO - Dependencies all met for <TaskInstance: ETL_Examples.Extraction scheduled__2022-08-28T10:00:00+00:00 [queued]>
[2022-08-28 15:34:03,874] {taskinstance.py:1032} INFO - Dependencies all met for <TaskInstance: ETL_Examples.Extraction scheduled__2022-08-28T10:00:00+00:00 [queued]>
[2022-08-28 15:34:03,874] {taskinstance.py:1238} INFO - 
--------------------------------------------------------------------------------
[2022-08-28 15:34:03,875] {taskinstance.py:1239} INFO - Starting attempt 1 of 2
[2022-08-28 15:34:03,875] {taskinstance.py:1240} INFO - 
--------------------------------------------------------------------------------
[2022-08-28 15:34:03,879] {taskinstance.py:1259} INFO - Executing <Task(PythonOperator): Extraction> on 2022-08-28 10:00:00+00:00
[2022-08-28 15:34:03,885] {standard_task_runner.py:52} INFO - Started process 30705 to run task
[2022-08-28 15:34:03,890] {standard_task_runner.py:76} INFO - Running: ['airflow', 'tasks', 'run', 'ETL_Examples', 'Extraction', 'scheduled__2022-08-28T10:00:00+00:00', '--job-id', '414', '--raw', '--subdir', 'DAGS_FOLDER/Pushtobigquery2.py', '--cfg-path', '/var/folders/35/pzst1sv14yld_nkt23lk_vmr0000gn/T/tmpn8qhs6n5', '--error-file', '/var/folders/35/pzst1sv14yld_nkt23lk_vmr0000gn/T/tmpqgjb9szk']
[2022-08-28 15:34:03,891] {standard_task_runner.py:77} INFO - Job 414: Subtask Extraction
[2022-08-28 15:34:03,918] {logging_mixin.py:109} INFO - Running <TaskInstance: ETL_Examples.Extraction scheduled__2022-08-28T10:00:00+00:00 [running]> on host 1.0.0.127.in-addr.arpa
[2022-08-28 15:34:03,940] {taskinstance.py:1424} INFO - Exporting the following env vars:
AIRFLOW_CTX_DAG_EMAIL=jonathan.dejesus.azor@gmail.com
AIRFLOW_CTX_DAG_OWNER=admin
AIRFLOW_CTX_DAG_ID=ETL_Examples
AIRFLOW_CTX_TASK_ID=Extraction
AIRFLOW_CTX_EXECUTION_DATE=2022-08-28T10:00:00+00:00
AIRFLOW_CTX_DAG_RUN_ID=scheduled__2022-08-28T10:00:00+00:00
[2022-08-28 15:34:04,735] {python.py:175} INFO - Done. Returned value was:     incident_report_number                    crime_type  ...                 rep_date rep_time
0              20222321633            FAMILY DISTURBANCE  ...  2022-08-21T00:00:00.000       31
1              20222321603           PUBLIC INTOXICATION  ...  2022-08-20T00:00:00.000     2346
2              20222321596            FAMILY DISTURBANCE  ...  2022-08-21T00:00:00.000       30
3              20222321579                    AUTO THEFT  ...  2022-08-20T00:00:00.000     2329
4              20222321567                    AUTO THEFT  ...  2022-08-20T00:00:00.000     2325
..                     ...                           ...  ...                      ...      ...
95             20228015091                    AUTO THEFT  ...  2022-08-20T00:00:00.000      852
96           2022222320350             CRIMINAL TRESPASS  ...  2022-08-20T00:00:00.000      741
97             20222320452                    AUTO THEFT  ...  2022-08-20T00:00:00.000      731
98             20222320356           BURGLARY OF VEHICLE  ...  2022-08-20T00:00:00.000      705
99             20222320216  POSS CONTROLLED SUB/NARCOTIC  ...  2022-08-20T00:00:00.000      700

[100 rows x 9 columns]
[2022-08-28 15:34:04,750] {taskinstance.py:1267} INFO - Marking task as SUCCESS. dag_id=ETL_Examples, task_id=Extraction, execution_date=20220828T100000, start_date=20220828T203403, end_date=20220828T203404
[2022-08-28 15:34:04,779] {local_task_job.py:154} INFO - Task exited with return code 0
[2022-08-28 15:34:04,792] {local_task_job.py:264} INFO - 1 downstream tasks scheduled from follow-on schedule check
