[2022-08-28 14:31:00,100] {taskinstance.py:1032} INFO - Dependencies all met for <TaskInstance: ETL_Examples.Extraction scheduled__2022-08-28T05:00:00+00:00 [queued]>
[2022-08-28 14:31:00,103] {taskinstance.py:1032} INFO - Dependencies all met for <TaskInstance: ETL_Examples.Extraction scheduled__2022-08-28T05:00:00+00:00 [queued]>
[2022-08-28 14:31:00,103] {taskinstance.py:1238} INFO - 
--------------------------------------------------------------------------------
[2022-08-28 14:31:00,103] {taskinstance.py:1239} INFO - Starting attempt 1 of 1
[2022-08-28 14:31:00,103] {taskinstance.py:1240} INFO - 
--------------------------------------------------------------------------------
[2022-08-28 14:31:00,107] {taskinstance.py:1259} INFO - Executing <Task(PythonOperator): Extraction> on 2022-08-28 05:00:00+00:00
[2022-08-28 14:31:00,116] {standard_task_runner.py:52} INFO - Started process 28116 to run task
[2022-08-28 14:31:00,120] {standard_task_runner.py:76} INFO - Running: ['airflow', 'tasks', 'run', 'ETL_Examples', 'Extraction', 'scheduled__2022-08-28T05:00:00+00:00', '--job-id', '133', '--raw', '--subdir', 'DAGS_FOLDER/Pushtobigquery2.py', '--cfg-path', '/var/folders/35/pzst1sv14yld_nkt23lk_vmr0000gn/T/tmpvm_b6oy1', '--error-file', '/var/folders/35/pzst1sv14yld_nkt23lk_vmr0000gn/T/tmp1zjag279']
[2022-08-28 14:31:00,121] {standard_task_runner.py:77} INFO - Job 133: Subtask Extraction
[2022-08-28 14:31:00,143] {logging_mixin.py:109} INFO - Running <TaskInstance: ETL_Examples.Extraction scheduled__2022-08-28T05:00:00+00:00 [running]> on host 1.0.0.127.in-addr.arpa
[2022-08-28 14:31:00,163] {taskinstance.py:1424} INFO - Exporting the following env vars:
AIRFLOW_CTX_DAG_EMAIL=jonathan.dejesus.azor@gmail.com
AIRFLOW_CTX_DAG_OWNER=admin
AIRFLOW_CTX_DAG_ID=ETL_Examples
AIRFLOW_CTX_TASK_ID=Extraction
AIRFLOW_CTX_EXECUTION_DATE=2022-08-28T05:00:00+00:00
AIRFLOW_CTX_DAG_RUN_ID=scheduled__2022-08-28T05:00:00+00:00
[2022-08-28 14:31:01,474] {logging_mixin.py:109} INFO -      incident_report_number                 crime_type  ...                 rep_date rep_time
0               20222321633         FAMILY DISTURBANCE  ...  2022-08-21T00:00:00.000       31
1               20222321603        PUBLIC INTOXICATION  ...  2022-08-20T00:00:00.000     2346
2               20222321596         FAMILY DISTURBANCE  ...  2022-08-21T00:00:00.000       30
3               20222321579                 AUTO THEFT  ...  2022-08-20T00:00:00.000     2329
4               20222321567                 AUTO THEFT  ...  2022-08-20T00:00:00.000     2325
..                      ...                        ...  ...                      ...      ...
195             20222311299         ASSAULT BY CONTACT  ...  2022-08-19T00:00:00.000     1942
196             20222311272         FAMILY DISTURBANCE  ...  2022-08-19T00:00:00.000     1916
197             20222311148        ASSAULT WITH INJURY  ...  2022-08-19T00:00:00.000     1914
198             20222311261  VIOL TEMP EX PARTE  ORDER  ...  2022-08-19T00:00:00.000     1910
199             20222311178         DATING DISTURBANCE  ...  2022-08-19T00:00:00.000     1903

[200 rows x 9 columns]
[2022-08-28 14:31:01,475] {python.py:175} INFO - Done. Returned value was: None
[2022-08-28 14:31:01,478] {taskinstance.py:1267} INFO - Marking task as SUCCESS. dag_id=ETL_Examples, task_id=Extraction, execution_date=20220828T050000, start_date=20220828T193100, end_date=20220828T193101
[2022-08-28 14:31:01,511] {local_task_job.py:154} INFO - Task exited with return code 0
[2022-08-28 14:31:01,525] {local_task_job.py:264} INFO - 1 downstream tasks scheduled from follow-on schedule check
[2022-08-28 15:19:29,218] {taskinstance.py:1032} INFO - Dependencies all met for <TaskInstance: ETL_Examples.Extraction scheduled__2022-08-28T05:00:00+00:00 [queued]>
[2022-08-28 15:19:29,221] {taskinstance.py:1032} INFO - Dependencies all met for <TaskInstance: ETL_Examples.Extraction scheduled__2022-08-28T05:00:00+00:00 [queued]>
[2022-08-28 15:19:29,221] {taskinstance.py:1238} INFO - 
--------------------------------------------------------------------------------
[2022-08-28 15:19:29,221] {taskinstance.py:1239} INFO - Starting attempt 1 of 1
[2022-08-28 15:19:29,221] {taskinstance.py:1240} INFO - 
--------------------------------------------------------------------------------
[2022-08-28 15:19:29,225] {taskinstance.py:1259} INFO - Executing <Task(PythonOperator): Extraction> on 2022-08-28 05:00:00+00:00
[2022-08-28 15:19:29,233] {standard_task_runner.py:52} INFO - Started process 30163 to run task
[2022-08-28 15:19:29,237] {standard_task_runner.py:76} INFO - Running: ['airflow', 'tasks', 'run', 'ETL_Examples', 'Extraction', 'scheduled__2022-08-28T05:00:00+00:00', '--job-id', '312', '--raw', '--subdir', 'DAGS_FOLDER/Pushtobigquery2.py', '--cfg-path', '/var/folders/35/pzst1sv14yld_nkt23lk_vmr0000gn/T/tmp5z7hpdcz', '--error-file', '/var/folders/35/pzst1sv14yld_nkt23lk_vmr0000gn/T/tmp4e51z1ww']
[2022-08-28 15:19:29,238] {standard_task_runner.py:77} INFO - Job 312: Subtask Extraction
[2022-08-28 15:19:29,259] {logging_mixin.py:109} INFO - Running <TaskInstance: ETL_Examples.Extraction scheduled__2022-08-28T05:00:00+00:00 [running]> on host 1.0.0.127.in-addr.arpa
[2022-08-28 15:19:29,279] {taskinstance.py:1424} INFO - Exporting the following env vars:
AIRFLOW_CTX_DAG_EMAIL=jonathan.dejesus.azor@gmail.com
AIRFLOW_CTX_DAG_OWNER=admin
AIRFLOW_CTX_DAG_ID=ETL_Examples
AIRFLOW_CTX_TASK_ID=Extraction
AIRFLOW_CTX_EXECUTION_DATE=2022-08-28T05:00:00+00:00
AIRFLOW_CTX_DAG_RUN_ID=scheduled__2022-08-28T05:00:00+00:00
[2022-08-28 15:19:30,096] {python.py:175} INFO - Done. Returned value was:     incident_report_number                    crime_type  ...                 rep_date rep_time
0              20222321633            FAMILY DISTURBANCE  ...  2022-08-21T00:00:00.000       31
1              20222321603           PUBLIC INTOXICATION  ...  2022-08-20T00:00:00.000     2346
2              20222321596            FAMILY DISTURBANCE  ...  2022-08-21T00:00:00.000       30
3              20222321579                    AUTO THEFT  ...  2022-08-20T00:00:00.000     2329
4              20222321567                    AUTO THEFT  ...  2022-08-20T00:00:00.000     2325
..                     ...                           ...  ...                      ...      ...
95             20228015091                    AUTO THEFT  ...  2022-08-20T00:00:00.000      852
96           2022222320350             CRIMINAL TRESPASS  ...  2022-08-20T00:00:00.000      741
97             20222320452                    AUTO THEFT  ...  2022-08-20T00:00:00.000      731
98             20222320356           BURGLARY OF VEHICLE  ...  2022-08-20T00:00:00.000      705
99             20222320216  POSS CONTROLLED SUB/NARCOTIC  ...  2022-08-20T00:00:00.000      700

[100 rows x 9 columns]
[2022-08-28 15:19:30,111] {taskinstance.py:1267} INFO - Marking task as SUCCESS. dag_id=ETL_Examples, task_id=Extraction, execution_date=20220828T050000, start_date=20220828T201929, end_date=20220828T201930
[2022-08-28 15:19:30,131] {local_task_job.py:154} INFO - Task exited with return code 0
[2022-08-28 15:19:30,143] {local_task_job.py:264} INFO - 1 downstream tasks scheduled from follow-on schedule check
[2022-08-28 15:26:16,542] {taskinstance.py:1032} INFO - Dependencies all met for <TaskInstance: ETL_Examples.Extraction scheduled__2022-08-28T05:00:00+00:00 [queued]>
[2022-08-28 15:26:16,546] {taskinstance.py:1032} INFO - Dependencies all met for <TaskInstance: ETL_Examples.Extraction scheduled__2022-08-28T05:00:00+00:00 [queued]>
[2022-08-28 15:26:16,546] {taskinstance.py:1238} INFO - 
--------------------------------------------------------------------------------
[2022-08-28 15:26:16,546] {taskinstance.py:1239} INFO - Starting attempt 1 of 2
[2022-08-28 15:26:16,546] {taskinstance.py:1240} INFO - 
--------------------------------------------------------------------------------
[2022-08-28 15:26:16,551] {taskinstance.py:1259} INFO - Executing <Task(PythonOperator): Extraction> on 2022-08-28 05:00:00+00:00
[2022-08-28 15:26:16,558] {standard_task_runner.py:52} INFO - Started process 30420 to run task
[2022-08-28 15:26:16,562] {standard_task_runner.py:76} INFO - Running: ['airflow', 'tasks', 'run', 'ETL_Examples', 'Extraction', 'scheduled__2022-08-28T05:00:00+00:00', '--job-id', '378', '--raw', '--subdir', 'DAGS_FOLDER/Pushtobigquery2.py', '--cfg-path', '/var/folders/35/pzst1sv14yld_nkt23lk_vmr0000gn/T/tmpvaljc0s9', '--error-file', '/var/folders/35/pzst1sv14yld_nkt23lk_vmr0000gn/T/tmpizd7p6k6']
[2022-08-28 15:26:16,564] {standard_task_runner.py:77} INFO - Job 378: Subtask Extraction
[2022-08-28 15:26:16,589] {logging_mixin.py:109} INFO - Running <TaskInstance: ETL_Examples.Extraction scheduled__2022-08-28T05:00:00+00:00 [running]> on host 1.0.0.127.in-addr.arpa
[2022-08-28 15:26:16,613] {taskinstance.py:1424} INFO - Exporting the following env vars:
AIRFLOW_CTX_DAG_EMAIL=jonathan.dejesus.azor@gmail.com
AIRFLOW_CTX_DAG_OWNER=admin
AIRFLOW_CTX_DAG_ID=ETL_Examples
AIRFLOW_CTX_TASK_ID=Extraction
AIRFLOW_CTX_EXECUTION_DATE=2022-08-28T05:00:00+00:00
AIRFLOW_CTX_DAG_RUN_ID=scheduled__2022-08-28T05:00:00+00:00
[2022-08-28 15:26:19,201] {python.py:175} INFO - Done. Returned value was:     incident_report_number                    crime_type  ...                 rep_date rep_time
0              20222321633            FAMILY DISTURBANCE  ...  2022-08-21T00:00:00.000       31
1              20222321603           PUBLIC INTOXICATION  ...  2022-08-20T00:00:00.000     2346
2              20222321596            FAMILY DISTURBANCE  ...  2022-08-21T00:00:00.000       30
3              20222321579                    AUTO THEFT  ...  2022-08-20T00:00:00.000     2329
4              20222321567                    AUTO THEFT  ...  2022-08-20T00:00:00.000     2325
..                     ...                           ...  ...                      ...      ...
95             20228015091                    AUTO THEFT  ...  2022-08-20T00:00:00.000      852
96           2022222320350             CRIMINAL TRESPASS  ...  2022-08-20T00:00:00.000      741
97             20222320452                    AUTO THEFT  ...  2022-08-20T00:00:00.000      731
98             20222320356           BURGLARY OF VEHICLE  ...  2022-08-20T00:00:00.000      705
99             20222320216  POSS CONTROLLED SUB/NARCOTIC  ...  2022-08-20T00:00:00.000      700

[100 rows x 9 columns]
[2022-08-28 15:26:19,218] {taskinstance.py:1267} INFO - Marking task as SUCCESS. dag_id=ETL_Examples, task_id=Extraction, execution_date=20220828T050000, start_date=20220828T202616, end_date=20220828T202619
[2022-08-28 15:26:19,254] {local_task_job.py:154} INFO - Task exited with return code 0
[2022-08-28 15:26:19,267] {local_task_job.py:264} INFO - 1 downstream tasks scheduled from follow-on schedule check
[2022-08-28 15:56:44,539] {taskinstance.py:1032} INFO - Dependencies all met for <TaskInstance: ETL_Examples.Extraction scheduled__2022-08-28T05:00:00+00:00 [queued]>
[2022-08-28 15:56:44,542] {taskinstance.py:1032} INFO - Dependencies all met for <TaskInstance: ETL_Examples.Extraction scheduled__2022-08-28T05:00:00+00:00 [queued]>
[2022-08-28 15:56:44,542] {taskinstance.py:1238} INFO - 
--------------------------------------------------------------------------------
[2022-08-28 15:56:44,542] {taskinstance.py:1239} INFO - Starting attempt 1 of 2
[2022-08-28 15:56:44,542] {taskinstance.py:1240} INFO - 
--------------------------------------------------------------------------------
[2022-08-28 15:56:44,547] {taskinstance.py:1259} INFO - Executing <Task(PythonOperator): Extraction> on 2022-08-28 05:00:00+00:00
[2022-08-28 15:56:44,554] {standard_task_runner.py:52} INFO - Started process 31557 to run task
[2022-08-28 15:56:44,559] {standard_task_runner.py:76} INFO - Running: ['airflow', 'tasks', 'run', 'ETL_Examples', 'Extraction', 'scheduled__2022-08-28T05:00:00+00:00', '--job-id', '488', '--raw', '--subdir', 'DAGS_FOLDER/Pushtobigquery2.py', '--cfg-path', '/var/folders/35/pzst1sv14yld_nkt23lk_vmr0000gn/T/tmp0pv56_y4', '--error-file', '/var/folders/35/pzst1sv14yld_nkt23lk_vmr0000gn/T/tmpmqv9pxzu']
[2022-08-28 15:56:44,559] {standard_task_runner.py:77} INFO - Job 488: Subtask Extraction
[2022-08-28 15:56:44,582] {logging_mixin.py:109} INFO - Running <TaskInstance: ETL_Examples.Extraction scheduled__2022-08-28T05:00:00+00:00 [running]> on host 1.0.0.127.in-addr.arpa
[2022-08-28 15:56:44,605] {taskinstance.py:1424} INFO - Exporting the following env vars:
AIRFLOW_CTX_DAG_EMAIL=jonathan.dejesus.azor@gmail.com
AIRFLOW_CTX_DAG_OWNER=admin
AIRFLOW_CTX_DAG_ID=ETL_Examples
AIRFLOW_CTX_TASK_ID=Extraction
AIRFLOW_CTX_EXECUTION_DATE=2022-08-28T05:00:00+00:00
AIRFLOW_CTX_DAG_RUN_ID=scheduled__2022-08-28T05:00:00+00:00
[2022-08-28 15:56:45,515] {python.py:175} INFO - Done. Returned value was:      incident_report_number                 crime_type  ...                 rep_date rep_time
0               20222321633         FAMILY DISTURBANCE  ...  2022-08-21T00:00:00.000       31
1               20222321603        PUBLIC INTOXICATION  ...  2022-08-20T00:00:00.000     2346
2               20222321596         FAMILY DISTURBANCE  ...  2022-08-21T00:00:00.000       30
3               20222321579                 AUTO THEFT  ...  2022-08-20T00:00:00.000     2329
4               20222321567                 AUTO THEFT  ...  2022-08-20T00:00:00.000     2325
..                      ...                        ...  ...                      ...      ...
195             20222311299         ASSAULT BY CONTACT  ...  2022-08-19T00:00:00.000     1942
196             20222311272         FAMILY DISTURBANCE  ...  2022-08-19T00:00:00.000     1916
197             20222311148        ASSAULT WITH INJURY  ...  2022-08-19T00:00:00.000     1914
198             20222311261  VIOL TEMP EX PARTE  ORDER  ...  2022-08-19T00:00:00.000     1910
199             20222311178         DATING DISTURBANCE  ...  2022-08-19T00:00:00.000     1903

[200 rows x 9 columns]
[2022-08-28 15:56:45,531] {taskinstance.py:1267} INFO - Marking task as SUCCESS. dag_id=ETL_Examples, task_id=Extraction, execution_date=20220828T050000, start_date=20220828T205644, end_date=20220828T205645
[2022-08-28 15:56:45,565] {local_task_job.py:154} INFO - Task exited with return code 0
[2022-08-28 15:56:45,575] {local_task_job.py:264} INFO - 0 downstream tasks scheduled from follow-on schedule check
