[2022-09-03 14:23:47,721] {taskinstance.py:1032} INFO - Dependencies all met for <TaskInstance: etl_airflow.field_rename manual__2022-09-03T19:22:47.373291+00:00 [queued]>
[2022-09-03 14:23:47,724] {taskinstance.py:1032} INFO - Dependencies all met for <TaskInstance: etl_airflow.field_rename manual__2022-09-03T19:22:47.373291+00:00 [queued]>
[2022-09-03 14:23:47,724] {taskinstance.py:1238} INFO - 
--------------------------------------------------------------------------------
[2022-09-03 14:23:47,724] {taskinstance.py:1239} INFO - Starting attempt 1 of 1
[2022-09-03 14:23:47,724] {taskinstance.py:1240} INFO - 
--------------------------------------------------------------------------------
[2022-09-03 14:23:47,729] {taskinstance.py:1259} INFO - Executing <Task(PythonOperator): field_rename> on 2022-09-03 19:22:47.373291+00:00
[2022-09-03 14:23:47,737] {standard_task_runner.py:52} INFO - Started process 41794 to run task
[2022-09-03 14:23:47,741] {standard_task_runner.py:76} INFO - Running: ['airflow', 'tasks', 'run', 'etl_airflow', 'field_rename', 'manual__2022-09-03T19:22:47.373291+00:00', '--job-id', '670', '--raw', '--subdir', 'DAGS_FOLDER/etl_airflowv2.py', '--cfg-path', '/var/folders/35/pzst1sv14yld_nkt23lk_vmr0000gn/T/tmp8_90jhu2', '--error-file', '/var/folders/35/pzst1sv14yld_nkt23lk_vmr0000gn/T/tmp827dnqox']
[2022-09-03 14:23:47,742] {standard_task_runner.py:77} INFO - Job 670: Subtask field_rename
[2022-09-03 14:23:47,764] {logging_mixin.py:109} INFO - Running <TaskInstance: etl_airflow.field_rename manual__2022-09-03T19:22:47.373291+00:00 [running]> on host 1.0.0.127.in-addr.arpa
[2022-09-03 14:23:47,787] {taskinstance.py:1424} INFO - Exporting the following env vars:
AIRFLOW_CTX_DAG_EMAIL=jonathan.dejesus.azor@gmail.com
AIRFLOW_CTX_DAG_OWNER=admin
AIRFLOW_CTX_DAG_ID=etl_airflow
AIRFLOW_CTX_TASK_ID=field_rename
AIRFLOW_CTX_EXECUTION_DATE=2022-09-03T19:22:47.373291+00:00
AIRFLOW_CTX_DAG_RUN_ID=manual__2022-09-03T19:22:47.373291+00:00
[2022-09-03 14:23:48,003] {_metadata.py:99} WARNING - Compute Engine Metadata server unavailable on attempt 1 of 3. Reason: [Errno 64] Host is down
[2022-09-03 14:23:48,003] {_metadata.py:99} WARNING - Compute Engine Metadata server unavailable on attempt 2 of 3. Reason: [Errno 64] Host is down
[2022-09-03 14:23:48,004] {_metadata.py:99} WARNING - Compute Engine Metadata server unavailable on attempt 3 of 3. Reason: [Errno 64] Host is down
[2022-09-03 14:23:48,004] {_default.py:290} WARNING - Authentication failed using Compute Engine authentication due to unavailable metadata server.
[2022-09-03 14:23:49,144] {logging_mixin.py:109} WARNING - Downloading:   0%|          | 0/200 [00:00<?, ?rows/s]
[2022-09-03 14:23:49,411] {logging_mixin.py:109} WARNING - Downloading: 100%|##########| 200/200 [00:00<00:00, 752.11rows/s]
[2022-09-03 14:23:49,413] {logging_mixin.py:109} WARNING - Downloading: 100%|##########| 200/200 [00:00<00:00, 747.10rows/s]
[2022-09-03 14:23:49,413] {logging_mixin.py:109} WARNING - 
[2022-09-03 14:23:49,429] {logging_mixin.py:109} INFO - Staging table extraction successfully completed
[2022-09-03 14:23:49,438] {logging_mixin.py:109} INFO -      incident_report_number  ... rep_time
0               20222381575  ...     2129
1               20222381479  ...     1935
2               20222381858  ...     2337
3               20222381688  ...     2201
4               20222381348  ...     1830
..                      ...  ...      ...
195             20222390765  ...     1208
196             20222391622  ...        7
197             20222391707  ...       27
198             20222391682  ...       37
199             20222391561  ...       10

[200 rows x 9 columns]
[2022-09-03 14:23:54,080] {logging_mixin.py:109} WARNING -   0%|          | 0/1 [00:00<?, ?it/s]
[2022-09-03 14:23:54,081] {gbq.py:604} INFO - 200 out of 200 rows loaded.
[2022-09-03 14:23:54,082] {logging_mixin.py:109} WARNING - 100%|##########| 1/1 [00:00<00:00, 1158.65it/s]
[2022-09-03 14:23:54,083] {logging_mixin.py:109} WARNING - 
[2022-09-03 14:23:54,084] {logging_mixin.py:109} INFO - Staging 2 table completed successfully
[2022-09-03 14:23:54,085] {python.py:175} INFO - Done. Returned value was: None
[2022-09-03 14:23:54,110] {taskinstance.py:1267} INFO - Marking task as SUCCESS. dag_id=etl_airflow, task_id=field_rename, execution_date=20220903T192247, start_date=20220903T192347, end_date=20220903T192354
[2022-09-03 14:23:54,156] {local_task_job.py:154} INFO - Task exited with return code 0
[2022-09-03 14:23:54,167] {local_task_job.py:264} INFO - 0 downstream tasks scheduled from follow-on schedule check
