[2022-09-03 13:50:19,824] {taskinstance.py:1032} INFO - Dependencies all met for <TaskInstance: etl_airflow.Extraction scheduled__2022-09-03T00:40:00+00:00 [queued]>
[2022-09-03 13:50:19,827] {taskinstance.py:1032} INFO - Dependencies all met for <TaskInstance: etl_airflow.Extraction scheduled__2022-09-03T00:40:00+00:00 [queued]>
[2022-09-03 13:50:19,827] {taskinstance.py:1238} INFO - 
--------------------------------------------------------------------------------
[2022-09-03 13:50:19,827] {taskinstance.py:1239} INFO - Starting attempt 1 of 1
[2022-09-03 13:50:19,827] {taskinstance.py:1240} INFO - 
--------------------------------------------------------------------------------
[2022-09-03 13:50:19,832] {taskinstance.py:1259} INFO - Executing <Task(PythonOperator): Extraction> on 2022-09-03 00:40:00+00:00
[2022-09-03 13:50:19,839] {standard_task_runner.py:52} INFO - Started process 40819 to run task
[2022-09-03 13:50:19,843] {standard_task_runner.py:76} INFO - Running: ['airflow', 'tasks', 'run', 'etl_airflow', 'Extraction', 'scheduled__2022-09-03T00:40:00+00:00', '--job-id', '575', '--raw', '--subdir', 'DAGS_FOLDER/etl_airflowv2.py', '--cfg-path', '/var/folders/35/pzst1sv14yld_nkt23lk_vmr0000gn/T/tmpe3ws6f48', '--error-file', '/var/folders/35/pzst1sv14yld_nkt23lk_vmr0000gn/T/tmps2trtu86']
[2022-09-03 13:50:19,844] {standard_task_runner.py:77} INFO - Job 575: Subtask Extraction
[2022-09-03 13:50:19,867] {logging_mixin.py:109} INFO - Running <TaskInstance: etl_airflow.Extraction scheduled__2022-09-03T00:40:00+00:00 [running]> on host Jonathans-MacBook-Pro.local
[2022-09-03 13:50:19,887] {taskinstance.py:1424} INFO - Exporting the following env vars:
AIRFLOW_CTX_DAG_EMAIL=jonathan.dejesus.azor@gmail.com
AIRFLOW_CTX_DAG_OWNER=admin
AIRFLOW_CTX_DAG_ID=etl_airflow
AIRFLOW_CTX_TASK_ID=Extraction
AIRFLOW_CTX_EXECUTION_DATE=2022-09-03T00:40:00+00:00
AIRFLOW_CTX_DAG_RUN_ID=scheduled__2022-09-03T00:40:00+00:00
[2022-09-03 13:50:21,088] {logging_mixin.py:109} INFO -      incident_report_number  ... rep_time
0               20222391738  ...     2353
1               20222391646  ...     2346
2               20222391707  ...       27
3               20222391708  ...     2340
4               20222391682  ...       37
..                      ...  ...      ...
195             20222381037  ...     1626
196             20222381066  ...     1623
197             20222381057  ...     1601
198             20222380989  ...     1559
199             20222381059  ...     1630

[200 rows x 9 columns]
[2022-09-03 13:50:21,089] {python.py:175} INFO - Done. Returned value was:      incident_report_number  ... rep_time
0               20222391738  ...     2353
1               20222391646  ...     2346
2               20222391707  ...       27
3               20222391708  ...     2340
4               20222391682  ...       37
..                      ...  ...      ...
195             20222381037  ...     1626
196             20222381066  ...     1623
197             20222381057  ...     1601
198             20222380989  ...     1559
199             20222381059  ...     1630

[200 rows x 9 columns]
[2022-09-03 13:50:21,101] {taskinstance.py:1267} INFO - Marking task as SUCCESS. dag_id=etl_airflow, task_id=Extraction, execution_date=20220903T004000, start_date=20220903T185019, end_date=20220903T185021
[2022-09-03 13:50:21,112] {local_task_job.py:154} INFO - Task exited with return code 0
[2022-09-03 13:50:21,126] {local_task_job.py:264} INFO - 0 downstream tasks scheduled from follow-on schedule check
[2022-09-03 13:57:10,868] {taskinstance.py:1032} INFO - Dependencies all met for <TaskInstance: etl_airflow.Extraction scheduled__2022-09-03T00:40:00+00:00 [queued]>
[2022-09-03 13:57:10,871] {taskinstance.py:1032} INFO - Dependencies all met for <TaskInstance: etl_airflow.Extraction scheduled__2022-09-03T00:40:00+00:00 [queued]>
[2022-09-03 13:57:10,871] {taskinstance.py:1238} INFO - 
--------------------------------------------------------------------------------
[2022-09-03 13:57:10,871] {taskinstance.py:1239} INFO - Starting attempt 1 of 1
[2022-09-03 13:57:10,871] {taskinstance.py:1240} INFO - 
--------------------------------------------------------------------------------
[2022-09-03 13:57:10,875] {taskinstance.py:1259} INFO - Executing <Task(PythonOperator): Extraction> on 2022-09-03 00:40:00+00:00
[2022-09-03 13:57:10,881] {standard_task_runner.py:52} INFO - Started process 41102 to run task
[2022-09-03 13:57:10,885] {standard_task_runner.py:76} INFO - Running: ['airflow', 'tasks', 'run', 'etl_airflow', 'Extraction', 'scheduled__2022-09-03T00:40:00+00:00', '--job-id', '618', '--raw', '--subdir', 'DAGS_FOLDER/etl_airflowv2.py', '--cfg-path', '/var/folders/35/pzst1sv14yld_nkt23lk_vmr0000gn/T/tmp92dyt1kf', '--error-file', '/var/folders/35/pzst1sv14yld_nkt23lk_vmr0000gn/T/tmpwl9oz2ob']
[2022-09-03 13:57:10,887] {standard_task_runner.py:77} INFO - Job 618: Subtask Extraction
[2022-09-03 13:57:10,911] {logging_mixin.py:109} INFO - Running <TaskInstance: etl_airflow.Extraction scheduled__2022-09-03T00:40:00+00:00 [running]> on host 1.0.0.127.in-addr.arpa
[2022-09-03 13:57:10,933] {taskinstance.py:1424} INFO - Exporting the following env vars:
AIRFLOW_CTX_DAG_EMAIL=jonathan.dejesus.azor@gmail.com
AIRFLOW_CTX_DAG_OWNER=admin
AIRFLOW_CTX_DAG_ID=etl_airflow
AIRFLOW_CTX_TASK_ID=Extraction
AIRFLOW_CTX_EXECUTION_DATE=2022-09-03T00:40:00+00:00
AIRFLOW_CTX_DAG_RUN_ID=scheduled__2022-09-03T00:40:00+00:00
[2022-09-03 13:57:11,862] {logging_mixin.py:109} INFO -      incident_report_number  ... rep_time
0               20222391738  ...     2353
1               20222391646  ...     2346
2               20222391707  ...       27
3               20222391708  ...     2340
4               20222391682  ...       37
..                      ...  ...      ...
195             20222381037  ...     1626
196             20222381066  ...     1623
197             20222381057  ...     1601
198             20222380989  ...     1559
199             20222381059  ...     1630

[200 rows x 9 columns]
[2022-09-03 13:57:15,082] {_metadata.py:99} WARNING - Compute Engine Metadata server unavailable on attempt 1 of 3. Reason: timed out
[2022-09-03 13:57:18,086] {_metadata.py:99} WARNING - Compute Engine Metadata server unavailable on attempt 2 of 3. Reason: timed out
[2022-09-03 13:57:18,088] {_metadata.py:99} WARNING - Compute Engine Metadata server unavailable on attempt 3 of 3. Reason: [Errno 64] Host is down
[2022-09-03 13:57:18,089] {_default.py:290} WARNING - Authentication failed using Compute Engine authentication due to unavailable metadata server.
[2022-09-03 13:57:24,418] {logging_mixin.py:109} WARNING -   0%|          | 0/1 [00:00<?, ?it/s]
[2022-09-03 13:57:24,419] {gbq.py:604} INFO - 200 out of 200 rows loaded.
[2022-09-03 13:57:24,419] {logging_mixin.py:109} WARNING - 100%|##########| 1/1 [00:00<00:00, 4739.33it/s]
[2022-09-03 13:57:24,419] {logging_mixin.py:109} WARNING - 
[2022-09-03 13:57:24,419] {logging_mixin.py:109} INFO - Staging table completed successfully
[2022-09-03 13:57:24,420] {python.py:175} INFO - Done. Returned value was: None
[2022-09-03 13:57:24,425] {taskinstance.py:1267} INFO - Marking task as SUCCESS. dag_id=etl_airflow, task_id=Extraction, execution_date=20220903T004000, start_date=20220903T185710, end_date=20220903T185724
[2022-09-03 13:57:24,478] {local_task_job.py:154} INFO - Task exited with return code 0
[2022-09-03 13:57:24,492] {local_task_job.py:264} INFO - 1 downstream tasks scheduled from follow-on schedule check
