[2022-08-28 15:24:57,925] {taskinstance.py:1032} INFO - Dependencies all met for <TaskInstance: ETL_Examples.Extraction scheduled__2022-08-28T00:20:00+00:00 [queued]>
[2022-08-28 15:24:57,928] {taskinstance.py:1032} INFO - Dependencies all met for <TaskInstance: ETL_Examples.Extraction scheduled__2022-08-28T00:20:00+00:00 [queued]>
[2022-08-28 15:24:57,928] {taskinstance.py:1238} INFO - 
--------------------------------------------------------------------------------
[2022-08-28 15:24:57,928] {taskinstance.py:1239} INFO - Starting attempt 1 of 2
[2022-08-28 15:24:57,928] {taskinstance.py:1240} INFO - 
--------------------------------------------------------------------------------
[2022-08-28 15:24:57,932] {taskinstance.py:1259} INFO - Executing <Task(PythonOperator): Extraction> on 2022-08-28 00:20:00+00:00
[2022-08-28 15:24:57,939] {standard_task_runner.py:52} INFO - Started process 30350 to run task
[2022-08-28 15:24:57,943] {standard_task_runner.py:76} INFO - Running: ['airflow', 'tasks', 'run', 'ETL_Examples', 'Extraction', 'scheduled__2022-08-28T00:20:00+00:00', '--job-id', '350', '--raw', '--subdir', 'DAGS_FOLDER/Pushtobigquery2.py', '--cfg-path', '/var/folders/35/pzst1sv14yld_nkt23lk_vmr0000gn/T/tmp4pzg8xd0', '--error-file', '/var/folders/35/pzst1sv14yld_nkt23lk_vmr0000gn/T/tmplu3d99rs']
[2022-08-28 15:24:57,944] {standard_task_runner.py:77} INFO - Job 350: Subtask Extraction
[2022-08-28 15:24:57,966] {logging_mixin.py:109} INFO - Running <TaskInstance: ETL_Examples.Extraction scheduled__2022-08-28T00:20:00+00:00 [running]> on host 1.0.0.127.in-addr.arpa
[2022-08-28 15:24:57,989] {taskinstance.py:1424} INFO - Exporting the following env vars:
AIRFLOW_CTX_DAG_EMAIL=jonathan.dejesus.azor@gmail.com
AIRFLOW_CTX_DAG_OWNER=admin
AIRFLOW_CTX_DAG_ID=ETL_Examples
AIRFLOW_CTX_TASK_ID=Extraction
AIRFLOW_CTX_EXECUTION_DATE=2022-08-28T00:20:00+00:00
AIRFLOW_CTX_DAG_RUN_ID=scheduled__2022-08-28T00:20:00+00:00
[2022-08-28 15:24:59,001] {python.py:175} INFO - Done. Returned value was:     incident_report_number                    crime_type  ...                 rep_date rep_time
0              20222321633            FAMILY DISTURBANCE  ...  2022-08-21T00:00:00.000       31
1              20222321603           PUBLIC INTOXICATION  ...  2022-08-20T00:00:00.000     2346
2              20222321596            FAMILY DISTURBANCE  ...  2022-08-21T00:00:00.000       30
3              20222321579                    AUTO THEFT  ...  2022-08-20T00:00:00.000     2329
4              20222321567                    AUTO THEFT  ...  2022-08-20T00:00:00.000     2325
..                     ...                           ...  ...                      ...      ...
95             20228015091                    AUTO THEFT  ...  2022-08-20T00:00:00.000      852
96           2022222320350             CRIMINAL TRESPASS  ...  2022-08-20T00:00:00.000      741
97             20222320452                    AUTO THEFT  ...  2022-08-20T00:00:00.000      731
98             20222320356           BURGLARY OF VEHICLE  ...  2022-08-20T00:00:00.000      705
99             20222320216  POSS CONTROLLED SUB/NARCOTIC  ...  2022-08-20T00:00:00.000      700

[100 rows x 9 columns]
[2022-08-28 15:24:59,017] {taskinstance.py:1267} INFO - Marking task as SUCCESS. dag_id=ETL_Examples, task_id=Extraction, execution_date=20220828T002000, start_date=20220828T202457, end_date=20220828T202459
[2022-08-28 15:24:59,045] {local_task_job.py:154} INFO - Task exited with return code 0
[2022-08-28 15:24:59,057] {local_task_job.py:264} INFO - 1 downstream tasks scheduled from follow-on schedule check
[2022-08-28 15:48:29,627] {taskinstance.py:1032} INFO - Dependencies all met for <TaskInstance: ETL_Examples.Extraction scheduled__2022-08-28T00:20:00+00:00 [queued]>
[2022-08-28 15:48:29,630] {taskinstance.py:1032} INFO - Dependencies all met for <TaskInstance: ETL_Examples.Extraction scheduled__2022-08-28T00:20:00+00:00 [queued]>
[2022-08-28 15:48:29,630] {taskinstance.py:1238} INFO - 
--------------------------------------------------------------------------------
[2022-08-28 15:48:29,630] {taskinstance.py:1239} INFO - Starting attempt 1 of 2
[2022-08-28 15:48:29,631] {taskinstance.py:1240} INFO - 
--------------------------------------------------------------------------------
[2022-08-28 15:48:29,635] {taskinstance.py:1259} INFO - Executing <Task(PythonOperator): Extraction> on 2022-08-28 00:20:00+00:00
[2022-08-28 15:48:29,641] {standard_task_runner.py:52} INFO - Started process 31059 to run task
[2022-08-28 15:48:29,645] {standard_task_runner.py:76} INFO - Running: ['airflow', 'tasks', 'run', 'ETL_Examples', 'Extraction', 'scheduled__2022-08-28T00:20:00+00:00', '--job-id', '424', '--raw', '--subdir', 'DAGS_FOLDER/Pushtobigquery2.py', '--cfg-path', '/var/folders/35/pzst1sv14yld_nkt23lk_vmr0000gn/T/tmpnlygevne', '--error-file', '/var/folders/35/pzst1sv14yld_nkt23lk_vmr0000gn/T/tmpqr_nsuav']
[2022-08-28 15:48:29,646] {standard_task_runner.py:77} INFO - Job 424: Subtask Extraction
[2022-08-28 15:48:29,669] {logging_mixin.py:109} INFO - Running <TaskInstance: ETL_Examples.Extraction scheduled__2022-08-28T00:20:00+00:00 [running]> on host 1.0.0.127.in-addr.arpa
[2022-08-28 15:48:29,691] {taskinstance.py:1424} INFO - Exporting the following env vars:
AIRFLOW_CTX_DAG_EMAIL=jonathan.dejesus.azor@gmail.com
AIRFLOW_CTX_DAG_OWNER=admin
AIRFLOW_CTX_DAG_ID=ETL_Examples
AIRFLOW_CTX_TASK_ID=Extraction
AIRFLOW_CTX_EXECUTION_DATE=2022-08-28T00:20:00+00:00
AIRFLOW_CTX_DAG_RUN_ID=scheduled__2022-08-28T00:20:00+00:00
[2022-08-28 15:48:30,472] {python.py:175} INFO - Done. Returned value was:     incident_report_number                    crime_type  ...                 rep_date rep_time
0              20222321633            FAMILY DISTURBANCE  ...  2022-08-21T00:00:00.000       31
1              20222321603           PUBLIC INTOXICATION  ...  2022-08-20T00:00:00.000     2346
2              20222321596            FAMILY DISTURBANCE  ...  2022-08-21T00:00:00.000       30
3              20222321579                    AUTO THEFT  ...  2022-08-20T00:00:00.000     2329
4              20222321567                    AUTO THEFT  ...  2022-08-20T00:00:00.000     2325
..                     ...                           ...  ...                      ...      ...
95             20228015091                    AUTO THEFT  ...  2022-08-20T00:00:00.000      852
96           2022222320350             CRIMINAL TRESPASS  ...  2022-08-20T00:00:00.000      741
97             20222320452                    AUTO THEFT  ...  2022-08-20T00:00:00.000      731
98             20222320356           BURGLARY OF VEHICLE  ...  2022-08-20T00:00:00.000      705
99             20222320216  POSS CONTROLLED SUB/NARCOTIC  ...  2022-08-20T00:00:00.000      700

[100 rows x 9 columns]
[2022-08-28 15:48:30,487] {taskinstance.py:1267} INFO - Marking task as SUCCESS. dag_id=ETL_Examples, task_id=Extraction, execution_date=20220828T002000, start_date=20220828T204829, end_date=20220828T204830
[2022-08-28 15:48:30,536] {local_task_job.py:154} INFO - Task exited with return code 0
[2022-08-28 15:48:30,549] {local_task_job.py:264} INFO - 1 downstream tasks scheduled from follow-on schedule check
[2022-08-28 15:50:08,116] {taskinstance.py:1032} INFO - Dependencies all met for <TaskInstance: ETL_Examples.Extraction scheduled__2022-08-28T00:20:00+00:00 [queued]>
[2022-08-28 15:50:08,119] {taskinstance.py:1032} INFO - Dependencies all met for <TaskInstance: ETL_Examples.Extraction scheduled__2022-08-28T00:20:00+00:00 [queued]>
[2022-08-28 15:50:08,119] {taskinstance.py:1238} INFO - 
--------------------------------------------------------------------------------
[2022-08-28 15:50:08,119] {taskinstance.py:1239} INFO - Starting attempt 1 of 2
[2022-08-28 15:50:08,119] {taskinstance.py:1240} INFO - 
--------------------------------------------------------------------------------
[2022-08-28 15:50:08,123] {taskinstance.py:1259} INFO - Executing <Task(PythonOperator): Extraction> on 2022-08-28 00:20:00+00:00
[2022-08-28 15:50:08,129] {standard_task_runner.py:52} INFO - Started process 31142 to run task
[2022-08-28 15:50:08,134] {standard_task_runner.py:76} INFO - Running: ['airflow', 'tasks', 'run', 'ETL_Examples', 'Extraction', 'scheduled__2022-08-28T00:20:00+00:00', '--job-id', '448', '--raw', '--subdir', 'DAGS_FOLDER/Pushtobigquery2.py', '--cfg-path', '/var/folders/35/pzst1sv14yld_nkt23lk_vmr0000gn/T/tmpgdnjxanh', '--error-file', '/var/folders/35/pzst1sv14yld_nkt23lk_vmr0000gn/T/tmpdzc2gfp2']
[2022-08-28 15:50:08,135] {standard_task_runner.py:77} INFO - Job 448: Subtask Extraction
[2022-08-28 15:50:08,157] {logging_mixin.py:109} INFO - Running <TaskInstance: ETL_Examples.Extraction scheduled__2022-08-28T00:20:00+00:00 [running]> on host 1.0.0.127.in-addr.arpa
[2022-08-28 15:50:08,179] {taskinstance.py:1424} INFO - Exporting the following env vars:
AIRFLOW_CTX_DAG_EMAIL=jonathan.dejesus.azor@gmail.com
AIRFLOW_CTX_DAG_OWNER=admin
AIRFLOW_CTX_DAG_ID=ETL_Examples
AIRFLOW_CTX_TASK_ID=Extraction
AIRFLOW_CTX_EXECUTION_DATE=2022-08-28T00:20:00+00:00
AIRFLOW_CTX_DAG_RUN_ID=scheduled__2022-08-28T00:20:00+00:00
[2022-08-28 15:50:10,823] {python.py:175} INFO - Done. Returned value was:     incident_report_number                    crime_type  ...                 rep_date rep_time
0              20222321633            FAMILY DISTURBANCE  ...  2022-08-21T00:00:00.000       31
1              20222321603           PUBLIC INTOXICATION  ...  2022-08-20T00:00:00.000     2346
2              20222321596            FAMILY DISTURBANCE  ...  2022-08-21T00:00:00.000       30
3              20222321579                    AUTO THEFT  ...  2022-08-20T00:00:00.000     2329
4              20222321567                    AUTO THEFT  ...  2022-08-20T00:00:00.000     2325
..                     ...                           ...  ...                      ...      ...
95             20228015091                    AUTO THEFT  ...  2022-08-20T00:00:00.000      852
96           2022222320350             CRIMINAL TRESPASS  ...  2022-08-20T00:00:00.000      741
97             20222320452                    AUTO THEFT  ...  2022-08-20T00:00:00.000      731
98             20222320356           BURGLARY OF VEHICLE  ...  2022-08-20T00:00:00.000      705
99             20222320216  POSS CONTROLLED SUB/NARCOTIC  ...  2022-08-20T00:00:00.000      700

[100 rows x 9 columns]
[2022-08-28 15:50:10,841] {taskinstance.py:1267} INFO - Marking task as SUCCESS. dag_id=ETL_Examples, task_id=Extraction, execution_date=20220828T002000, start_date=20220828T205008, end_date=20220828T205010
[2022-08-28 15:50:10,863] {local_task_job.py:154} INFO - Task exited with return code 0
[2022-08-28 15:50:10,876] {local_task_job.py:264} INFO - 1 downstream tasks scheduled from follow-on schedule check
