[2022-09-03 13:51:25,755] {taskinstance.py:1032} INFO - Dependencies all met for <TaskInstance: etl_airflow.Extraction scheduled__2022-09-03T03:00:00+00:00 [queued]>
[2022-09-03 13:51:25,759] {taskinstance.py:1032} INFO - Dependencies all met for <TaskInstance: etl_airflow.Extraction scheduled__2022-09-03T03:00:00+00:00 [queued]>
[2022-09-03 13:51:25,759] {taskinstance.py:1238} INFO - 
--------------------------------------------------------------------------------
[2022-09-03 13:51:25,759] {taskinstance.py:1239} INFO - Starting attempt 1 of 1
[2022-09-03 13:51:25,759] {taskinstance.py:1240} INFO - 
--------------------------------------------------------------------------------
[2022-09-03 13:51:25,763] {taskinstance.py:1259} INFO - Executing <Task(PythonOperator): Extraction> on 2022-09-03 03:00:00+00:00
[2022-09-03 13:51:25,771] {standard_task_runner.py:52} INFO - Started process 40856 to run task
[2022-09-03 13:51:25,775] {standard_task_runner.py:76} INFO - Running: ['airflow', 'tasks', 'run', 'etl_airflow', 'Extraction', 'scheduled__2022-09-03T03:00:00+00:00', '--job-id', '589', '--raw', '--subdir', 'DAGS_FOLDER/etl_airflowv2.py', '--cfg-path', '/var/folders/35/pzst1sv14yld_nkt23lk_vmr0000gn/T/tmpqufxet5v', '--error-file', '/var/folders/35/pzst1sv14yld_nkt23lk_vmr0000gn/T/tmpm73hakb2']
[2022-09-03 13:51:25,777] {standard_task_runner.py:77} INFO - Job 589: Subtask Extraction
[2022-09-03 13:51:25,800] {logging_mixin.py:109} INFO - Running <TaskInstance: etl_airflow.Extraction scheduled__2022-09-03T03:00:00+00:00 [running]> on host Jonathans-MacBook-Pro.local
[2022-09-03 13:51:25,821] {taskinstance.py:1424} INFO - Exporting the following env vars:
AIRFLOW_CTX_DAG_EMAIL=jonathan.dejesus.azor@gmail.com
AIRFLOW_CTX_DAG_OWNER=admin
AIRFLOW_CTX_DAG_ID=etl_airflow
AIRFLOW_CTX_TASK_ID=Extraction
AIRFLOW_CTX_EXECUTION_DATE=2022-09-03T03:00:00+00:00
AIRFLOW_CTX_DAG_RUN_ID=scheduled__2022-09-03T03:00:00+00:00
[2022-09-03 13:51:26,665] {logging_mixin.py:109} INFO -      incident_report_number  ... rep_time
0               20222391738  ...     2353
1               20222391646  ...     2346
2               20222391708  ...     2340
3               20222391707  ...       27
4               20222391682  ...       37
..                      ...  ...      ...
195             20222381037  ...     1626
196             20222381066  ...     1623
197             20222381057  ...     1601
198             20222380989  ...     1559
199             20222381059  ...     1630

[200 rows x 9 columns]
[2022-09-03 13:51:26,665] {python.py:175} INFO - Done. Returned value was:      incident_report_number  ... rep_time
0               20222391738  ...     2353
1               20222391646  ...     2346
2               20222391708  ...     2340
3               20222391707  ...       27
4               20222391682  ...       37
..                      ...  ...      ...
195             20222381037  ...     1626
196             20222381066  ...     1623
197             20222381057  ...     1601
198             20222380989  ...     1559
199             20222381059  ...     1630

[200 rows x 9 columns]
[2022-09-03 13:51:26,680] {taskinstance.py:1267} INFO - Marking task as SUCCESS. dag_id=etl_airflow, task_id=Extraction, execution_date=20220903T030000, start_date=20220903T185125, end_date=20220903T185126
[2022-09-03 13:51:26,693] {local_task_job.py:154} INFO - Task exited with return code 0
[2022-09-03 13:51:26,706] {local_task_job.py:264} INFO - 0 downstream tasks scheduled from follow-on schedule check
[2022-09-03 14:00:59,524] {taskinstance.py:1032} INFO - Dependencies all met for <TaskInstance: etl_airflow.Extraction scheduled__2022-09-03T03:00:00+00:00 [queued]>
[2022-09-03 14:00:59,527] {taskinstance.py:1032} INFO - Dependencies all met for <TaskInstance: etl_airflow.Extraction scheduled__2022-09-03T03:00:00+00:00 [queued]>
[2022-09-03 14:00:59,527] {taskinstance.py:1238} INFO - 
--------------------------------------------------------------------------------
[2022-09-03 14:00:59,528] {taskinstance.py:1239} INFO - Starting attempt 1 of 1
[2022-09-03 14:00:59,528] {taskinstance.py:1240} INFO - 
--------------------------------------------------------------------------------
[2022-09-03 14:00:59,531] {taskinstance.py:1259} INFO - Executing <Task(PythonOperator): Extraction> on 2022-09-03 03:00:00+00:00
[2022-09-03 14:00:59,538] {standard_task_runner.py:52} INFO - Started process 41219 to run task
[2022-09-03 14:00:59,542] {standard_task_runner.py:76} INFO - Running: ['airflow', 'tasks', 'run', 'etl_airflow', 'Extraction', 'scheduled__2022-09-03T03:00:00+00:00', '--job-id', '637', '--raw', '--subdir', 'DAGS_FOLDER/etl_airflowv2.py', '--cfg-path', '/var/folders/35/pzst1sv14yld_nkt23lk_vmr0000gn/T/tmpdnmkiomi', '--error-file', '/var/folders/35/pzst1sv14yld_nkt23lk_vmr0000gn/T/tmpocfuil1p']
[2022-09-03 14:00:59,553] {standard_task_runner.py:77} INFO - Job 637: Subtask Extraction
[2022-09-03 14:00:59,578] {logging_mixin.py:109} INFO - Running <TaskInstance: etl_airflow.Extraction scheduled__2022-09-03T03:00:00+00:00 [running]> on host 1.0.0.127.in-addr.arpa
[2022-09-03 14:00:59,602] {taskinstance.py:1424} INFO - Exporting the following env vars:
AIRFLOW_CTX_DAG_EMAIL=jonathan.dejesus.azor@gmail.com
AIRFLOW_CTX_DAG_OWNER=admin
AIRFLOW_CTX_DAG_ID=etl_airflow
AIRFLOW_CTX_TASK_ID=Extraction
AIRFLOW_CTX_EXECUTION_DATE=2022-09-03T03:00:00+00:00
AIRFLOW_CTX_DAG_RUN_ID=scheduled__2022-09-03T03:00:00+00:00
[2022-09-03 14:01:06,266] {logging_mixin.py:109} INFO -      incident_report_number  ... rep_time
0               20222391738  ...     2353
1               20222391646  ...     2346
2               20222391707  ...       27
3               20222391708  ...     2340
4               20222391682  ...       37
..                      ...  ...      ...
195             20222381037  ...     1626
196             20222381066  ...     1623
197             20222381057  ...     1601
198             20222380989  ...     1559
199             20222381059  ...     1630

[200 rows x 9 columns]
[2022-09-03 14:01:09,528] {_metadata.py:99} WARNING - Compute Engine Metadata server unavailable on attempt 1 of 3. Reason: timed out
[2022-09-03 14:01:12,532] {_metadata.py:99} WARNING - Compute Engine Metadata server unavailable on attempt 2 of 3. Reason: timed out
[2022-09-03 14:01:12,534] {_metadata.py:99} WARNING - Compute Engine Metadata server unavailable on attempt 3 of 3. Reason: [Errno 64] Host is down
[2022-09-03 14:01:12,535] {_default.py:290} WARNING - Authentication failed using Compute Engine authentication due to unavailable metadata server.
[2022-09-03 14:01:19,461] {logging_mixin.py:109} WARNING -   0%|          | 0/1 [00:00<?, ?it/s]
[2022-09-03 14:01:19,462] {gbq.py:604} INFO - 200 out of 200 rows loaded.
[2022-09-03 14:01:19,462] {logging_mixin.py:109} WARNING - 100%|##########| 1/1 [00:00<00:00, 4443.12it/s]
[2022-09-03 14:01:19,462] {logging_mixin.py:109} WARNING - 
[2022-09-03 14:01:19,462] {logging_mixin.py:109} INFO - Staging table completed successfully
[2022-09-03 14:01:19,462] {python.py:175} INFO - Done. Returned value was: None
[2022-09-03 14:01:19,469] {taskinstance.py:1267} INFO - Marking task as SUCCESS. dag_id=etl_airflow, task_id=Extraction, execution_date=20220903T030000, start_date=20220903T190059, end_date=20220903T190119
[2022-09-03 14:01:19,485] {local_task_job.py:154} INFO - Task exited with return code 0
[2022-09-03 14:01:19,498] {local_task_job.py:264} INFO - 1 downstream tasks scheduled from follow-on schedule check
