[2022-09-03 13:50:25,552] {taskinstance.py:1032} INFO - Dependencies all met for <TaskInstance: etl_airflow.Extraction scheduled__2022-09-03T01:00:00+00:00 [queued]>
[2022-09-03 13:50:25,555] {taskinstance.py:1032} INFO - Dependencies all met for <TaskInstance: etl_airflow.Extraction scheduled__2022-09-03T01:00:00+00:00 [queued]>
[2022-09-03 13:50:25,555] {taskinstance.py:1238} INFO - 
--------------------------------------------------------------------------------
[2022-09-03 13:50:25,555] {taskinstance.py:1239} INFO - Starting attempt 1 of 1
[2022-09-03 13:50:25,555] {taskinstance.py:1240} INFO - 
--------------------------------------------------------------------------------
[2022-09-03 13:50:25,560] {taskinstance.py:1259} INFO - Executing <Task(PythonOperator): Extraction> on 2022-09-03 01:00:00+00:00
[2022-09-03 13:50:25,566] {standard_task_runner.py:52} INFO - Started process 40825 to run task
[2022-09-03 13:50:25,570] {standard_task_runner.py:76} INFO - Running: ['airflow', 'tasks', 'run', 'etl_airflow', 'Extraction', 'scheduled__2022-09-03T01:00:00+00:00', '--job-id', '577', '--raw', '--subdir', 'DAGS_FOLDER/etl_airflowv2.py', '--cfg-path', '/var/folders/35/pzst1sv14yld_nkt23lk_vmr0000gn/T/tmpjp7d594k', '--error-file', '/var/folders/35/pzst1sv14yld_nkt23lk_vmr0000gn/T/tmprufy1fgw']
[2022-09-03 13:50:25,572] {standard_task_runner.py:77} INFO - Job 577: Subtask Extraction
[2022-09-03 13:50:25,594] {logging_mixin.py:109} INFO - Running <TaskInstance: etl_airflow.Extraction scheduled__2022-09-03T01:00:00+00:00 [running]> on host Jonathans-MacBook-Pro.local
[2022-09-03 13:50:25,618] {taskinstance.py:1424} INFO - Exporting the following env vars:
AIRFLOW_CTX_DAG_EMAIL=jonathan.dejesus.azor@gmail.com
AIRFLOW_CTX_DAG_OWNER=admin
AIRFLOW_CTX_DAG_ID=etl_airflow
AIRFLOW_CTX_TASK_ID=Extraction
AIRFLOW_CTX_EXECUTION_DATE=2022-09-03T01:00:00+00:00
AIRFLOW_CTX_DAG_RUN_ID=scheduled__2022-09-03T01:00:00+00:00
[2022-09-03 13:50:26,565] {logging_mixin.py:109} INFO -      incident_report_number  ... rep_time
0               20222391738  ...     2353
1               20222391646  ...     2346
2               20222391708  ...     2340
3               20222391707  ...       27
4               20222391682  ...       37
..                      ...  ...      ...
195             20222381037  ...     1626
196             20222381066  ...     1623
197             20222381057  ...     1601
198             20222380989  ...     1559
199             20222381059  ...     1630

[200 rows x 9 columns]
[2022-09-03 13:50:26,566] {python.py:175} INFO - Done. Returned value was:      incident_report_number  ... rep_time
0               20222391738  ...     2353
1               20222391646  ...     2346
2               20222391708  ...     2340
3               20222391707  ...       27
4               20222391682  ...       37
..                      ...  ...      ...
195             20222381037  ...     1626
196             20222381066  ...     1623
197             20222381057  ...     1601
198             20222380989  ...     1559
199             20222381059  ...     1630

[200 rows x 9 columns]
[2022-09-03 13:50:26,579] {taskinstance.py:1267} INFO - Marking task as SUCCESS. dag_id=etl_airflow, task_id=Extraction, execution_date=20220903T010000, start_date=20220903T185025, end_date=20220903T185026
[2022-09-03 13:50:26,625] {local_task_job.py:154} INFO - Task exited with return code 0
[2022-09-03 13:50:26,637] {local_task_job.py:264} INFO - 0 downstream tasks scheduled from follow-on schedule check
[2022-09-03 13:57:41,903] {taskinstance.py:1032} INFO - Dependencies all met for <TaskInstance: etl_airflow.Extraction scheduled__2022-09-03T01:00:00+00:00 [queued]>
[2022-09-03 13:57:41,906] {taskinstance.py:1032} INFO - Dependencies all met for <TaskInstance: etl_airflow.Extraction scheduled__2022-09-03T01:00:00+00:00 [queued]>
[2022-09-03 13:57:41,906] {taskinstance.py:1238} INFO - 
--------------------------------------------------------------------------------
[2022-09-03 13:57:41,906] {taskinstance.py:1239} INFO - Starting attempt 1 of 1
[2022-09-03 13:57:41,906] {taskinstance.py:1240} INFO - 
--------------------------------------------------------------------------------
[2022-09-03 13:57:41,911] {taskinstance.py:1259} INFO - Executing <Task(PythonOperator): Extraction> on 2022-09-03 01:00:00+00:00
[2022-09-03 13:57:41,918] {standard_task_runner.py:52} INFO - Started process 41115 to run task
[2022-09-03 13:57:41,924] {standard_task_runner.py:76} INFO - Running: ['airflow', 'tasks', 'run', 'etl_airflow', 'Extraction', 'scheduled__2022-09-03T01:00:00+00:00', '--job-id', '621', '--raw', '--subdir', 'DAGS_FOLDER/etl_airflowv2.py', '--cfg-path', '/var/folders/35/pzst1sv14yld_nkt23lk_vmr0000gn/T/tmpqjy7urvt', '--error-file', '/var/folders/35/pzst1sv14yld_nkt23lk_vmr0000gn/T/tmpj7nnnuqs']
[2022-09-03 13:57:41,925] {standard_task_runner.py:77} INFO - Job 621: Subtask Extraction
[2022-09-03 13:57:41,952] {logging_mixin.py:109} INFO - Running <TaskInstance: etl_airflow.Extraction scheduled__2022-09-03T01:00:00+00:00 [running]> on host 1.0.0.127.in-addr.arpa
[2022-09-03 13:57:41,979] {taskinstance.py:1424} INFO - Exporting the following env vars:
AIRFLOW_CTX_DAG_EMAIL=jonathan.dejesus.azor@gmail.com
AIRFLOW_CTX_DAG_OWNER=admin
AIRFLOW_CTX_DAG_ID=etl_airflow
AIRFLOW_CTX_TASK_ID=Extraction
AIRFLOW_CTX_EXECUTION_DATE=2022-09-03T01:00:00+00:00
AIRFLOW_CTX_DAG_RUN_ID=scheduled__2022-09-03T01:00:00+00:00
[2022-09-03 13:57:43,010] {logging_mixin.py:109} INFO -      incident_report_number  ... rep_time
0               20222391738  ...     2353
1               20222391646  ...     2346
2               20222391707  ...       27
3               20222391708  ...     2340
4               20222391682  ...       37
..                      ...  ...      ...
195             20222381037  ...     1626
196             20222381066  ...     1623
197             20222381057  ...     1601
198             20222380989  ...     1559
199             20222381059  ...     1630

[200 rows x 9 columns]
[2022-09-03 13:57:46,295] {_metadata.py:99} WARNING - Compute Engine Metadata server unavailable on attempt 1 of 3. Reason: timed out
[2022-09-03 13:57:49,299] {_metadata.py:99} WARNING - Compute Engine Metadata server unavailable on attempt 2 of 3. Reason: timed out
[2022-09-03 13:57:49,303] {_metadata.py:99} WARNING - Compute Engine Metadata server unavailable on attempt 3 of 3. Reason: [Errno 64] Host is down
[2022-09-03 13:57:49,304] {_default.py:290} WARNING - Authentication failed using Compute Engine authentication due to unavailable metadata server.
[2022-09-03 13:57:53,958] {logging_mixin.py:109} WARNING -   0%|          | 0/1 [00:00<?, ?it/s]
[2022-09-03 13:57:53,960] {gbq.py:604} INFO - 200 out of 200 rows loaded.
[2022-09-03 13:57:53,960] {logging_mixin.py:109} WARNING - 100%|##########| 1/1 [00:00<00:00, 1865.79it/s]
[2022-09-03 13:57:53,960] {logging_mixin.py:109} WARNING - 
[2022-09-03 13:57:53,961] {logging_mixin.py:109} INFO - Staging table completed successfully
[2022-09-03 13:57:53,961] {python.py:175} INFO - Done. Returned value was: None
[2022-09-03 13:57:53,968] {taskinstance.py:1267} INFO - Marking task as SUCCESS. dag_id=etl_airflow, task_id=Extraction, execution_date=20220903T010000, start_date=20220903T185741, end_date=20220903T185753
[2022-09-03 13:57:54,017] {local_task_job.py:154} INFO - Task exited with return code 0
[2022-09-03 13:57:54,029] {local_task_job.py:264} INFO - 1 downstream tasks scheduled from follow-on schedule check
