[2022-08-22 19:59:09,828] {processor.py:163} INFO - Started process (PID=16782) to work on /opt/anaconda3/envs/airflow_env/lib/python3.9/site-packages/airflow/example_dags/example_complex.py
[2022-08-22 19:59:09,828] {processor.py:642} INFO - Processing file /opt/anaconda3/envs/airflow_env/lib/python3.9/site-packages/airflow/example_dags/example_complex.py for tasks to queue
[2022-08-22 19:59:09,828] {logging_mixin.py:109} INFO - [2022-08-22 19:59:09,828] {dagbag.py:500} INFO - Filling up the DagBag from /opt/anaconda3/envs/airflow_env/lib/python3.9/site-packages/airflow/example_dags/example_complex.py
[2022-08-22 19:59:09,852] {processor.py:654} INFO - DAG(s) dict_keys(['example_complex']) retrieved from /opt/anaconda3/envs/airflow_env/lib/python3.9/site-packages/airflow/example_dags/example_complex.py
[2022-08-22 19:59:09,868] {logging_mixin.py:109} INFO - [2022-08-22 19:59:09,868] {dag.py:2396} INFO - Sync 1 DAGs
[2022-08-22 19:59:09,873] {logging_mixin.py:109} INFO - [2022-08-22 19:59:09,873] {dag.py:2935} INFO - Setting next_dagrun for example_complex to None
[2022-08-22 19:59:09,878] {processor.py:171} INFO - Processing /opt/anaconda3/envs/airflow_env/lib/python3.9/site-packages/airflow/example_dags/example_complex.py took 0.051 seconds
[2022-08-22 20:00:16,024] {processor.py:163} INFO - Started process (PID=16831) to work on /opt/anaconda3/envs/airflow_env/lib/python3.9/site-packages/airflow/example_dags/example_complex.py
[2022-08-22 20:00:16,025] {processor.py:642} INFO - Processing file /opt/anaconda3/envs/airflow_env/lib/python3.9/site-packages/airflow/example_dags/example_complex.py for tasks to queue
[2022-08-22 20:00:16,026] {logging_mixin.py:109} INFO - [2022-08-22 20:00:16,025] {dagbag.py:500} INFO - Filling up the DagBag from /opt/anaconda3/envs/airflow_env/lib/python3.9/site-packages/airflow/example_dags/example_complex.py
[2022-08-22 20:00:16,046] {processor.py:654} INFO - DAG(s) dict_keys(['example_complex']) retrieved from /opt/anaconda3/envs/airflow_env/lib/python3.9/site-packages/airflow/example_dags/example_complex.py
[2022-08-22 20:00:16,058] {logging_mixin.py:109} INFO - [2022-08-22 20:00:16,058] {dag.py:2396} INFO - Sync 1 DAGs
[2022-08-22 20:00:16,063] {logging_mixin.py:109} INFO - [2022-08-22 20:00:16,063] {dag.py:2935} INFO - Setting next_dagrun for example_complex to None
[2022-08-22 20:00:16,067] {processor.py:171} INFO - Processing /opt/anaconda3/envs/airflow_env/lib/python3.9/site-packages/airflow/example_dags/example_complex.py took 0.043 seconds
[2022-08-22 20:01:22,918] {processor.py:163} INFO - Started process (PID=16884) to work on /opt/anaconda3/envs/airflow_env/lib/python3.9/site-packages/airflow/example_dags/example_complex.py
[2022-08-22 20:01:22,919] {processor.py:642} INFO - Processing file /opt/anaconda3/envs/airflow_env/lib/python3.9/site-packages/airflow/example_dags/example_complex.py for tasks to queue
[2022-08-22 20:01:22,919] {logging_mixin.py:109} INFO - [2022-08-22 20:01:22,919] {dagbag.py:500} INFO - Filling up the DagBag from /opt/anaconda3/envs/airflow_env/lib/python3.9/site-packages/airflow/example_dags/example_complex.py
[2022-08-22 20:01:22,939] {processor.py:654} INFO - DAG(s) dict_keys(['example_complex']) retrieved from /opt/anaconda3/envs/airflow_env/lib/python3.9/site-packages/airflow/example_dags/example_complex.py
[2022-08-22 20:01:22,951] {logging_mixin.py:109} INFO - [2022-08-22 20:01:22,951] {dag.py:2396} INFO - Sync 1 DAGs
[2022-08-22 20:01:22,955] {logging_mixin.py:109} INFO - [2022-08-22 20:01:22,955] {dag.py:2935} INFO - Setting next_dagrun for example_complex to None
[2022-08-22 20:01:22,960] {processor.py:171} INFO - Processing /opt/anaconda3/envs/airflow_env/lib/python3.9/site-packages/airflow/example_dags/example_complex.py took 0.042 seconds
[2022-08-22 20:02:29,789] {processor.py:163} INFO - Started process (PID=16926) to work on /opt/anaconda3/envs/airflow_env/lib/python3.9/site-packages/airflow/example_dags/example_complex.py
[2022-08-22 20:02:29,790] {processor.py:642} INFO - Processing file /opt/anaconda3/envs/airflow_env/lib/python3.9/site-packages/airflow/example_dags/example_complex.py for tasks to queue
[2022-08-22 20:02:29,790] {logging_mixin.py:109} INFO - [2022-08-22 20:02:29,790] {dagbag.py:500} INFO - Filling up the DagBag from /opt/anaconda3/envs/airflow_env/lib/python3.9/site-packages/airflow/example_dags/example_complex.py
[2022-08-22 20:02:29,810] {processor.py:654} INFO - DAG(s) dict_keys(['example_complex']) retrieved from /opt/anaconda3/envs/airflow_env/lib/python3.9/site-packages/airflow/example_dags/example_complex.py
[2022-08-22 20:02:29,822] {logging_mixin.py:109} INFO - [2022-08-22 20:02:29,821] {dag.py:2396} INFO - Sync 1 DAGs
[2022-08-22 20:02:29,826] {logging_mixin.py:109} INFO - [2022-08-22 20:02:29,826] {dag.py:2935} INFO - Setting next_dagrun for example_complex to None
[2022-08-22 20:02:29,830] {processor.py:171} INFO - Processing /opt/anaconda3/envs/airflow_env/lib/python3.9/site-packages/airflow/example_dags/example_complex.py took 0.042 seconds
[2022-08-22 20:03:33,909] {processor.py:163} INFO - Started process (PID=16973) to work on /opt/anaconda3/envs/airflow_env/lib/python3.9/site-packages/airflow/example_dags/example_complex.py
[2022-08-22 20:03:33,909] {processor.py:642} INFO - Processing file /opt/anaconda3/envs/airflow_env/lib/python3.9/site-packages/airflow/example_dags/example_complex.py for tasks to queue
[2022-08-22 20:03:33,909] {logging_mixin.py:109} INFO - [2022-08-22 20:03:33,909] {dagbag.py:500} INFO - Filling up the DagBag from /opt/anaconda3/envs/airflow_env/lib/python3.9/site-packages/airflow/example_dags/example_complex.py
[2022-08-22 20:03:33,929] {processor.py:654} INFO - DAG(s) dict_keys(['example_complex']) retrieved from /opt/anaconda3/envs/airflow_env/lib/python3.9/site-packages/airflow/example_dags/example_complex.py
[2022-08-22 20:03:33,941] {logging_mixin.py:109} INFO - [2022-08-22 20:03:33,941] {dag.py:2396} INFO - Sync 1 DAGs
[2022-08-22 20:03:33,947] {logging_mixin.py:109} INFO - [2022-08-22 20:03:33,946] {dag.py:2935} INFO - Setting next_dagrun for example_complex to None
[2022-08-22 20:03:33,951] {processor.py:171} INFO - Processing /opt/anaconda3/envs/airflow_env/lib/python3.9/site-packages/airflow/example_dags/example_complex.py took 0.043 seconds
[2022-08-22 20:04:38,395] {processor.py:163} INFO - Started process (PID=17048) to work on /opt/anaconda3/envs/airflow_env/lib/python3.9/site-packages/airflow/example_dags/example_complex.py
[2022-08-22 20:04:38,395] {processor.py:642} INFO - Processing file /opt/anaconda3/envs/airflow_env/lib/python3.9/site-packages/airflow/example_dags/example_complex.py for tasks to queue
[2022-08-22 20:04:38,395] {logging_mixin.py:109} INFO - [2022-08-22 20:04:38,395] {dagbag.py:500} INFO - Filling up the DagBag from /opt/anaconda3/envs/airflow_env/lib/python3.9/site-packages/airflow/example_dags/example_complex.py
[2022-08-22 20:04:38,530] {processor.py:654} INFO - DAG(s) dict_keys(['example_complex']) retrieved from /opt/anaconda3/envs/airflow_env/lib/python3.9/site-packages/airflow/example_dags/example_complex.py
[2022-08-22 20:04:38,549] {logging_mixin.py:109} INFO - [2022-08-22 20:04:38,549] {dag.py:2396} INFO - Sync 1 DAGs
[2022-08-22 20:04:38,561] {logging_mixin.py:109} INFO - [2022-08-22 20:04:38,561] {dag.py:2935} INFO - Setting next_dagrun for example_complex to None
[2022-08-22 20:04:38,566] {processor.py:171} INFO - Processing /opt/anaconda3/envs/airflow_env/lib/python3.9/site-packages/airflow/example_dags/example_complex.py took 0.172 seconds
[2022-08-22 20:05:44,291] {processor.py:163} INFO - Started process (PID=17103) to work on /opt/anaconda3/envs/airflow_env/lib/python3.9/site-packages/airflow/example_dags/example_complex.py
[2022-08-22 20:05:44,291] {processor.py:642} INFO - Processing file /opt/anaconda3/envs/airflow_env/lib/python3.9/site-packages/airflow/example_dags/example_complex.py for tasks to queue
[2022-08-22 20:05:44,292] {logging_mixin.py:109} INFO - [2022-08-22 20:05:44,292] {dagbag.py:500} INFO - Filling up the DagBag from /opt/anaconda3/envs/airflow_env/lib/python3.9/site-packages/airflow/example_dags/example_complex.py
[2022-08-22 20:05:44,311] {processor.py:654} INFO - DAG(s) dict_keys(['example_complex']) retrieved from /opt/anaconda3/envs/airflow_env/lib/python3.9/site-packages/airflow/example_dags/example_complex.py
[2022-08-22 20:05:44,323] {logging_mixin.py:109} INFO - [2022-08-22 20:05:44,323] {dag.py:2396} INFO - Sync 1 DAGs
[2022-08-22 20:05:44,327] {logging_mixin.py:109} INFO - [2022-08-22 20:05:44,327] {dag.py:2935} INFO - Setting next_dagrun for example_complex to None
[2022-08-22 20:05:44,331] {processor.py:171} INFO - Processing /opt/anaconda3/envs/airflow_env/lib/python3.9/site-packages/airflow/example_dags/example_complex.py took 0.040 seconds
[2022-08-22 20:12:57,276] {processor.py:163} INFO - Started process (PID=1450) to work on /opt/anaconda3/envs/airflow_env/lib/python3.9/site-packages/airflow/example_dags/example_complex.py
[2022-08-22 20:12:57,276] {processor.py:642} INFO - Processing file /opt/anaconda3/envs/airflow_env/lib/python3.9/site-packages/airflow/example_dags/example_complex.py for tasks to queue
[2022-08-22 20:12:57,277] {logging_mixin.py:109} INFO - [2022-08-22 20:12:57,277] {dagbag.py:500} INFO - Filling up the DagBag from /opt/anaconda3/envs/airflow_env/lib/python3.9/site-packages/airflow/example_dags/example_complex.py
[2022-08-22 20:12:57,295] {processor.py:654} INFO - DAG(s) dict_keys(['example_complex']) retrieved from /opt/anaconda3/envs/airflow_env/lib/python3.9/site-packages/airflow/example_dags/example_complex.py
[2022-08-22 20:12:57,307] {logging_mixin.py:109} INFO - [2022-08-22 20:12:57,307] {dag.py:2396} INFO - Sync 1 DAGs
[2022-08-22 20:12:57,311] {logging_mixin.py:109} INFO - [2022-08-22 20:12:57,311] {dag.py:2935} INFO - Setting next_dagrun for example_complex to None
[2022-08-22 20:12:57,315] {processor.py:171} INFO - Processing /opt/anaconda3/envs/airflow_env/lib/python3.9/site-packages/airflow/example_dags/example_complex.py took 0.039 seconds
[2022-08-22 20:14:00,677] {processor.py:163} INFO - Started process (PID=1496) to work on /opt/anaconda3/envs/airflow_env/lib/python3.9/site-packages/airflow/example_dags/example_complex.py
[2022-08-22 20:14:00,678] {processor.py:642} INFO - Processing file /opt/anaconda3/envs/airflow_env/lib/python3.9/site-packages/airflow/example_dags/example_complex.py for tasks to queue
[2022-08-22 20:14:00,678] {logging_mixin.py:109} INFO - [2022-08-22 20:14:00,678] {dagbag.py:500} INFO - Filling up the DagBag from /opt/anaconda3/envs/airflow_env/lib/python3.9/site-packages/airflow/example_dags/example_complex.py
[2022-08-22 20:14:00,695] {processor.py:654} INFO - DAG(s) dict_keys(['example_complex']) retrieved from /opt/anaconda3/envs/airflow_env/lib/python3.9/site-packages/airflow/example_dags/example_complex.py
[2022-08-22 20:14:00,706] {logging_mixin.py:109} INFO - [2022-08-22 20:14:00,706] {dag.py:2396} INFO - Sync 1 DAGs
[2022-08-22 20:14:00,711] {logging_mixin.py:109} INFO - [2022-08-22 20:14:00,711] {dag.py:2935} INFO - Setting next_dagrun for example_complex to None
[2022-08-22 20:14:00,714] {processor.py:171} INFO - Processing /opt/anaconda3/envs/airflow_env/lib/python3.9/site-packages/airflow/example_dags/example_complex.py took 0.037 seconds
[2022-08-22 20:15:01,994] {processor.py:163} INFO - Started process (PID=1623) to work on /opt/anaconda3/envs/airflow_env/lib/python3.9/site-packages/airflow/example_dags/example_complex.py
[2022-08-22 20:15:01,994] {processor.py:642} INFO - Processing file /opt/anaconda3/envs/airflow_env/lib/python3.9/site-packages/airflow/example_dags/example_complex.py for tasks to queue
[2022-08-22 20:15:01,994] {logging_mixin.py:109} INFO - [2022-08-22 20:15:01,994] {dagbag.py:500} INFO - Filling up the DagBag from /opt/anaconda3/envs/airflow_env/lib/python3.9/site-packages/airflow/example_dags/example_complex.py
[2022-08-22 20:15:02,012] {processor.py:654} INFO - DAG(s) dict_keys(['example_complex']) retrieved from /opt/anaconda3/envs/airflow_env/lib/python3.9/site-packages/airflow/example_dags/example_complex.py
[2022-08-22 20:15:02,022] {logging_mixin.py:109} INFO - [2022-08-22 20:15:02,022] {dag.py:2396} INFO - Sync 1 DAGs
[2022-08-22 20:15:02,026] {logging_mixin.py:109} INFO - [2022-08-22 20:15:02,026] {dag.py:2935} INFO - Setting next_dagrun for example_complex to None
[2022-08-22 20:15:02,030] {processor.py:171} INFO - Processing /opt/anaconda3/envs/airflow_env/lib/python3.9/site-packages/airflow/example_dags/example_complex.py took 0.036 seconds
[2022-08-22 20:16:05,705] {processor.py:163} INFO - Started process (PID=1863) to work on /opt/anaconda3/envs/airflow_env/lib/python3.9/site-packages/airflow/example_dags/example_complex.py
[2022-08-22 20:16:05,705] {processor.py:642} INFO - Processing file /opt/anaconda3/envs/airflow_env/lib/python3.9/site-packages/airflow/example_dags/example_complex.py for tasks to queue
[2022-08-22 20:16:05,705] {logging_mixin.py:109} INFO - [2022-08-22 20:16:05,705] {dagbag.py:500} INFO - Filling up the DagBag from /opt/anaconda3/envs/airflow_env/lib/python3.9/site-packages/airflow/example_dags/example_complex.py
[2022-08-22 20:16:05,724] {processor.py:654} INFO - DAG(s) dict_keys(['example_complex']) retrieved from /opt/anaconda3/envs/airflow_env/lib/python3.9/site-packages/airflow/example_dags/example_complex.py
[2022-08-22 20:16:05,735] {logging_mixin.py:109} INFO - [2022-08-22 20:16:05,735] {dag.py:2396} INFO - Sync 1 DAGs
[2022-08-22 20:16:05,740] {logging_mixin.py:109} INFO - [2022-08-22 20:16:05,740] {dag.py:2935} INFO - Setting next_dagrun for example_complex to None
[2022-08-22 20:16:05,743] {processor.py:171} INFO - Processing /opt/anaconda3/envs/airflow_env/lib/python3.9/site-packages/airflow/example_dags/example_complex.py took 0.039 seconds
[2022-08-22 20:17:07,156] {processor.py:163} INFO - Started process (PID=1941) to work on /opt/anaconda3/envs/airflow_env/lib/python3.9/site-packages/airflow/example_dags/example_complex.py
[2022-08-22 20:17:07,156] {processor.py:642} INFO - Processing file /opt/anaconda3/envs/airflow_env/lib/python3.9/site-packages/airflow/example_dags/example_complex.py for tasks to queue
[2022-08-22 20:17:07,156] {logging_mixin.py:109} INFO - [2022-08-22 20:17:07,156] {dagbag.py:500} INFO - Filling up the DagBag from /opt/anaconda3/envs/airflow_env/lib/python3.9/site-packages/airflow/example_dags/example_complex.py
[2022-08-22 20:17:07,175] {processor.py:654} INFO - DAG(s) dict_keys(['example_complex']) retrieved from /opt/anaconda3/envs/airflow_env/lib/python3.9/site-packages/airflow/example_dags/example_complex.py
[2022-08-22 20:17:07,186] {logging_mixin.py:109} INFO - [2022-08-22 20:17:07,186] {dag.py:2396} INFO - Sync 1 DAGs
[2022-08-22 20:17:07,191] {logging_mixin.py:109} INFO - [2022-08-22 20:17:07,191] {dag.py:2935} INFO - Setting next_dagrun for example_complex to None
[2022-08-22 20:17:07,195] {processor.py:171} INFO - Processing /opt/anaconda3/envs/airflow_env/lib/python3.9/site-packages/airflow/example_dags/example_complex.py took 0.039 seconds
[2022-08-22 20:18:05,796] {processor.py:163} INFO - Started process (PID=1985) to work on /opt/anaconda3/envs/airflow_env/lib/python3.9/site-packages/airflow/example_dags/example_complex.py
[2022-08-22 20:18:05,796] {processor.py:642} INFO - Processing file /opt/anaconda3/envs/airflow_env/lib/python3.9/site-packages/airflow/example_dags/example_complex.py for tasks to queue
[2022-08-22 20:18:05,796] {logging_mixin.py:109} INFO - [2022-08-22 20:18:05,796] {dagbag.py:500} INFO - Filling up the DagBag from /opt/anaconda3/envs/airflow_env/lib/python3.9/site-packages/airflow/example_dags/example_complex.py
[2022-08-22 20:18:05,813] {processor.py:654} INFO - DAG(s) dict_keys(['example_complex']) retrieved from /opt/anaconda3/envs/airflow_env/lib/python3.9/site-packages/airflow/example_dags/example_complex.py
[2022-08-22 20:18:05,824] {logging_mixin.py:109} INFO - [2022-08-22 20:18:05,824] {dag.py:2396} INFO - Sync 1 DAGs
[2022-08-22 20:18:05,828] {logging_mixin.py:109} INFO - [2022-08-22 20:18:05,828] {dag.py:2935} INFO - Setting next_dagrun for example_complex to None
[2022-08-22 20:18:05,831] {processor.py:171} INFO - Processing /opt/anaconda3/envs/airflow_env/lib/python3.9/site-packages/airflow/example_dags/example_complex.py took 0.036 seconds
[2022-08-22 20:19:07,110] {processor.py:163} INFO - Started process (PID=2067) to work on /opt/anaconda3/envs/airflow_env/lib/python3.9/site-packages/airflow/example_dags/example_complex.py
[2022-08-22 20:19:07,111] {processor.py:642} INFO - Processing file /opt/anaconda3/envs/airflow_env/lib/python3.9/site-packages/airflow/example_dags/example_complex.py for tasks to queue
[2022-08-22 20:19:07,111] {logging_mixin.py:109} INFO - [2022-08-22 20:19:07,111] {dagbag.py:500} INFO - Filling up the DagBag from /opt/anaconda3/envs/airflow_env/lib/python3.9/site-packages/airflow/example_dags/example_complex.py
[2022-08-22 20:19:07,128] {processor.py:654} INFO - DAG(s) dict_keys(['example_complex']) retrieved from /opt/anaconda3/envs/airflow_env/lib/python3.9/site-packages/airflow/example_dags/example_complex.py
[2022-08-22 20:19:07,139] {logging_mixin.py:109} INFO - [2022-08-22 20:19:07,139] {dag.py:2396} INFO - Sync 1 DAGs
[2022-08-22 20:19:07,143] {logging_mixin.py:109} INFO - [2022-08-22 20:19:07,143] {dag.py:2935} INFO - Setting next_dagrun for example_complex to None
[2022-08-22 20:19:07,147] {processor.py:171} INFO - Processing /opt/anaconda3/envs/airflow_env/lib/python3.9/site-packages/airflow/example_dags/example_complex.py took 0.037 seconds
[2022-08-22 20:20:10,367] {processor.py:163} INFO - Started process (PID=2149) to work on /opt/anaconda3/envs/airflow_env/lib/python3.9/site-packages/airflow/example_dags/example_complex.py
[2022-08-22 20:20:10,368] {processor.py:642} INFO - Processing file /opt/anaconda3/envs/airflow_env/lib/python3.9/site-packages/airflow/example_dags/example_complex.py for tasks to queue
[2022-08-22 20:20:10,368] {logging_mixin.py:109} INFO - [2022-08-22 20:20:10,368] {dagbag.py:500} INFO - Filling up the DagBag from /opt/anaconda3/envs/airflow_env/lib/python3.9/site-packages/airflow/example_dags/example_complex.py
[2022-08-22 20:20:10,387] {processor.py:654} INFO - DAG(s) dict_keys(['example_complex']) retrieved from /opt/anaconda3/envs/airflow_env/lib/python3.9/site-packages/airflow/example_dags/example_complex.py
[2022-08-22 20:20:10,399] {logging_mixin.py:109} INFO - [2022-08-22 20:20:10,399] {dag.py:2396} INFO - Sync 1 DAGs
[2022-08-22 20:20:10,404] {logging_mixin.py:109} INFO - [2022-08-22 20:20:10,404] {dag.py:2935} INFO - Setting next_dagrun for example_complex to None
[2022-08-22 20:20:10,408] {processor.py:171} INFO - Processing /opt/anaconda3/envs/airflow_env/lib/python3.9/site-packages/airflow/example_dags/example_complex.py took 0.041 seconds
[2022-08-22 20:21:11,811] {processor.py:163} INFO - Started process (PID=2284) to work on /opt/anaconda3/envs/airflow_env/lib/python3.9/site-packages/airflow/example_dags/example_complex.py
[2022-08-22 20:21:11,811] {processor.py:642} INFO - Processing file /opt/anaconda3/envs/airflow_env/lib/python3.9/site-packages/airflow/example_dags/example_complex.py for tasks to queue
[2022-08-22 20:21:11,811] {logging_mixin.py:109} INFO - [2022-08-22 20:21:11,811] {dagbag.py:500} INFO - Filling up the DagBag from /opt/anaconda3/envs/airflow_env/lib/python3.9/site-packages/airflow/example_dags/example_complex.py
[2022-08-22 20:21:11,830] {processor.py:654} INFO - DAG(s) dict_keys(['example_complex']) retrieved from /opt/anaconda3/envs/airflow_env/lib/python3.9/site-packages/airflow/example_dags/example_complex.py
[2022-08-22 20:21:11,841] {logging_mixin.py:109} INFO - [2022-08-22 20:21:11,840] {dag.py:2396} INFO - Sync 1 DAGs
[2022-08-22 20:21:11,845] {logging_mixin.py:109} INFO - [2022-08-22 20:21:11,845] {dag.py:2935} INFO - Setting next_dagrun for example_complex to None
[2022-08-22 20:21:11,848] {processor.py:171} INFO - Processing /opt/anaconda3/envs/airflow_env/lib/python3.9/site-packages/airflow/example_dags/example_complex.py took 0.038 seconds
[2022-08-22 20:23:06,578] {processor.py:163} INFO - Started process (PID=2383) to work on /opt/anaconda3/envs/airflow_env/lib/python3.9/site-packages/airflow/example_dags/example_complex.py
[2022-08-22 20:23:06,579] {processor.py:642} INFO - Processing file /opt/anaconda3/envs/airflow_env/lib/python3.9/site-packages/airflow/example_dags/example_complex.py for tasks to queue
[2022-08-22 20:23:06,579] {logging_mixin.py:109} INFO - [2022-08-22 20:23:06,579] {dagbag.py:500} INFO - Filling up the DagBag from /opt/anaconda3/envs/airflow_env/lib/python3.9/site-packages/airflow/example_dags/example_complex.py
[2022-08-22 20:23:06,597] {processor.py:654} INFO - DAG(s) dict_keys(['example_complex']) retrieved from /opt/anaconda3/envs/airflow_env/lib/python3.9/site-packages/airflow/example_dags/example_complex.py
[2022-08-22 20:23:06,607] {logging_mixin.py:109} INFO - [2022-08-22 20:23:06,607] {dag.py:2396} INFO - Sync 1 DAGs
[2022-08-22 20:23:06,612] {logging_mixin.py:109} INFO - [2022-08-22 20:23:06,612] {dag.py:2935} INFO - Setting next_dagrun for example_complex to None
[2022-08-22 20:23:06,616] {processor.py:171} INFO - Processing /opt/anaconda3/envs/airflow_env/lib/python3.9/site-packages/airflow/example_dags/example_complex.py took 0.039 seconds
[2022-08-22 20:24:07,973] {processor.py:163} INFO - Started process (PID=2423) to work on /opt/anaconda3/envs/airflow_env/lib/python3.9/site-packages/airflow/example_dags/example_complex.py
[2022-08-22 20:24:07,975] {processor.py:642} INFO - Processing file /opt/anaconda3/envs/airflow_env/lib/python3.9/site-packages/airflow/example_dags/example_complex.py for tasks to queue
[2022-08-22 20:24:07,975] {logging_mixin.py:109} INFO - [2022-08-22 20:24:07,975] {dagbag.py:500} INFO - Filling up the DagBag from /opt/anaconda3/envs/airflow_env/lib/python3.9/site-packages/airflow/example_dags/example_complex.py
[2022-08-22 20:24:07,992] {processor.py:654} INFO - DAG(s) dict_keys(['example_complex']) retrieved from /opt/anaconda3/envs/airflow_env/lib/python3.9/site-packages/airflow/example_dags/example_complex.py
[2022-08-22 20:24:08,003] {logging_mixin.py:109} INFO - [2022-08-22 20:24:08,003] {dag.py:2396} INFO - Sync 1 DAGs
[2022-08-22 20:24:08,007] {logging_mixin.py:109} INFO - [2022-08-22 20:24:08,007] {dag.py:2935} INFO - Setting next_dagrun for example_complex to None
[2022-08-22 20:24:08,010] {processor.py:171} INFO - Processing /opt/anaconda3/envs/airflow_env/lib/python3.9/site-packages/airflow/example_dags/example_complex.py took 0.037 seconds
[2022-08-22 20:25:09,598] {processor.py:163} INFO - Started process (PID=2480) to work on /opt/anaconda3/envs/airflow_env/lib/python3.9/site-packages/airflow/example_dags/example_complex.py
[2022-08-22 20:25:09,599] {processor.py:642} INFO - Processing file /opt/anaconda3/envs/airflow_env/lib/python3.9/site-packages/airflow/example_dags/example_complex.py for tasks to queue
[2022-08-22 20:25:09,599] {logging_mixin.py:109} INFO - [2022-08-22 20:25:09,599] {dagbag.py:500} INFO - Filling up the DagBag from /opt/anaconda3/envs/airflow_env/lib/python3.9/site-packages/airflow/example_dags/example_complex.py
[2022-08-22 20:25:09,618] {processor.py:654} INFO - DAG(s) dict_keys(['example_complex']) retrieved from /opt/anaconda3/envs/airflow_env/lib/python3.9/site-packages/airflow/example_dags/example_complex.py
[2022-08-22 20:25:09,629] {logging_mixin.py:109} INFO - [2022-08-22 20:25:09,628] {dag.py:2396} INFO - Sync 1 DAGs
[2022-08-22 20:25:09,633] {logging_mixin.py:109} INFO - [2022-08-22 20:25:09,633] {dag.py:2935} INFO - Setting next_dagrun for example_complex to None
[2022-08-22 20:25:09,636] {processor.py:171} INFO - Processing /opt/anaconda3/envs/airflow_env/lib/python3.9/site-packages/airflow/example_dags/example_complex.py took 0.039 seconds
[2022-08-22 20:26:12,912] {processor.py:163} INFO - Started process (PID=2580) to work on /opt/anaconda3/envs/airflow_env/lib/python3.9/site-packages/airflow/example_dags/example_complex.py
[2022-08-22 20:26:12,912] {processor.py:642} INFO - Processing file /opt/anaconda3/envs/airflow_env/lib/python3.9/site-packages/airflow/example_dags/example_complex.py for tasks to queue
[2022-08-22 20:26:12,912] {logging_mixin.py:109} INFO - [2022-08-22 20:26:12,912] {dagbag.py:500} INFO - Filling up the DagBag from /opt/anaconda3/envs/airflow_env/lib/python3.9/site-packages/airflow/example_dags/example_complex.py
[2022-08-22 20:26:12,930] {processor.py:654} INFO - DAG(s) dict_keys(['example_complex']) retrieved from /opt/anaconda3/envs/airflow_env/lib/python3.9/site-packages/airflow/example_dags/example_complex.py
[2022-08-22 20:26:12,941] {logging_mixin.py:109} INFO - [2022-08-22 20:26:12,941] {dag.py:2396} INFO - Sync 1 DAGs
[2022-08-22 20:26:12,945] {logging_mixin.py:109} INFO - [2022-08-22 20:26:12,945] {dag.py:2935} INFO - Setting next_dagrun for example_complex to None
[2022-08-22 20:26:12,948] {processor.py:171} INFO - Processing /opt/anaconda3/envs/airflow_env/lib/python3.9/site-packages/airflow/example_dags/example_complex.py took 0.037 seconds
[2022-08-22 20:27:16,326] {processor.py:163} INFO - Started process (PID=2645) to work on /opt/anaconda3/envs/airflow_env/lib/python3.9/site-packages/airflow/example_dags/example_complex.py
[2022-08-22 20:27:16,326] {processor.py:642} INFO - Processing file /opt/anaconda3/envs/airflow_env/lib/python3.9/site-packages/airflow/example_dags/example_complex.py for tasks to queue
[2022-08-22 20:27:16,326] {logging_mixin.py:109} INFO - [2022-08-22 20:27:16,326] {dagbag.py:500} INFO - Filling up the DagBag from /opt/anaconda3/envs/airflow_env/lib/python3.9/site-packages/airflow/example_dags/example_complex.py
[2022-08-22 20:27:16,345] {processor.py:654} INFO - DAG(s) dict_keys(['example_complex']) retrieved from /opt/anaconda3/envs/airflow_env/lib/python3.9/site-packages/airflow/example_dags/example_complex.py
[2022-08-22 20:27:16,356] {logging_mixin.py:109} INFO - [2022-08-22 20:27:16,356] {dag.py:2396} INFO - Sync 1 DAGs
[2022-08-22 20:27:16,360] {logging_mixin.py:109} INFO - [2022-08-22 20:27:16,360] {dag.py:2935} INFO - Setting next_dagrun for example_complex to None
[2022-08-22 20:27:16,364] {processor.py:171} INFO - Processing /opt/anaconda3/envs/airflow_env/lib/python3.9/site-packages/airflow/example_dags/example_complex.py took 0.038 seconds
[2022-08-22 20:29:26,591] {processor.py:163} INFO - Started process (PID=2747) to work on /opt/anaconda3/envs/airflow_env/lib/python3.9/site-packages/airflow/example_dags/example_complex.py
[2022-08-22 20:29:26,592] {processor.py:642} INFO - Processing file /opt/anaconda3/envs/airflow_env/lib/python3.9/site-packages/airflow/example_dags/example_complex.py for tasks to queue
[2022-08-22 20:29:26,592] {logging_mixin.py:109} INFO - [2022-08-22 20:29:26,592] {dagbag.py:500} INFO - Filling up the DagBag from /opt/anaconda3/envs/airflow_env/lib/python3.9/site-packages/airflow/example_dags/example_complex.py
[2022-08-22 20:29:26,610] {processor.py:654} INFO - DAG(s) dict_keys(['example_complex']) retrieved from /opt/anaconda3/envs/airflow_env/lib/python3.9/site-packages/airflow/example_dags/example_complex.py
[2022-08-22 20:29:26,621] {logging_mixin.py:109} INFO - [2022-08-22 20:29:26,621] {dag.py:2396} INFO - Sync 1 DAGs
[2022-08-22 20:29:26,625] {logging_mixin.py:109} INFO - [2022-08-22 20:29:26,625] {dag.py:2935} INFO - Setting next_dagrun for example_complex to None
[2022-08-22 20:29:26,629] {processor.py:171} INFO - Processing /opt/anaconda3/envs/airflow_env/lib/python3.9/site-packages/airflow/example_dags/example_complex.py took 0.038 seconds
