[2022-08-22 19:58:45,249] {processor.py:163} INFO - Started process (PID=16767) to work on /opt/anaconda3/envs/airflow_env/lib/python3.9/site-packages/airflow/example_dags/example_subdag_operator.py
[2022-08-22 19:58:45,249] {processor.py:642} INFO - Processing file /opt/anaconda3/envs/airflow_env/lib/python3.9/site-packages/airflow/example_dags/example_subdag_operator.py for tasks to queue
[2022-08-22 19:58:45,250] {logging_mixin.py:109} INFO - [2022-08-22 19:58:45,250] {dagbag.py:500} INFO - Filling up the DagBag from /opt/anaconda3/envs/airflow_env/lib/python3.9/site-packages/airflow/example_dags/example_subdag_operator.py
[2022-08-22 19:58:45,272] {processor.py:654} INFO - DAG(s) dict_keys(['example_subdag_operator.section-1', 'example_subdag_operator.section-2', 'example_subdag_operator']) retrieved from /opt/anaconda3/envs/airflow_env/lib/python3.9/site-packages/airflow/example_dags/example_subdag_operator.py
[2022-08-22 19:58:45,283] {logging_mixin.py:109} INFO - [2022-08-22 19:58:45,282] {dag.py:2396} INFO - Sync 3 DAGs
[2022-08-22 19:58:45,287] {logging_mixin.py:109} INFO - [2022-08-22 19:58:45,287] {dag.py:2935} INFO - Setting next_dagrun for example_subdag_operator to 2022-08-21T00:00:00+00:00
[2022-08-22 19:58:45,288] {logging_mixin.py:109} INFO - [2022-08-22 19:58:45,287] {dag.py:2935} INFO - Setting next_dagrun for example_subdag_operator.section-1 to None
[2022-08-22 19:58:45,288] {logging_mixin.py:109} INFO - [2022-08-22 19:58:45,288] {dag.py:2935} INFO - Setting next_dagrun for example_subdag_operator.section-2 to None
[2022-08-22 19:58:45,290] {logging_mixin.py:109} INFO - [2022-08-22 19:58:45,290] {dag.py:2396} INFO - Sync 2 DAGs
[2022-08-22 19:58:45,292] {logging_mixin.py:109} INFO - [2022-08-22 19:58:45,292] {dag.py:2935} INFO - Setting next_dagrun for example_subdag_operator.section-1 to None
[2022-08-22 19:58:45,292] {logging_mixin.py:109} INFO - [2022-08-22 19:58:45,292] {dag.py:2935} INFO - Setting next_dagrun for example_subdag_operator.section-2 to None
[2022-08-22 19:58:45,295] {processor.py:171} INFO - Processing /opt/anaconda3/envs/airflow_env/lib/python3.9/site-packages/airflow/example_dags/example_subdag_operator.py took 0.046 seconds
[2022-08-22 19:59:48,975] {processor.py:163} INFO - Started process (PID=16809) to work on /opt/anaconda3/envs/airflow_env/lib/python3.9/site-packages/airflow/example_dags/example_subdag_operator.py
[2022-08-22 19:59:48,976] {processor.py:642} INFO - Processing file /opt/anaconda3/envs/airflow_env/lib/python3.9/site-packages/airflow/example_dags/example_subdag_operator.py for tasks to queue
[2022-08-22 19:59:48,976] {logging_mixin.py:109} INFO - [2022-08-22 19:59:48,976] {dagbag.py:500} INFO - Filling up the DagBag from /opt/anaconda3/envs/airflow_env/lib/python3.9/site-packages/airflow/example_dags/example_subdag_operator.py
[2022-08-22 19:59:48,997] {processor.py:654} INFO - DAG(s) dict_keys(['example_subdag_operator.section-1', 'example_subdag_operator.section-2', 'example_subdag_operator']) retrieved from /opt/anaconda3/envs/airflow_env/lib/python3.9/site-packages/airflow/example_dags/example_subdag_operator.py
[2022-08-22 19:59:49,007] {logging_mixin.py:109} INFO - [2022-08-22 19:59:49,007] {dag.py:2396} INFO - Sync 3 DAGs
[2022-08-22 19:59:49,021] {logging_mixin.py:109} INFO - [2022-08-22 19:59:49,021] {dag.py:2935} INFO - Setting next_dagrun for example_subdag_operator to 2022-08-21T00:00:00+00:00
[2022-08-22 19:59:49,022] {logging_mixin.py:109} INFO - [2022-08-22 19:59:49,022] {dag.py:2935} INFO - Setting next_dagrun for example_subdag_operator.section-1 to None
[2022-08-22 19:59:49,022] {logging_mixin.py:109} INFO - [2022-08-22 19:59:49,022] {dag.py:2935} INFO - Setting next_dagrun for example_subdag_operator.section-2 to None
[2022-08-22 19:59:49,023] {logging_mixin.py:109} INFO - [2022-08-22 19:59:49,023] {dag.py:2396} INFO - Sync 2 DAGs
[2022-08-22 19:59:49,026] {logging_mixin.py:109} INFO - [2022-08-22 19:59:49,026] {dag.py:2935} INFO - Setting next_dagrun for example_subdag_operator.section-1 to None
[2022-08-22 19:59:49,026] {logging_mixin.py:109} INFO - [2022-08-22 19:59:49,026] {dag.py:2935} INFO - Setting next_dagrun for example_subdag_operator.section-2 to None
[2022-08-22 19:59:49,029] {processor.py:171} INFO - Processing /opt/anaconda3/envs/airflow_env/lib/python3.9/site-packages/airflow/example_dags/example_subdag_operator.py took 0.055 seconds
[2022-08-22 20:00:55,584] {processor.py:163} INFO - Started process (PID=16869) to work on /opt/anaconda3/envs/airflow_env/lib/python3.9/site-packages/airflow/example_dags/example_subdag_operator.py
[2022-08-22 20:00:55,586] {processor.py:642} INFO - Processing file /opt/anaconda3/envs/airflow_env/lib/python3.9/site-packages/airflow/example_dags/example_subdag_operator.py for tasks to queue
[2022-08-22 20:00:55,586] {logging_mixin.py:109} INFO - [2022-08-22 20:00:55,586] {dagbag.py:500} INFO - Filling up the DagBag from /opt/anaconda3/envs/airflow_env/lib/python3.9/site-packages/airflow/example_dags/example_subdag_operator.py
[2022-08-22 20:00:55,608] {processor.py:654} INFO - DAG(s) dict_keys(['example_subdag_operator.section-1', 'example_subdag_operator.section-2', 'example_subdag_operator']) retrieved from /opt/anaconda3/envs/airflow_env/lib/python3.9/site-packages/airflow/example_dags/example_subdag_operator.py
[2022-08-22 20:00:55,620] {logging_mixin.py:109} INFO - [2022-08-22 20:00:55,620] {dag.py:2396} INFO - Sync 3 DAGs
[2022-08-22 20:00:55,625] {logging_mixin.py:109} INFO - [2022-08-22 20:00:55,625] {dag.py:2935} INFO - Setting next_dagrun for example_subdag_operator to 2022-08-21T00:00:00+00:00
[2022-08-22 20:00:55,625] {logging_mixin.py:109} INFO - [2022-08-22 20:00:55,625] {dag.py:2935} INFO - Setting next_dagrun for example_subdag_operator.section-1 to None
[2022-08-22 20:00:55,625] {logging_mixin.py:109} INFO - [2022-08-22 20:00:55,625] {dag.py:2935} INFO - Setting next_dagrun for example_subdag_operator.section-2 to None
[2022-08-22 20:00:55,627] {logging_mixin.py:109} INFO - [2022-08-22 20:00:55,627] {dag.py:2396} INFO - Sync 2 DAGs
[2022-08-22 20:00:55,630] {logging_mixin.py:109} INFO - [2022-08-22 20:00:55,630] {dag.py:2935} INFO - Setting next_dagrun for example_subdag_operator.section-1 to None
[2022-08-22 20:00:55,630] {logging_mixin.py:109} INFO - [2022-08-22 20:00:55,630] {dag.py:2935} INFO - Setting next_dagrun for example_subdag_operator.section-2 to None
[2022-08-22 20:00:55,633] {processor.py:171} INFO - Processing /opt/anaconda3/envs/airflow_env/lib/python3.9/site-packages/airflow/example_dags/example_subdag_operator.py took 0.049 seconds
[2022-08-22 20:02:02,225] {processor.py:163} INFO - Started process (PID=16908) to work on /opt/anaconda3/envs/airflow_env/lib/python3.9/site-packages/airflow/example_dags/example_subdag_operator.py
[2022-08-22 20:02:02,226] {processor.py:642} INFO - Processing file /opt/anaconda3/envs/airflow_env/lib/python3.9/site-packages/airflow/example_dags/example_subdag_operator.py for tasks to queue
[2022-08-22 20:02:02,226] {logging_mixin.py:109} INFO - [2022-08-22 20:02:02,226] {dagbag.py:500} INFO - Filling up the DagBag from /opt/anaconda3/envs/airflow_env/lib/python3.9/site-packages/airflow/example_dags/example_subdag_operator.py
[2022-08-22 20:02:02,247] {processor.py:654} INFO - DAG(s) dict_keys(['example_subdag_operator.section-1', 'example_subdag_operator.section-2', 'example_subdag_operator']) retrieved from /opt/anaconda3/envs/airflow_env/lib/python3.9/site-packages/airflow/example_dags/example_subdag_operator.py
[2022-08-22 20:02:02,258] {logging_mixin.py:109} INFO - [2022-08-22 20:02:02,258] {dag.py:2396} INFO - Sync 3 DAGs
[2022-08-22 20:02:02,264] {logging_mixin.py:109} INFO - [2022-08-22 20:02:02,264] {dag.py:2935} INFO - Setting next_dagrun for example_subdag_operator to 2022-08-21T00:00:00+00:00
[2022-08-22 20:02:02,264] {logging_mixin.py:109} INFO - [2022-08-22 20:02:02,264] {dag.py:2935} INFO - Setting next_dagrun for example_subdag_operator.section-1 to None
[2022-08-22 20:02:02,264] {logging_mixin.py:109} INFO - [2022-08-22 20:02:02,264] {dag.py:2935} INFO - Setting next_dagrun for example_subdag_operator.section-2 to None
[2022-08-22 20:02:02,266] {logging_mixin.py:109} INFO - [2022-08-22 20:02:02,266] {dag.py:2396} INFO - Sync 2 DAGs
[2022-08-22 20:02:02,269] {logging_mixin.py:109} INFO - [2022-08-22 20:02:02,269] {dag.py:2935} INFO - Setting next_dagrun for example_subdag_operator.section-1 to None
[2022-08-22 20:02:02,269] {logging_mixin.py:109} INFO - [2022-08-22 20:02:02,269] {dag.py:2935} INFO - Setting next_dagrun for example_subdag_operator.section-2 to None
[2022-08-22 20:02:02,272] {processor.py:171} INFO - Processing /opt/anaconda3/envs/airflow_env/lib/python3.9/site-packages/airflow/example_dags/example_subdag_operator.py took 0.047 seconds
[2022-08-22 20:03:08,488] {processor.py:163} INFO - Started process (PID=16956) to work on /opt/anaconda3/envs/airflow_env/lib/python3.9/site-packages/airflow/example_dags/example_subdag_operator.py
[2022-08-22 20:03:08,488] {processor.py:642} INFO - Processing file /opt/anaconda3/envs/airflow_env/lib/python3.9/site-packages/airflow/example_dags/example_subdag_operator.py for tasks to queue
[2022-08-22 20:03:08,489] {logging_mixin.py:109} INFO - [2022-08-22 20:03:08,489] {dagbag.py:500} INFO - Filling up the DagBag from /opt/anaconda3/envs/airflow_env/lib/python3.9/site-packages/airflow/example_dags/example_subdag_operator.py
[2022-08-22 20:03:08,509] {processor.py:654} INFO - DAG(s) dict_keys(['example_subdag_operator.section-1', 'example_subdag_operator.section-2', 'example_subdag_operator']) retrieved from /opt/anaconda3/envs/airflow_env/lib/python3.9/site-packages/airflow/example_dags/example_subdag_operator.py
[2022-08-22 20:03:08,519] {logging_mixin.py:109} INFO - [2022-08-22 20:03:08,519] {dag.py:2396} INFO - Sync 3 DAGs
[2022-08-22 20:03:08,524] {logging_mixin.py:109} INFO - [2022-08-22 20:03:08,524] {dag.py:2935} INFO - Setting next_dagrun for example_subdag_operator to 2022-08-21T00:00:00+00:00
[2022-08-22 20:03:08,524] {logging_mixin.py:109} INFO - [2022-08-22 20:03:08,524] {dag.py:2935} INFO - Setting next_dagrun for example_subdag_operator.section-1 to None
[2022-08-22 20:03:08,524] {logging_mixin.py:109} INFO - [2022-08-22 20:03:08,524] {dag.py:2935} INFO - Setting next_dagrun for example_subdag_operator.section-2 to None
[2022-08-22 20:03:08,526] {logging_mixin.py:109} INFO - [2022-08-22 20:03:08,526] {dag.py:2396} INFO - Sync 2 DAGs
[2022-08-22 20:03:08,529] {logging_mixin.py:109} INFO - [2022-08-22 20:03:08,529] {dag.py:2935} INFO - Setting next_dagrun for example_subdag_operator.section-1 to None
[2022-08-22 20:03:08,529] {logging_mixin.py:109} INFO - [2022-08-22 20:03:08,529] {dag.py:2935} INFO - Setting next_dagrun for example_subdag_operator.section-2 to None
[2022-08-22 20:03:08,532] {processor.py:171} INFO - Processing /opt/anaconda3/envs/airflow_env/lib/python3.9/site-packages/airflow/example_dags/example_subdag_operator.py took 0.044 seconds
[2022-08-22 20:04:10,689] {processor.py:163} INFO - Started process (PID=16997) to work on /opt/anaconda3/envs/airflow_env/lib/python3.9/site-packages/airflow/example_dags/example_subdag_operator.py
[2022-08-22 20:04:10,689] {processor.py:642} INFO - Processing file /opt/anaconda3/envs/airflow_env/lib/python3.9/site-packages/airflow/example_dags/example_subdag_operator.py for tasks to queue
[2022-08-22 20:04:10,690] {logging_mixin.py:109} INFO - [2022-08-22 20:04:10,690] {dagbag.py:500} INFO - Filling up the DagBag from /opt/anaconda3/envs/airflow_env/lib/python3.9/site-packages/airflow/example_dags/example_subdag_operator.py
[2022-08-22 20:04:10,710] {processor.py:654} INFO - DAG(s) dict_keys(['example_subdag_operator.section-1', 'example_subdag_operator.section-2', 'example_subdag_operator']) retrieved from /opt/anaconda3/envs/airflow_env/lib/python3.9/site-packages/airflow/example_dags/example_subdag_operator.py
[2022-08-22 20:04:10,721] {logging_mixin.py:109} INFO - [2022-08-22 20:04:10,721] {dag.py:2396} INFO - Sync 3 DAGs
[2022-08-22 20:04:10,726] {logging_mixin.py:109} INFO - [2022-08-22 20:04:10,726] {dag.py:2935} INFO - Setting next_dagrun for example_subdag_operator to 2022-08-21T00:00:00+00:00
[2022-08-22 20:04:10,726] {logging_mixin.py:109} INFO - [2022-08-22 20:04:10,726] {dag.py:2935} INFO - Setting next_dagrun for example_subdag_operator.section-1 to None
[2022-08-22 20:04:10,726] {logging_mixin.py:109} INFO - [2022-08-22 20:04:10,726] {dag.py:2935} INFO - Setting next_dagrun for example_subdag_operator.section-2 to None
[2022-08-22 20:04:10,728] {logging_mixin.py:109} INFO - [2022-08-22 20:04:10,728] {dag.py:2396} INFO - Sync 2 DAGs
[2022-08-22 20:04:10,731] {logging_mixin.py:109} INFO - [2022-08-22 20:04:10,731] {dag.py:2935} INFO - Setting next_dagrun for example_subdag_operator.section-1 to None
[2022-08-22 20:04:10,731] {logging_mixin.py:109} INFO - [2022-08-22 20:04:10,731] {dag.py:2935} INFO - Setting next_dagrun for example_subdag_operator.section-2 to None
[2022-08-22 20:04:10,734] {processor.py:171} INFO - Processing /opt/anaconda3/envs/airflow_env/lib/python3.9/site-packages/airflow/example_dags/example_subdag_operator.py took 0.045 seconds
[2022-08-22 20:05:17,385] {processor.py:163} INFO - Started process (PID=17087) to work on /opt/anaconda3/envs/airflow_env/lib/python3.9/site-packages/airflow/example_dags/example_subdag_operator.py
[2022-08-22 20:05:17,386] {processor.py:642} INFO - Processing file /opt/anaconda3/envs/airflow_env/lib/python3.9/site-packages/airflow/example_dags/example_subdag_operator.py for tasks to queue
[2022-08-22 20:05:17,386] {logging_mixin.py:109} INFO - [2022-08-22 20:05:17,386] {dagbag.py:500} INFO - Filling up the DagBag from /opt/anaconda3/envs/airflow_env/lib/python3.9/site-packages/airflow/example_dags/example_subdag_operator.py
[2022-08-22 20:05:17,404] {processor.py:654} INFO - DAG(s) dict_keys(['example_subdag_operator.section-1', 'example_subdag_operator.section-2', 'example_subdag_operator']) retrieved from /opt/anaconda3/envs/airflow_env/lib/python3.9/site-packages/airflow/example_dags/example_subdag_operator.py
[2022-08-22 20:05:17,414] {logging_mixin.py:109} INFO - [2022-08-22 20:05:17,414] {dag.py:2396} INFO - Sync 3 DAGs
[2022-08-22 20:05:17,419] {logging_mixin.py:109} INFO - [2022-08-22 20:05:17,419] {dag.py:2935} INFO - Setting next_dagrun for example_subdag_operator to 2022-08-21T00:00:00+00:00
[2022-08-22 20:05:17,419] {logging_mixin.py:109} INFO - [2022-08-22 20:05:17,419] {dag.py:2935} INFO - Setting next_dagrun for example_subdag_operator.section-1 to None
[2022-08-22 20:05:17,419] {logging_mixin.py:109} INFO - [2022-08-22 20:05:17,419] {dag.py:2935} INFO - Setting next_dagrun for example_subdag_operator.section-2 to None
[2022-08-22 20:05:17,421] {logging_mixin.py:109} INFO - [2022-08-22 20:05:17,421] {dag.py:2396} INFO - Sync 2 DAGs
[2022-08-22 20:05:17,424] {logging_mixin.py:109} INFO - [2022-08-22 20:05:17,424] {dag.py:2935} INFO - Setting next_dagrun for example_subdag_operator.section-1 to None
[2022-08-22 20:05:17,424] {logging_mixin.py:109} INFO - [2022-08-22 20:05:17,424] {dag.py:2935} INFO - Setting next_dagrun for example_subdag_operator.section-2 to None
[2022-08-22 20:05:17,427] {processor.py:171} INFO - Processing /opt/anaconda3/envs/airflow_env/lib/python3.9/site-packages/airflow/example_dags/example_subdag_operator.py took 0.042 seconds
[2022-08-22 20:06:21,146] {processor.py:163} INFO - Started process (PID=17124) to work on /opt/anaconda3/envs/airflow_env/lib/python3.9/site-packages/airflow/example_dags/example_subdag_operator.py
[2022-08-22 20:06:21,146] {processor.py:642} INFO - Processing file /opt/anaconda3/envs/airflow_env/lib/python3.9/site-packages/airflow/example_dags/example_subdag_operator.py for tasks to queue
[2022-08-22 20:06:21,146] {logging_mixin.py:109} INFO - [2022-08-22 20:06:21,146] {dagbag.py:500} INFO - Filling up the DagBag from /opt/anaconda3/envs/airflow_env/lib/python3.9/site-packages/airflow/example_dags/example_subdag_operator.py
[2022-08-22 20:06:21,167] {processor.py:654} INFO - DAG(s) dict_keys(['example_subdag_operator.section-1', 'example_subdag_operator.section-2', 'example_subdag_operator']) retrieved from /opt/anaconda3/envs/airflow_env/lib/python3.9/site-packages/airflow/example_dags/example_subdag_operator.py
[2022-08-22 20:06:21,179] {logging_mixin.py:109} INFO - [2022-08-22 20:06:21,179] {dag.py:2396} INFO - Sync 3 DAGs
[2022-08-22 20:06:21,185] {logging_mixin.py:109} INFO - [2022-08-22 20:06:21,185] {dag.py:2935} INFO - Setting next_dagrun for example_subdag_operator to 2022-08-21T00:00:00+00:00
[2022-08-22 20:06:21,185] {logging_mixin.py:109} INFO - [2022-08-22 20:06:21,185] {dag.py:2935} INFO - Setting next_dagrun for example_subdag_operator.section-1 to None
[2022-08-22 20:06:21,185] {logging_mixin.py:109} INFO - [2022-08-22 20:06:21,185] {dag.py:2935} INFO - Setting next_dagrun for example_subdag_operator.section-2 to None
[2022-08-22 20:06:21,187] {logging_mixin.py:109} INFO - [2022-08-22 20:06:21,187] {dag.py:2396} INFO - Sync 2 DAGs
[2022-08-22 20:06:21,190] {logging_mixin.py:109} INFO - [2022-08-22 20:06:21,190] {dag.py:2935} INFO - Setting next_dagrun for example_subdag_operator.section-1 to None
[2022-08-22 20:06:21,190] {logging_mixin.py:109} INFO - [2022-08-22 20:06:21,190] {dag.py:2935} INFO - Setting next_dagrun for example_subdag_operator.section-2 to None
[2022-08-22 20:06:21,194] {processor.py:171} INFO - Processing /opt/anaconda3/envs/airflow_env/lib/python3.9/site-packages/airflow/example_dags/example_subdag_operator.py took 0.048 seconds
[2022-08-22 20:12:34,110] {processor.py:163} INFO - Started process (PID=1423) to work on /opt/anaconda3/envs/airflow_env/lib/python3.9/site-packages/airflow/example_dags/example_subdag_operator.py
[2022-08-22 20:12:34,110] {processor.py:642} INFO - Processing file /opt/anaconda3/envs/airflow_env/lib/python3.9/site-packages/airflow/example_dags/example_subdag_operator.py for tasks to queue
[2022-08-22 20:12:34,110] {logging_mixin.py:109} INFO - [2022-08-22 20:12:34,110] {dagbag.py:500} INFO - Filling up the DagBag from /opt/anaconda3/envs/airflow_env/lib/python3.9/site-packages/airflow/example_dags/example_subdag_operator.py
[2022-08-22 20:12:34,129] {processor.py:654} INFO - DAG(s) dict_keys(['example_subdag_operator.section-1', 'example_subdag_operator.section-2', 'example_subdag_operator']) retrieved from /opt/anaconda3/envs/airflow_env/lib/python3.9/site-packages/airflow/example_dags/example_subdag_operator.py
[2022-08-22 20:12:34,140] {logging_mixin.py:109} INFO - [2022-08-22 20:12:34,140] {dag.py:2396} INFO - Sync 3 DAGs
[2022-08-22 20:12:34,145] {logging_mixin.py:109} INFO - [2022-08-22 20:12:34,145] {dag.py:2935} INFO - Setting next_dagrun for example_subdag_operator to 2022-08-21T00:00:00+00:00
[2022-08-22 20:12:34,146] {logging_mixin.py:109} INFO - [2022-08-22 20:12:34,146] {dag.py:2935} INFO - Setting next_dagrun for example_subdag_operator.section-1 to None
[2022-08-22 20:12:34,146] {logging_mixin.py:109} INFO - [2022-08-22 20:12:34,146] {dag.py:2935} INFO - Setting next_dagrun for example_subdag_operator.section-2 to None
[2022-08-22 20:12:34,148] {logging_mixin.py:109} INFO - [2022-08-22 20:12:34,148] {dag.py:2396} INFO - Sync 2 DAGs
[2022-08-22 20:12:34,151] {logging_mixin.py:109} INFO - [2022-08-22 20:12:34,151] {dag.py:2935} INFO - Setting next_dagrun for example_subdag_operator.section-1 to None
[2022-08-22 20:12:34,151] {logging_mixin.py:109} INFO - [2022-08-22 20:12:34,151] {dag.py:2935} INFO - Setting next_dagrun for example_subdag_operator.section-2 to None
[2022-08-22 20:12:34,154] {processor.py:171} INFO - Processing /opt/anaconda3/envs/airflow_env/lib/python3.9/site-packages/airflow/example_dags/example_subdag_operator.py took 0.044 seconds
[2022-08-22 20:13:35,790] {processor.py:163} INFO - Started process (PID=1477) to work on /opt/anaconda3/envs/airflow_env/lib/python3.9/site-packages/airflow/example_dags/example_subdag_operator.py
[2022-08-22 20:13:35,790] {processor.py:642} INFO - Processing file /opt/anaconda3/envs/airflow_env/lib/python3.9/site-packages/airflow/example_dags/example_subdag_operator.py for tasks to queue
[2022-08-22 20:13:35,790] {logging_mixin.py:109} INFO - [2022-08-22 20:13:35,790] {dagbag.py:500} INFO - Filling up the DagBag from /opt/anaconda3/envs/airflow_env/lib/python3.9/site-packages/airflow/example_dags/example_subdag_operator.py
[2022-08-22 20:13:35,809] {processor.py:654} INFO - DAG(s) dict_keys(['example_subdag_operator.section-1', 'example_subdag_operator.section-2', 'example_subdag_operator']) retrieved from /opt/anaconda3/envs/airflow_env/lib/python3.9/site-packages/airflow/example_dags/example_subdag_operator.py
[2022-08-22 20:13:35,819] {logging_mixin.py:109} INFO - [2022-08-22 20:13:35,819] {dag.py:2396} INFO - Sync 3 DAGs
[2022-08-22 20:13:35,823] {logging_mixin.py:109} INFO - [2022-08-22 20:13:35,823] {dag.py:2935} INFO - Setting next_dagrun for example_subdag_operator to 2022-08-21T00:00:00+00:00
[2022-08-22 20:13:35,823] {logging_mixin.py:109} INFO - [2022-08-22 20:13:35,823] {dag.py:2935} INFO - Setting next_dagrun for example_subdag_operator.section-1 to None
[2022-08-22 20:13:35,823] {logging_mixin.py:109} INFO - [2022-08-22 20:13:35,823] {dag.py:2935} INFO - Setting next_dagrun for example_subdag_operator.section-2 to None
[2022-08-22 20:13:35,825] {logging_mixin.py:109} INFO - [2022-08-22 20:13:35,825] {dag.py:2396} INFO - Sync 2 DAGs
[2022-08-22 20:13:35,828] {logging_mixin.py:109} INFO - [2022-08-22 20:13:35,828] {dag.py:2935} INFO - Setting next_dagrun for example_subdag_operator.section-1 to None
[2022-08-22 20:13:35,828] {logging_mixin.py:109} INFO - [2022-08-22 20:13:35,828] {dag.py:2935} INFO - Setting next_dagrun for example_subdag_operator.section-2 to None
[2022-08-22 20:13:35,831] {processor.py:171} INFO - Processing /opt/anaconda3/envs/airflow_env/lib/python3.9/site-packages/airflow/example_dags/example_subdag_operator.py took 0.041 seconds
[2022-08-22 20:14:39,039] {processor.py:163} INFO - Started process (PID=1571) to work on /opt/anaconda3/envs/airflow_env/lib/python3.9/site-packages/airflow/example_dags/example_subdag_operator.py
[2022-08-22 20:14:39,040] {processor.py:642} INFO - Processing file /opt/anaconda3/envs/airflow_env/lib/python3.9/site-packages/airflow/example_dags/example_subdag_operator.py for tasks to queue
[2022-08-22 20:14:39,040] {logging_mixin.py:109} INFO - [2022-08-22 20:14:39,040] {dagbag.py:500} INFO - Filling up the DagBag from /opt/anaconda3/envs/airflow_env/lib/python3.9/site-packages/airflow/example_dags/example_subdag_operator.py
[2022-08-22 20:14:39,058] {processor.py:654} INFO - DAG(s) dict_keys(['example_subdag_operator.section-1', 'example_subdag_operator.section-2', 'example_subdag_operator']) retrieved from /opt/anaconda3/envs/airflow_env/lib/python3.9/site-packages/airflow/example_dags/example_subdag_operator.py
[2022-08-22 20:14:39,081] {logging_mixin.py:109} INFO - [2022-08-22 20:14:39,081] {dag.py:2396} INFO - Sync 3 DAGs
[2022-08-22 20:14:39,085] {logging_mixin.py:109} INFO - [2022-08-22 20:14:39,085] {dag.py:2935} INFO - Setting next_dagrun for example_subdag_operator to 2022-08-21T00:00:00+00:00
[2022-08-22 20:14:39,085] {logging_mixin.py:109} INFO - [2022-08-22 20:14:39,085] {dag.py:2935} INFO - Setting next_dagrun for example_subdag_operator.section-1 to None
[2022-08-22 20:14:39,085] {logging_mixin.py:109} INFO - [2022-08-22 20:14:39,085] {dag.py:2935} INFO - Setting next_dagrun for example_subdag_operator.section-2 to None
[2022-08-22 20:14:39,087] {logging_mixin.py:109} INFO - [2022-08-22 20:14:39,087] {dag.py:2396} INFO - Sync 2 DAGs
[2022-08-22 20:14:39,089] {logging_mixin.py:109} INFO - [2022-08-22 20:14:39,089] {dag.py:2935} INFO - Setting next_dagrun for example_subdag_operator.section-1 to None
[2022-08-22 20:14:39,090] {logging_mixin.py:109} INFO - [2022-08-22 20:14:39,090] {dag.py:2935} INFO - Setting next_dagrun for example_subdag_operator.section-2 to None
[2022-08-22 20:14:39,092] {processor.py:171} INFO - Processing /opt/anaconda3/envs/airflow_env/lib/python3.9/site-packages/airflow/example_dags/example_subdag_operator.py took 0.053 seconds
[2022-08-22 20:15:40,680] {processor.py:163} INFO - Started process (PID=1846) to work on /opt/anaconda3/envs/airflow_env/lib/python3.9/site-packages/airflow/example_dags/example_subdag_operator.py
[2022-08-22 20:15:40,680] {processor.py:642} INFO - Processing file /opt/anaconda3/envs/airflow_env/lib/python3.9/site-packages/airflow/example_dags/example_subdag_operator.py for tasks to queue
[2022-08-22 20:15:40,680] {logging_mixin.py:109} INFO - [2022-08-22 20:15:40,680] {dagbag.py:500} INFO - Filling up the DagBag from /opt/anaconda3/envs/airflow_env/lib/python3.9/site-packages/airflow/example_dags/example_subdag_operator.py
[2022-08-22 20:15:40,699] {processor.py:654} INFO - DAG(s) dict_keys(['example_subdag_operator.section-1', 'example_subdag_operator.section-2', 'example_subdag_operator']) retrieved from /opt/anaconda3/envs/airflow_env/lib/python3.9/site-packages/airflow/example_dags/example_subdag_operator.py
[2022-08-22 20:15:40,710] {logging_mixin.py:109} INFO - [2022-08-22 20:15:40,710] {dag.py:2396} INFO - Sync 3 DAGs
[2022-08-22 20:15:40,716] {logging_mixin.py:109} INFO - [2022-08-22 20:15:40,716] {dag.py:2935} INFO - Setting next_dagrun for example_subdag_operator to 2022-08-21T00:00:00+00:00
[2022-08-22 20:15:40,716] {logging_mixin.py:109} INFO - [2022-08-22 20:15:40,716] {dag.py:2935} INFO - Setting next_dagrun for example_subdag_operator.section-1 to None
[2022-08-22 20:15:40,716] {logging_mixin.py:109} INFO - [2022-08-22 20:15:40,716] {dag.py:2935} INFO - Setting next_dagrun for example_subdag_operator.section-2 to None
[2022-08-22 20:15:40,718] {logging_mixin.py:109} INFO - [2022-08-22 20:15:40,718] {dag.py:2396} INFO - Sync 2 DAGs
[2022-08-22 20:15:40,721] {logging_mixin.py:109} INFO - [2022-08-22 20:15:40,721] {dag.py:2935} INFO - Setting next_dagrun for example_subdag_operator.section-1 to None
[2022-08-22 20:15:40,721] {logging_mixin.py:109} INFO - [2022-08-22 20:15:40,721] {dag.py:2935} INFO - Setting next_dagrun for example_subdag_operator.section-2 to None
[2022-08-22 20:15:40,724] {processor.py:171} INFO - Processing /opt/anaconda3/envs/airflow_env/lib/python3.9/site-packages/airflow/example_dags/example_subdag_operator.py took 0.045 seconds
[2022-08-22 20:16:44,238] {processor.py:163} INFO - Started process (PID=1927) to work on /opt/anaconda3/envs/airflow_env/lib/python3.9/site-packages/airflow/example_dags/example_subdag_operator.py
[2022-08-22 20:16:44,238] {processor.py:642} INFO - Processing file /opt/anaconda3/envs/airflow_env/lib/python3.9/site-packages/airflow/example_dags/example_subdag_operator.py for tasks to queue
[2022-08-22 20:16:44,238] {logging_mixin.py:109} INFO - [2022-08-22 20:16:44,238] {dagbag.py:500} INFO - Filling up the DagBag from /opt/anaconda3/envs/airflow_env/lib/python3.9/site-packages/airflow/example_dags/example_subdag_operator.py
[2022-08-22 20:16:44,256] {processor.py:654} INFO - DAG(s) dict_keys(['example_subdag_operator.section-1', 'example_subdag_operator.section-2', 'example_subdag_operator']) retrieved from /opt/anaconda3/envs/airflow_env/lib/python3.9/site-packages/airflow/example_dags/example_subdag_operator.py
[2022-08-22 20:16:44,265] {logging_mixin.py:109} INFO - [2022-08-22 20:16:44,265] {dag.py:2396} INFO - Sync 3 DAGs
[2022-08-22 20:16:44,269] {logging_mixin.py:109} INFO - [2022-08-22 20:16:44,269] {dag.py:2935} INFO - Setting next_dagrun for example_subdag_operator to 2022-08-21T00:00:00+00:00
[2022-08-22 20:16:44,269] {logging_mixin.py:109} INFO - [2022-08-22 20:16:44,269] {dag.py:2935} INFO - Setting next_dagrun for example_subdag_operator.section-1 to None
[2022-08-22 20:16:44,269] {logging_mixin.py:109} INFO - [2022-08-22 20:16:44,269] {dag.py:2935} INFO - Setting next_dagrun for example_subdag_operator.section-2 to None
[2022-08-22 20:16:44,271] {logging_mixin.py:109} INFO - [2022-08-22 20:16:44,271] {dag.py:2396} INFO - Sync 2 DAGs
[2022-08-22 20:16:44,273] {logging_mixin.py:109} INFO - [2022-08-22 20:16:44,273] {dag.py:2935} INFO - Setting next_dagrun for example_subdag_operator.section-1 to None
[2022-08-22 20:16:44,273] {logging_mixin.py:109} INFO - [2022-08-22 20:16:44,273] {dag.py:2935} INFO - Setting next_dagrun for example_subdag_operator.section-2 to None
[2022-08-22 20:16:44,276] {processor.py:171} INFO - Processing /opt/anaconda3/envs/airflow_env/lib/python3.9/site-packages/airflow/example_dags/example_subdag_operator.py took 0.038 seconds
[2022-08-22 20:17:42,751] {processor.py:163} INFO - Started process (PID=1966) to work on /opt/anaconda3/envs/airflow_env/lib/python3.9/site-packages/airflow/example_dags/example_subdag_operator.py
[2022-08-22 20:17:42,751] {processor.py:642} INFO - Processing file /opt/anaconda3/envs/airflow_env/lib/python3.9/site-packages/airflow/example_dags/example_subdag_operator.py for tasks to queue
[2022-08-22 20:17:42,752] {logging_mixin.py:109} INFO - [2022-08-22 20:17:42,752] {dagbag.py:500} INFO - Filling up the DagBag from /opt/anaconda3/envs/airflow_env/lib/python3.9/site-packages/airflow/example_dags/example_subdag_operator.py
[2022-08-22 20:17:42,770] {processor.py:654} INFO - DAG(s) dict_keys(['example_subdag_operator.section-1', 'example_subdag_operator.section-2', 'example_subdag_operator']) retrieved from /opt/anaconda3/envs/airflow_env/lib/python3.9/site-packages/airflow/example_dags/example_subdag_operator.py
[2022-08-22 20:17:42,781] {logging_mixin.py:109} INFO - [2022-08-22 20:17:42,781] {dag.py:2396} INFO - Sync 3 DAGs
[2022-08-22 20:17:42,786] {logging_mixin.py:109} INFO - [2022-08-22 20:17:42,786] {dag.py:2935} INFO - Setting next_dagrun for example_subdag_operator to 2022-08-21T00:00:00+00:00
[2022-08-22 20:17:42,786] {logging_mixin.py:109} INFO - [2022-08-22 20:17:42,786] {dag.py:2935} INFO - Setting next_dagrun for example_subdag_operator.section-1 to None
[2022-08-22 20:17:42,786] {logging_mixin.py:109} INFO - [2022-08-22 20:17:42,786] {dag.py:2935} INFO - Setting next_dagrun for example_subdag_operator.section-2 to None
[2022-08-22 20:17:42,787] {logging_mixin.py:109} INFO - [2022-08-22 20:17:42,787] {dag.py:2396} INFO - Sync 2 DAGs
[2022-08-22 20:17:42,790] {logging_mixin.py:109} INFO - [2022-08-22 20:17:42,790] {dag.py:2935} INFO - Setting next_dagrun for example_subdag_operator.section-1 to None
[2022-08-22 20:17:42,790] {logging_mixin.py:109} INFO - [2022-08-22 20:17:42,790] {dag.py:2935} INFO - Setting next_dagrun for example_subdag_operator.section-2 to None
[2022-08-22 20:17:42,794] {processor.py:171} INFO - Processing /opt/anaconda3/envs/airflow_env/lib/python3.9/site-packages/airflow/example_dags/example_subdag_operator.py took 0.043 seconds
[2022-08-22 20:18:42,155] {processor.py:163} INFO - Started process (PID=2026) to work on /opt/anaconda3/envs/airflow_env/lib/python3.9/site-packages/airflow/example_dags/example_subdag_operator.py
[2022-08-22 20:18:42,155] {processor.py:642} INFO - Processing file /opt/anaconda3/envs/airflow_env/lib/python3.9/site-packages/airflow/example_dags/example_subdag_operator.py for tasks to queue
[2022-08-22 20:18:42,155] {logging_mixin.py:109} INFO - [2022-08-22 20:18:42,155] {dagbag.py:500} INFO - Filling up the DagBag from /opt/anaconda3/envs/airflow_env/lib/python3.9/site-packages/airflow/example_dags/example_subdag_operator.py
[2022-08-22 20:18:42,175] {processor.py:654} INFO - DAG(s) dict_keys(['example_subdag_operator.section-1', 'example_subdag_operator.section-2', 'example_subdag_operator']) retrieved from /opt/anaconda3/envs/airflow_env/lib/python3.9/site-packages/airflow/example_dags/example_subdag_operator.py
[2022-08-22 20:18:42,186] {logging_mixin.py:109} INFO - [2022-08-22 20:18:42,186] {dag.py:2396} INFO - Sync 3 DAGs
[2022-08-22 20:18:42,192] {logging_mixin.py:109} INFO - [2022-08-22 20:18:42,192] {dag.py:2935} INFO - Setting next_dagrun for example_subdag_operator to 2022-08-21T00:00:00+00:00
[2022-08-22 20:18:42,192] {logging_mixin.py:109} INFO - [2022-08-22 20:18:42,192] {dag.py:2935} INFO - Setting next_dagrun for example_subdag_operator.section-1 to None
[2022-08-22 20:18:42,192] {logging_mixin.py:109} INFO - [2022-08-22 20:18:42,192] {dag.py:2935} INFO - Setting next_dagrun for example_subdag_operator.section-2 to None
[2022-08-22 20:18:42,194] {logging_mixin.py:109} INFO - [2022-08-22 20:18:42,194] {dag.py:2396} INFO - Sync 2 DAGs
[2022-08-22 20:18:42,197] {logging_mixin.py:109} INFO - [2022-08-22 20:18:42,197] {dag.py:2935} INFO - Setting next_dagrun for example_subdag_operator.section-1 to None
[2022-08-22 20:18:42,197] {logging_mixin.py:109} INFO - [2022-08-22 20:18:42,197] {dag.py:2935} INFO - Setting next_dagrun for example_subdag_operator.section-2 to None
[2022-08-22 20:18:42,200] {processor.py:171} INFO - Processing /opt/anaconda3/envs/airflow_env/lib/python3.9/site-packages/airflow/example_dags/example_subdag_operator.py took 0.046 seconds
[2022-08-22 20:19:43,556] {processor.py:163} INFO - Started process (PID=2100) to work on /opt/anaconda3/envs/airflow_env/lib/python3.9/site-packages/airflow/example_dags/example_subdag_operator.py
[2022-08-22 20:19:43,556] {processor.py:642} INFO - Processing file /opt/anaconda3/envs/airflow_env/lib/python3.9/site-packages/airflow/example_dags/example_subdag_operator.py for tasks to queue
[2022-08-22 20:19:43,556] {logging_mixin.py:109} INFO - [2022-08-22 20:19:43,556] {dagbag.py:500} INFO - Filling up the DagBag from /opt/anaconda3/envs/airflow_env/lib/python3.9/site-packages/airflow/example_dags/example_subdag_operator.py
[2022-08-22 20:19:43,573] {processor.py:654} INFO - DAG(s) dict_keys(['example_subdag_operator.section-1', 'example_subdag_operator.section-2', 'example_subdag_operator']) retrieved from /opt/anaconda3/envs/airflow_env/lib/python3.9/site-packages/airflow/example_dags/example_subdag_operator.py
[2022-08-22 20:19:43,582] {logging_mixin.py:109} INFO - [2022-08-22 20:19:43,582] {dag.py:2396} INFO - Sync 3 DAGs
[2022-08-22 20:19:43,587] {logging_mixin.py:109} INFO - [2022-08-22 20:19:43,587] {dag.py:2935} INFO - Setting next_dagrun for example_subdag_operator to 2022-08-21T00:00:00+00:00
[2022-08-22 20:19:43,587] {logging_mixin.py:109} INFO - [2022-08-22 20:19:43,587] {dag.py:2935} INFO - Setting next_dagrun for example_subdag_operator.section-1 to None
[2022-08-22 20:19:43,587] {logging_mixin.py:109} INFO - [2022-08-22 20:19:43,587] {dag.py:2935} INFO - Setting next_dagrun for example_subdag_operator.section-2 to None
[2022-08-22 20:19:43,588] {logging_mixin.py:109} INFO - [2022-08-22 20:19:43,588] {dag.py:2396} INFO - Sync 2 DAGs
[2022-08-22 20:19:43,591] {logging_mixin.py:109} INFO - [2022-08-22 20:19:43,591] {dag.py:2935} INFO - Setting next_dagrun for example_subdag_operator.section-1 to None
[2022-08-22 20:19:43,591] {logging_mixin.py:109} INFO - [2022-08-22 20:19:43,591] {dag.py:2935} INFO - Setting next_dagrun for example_subdag_operator.section-2 to None
[2022-08-22 20:19:43,594] {processor.py:171} INFO - Processing /opt/anaconda3/envs/airflow_env/lib/python3.9/site-packages/airflow/example_dags/example_subdag_operator.py took 0.038 seconds
[2022-08-22 20:20:46,804] {processor.py:163} INFO - Started process (PID=2261) to work on /opt/anaconda3/envs/airflow_env/lib/python3.9/site-packages/airflow/example_dags/example_subdag_operator.py
[2022-08-22 20:20:46,804] {processor.py:642} INFO - Processing file /opt/anaconda3/envs/airflow_env/lib/python3.9/site-packages/airflow/example_dags/example_subdag_operator.py for tasks to queue
[2022-08-22 20:20:46,804] {logging_mixin.py:109} INFO - [2022-08-22 20:20:46,804] {dagbag.py:500} INFO - Filling up the DagBag from /opt/anaconda3/envs/airflow_env/lib/python3.9/site-packages/airflow/example_dags/example_subdag_operator.py
[2022-08-22 20:20:46,821] {processor.py:654} INFO - DAG(s) dict_keys(['example_subdag_operator.section-1', 'example_subdag_operator.section-2', 'example_subdag_operator']) retrieved from /opt/anaconda3/envs/airflow_env/lib/python3.9/site-packages/airflow/example_dags/example_subdag_operator.py
[2022-08-22 20:20:46,831] {logging_mixin.py:109} INFO - [2022-08-22 20:20:46,831] {dag.py:2396} INFO - Sync 3 DAGs
[2022-08-22 20:20:46,835] {logging_mixin.py:109} INFO - [2022-08-22 20:20:46,835] {dag.py:2935} INFO - Setting next_dagrun for example_subdag_operator to 2022-08-21T00:00:00+00:00
[2022-08-22 20:20:46,835] {logging_mixin.py:109} INFO - [2022-08-22 20:20:46,835] {dag.py:2935} INFO - Setting next_dagrun for example_subdag_operator.section-1 to None
[2022-08-22 20:20:46,835] {logging_mixin.py:109} INFO - [2022-08-22 20:20:46,835] {dag.py:2935} INFO - Setting next_dagrun for example_subdag_operator.section-2 to None
[2022-08-22 20:20:46,837] {logging_mixin.py:109} INFO - [2022-08-22 20:20:46,837] {dag.py:2396} INFO - Sync 2 DAGs
[2022-08-22 20:20:46,839] {logging_mixin.py:109} INFO - [2022-08-22 20:20:46,839] {dag.py:2935} INFO - Setting next_dagrun for example_subdag_operator.section-1 to None
[2022-08-22 20:20:46,839] {logging_mixin.py:109} INFO - [2022-08-22 20:20:46,839] {dag.py:2935} INFO - Setting next_dagrun for example_subdag_operator.section-2 to None
[2022-08-22 20:20:46,842] {processor.py:171} INFO - Processing /opt/anaconda3/envs/airflow_env/lib/python3.9/site-packages/airflow/example_dags/example_subdag_operator.py took 0.039 seconds
[2022-08-22 20:21:48,747] {processor.py:163} INFO - Started process (PID=2313) to work on /opt/anaconda3/envs/airflow_env/lib/python3.9/site-packages/airflow/example_dags/example_subdag_operator.py
[2022-08-22 20:21:48,748] {processor.py:642} INFO - Processing file /opt/anaconda3/envs/airflow_env/lib/python3.9/site-packages/airflow/example_dags/example_subdag_operator.py for tasks to queue
[2022-08-22 20:21:48,748] {logging_mixin.py:109} INFO - [2022-08-22 20:21:48,748] {dagbag.py:500} INFO - Filling up the DagBag from /opt/anaconda3/envs/airflow_env/lib/python3.9/site-packages/airflow/example_dags/example_subdag_operator.py
[2022-08-22 20:21:48,767] {processor.py:654} INFO - DAG(s) dict_keys(['example_subdag_operator.section-1', 'example_subdag_operator.section-2', 'example_subdag_operator']) retrieved from /opt/anaconda3/envs/airflow_env/lib/python3.9/site-packages/airflow/example_dags/example_subdag_operator.py
[2022-08-22 20:21:48,776] {logging_mixin.py:109} INFO - [2022-08-22 20:21:48,776] {dag.py:2396} INFO - Sync 3 DAGs
[2022-08-22 20:21:48,780] {logging_mixin.py:109} INFO - [2022-08-22 20:21:48,780] {dag.py:2935} INFO - Setting next_dagrun for example_subdag_operator to 2022-08-21T00:00:00+00:00
[2022-08-22 20:21:48,780] {logging_mixin.py:109} INFO - [2022-08-22 20:21:48,780] {dag.py:2935} INFO - Setting next_dagrun for example_subdag_operator.section-1 to None
[2022-08-22 20:21:48,780] {logging_mixin.py:109} INFO - [2022-08-22 20:21:48,780] {dag.py:2935} INFO - Setting next_dagrun for example_subdag_operator.section-2 to None
[2022-08-22 20:21:48,782] {logging_mixin.py:109} INFO - [2022-08-22 20:21:48,782] {dag.py:2396} INFO - Sync 2 DAGs
[2022-08-22 20:21:48,785] {logging_mixin.py:109} INFO - [2022-08-22 20:21:48,785] {dag.py:2935} INFO - Setting next_dagrun for example_subdag_operator.section-1 to None
[2022-08-22 20:21:48,785] {logging_mixin.py:109} INFO - [2022-08-22 20:21:48,785] {dag.py:2935} INFO - Setting next_dagrun for example_subdag_operator.section-2 to None
[2022-08-22 20:21:48,787] {processor.py:171} INFO - Processing /opt/anaconda3/envs/airflow_env/lib/python3.9/site-packages/airflow/example_dags/example_subdag_operator.py took 0.040 seconds
[2022-08-22 20:22:43,646] {processor.py:163} INFO - Started process (PID=2367) to work on /opt/anaconda3/envs/airflow_env/lib/python3.9/site-packages/airflow/example_dags/example_subdag_operator.py
[2022-08-22 20:22:43,646] {processor.py:642} INFO - Processing file /opt/anaconda3/envs/airflow_env/lib/python3.9/site-packages/airflow/example_dags/example_subdag_operator.py for tasks to queue
[2022-08-22 20:22:43,646] {logging_mixin.py:109} INFO - [2022-08-22 20:22:43,646] {dagbag.py:500} INFO - Filling up the DagBag from /opt/anaconda3/envs/airflow_env/lib/python3.9/site-packages/airflow/example_dags/example_subdag_operator.py
[2022-08-22 20:22:43,663] {processor.py:654} INFO - DAG(s) dict_keys(['example_subdag_operator.section-1', 'example_subdag_operator.section-2', 'example_subdag_operator']) retrieved from /opt/anaconda3/envs/airflow_env/lib/python3.9/site-packages/airflow/example_dags/example_subdag_operator.py
[2022-08-22 20:22:43,673] {logging_mixin.py:109} INFO - [2022-08-22 20:22:43,673] {dag.py:2396} INFO - Sync 3 DAGs
[2022-08-22 20:22:43,677] {logging_mixin.py:109} INFO - [2022-08-22 20:22:43,677] {dag.py:2935} INFO - Setting next_dagrun for example_subdag_operator to 2022-08-21T00:00:00+00:00
[2022-08-22 20:22:43,677] {logging_mixin.py:109} INFO - [2022-08-22 20:22:43,677] {dag.py:2935} INFO - Setting next_dagrun for example_subdag_operator.section-1 to None
[2022-08-22 20:22:43,677] {logging_mixin.py:109} INFO - [2022-08-22 20:22:43,677] {dag.py:2935} INFO - Setting next_dagrun for example_subdag_operator.section-2 to None
[2022-08-22 20:22:43,679] {logging_mixin.py:109} INFO - [2022-08-22 20:22:43,679] {dag.py:2396} INFO - Sync 2 DAGs
[2022-08-22 20:22:43,681] {logging_mixin.py:109} INFO - [2022-08-22 20:22:43,681] {dag.py:2935} INFO - Setting next_dagrun for example_subdag_operator.section-1 to None
[2022-08-22 20:22:43,681] {logging_mixin.py:109} INFO - [2022-08-22 20:22:43,681] {dag.py:2935} INFO - Setting next_dagrun for example_subdag_operator.section-2 to None
[2022-08-22 20:22:43,684] {processor.py:171} INFO - Processing /opt/anaconda3/envs/airflow_env/lib/python3.9/site-packages/airflow/example_dags/example_subdag_operator.py took 0.039 seconds
[2022-08-22 20:23:44,967] {processor.py:163} INFO - Started process (PID=2408) to work on /opt/anaconda3/envs/airflow_env/lib/python3.9/site-packages/airflow/example_dags/example_subdag_operator.py
[2022-08-22 20:23:44,968] {processor.py:642} INFO - Processing file /opt/anaconda3/envs/airflow_env/lib/python3.9/site-packages/airflow/example_dags/example_subdag_operator.py for tasks to queue
[2022-08-22 20:23:44,968] {logging_mixin.py:109} INFO - [2022-08-22 20:23:44,968] {dagbag.py:500} INFO - Filling up the DagBag from /opt/anaconda3/envs/airflow_env/lib/python3.9/site-packages/airflow/example_dags/example_subdag_operator.py
[2022-08-22 20:23:44,986] {processor.py:654} INFO - DAG(s) dict_keys(['example_subdag_operator.section-1', 'example_subdag_operator.section-2', 'example_subdag_operator']) retrieved from /opt/anaconda3/envs/airflow_env/lib/python3.9/site-packages/airflow/example_dags/example_subdag_operator.py
[2022-08-22 20:23:44,996] {logging_mixin.py:109} INFO - [2022-08-22 20:23:44,995] {dag.py:2396} INFO - Sync 3 DAGs
[2022-08-22 20:23:45,000] {logging_mixin.py:109} INFO - [2022-08-22 20:23:45,000] {dag.py:2935} INFO - Setting next_dagrun for example_subdag_operator to 2022-08-21T00:00:00+00:00
[2022-08-22 20:23:45,000] {logging_mixin.py:109} INFO - [2022-08-22 20:23:45,000] {dag.py:2935} INFO - Setting next_dagrun for example_subdag_operator.section-1 to None
[2022-08-22 20:23:45,000] {logging_mixin.py:109} INFO - [2022-08-22 20:23:45,000] {dag.py:2935} INFO - Setting next_dagrun for example_subdag_operator.section-2 to None
[2022-08-22 20:23:45,002] {logging_mixin.py:109} INFO - [2022-08-22 20:23:45,002] {dag.py:2396} INFO - Sync 2 DAGs
[2022-08-22 20:23:45,004] {logging_mixin.py:109} INFO - [2022-08-22 20:23:45,004] {dag.py:2935} INFO - Setting next_dagrun for example_subdag_operator.section-1 to None
[2022-08-22 20:23:45,004] {logging_mixin.py:109} INFO - [2022-08-22 20:23:45,004] {dag.py:2935} INFO - Setting next_dagrun for example_subdag_operator.section-2 to None
[2022-08-22 20:23:45,007] {processor.py:171} INFO - Processing /opt/anaconda3/envs/airflow_env/lib/python3.9/site-packages/airflow/example_dags/example_subdag_operator.py took 0.040 seconds
[2022-08-22 20:24:46,413] {processor.py:163} INFO - Started process (PID=2451) to work on /opt/anaconda3/envs/airflow_env/lib/python3.9/site-packages/airflow/example_dags/example_subdag_operator.py
[2022-08-22 20:24:46,414] {processor.py:642} INFO - Processing file /opt/anaconda3/envs/airflow_env/lib/python3.9/site-packages/airflow/example_dags/example_subdag_operator.py for tasks to queue
[2022-08-22 20:24:46,414] {logging_mixin.py:109} INFO - [2022-08-22 20:24:46,414] {dagbag.py:500} INFO - Filling up the DagBag from /opt/anaconda3/envs/airflow_env/lib/python3.9/site-packages/airflow/example_dags/example_subdag_operator.py
[2022-08-22 20:24:46,433] {processor.py:654} INFO - DAG(s) dict_keys(['example_subdag_operator.section-1', 'example_subdag_operator.section-2', 'example_subdag_operator']) retrieved from /opt/anaconda3/envs/airflow_env/lib/python3.9/site-packages/airflow/example_dags/example_subdag_operator.py
[2022-08-22 20:24:46,442] {logging_mixin.py:109} INFO - [2022-08-22 20:24:46,442] {dag.py:2396} INFO - Sync 3 DAGs
[2022-08-22 20:24:46,447] {logging_mixin.py:109} INFO - [2022-08-22 20:24:46,447] {dag.py:2935} INFO - Setting next_dagrun for example_subdag_operator to 2022-08-21T00:00:00+00:00
[2022-08-22 20:24:46,447] {logging_mixin.py:109} INFO - [2022-08-22 20:24:46,447] {dag.py:2935} INFO - Setting next_dagrun for example_subdag_operator.section-1 to None
[2022-08-22 20:24:46,447] {logging_mixin.py:109} INFO - [2022-08-22 20:24:46,447] {dag.py:2935} INFO - Setting next_dagrun for example_subdag_operator.section-2 to None
[2022-08-22 20:24:46,448] {logging_mixin.py:109} INFO - [2022-08-22 20:24:46,448] {dag.py:2396} INFO - Sync 2 DAGs
[2022-08-22 20:24:46,451] {logging_mixin.py:109} INFO - [2022-08-22 20:24:46,451] {dag.py:2935} INFO - Setting next_dagrun for example_subdag_operator.section-1 to None
[2022-08-22 20:24:46,451] {logging_mixin.py:109} INFO - [2022-08-22 20:24:46,451] {dag.py:2935} INFO - Setting next_dagrun for example_subdag_operator.section-2 to None
[2022-08-22 20:24:46,454] {processor.py:171} INFO - Processing /opt/anaconda3/envs/airflow_env/lib/python3.9/site-packages/airflow/example_dags/example_subdag_operator.py took 0.040 seconds
[2022-08-22 20:25:48,228] {processor.py:163} INFO - Started process (PID=2562) to work on /opt/anaconda3/envs/airflow_env/lib/python3.9/site-packages/airflow/example_dags/example_subdag_operator.py
[2022-08-22 20:25:48,230] {processor.py:642} INFO - Processing file /opt/anaconda3/envs/airflow_env/lib/python3.9/site-packages/airflow/example_dags/example_subdag_operator.py for tasks to queue
[2022-08-22 20:25:48,230] {logging_mixin.py:109} INFO - [2022-08-22 20:25:48,230] {dagbag.py:500} INFO - Filling up the DagBag from /opt/anaconda3/envs/airflow_env/lib/python3.9/site-packages/airflow/example_dags/example_subdag_operator.py
[2022-08-22 20:25:48,251] {processor.py:654} INFO - DAG(s) dict_keys(['example_subdag_operator.section-1', 'example_subdag_operator.section-2', 'example_subdag_operator']) retrieved from /opt/anaconda3/envs/airflow_env/lib/python3.9/site-packages/airflow/example_dags/example_subdag_operator.py
[2022-08-22 20:25:48,262] {logging_mixin.py:109} INFO - [2022-08-22 20:25:48,262] {dag.py:2396} INFO - Sync 3 DAGs
[2022-08-22 20:25:48,267] {logging_mixin.py:109} INFO - [2022-08-22 20:25:48,267] {dag.py:2935} INFO - Setting next_dagrun for example_subdag_operator to 2022-08-21T00:00:00+00:00
[2022-08-22 20:25:48,267] {logging_mixin.py:109} INFO - [2022-08-22 20:25:48,267] {dag.py:2935} INFO - Setting next_dagrun for example_subdag_operator.section-1 to None
[2022-08-22 20:25:48,267] {logging_mixin.py:109} INFO - [2022-08-22 20:25:48,267] {dag.py:2935} INFO - Setting next_dagrun for example_subdag_operator.section-2 to None
[2022-08-22 20:25:48,269] {logging_mixin.py:109} INFO - [2022-08-22 20:25:48,269] {dag.py:2396} INFO - Sync 2 DAGs
[2022-08-22 20:25:48,271] {logging_mixin.py:109} INFO - [2022-08-22 20:25:48,271] {dag.py:2935} INFO - Setting next_dagrun for example_subdag_operator.section-1 to None
[2022-08-22 20:25:48,271] {logging_mixin.py:109} INFO - [2022-08-22 20:25:48,271] {dag.py:2935} INFO - Setting next_dagrun for example_subdag_operator.section-2 to None
[2022-08-22 20:25:48,274] {processor.py:171} INFO - Processing /opt/anaconda3/envs/airflow_env/lib/python3.9/site-packages/airflow/example_dags/example_subdag_operator.py took 0.047 seconds
[2022-08-22 20:26:49,793] {processor.py:163} INFO - Started process (PID=2604) to work on /opt/anaconda3/envs/airflow_env/lib/python3.9/site-packages/airflow/example_dags/example_subdag_operator.py
[2022-08-22 20:26:49,793] {processor.py:642} INFO - Processing file /opt/anaconda3/envs/airflow_env/lib/python3.9/site-packages/airflow/example_dags/example_subdag_operator.py for tasks to queue
[2022-08-22 20:26:49,793] {logging_mixin.py:109} INFO - [2022-08-22 20:26:49,793] {dagbag.py:500} INFO - Filling up the DagBag from /opt/anaconda3/envs/airflow_env/lib/python3.9/site-packages/airflow/example_dags/example_subdag_operator.py
[2022-08-22 20:26:49,810] {processor.py:654} INFO - DAG(s) dict_keys(['example_subdag_operator.section-1', 'example_subdag_operator.section-2', 'example_subdag_operator']) retrieved from /opt/anaconda3/envs/airflow_env/lib/python3.9/site-packages/airflow/example_dags/example_subdag_operator.py
[2022-08-22 20:26:49,819] {logging_mixin.py:109} INFO - [2022-08-22 20:26:49,819] {dag.py:2396} INFO - Sync 3 DAGs
[2022-08-22 20:26:49,824] {logging_mixin.py:109} INFO - [2022-08-22 20:26:49,824] {dag.py:2935} INFO - Setting next_dagrun for example_subdag_operator to 2022-08-21T00:00:00+00:00
[2022-08-22 20:26:49,824] {logging_mixin.py:109} INFO - [2022-08-22 20:26:49,824] {dag.py:2935} INFO - Setting next_dagrun for example_subdag_operator.section-1 to None
[2022-08-22 20:26:49,824] {logging_mixin.py:109} INFO - [2022-08-22 20:26:49,824] {dag.py:2935} INFO - Setting next_dagrun for example_subdag_operator.section-2 to None
[2022-08-22 20:26:49,825] {logging_mixin.py:109} INFO - [2022-08-22 20:26:49,825] {dag.py:2396} INFO - Sync 2 DAGs
[2022-08-22 20:26:49,828] {logging_mixin.py:109} INFO - [2022-08-22 20:26:49,828] {dag.py:2935} INFO - Setting next_dagrun for example_subdag_operator.section-1 to None
[2022-08-22 20:26:49,828] {logging_mixin.py:109} INFO - [2022-08-22 20:26:49,828] {dag.py:2935} INFO - Setting next_dagrun for example_subdag_operator.section-2 to None
[2022-08-22 20:26:49,831] {processor.py:171} INFO - Processing /opt/anaconda3/envs/airflow_env/lib/python3.9/site-packages/airflow/example_dags/example_subdag_operator.py took 0.038 seconds
[2022-08-22 20:29:03,547] {processor.py:163} INFO - Started process (PID=2733) to work on /opt/anaconda3/envs/airflow_env/lib/python3.9/site-packages/airflow/example_dags/example_subdag_operator.py
[2022-08-22 20:29:03,549] {processor.py:642} INFO - Processing file /opt/anaconda3/envs/airflow_env/lib/python3.9/site-packages/airflow/example_dags/example_subdag_operator.py for tasks to queue
[2022-08-22 20:29:03,549] {logging_mixin.py:109} INFO - [2022-08-22 20:29:03,549] {dagbag.py:500} INFO - Filling up the DagBag from /opt/anaconda3/envs/airflow_env/lib/python3.9/site-packages/airflow/example_dags/example_subdag_operator.py
[2022-08-22 20:29:03,566] {processor.py:654} INFO - DAG(s) dict_keys(['example_subdag_operator.section-1', 'example_subdag_operator.section-2', 'example_subdag_operator']) retrieved from /opt/anaconda3/envs/airflow_env/lib/python3.9/site-packages/airflow/example_dags/example_subdag_operator.py
[2022-08-22 20:29:03,575] {logging_mixin.py:109} INFO - [2022-08-22 20:29:03,575] {dag.py:2396} INFO - Sync 3 DAGs
[2022-08-22 20:29:03,579] {logging_mixin.py:109} INFO - [2022-08-22 20:29:03,579] {dag.py:2935} INFO - Setting next_dagrun for example_subdag_operator to 2022-08-21T00:00:00+00:00
[2022-08-22 20:29:03,580] {logging_mixin.py:109} INFO - [2022-08-22 20:29:03,580] {dag.py:2935} INFO - Setting next_dagrun for example_subdag_operator.section-1 to None
[2022-08-22 20:29:03,580] {logging_mixin.py:109} INFO - [2022-08-22 20:29:03,580] {dag.py:2935} INFO - Setting next_dagrun for example_subdag_operator.section-2 to None
[2022-08-22 20:29:03,581] {logging_mixin.py:109} INFO - [2022-08-22 20:29:03,581] {dag.py:2396} INFO - Sync 2 DAGs
[2022-08-22 20:29:03,584] {logging_mixin.py:109} INFO - [2022-08-22 20:29:03,584] {dag.py:2935} INFO - Setting next_dagrun for example_subdag_operator.section-1 to None
[2022-08-22 20:29:03,584] {logging_mixin.py:109} INFO - [2022-08-22 20:29:03,584] {dag.py:2935} INFO - Setting next_dagrun for example_subdag_operator.section-2 to None
[2022-08-22 20:29:03,586] {processor.py:171} INFO - Processing /opt/anaconda3/envs/airflow_env/lib/python3.9/site-packages/airflow/example_dags/example_subdag_operator.py took 0.039 seconds
[2022-08-22 20:30:04,968] {processor.py:163} INFO - Started process (PID=2778) to work on /opt/anaconda3/envs/airflow_env/lib/python3.9/site-packages/airflow/example_dags/example_subdag_operator.py
[2022-08-22 20:30:04,968] {processor.py:642} INFO - Processing file /opt/anaconda3/envs/airflow_env/lib/python3.9/site-packages/airflow/example_dags/example_subdag_operator.py for tasks to queue
[2022-08-22 20:30:04,968] {logging_mixin.py:109} INFO - [2022-08-22 20:30:04,968] {dagbag.py:500} INFO - Filling up the DagBag from /opt/anaconda3/envs/airflow_env/lib/python3.9/site-packages/airflow/example_dags/example_subdag_operator.py
[2022-08-22 20:30:04,987] {processor.py:654} INFO - DAG(s) dict_keys(['example_subdag_operator.section-1', 'example_subdag_operator.section-2', 'example_subdag_operator']) retrieved from /opt/anaconda3/envs/airflow_env/lib/python3.9/site-packages/airflow/example_dags/example_subdag_operator.py
[2022-08-22 20:30:04,999] {logging_mixin.py:109} INFO - [2022-08-22 20:30:04,999] {dag.py:2396} INFO - Sync 3 DAGs
[2022-08-22 20:30:05,005] {logging_mixin.py:109} INFO - [2022-08-22 20:30:05,005] {dag.py:2935} INFO - Setting next_dagrun for example_subdag_operator to 2022-08-21T00:00:00+00:00
[2022-08-22 20:30:05,005] {logging_mixin.py:109} INFO - [2022-08-22 20:30:05,005] {dag.py:2935} INFO - Setting next_dagrun for example_subdag_operator.section-1 to None
[2022-08-22 20:30:05,005] {logging_mixin.py:109} INFO - [2022-08-22 20:30:05,005] {dag.py:2935} INFO - Setting next_dagrun for example_subdag_operator.section-2 to None
[2022-08-22 20:30:05,007] {logging_mixin.py:109} INFO - [2022-08-22 20:30:05,007] {dag.py:2396} INFO - Sync 2 DAGs
[2022-08-22 20:30:05,011] {logging_mixin.py:109} INFO - [2022-08-22 20:30:05,011] {dag.py:2935} INFO - Setting next_dagrun for example_subdag_operator.section-1 to None
[2022-08-22 20:30:05,011] {logging_mixin.py:109} INFO - [2022-08-22 20:30:05,011] {dag.py:2935} INFO - Setting next_dagrun for example_subdag_operator.section-2 to None
[2022-08-22 20:30:05,014] {processor.py:171} INFO - Processing /opt/anaconda3/envs/airflow_env/lib/python3.9/site-packages/airflow/example_dags/example_subdag_operator.py took 0.047 seconds
