[2022-08-22 19:59:17,126] {processor.py:163} INFO - Started process (PID=16789) to work on /opt/anaconda3/envs/airflow_env/lib/python3.9/site-packages/airflow/example_dags/example_branch_day_of_week_operator.py
[2022-08-22 19:59:17,126] {processor.py:642} INFO - Processing file /opt/anaconda3/envs/airflow_env/lib/python3.9/site-packages/airflow/example_dags/example_branch_day_of_week_operator.py for tasks to queue
[2022-08-22 19:59:17,126] {logging_mixin.py:109} INFO - [2022-08-22 19:59:17,126] {dagbag.py:500} INFO - Filling up the DagBag from /opt/anaconda3/envs/airflow_env/lib/python3.9/site-packages/airflow/example_dags/example_branch_day_of_week_operator.py
[2022-08-22 19:59:17,146] {processor.py:654} INFO - DAG(s) dict_keys(['example_weekday_branch_operator']) retrieved from /opt/anaconda3/envs/airflow_env/lib/python3.9/site-packages/airflow/example_dags/example_branch_day_of_week_operator.py
[2022-08-22 19:59:17,157] {logging_mixin.py:109} INFO - [2022-08-22 19:59:17,157] {dag.py:2396} INFO - Sync 1 DAGs
[2022-08-22 19:59:17,163] {logging_mixin.py:109} INFO - [2022-08-22 19:59:17,163] {dag.py:2935} INFO - Setting next_dagrun for example_weekday_branch_operator to 2022-08-22 00:00:00+00:00
[2022-08-22 19:59:17,167] {processor.py:171} INFO - Processing /opt/anaconda3/envs/airflow_env/lib/python3.9/site-packages/airflow/example_dags/example_branch_day_of_week_operator.py took 0.041 seconds
[2022-08-22 20:00:23,995] {processor.py:163} INFO - Started process (PID=16844) to work on /opt/anaconda3/envs/airflow_env/lib/python3.9/site-packages/airflow/example_dags/example_branch_day_of_week_operator.py
[2022-08-22 20:00:23,996] {processor.py:642} INFO - Processing file /opt/anaconda3/envs/airflow_env/lib/python3.9/site-packages/airflow/example_dags/example_branch_day_of_week_operator.py for tasks to queue
[2022-08-22 20:00:23,997] {logging_mixin.py:109} INFO - [2022-08-22 20:00:23,996] {dagbag.py:500} INFO - Filling up the DagBag from /opt/anaconda3/envs/airflow_env/lib/python3.9/site-packages/airflow/example_dags/example_branch_day_of_week_operator.py
[2022-08-22 20:00:24,013] {processor.py:654} INFO - DAG(s) dict_keys(['example_weekday_branch_operator']) retrieved from /opt/anaconda3/envs/airflow_env/lib/python3.9/site-packages/airflow/example_dags/example_branch_day_of_week_operator.py
[2022-08-22 20:00:24,023] {logging_mixin.py:109} INFO - [2022-08-22 20:00:24,023] {dag.py:2396} INFO - Sync 1 DAGs
[2022-08-22 20:00:24,029] {logging_mixin.py:109} INFO - [2022-08-22 20:00:24,029] {dag.py:2935} INFO - Setting next_dagrun for example_weekday_branch_operator to 2022-08-22 00:00:00+00:00
[2022-08-22 20:00:24,033] {processor.py:171} INFO - Processing /opt/anaconda3/envs/airflow_env/lib/python3.9/site-packages/airflow/example_dags/example_branch_day_of_week_operator.py took 0.039 seconds
[2022-08-22 20:01:30,711] {processor.py:163} INFO - Started process (PID=16889) to work on /opt/anaconda3/envs/airflow_env/lib/python3.9/site-packages/airflow/example_dags/example_branch_day_of_week_operator.py
[2022-08-22 20:01:30,712] {processor.py:642} INFO - Processing file /opt/anaconda3/envs/airflow_env/lib/python3.9/site-packages/airflow/example_dags/example_branch_day_of_week_operator.py for tasks to queue
[2022-08-22 20:01:30,712] {logging_mixin.py:109} INFO - [2022-08-22 20:01:30,712] {dagbag.py:500} INFO - Filling up the DagBag from /opt/anaconda3/envs/airflow_env/lib/python3.9/site-packages/airflow/example_dags/example_branch_day_of_week_operator.py
[2022-08-22 20:01:30,731] {processor.py:654} INFO - DAG(s) dict_keys(['example_weekday_branch_operator']) retrieved from /opt/anaconda3/envs/airflow_env/lib/python3.9/site-packages/airflow/example_dags/example_branch_day_of_week_operator.py
[2022-08-22 20:01:30,741] {logging_mixin.py:109} INFO - [2022-08-22 20:01:30,740] {dag.py:2396} INFO - Sync 1 DAGs
[2022-08-22 20:01:30,746] {logging_mixin.py:109} INFO - [2022-08-22 20:01:30,746] {dag.py:2935} INFO - Setting next_dagrun for example_weekday_branch_operator to 2022-08-22 00:00:00+00:00
[2022-08-22 20:01:30,750] {processor.py:171} INFO - Processing /opt/anaconda3/envs/airflow_env/lib/python3.9/site-packages/airflow/example_dags/example_branch_day_of_week_operator.py took 0.040 seconds
[2022-08-22 20:02:37,456] {processor.py:163} INFO - Started process (PID=16931) to work on /opt/anaconda3/envs/airflow_env/lib/python3.9/site-packages/airflow/example_dags/example_branch_day_of_week_operator.py
[2022-08-22 20:02:37,457] {processor.py:642} INFO - Processing file /opt/anaconda3/envs/airflow_env/lib/python3.9/site-packages/airflow/example_dags/example_branch_day_of_week_operator.py for tasks to queue
[2022-08-22 20:02:37,457] {logging_mixin.py:109} INFO - [2022-08-22 20:02:37,457] {dagbag.py:500} INFO - Filling up the DagBag from /opt/anaconda3/envs/airflow_env/lib/python3.9/site-packages/airflow/example_dags/example_branch_day_of_week_operator.py
[2022-08-22 20:02:37,475] {processor.py:654} INFO - DAG(s) dict_keys(['example_weekday_branch_operator']) retrieved from /opt/anaconda3/envs/airflow_env/lib/python3.9/site-packages/airflow/example_dags/example_branch_day_of_week_operator.py
[2022-08-22 20:02:37,485] {logging_mixin.py:109} INFO - [2022-08-22 20:02:37,485] {dag.py:2396} INFO - Sync 1 DAGs
[2022-08-22 20:02:37,490] {logging_mixin.py:109} INFO - [2022-08-22 20:02:37,490] {dag.py:2935} INFO - Setting next_dagrun for example_weekday_branch_operator to 2022-08-22 00:00:00+00:00
[2022-08-22 20:02:37,494] {processor.py:171} INFO - Processing /opt/anaconda3/envs/airflow_env/lib/python3.9/site-packages/airflow/example_dags/example_branch_day_of_week_operator.py took 0.039 seconds
[2022-08-22 20:03:41,386] {processor.py:163} INFO - Started process (PID=16980) to work on /opt/anaconda3/envs/airflow_env/lib/python3.9/site-packages/airflow/example_dags/example_branch_day_of_week_operator.py
[2022-08-22 20:03:41,386] {processor.py:642} INFO - Processing file /opt/anaconda3/envs/airflow_env/lib/python3.9/site-packages/airflow/example_dags/example_branch_day_of_week_operator.py for tasks to queue
[2022-08-22 20:03:41,387] {logging_mixin.py:109} INFO - [2022-08-22 20:03:41,386] {dagbag.py:500} INFO - Filling up the DagBag from /opt/anaconda3/envs/airflow_env/lib/python3.9/site-packages/airflow/example_dags/example_branch_day_of_week_operator.py
[2022-08-22 20:03:41,404] {processor.py:654} INFO - DAG(s) dict_keys(['example_weekday_branch_operator']) retrieved from /opt/anaconda3/envs/airflow_env/lib/python3.9/site-packages/airflow/example_dags/example_branch_day_of_week_operator.py
[2022-08-22 20:03:41,414] {logging_mixin.py:109} INFO - [2022-08-22 20:03:41,414] {dag.py:2396} INFO - Sync 1 DAGs
[2022-08-22 20:03:41,420] {logging_mixin.py:109} INFO - [2022-08-22 20:03:41,420] {dag.py:2935} INFO - Setting next_dagrun for example_weekday_branch_operator to 2022-08-22 00:00:00+00:00
[2022-08-22 20:03:41,425] {processor.py:171} INFO - Processing /opt/anaconda3/envs/airflow_env/lib/python3.9/site-packages/airflow/example_dags/example_branch_day_of_week_operator.py took 0.039 seconds
[2022-08-22 20:04:46,034] {processor.py:163} INFO - Started process (PID=17064) to work on /opt/anaconda3/envs/airflow_env/lib/python3.9/site-packages/airflow/example_dags/example_branch_day_of_week_operator.py
[2022-08-22 20:04:46,035] {processor.py:642} INFO - Processing file /opt/anaconda3/envs/airflow_env/lib/python3.9/site-packages/airflow/example_dags/example_branch_day_of_week_operator.py for tasks to queue
[2022-08-22 20:04:46,035] {logging_mixin.py:109} INFO - [2022-08-22 20:04:46,035] {dagbag.py:500} INFO - Filling up the DagBag from /opt/anaconda3/envs/airflow_env/lib/python3.9/site-packages/airflow/example_dags/example_branch_day_of_week_operator.py
[2022-08-22 20:04:46,051] {processor.py:654} INFO - DAG(s) dict_keys(['example_weekday_branch_operator']) retrieved from /opt/anaconda3/envs/airflow_env/lib/python3.9/site-packages/airflow/example_dags/example_branch_day_of_week_operator.py
[2022-08-22 20:04:46,061] {logging_mixin.py:109} INFO - [2022-08-22 20:04:46,061] {dag.py:2396} INFO - Sync 1 DAGs
[2022-08-22 20:04:46,067] {logging_mixin.py:109} INFO - [2022-08-22 20:04:46,067] {dag.py:2935} INFO - Setting next_dagrun for example_weekday_branch_operator to 2022-08-22 00:00:00+00:00
[2022-08-22 20:04:46,071] {processor.py:171} INFO - Processing /opt/anaconda3/envs/airflow_env/lib/python3.9/site-packages/airflow/example_dags/example_branch_day_of_week_operator.py took 0.037 seconds
[2022-08-22 20:05:52,011] {processor.py:163} INFO - Started process (PID=17108) to work on /opt/anaconda3/envs/airflow_env/lib/python3.9/site-packages/airflow/example_dags/example_branch_day_of_week_operator.py
[2022-08-22 20:05:52,011] {processor.py:642} INFO - Processing file /opt/anaconda3/envs/airflow_env/lib/python3.9/site-packages/airflow/example_dags/example_branch_day_of_week_operator.py for tasks to queue
[2022-08-22 20:05:52,011] {logging_mixin.py:109} INFO - [2022-08-22 20:05:52,011] {dagbag.py:500} INFO - Filling up the DagBag from /opt/anaconda3/envs/airflow_env/lib/python3.9/site-packages/airflow/example_dags/example_branch_day_of_week_operator.py
[2022-08-22 20:05:52,028] {processor.py:654} INFO - DAG(s) dict_keys(['example_weekday_branch_operator']) retrieved from /opt/anaconda3/envs/airflow_env/lib/python3.9/site-packages/airflow/example_dags/example_branch_day_of_week_operator.py
[2022-08-22 20:05:52,038] {logging_mixin.py:109} INFO - [2022-08-22 20:05:52,038] {dag.py:2396} INFO - Sync 1 DAGs
[2022-08-22 20:05:52,044] {logging_mixin.py:109} INFO - [2022-08-22 20:05:52,044] {dag.py:2935} INFO - Setting next_dagrun for example_weekday_branch_operator to 2022-08-22 00:00:00+00:00
[2022-08-22 20:05:52,048] {processor.py:171} INFO - Processing /opt/anaconda3/envs/airflow_env/lib/python3.9/site-packages/airflow/example_dags/example_branch_day_of_week_operator.py took 0.038 seconds
[2022-08-22 20:13:04,907] {processor.py:163} INFO - Started process (PID=1455) to work on /opt/anaconda3/envs/airflow_env/lib/python3.9/site-packages/airflow/example_dags/example_branch_day_of_week_operator.py
[2022-08-22 20:13:04,907] {processor.py:642} INFO - Processing file /opt/anaconda3/envs/airflow_env/lib/python3.9/site-packages/airflow/example_dags/example_branch_day_of_week_operator.py for tasks to queue
[2022-08-22 20:13:04,907] {logging_mixin.py:109} INFO - [2022-08-22 20:13:04,907] {dagbag.py:500} INFO - Filling up the DagBag from /opt/anaconda3/envs/airflow_env/lib/python3.9/site-packages/airflow/example_dags/example_branch_day_of_week_operator.py
[2022-08-22 20:13:04,923] {processor.py:654} INFO - DAG(s) dict_keys(['example_weekday_branch_operator']) retrieved from /opt/anaconda3/envs/airflow_env/lib/python3.9/site-packages/airflow/example_dags/example_branch_day_of_week_operator.py
[2022-08-22 20:13:04,932] {logging_mixin.py:109} INFO - [2022-08-22 20:13:04,932] {dag.py:2396} INFO - Sync 1 DAGs
[2022-08-22 20:13:04,937] {logging_mixin.py:109} INFO - [2022-08-22 20:13:04,937] {dag.py:2935} INFO - Setting next_dagrun for example_weekday_branch_operator to 2022-08-22 00:00:00+00:00
[2022-08-22 20:13:04,940] {processor.py:171} INFO - Processing /opt/anaconda3/envs/airflow_env/lib/python3.9/site-packages/airflow/example_dags/example_branch_day_of_week_operator.py took 0.034 seconds
[2022-08-22 20:14:08,250] {processor.py:163} INFO - Started process (PID=1512) to work on /opt/anaconda3/envs/airflow_env/lib/python3.9/site-packages/airflow/example_dags/example_branch_day_of_week_operator.py
[2022-08-22 20:14:08,250] {processor.py:642} INFO - Processing file /opt/anaconda3/envs/airflow_env/lib/python3.9/site-packages/airflow/example_dags/example_branch_day_of_week_operator.py for tasks to queue
[2022-08-22 20:14:08,251] {logging_mixin.py:109} INFO - [2022-08-22 20:14:08,251] {dagbag.py:500} INFO - Filling up the DagBag from /opt/anaconda3/envs/airflow_env/lib/python3.9/site-packages/airflow/example_dags/example_branch_day_of_week_operator.py
[2022-08-22 20:14:08,266] {processor.py:654} INFO - DAG(s) dict_keys(['example_weekday_branch_operator']) retrieved from /opt/anaconda3/envs/airflow_env/lib/python3.9/site-packages/airflow/example_dags/example_branch_day_of_week_operator.py
[2022-08-22 20:14:08,275] {logging_mixin.py:109} INFO - [2022-08-22 20:14:08,275] {dag.py:2396} INFO - Sync 1 DAGs
[2022-08-22 20:14:08,279] {logging_mixin.py:109} INFO - [2022-08-22 20:14:08,279] {dag.py:2935} INFO - Setting next_dagrun for example_weekday_branch_operator to 2022-08-22 00:00:00+00:00
[2022-08-22 20:14:08,283] {processor.py:171} INFO - Processing /opt/anaconda3/envs/airflow_env/lib/python3.9/site-packages/airflow/example_dags/example_branch_day_of_week_operator.py took 0.033 seconds
[2022-08-22 20:15:09,686] {processor.py:163} INFO - Started process (PID=1669) to work on /opt/anaconda3/envs/airflow_env/lib/python3.9/site-packages/airflow/example_dags/example_branch_day_of_week_operator.py
[2022-08-22 20:15:09,686] {processor.py:642} INFO - Processing file /opt/anaconda3/envs/airflow_env/lib/python3.9/site-packages/airflow/example_dags/example_branch_day_of_week_operator.py for tasks to queue
[2022-08-22 20:15:09,686] {logging_mixin.py:109} INFO - [2022-08-22 20:15:09,686] {dagbag.py:500} INFO - Filling up the DagBag from /opt/anaconda3/envs/airflow_env/lib/python3.9/site-packages/airflow/example_dags/example_branch_day_of_week_operator.py
[2022-08-22 20:15:09,703] {processor.py:654} INFO - DAG(s) dict_keys(['example_weekday_branch_operator']) retrieved from /opt/anaconda3/envs/airflow_env/lib/python3.9/site-packages/airflow/example_dags/example_branch_day_of_week_operator.py
[2022-08-22 20:15:09,713] {logging_mixin.py:109} INFO - [2022-08-22 20:15:09,713] {dag.py:2396} INFO - Sync 1 DAGs
[2022-08-22 20:15:09,719] {logging_mixin.py:109} INFO - [2022-08-22 20:15:09,719] {dag.py:2935} INFO - Setting next_dagrun for example_weekday_branch_operator to 2022-08-22 00:00:00+00:00
[2022-08-22 20:15:09,723] {processor.py:171} INFO - Processing /opt/anaconda3/envs/airflow_env/lib/python3.9/site-packages/airflow/example_dags/example_branch_day_of_week_operator.py took 0.037 seconds
[2022-08-22 20:16:13,410] {processor.py:163} INFO - Started process (PID=1867) to work on /opt/anaconda3/envs/airflow_env/lib/python3.9/site-packages/airflow/example_dags/example_branch_day_of_week_operator.py
[2022-08-22 20:16:13,410] {processor.py:642} INFO - Processing file /opt/anaconda3/envs/airflow_env/lib/python3.9/site-packages/airflow/example_dags/example_branch_day_of_week_operator.py for tasks to queue
[2022-08-22 20:16:13,410] {logging_mixin.py:109} INFO - [2022-08-22 20:16:13,410] {dagbag.py:500} INFO - Filling up the DagBag from /opt/anaconda3/envs/airflow_env/lib/python3.9/site-packages/airflow/example_dags/example_branch_day_of_week_operator.py
[2022-08-22 20:16:13,427] {processor.py:654} INFO - DAG(s) dict_keys(['example_weekday_branch_operator']) retrieved from /opt/anaconda3/envs/airflow_env/lib/python3.9/site-packages/airflow/example_dags/example_branch_day_of_week_operator.py
[2022-08-22 20:16:13,437] {logging_mixin.py:109} INFO - [2022-08-22 20:16:13,437] {dag.py:2396} INFO - Sync 1 DAGs
[2022-08-22 20:16:13,442] {logging_mixin.py:109} INFO - [2022-08-22 20:16:13,442] {dag.py:2935} INFO - Setting next_dagrun for example_weekday_branch_operator to 2022-08-22 00:00:00+00:00
[2022-08-22 20:16:13,446] {processor.py:171} INFO - Processing /opt/anaconda3/envs/airflow_env/lib/python3.9/site-packages/airflow/example_dags/example_branch_day_of_week_operator.py took 0.037 seconds
[2022-08-22 20:17:14,149] {processor.py:163} INFO - Started process (PID=1945) to work on /opt/anaconda3/envs/airflow_env/lib/python3.9/site-packages/airflow/example_dags/example_branch_day_of_week_operator.py
[2022-08-22 20:17:14,149] {processor.py:642} INFO - Processing file /opt/anaconda3/envs/airflow_env/lib/python3.9/site-packages/airflow/example_dags/example_branch_day_of_week_operator.py for tasks to queue
[2022-08-22 20:17:14,149] {logging_mixin.py:109} INFO - [2022-08-22 20:17:14,149] {dagbag.py:500} INFO - Filling up the DagBag from /opt/anaconda3/envs/airflow_env/lib/python3.9/site-packages/airflow/example_dags/example_branch_day_of_week_operator.py
[2022-08-22 20:17:14,164] {processor.py:654} INFO - DAG(s) dict_keys(['example_weekday_branch_operator']) retrieved from /opt/anaconda3/envs/airflow_env/lib/python3.9/site-packages/airflow/example_dags/example_branch_day_of_week_operator.py
[2022-08-22 20:17:14,172] {logging_mixin.py:109} INFO - [2022-08-22 20:17:14,172] {dag.py:2396} INFO - Sync 1 DAGs
[2022-08-22 20:17:14,177] {logging_mixin.py:109} INFO - [2022-08-22 20:17:14,177] {dag.py:2935} INFO - Setting next_dagrun for example_weekday_branch_operator to 2022-08-22 00:00:00+00:00
[2022-08-22 20:17:14,181] {processor.py:171} INFO - Processing /opt/anaconda3/envs/airflow_env/lib/python3.9/site-packages/airflow/example_dags/example_branch_day_of_week_operator.py took 0.032 seconds
[2022-08-22 20:18:13,405] {processor.py:163} INFO - Started process (PID=1989) to work on /opt/anaconda3/envs/airflow_env/lib/python3.9/site-packages/airflow/example_dags/example_branch_day_of_week_operator.py
[2022-08-22 20:18:13,405] {processor.py:642} INFO - Processing file /opt/anaconda3/envs/airflow_env/lib/python3.9/site-packages/airflow/example_dags/example_branch_day_of_week_operator.py for tasks to queue
[2022-08-22 20:18:13,406] {logging_mixin.py:109} INFO - [2022-08-22 20:18:13,405] {dagbag.py:500} INFO - Filling up the DagBag from /opt/anaconda3/envs/airflow_env/lib/python3.9/site-packages/airflow/example_dags/example_branch_day_of_week_operator.py
[2022-08-22 20:18:13,423] {processor.py:654} INFO - DAG(s) dict_keys(['example_weekday_branch_operator']) retrieved from /opt/anaconda3/envs/airflow_env/lib/python3.9/site-packages/airflow/example_dags/example_branch_day_of_week_operator.py
[2022-08-22 20:18:13,433] {logging_mixin.py:109} INFO - [2022-08-22 20:18:13,433] {dag.py:2396} INFO - Sync 1 DAGs
[2022-08-22 20:18:13,438] {logging_mixin.py:109} INFO - [2022-08-22 20:18:13,438] {dag.py:2935} INFO - Setting next_dagrun for example_weekday_branch_operator to 2022-08-22 00:00:00+00:00
[2022-08-22 20:18:13,442] {processor.py:171} INFO - Processing /opt/anaconda3/envs/airflow_env/lib/python3.9/site-packages/airflow/example_dags/example_branch_day_of_week_operator.py took 0.037 seconds
[2022-08-22 20:19:14,672] {processor.py:163} INFO - Started process (PID=2071) to work on /opt/anaconda3/envs/airflow_env/lib/python3.9/site-packages/airflow/example_dags/example_branch_day_of_week_operator.py
[2022-08-22 20:19:14,672] {processor.py:642} INFO - Processing file /opt/anaconda3/envs/airflow_env/lib/python3.9/site-packages/airflow/example_dags/example_branch_day_of_week_operator.py for tasks to queue
[2022-08-22 20:19:14,673] {logging_mixin.py:109} INFO - [2022-08-22 20:19:14,672] {dagbag.py:500} INFO - Filling up the DagBag from /opt/anaconda3/envs/airflow_env/lib/python3.9/site-packages/airflow/example_dags/example_branch_day_of_week_operator.py
[2022-08-22 20:19:14,687] {processor.py:654} INFO - DAG(s) dict_keys(['example_weekday_branch_operator']) retrieved from /opt/anaconda3/envs/airflow_env/lib/python3.9/site-packages/airflow/example_dags/example_branch_day_of_week_operator.py
[2022-08-22 20:19:14,695] {logging_mixin.py:109} INFO - [2022-08-22 20:19:14,695] {dag.py:2396} INFO - Sync 1 DAGs
[2022-08-22 20:19:14,700] {logging_mixin.py:109} INFO - [2022-08-22 20:19:14,700] {dag.py:2935} INFO - Setting next_dagrun for example_weekday_branch_operator to 2022-08-22 00:00:00+00:00
[2022-08-22 20:19:14,703] {processor.py:171} INFO - Processing /opt/anaconda3/envs/airflow_env/lib/python3.9/site-packages/airflow/example_dags/example_branch_day_of_week_operator.py took 0.032 seconds
[2022-08-22 20:20:17,973] {processor.py:163} INFO - Started process (PID=2153) to work on /opt/anaconda3/envs/airflow_env/lib/python3.9/site-packages/airflow/example_dags/example_branch_day_of_week_operator.py
[2022-08-22 20:20:17,973] {processor.py:642} INFO - Processing file /opt/anaconda3/envs/airflow_env/lib/python3.9/site-packages/airflow/example_dags/example_branch_day_of_week_operator.py for tasks to queue
[2022-08-22 20:20:17,973] {logging_mixin.py:109} INFO - [2022-08-22 20:20:17,973] {dagbag.py:500} INFO - Filling up the DagBag from /opt/anaconda3/envs/airflow_env/lib/python3.9/site-packages/airflow/example_dags/example_branch_day_of_week_operator.py
[2022-08-22 20:20:17,988] {processor.py:654} INFO - DAG(s) dict_keys(['example_weekday_branch_operator']) retrieved from /opt/anaconda3/envs/airflow_env/lib/python3.9/site-packages/airflow/example_dags/example_branch_day_of_week_operator.py
[2022-08-22 20:20:17,996] {logging_mixin.py:109} INFO - [2022-08-22 20:20:17,996] {dag.py:2396} INFO - Sync 1 DAGs
[2022-08-22 20:20:18,001] {logging_mixin.py:109} INFO - [2022-08-22 20:20:18,001] {dag.py:2935} INFO - Setting next_dagrun for example_weekday_branch_operator to 2022-08-22 00:00:00+00:00
[2022-08-22 20:20:18,005] {processor.py:171} INFO - Processing /opt/anaconda3/envs/airflow_env/lib/python3.9/site-packages/airflow/example_dags/example_branch_day_of_week_operator.py took 0.032 seconds
[2022-08-22 20:21:19,470] {processor.py:163} INFO - Started process (PID=2288) to work on /opt/anaconda3/envs/airflow_env/lib/python3.9/site-packages/airflow/example_dags/example_branch_day_of_week_operator.py
[2022-08-22 20:21:19,470] {processor.py:642} INFO - Processing file /opt/anaconda3/envs/airflow_env/lib/python3.9/site-packages/airflow/example_dags/example_branch_day_of_week_operator.py for tasks to queue
[2022-08-22 20:21:19,471] {logging_mixin.py:109} INFO - [2022-08-22 20:21:19,471] {dagbag.py:500} INFO - Filling up the DagBag from /opt/anaconda3/envs/airflow_env/lib/python3.9/site-packages/airflow/example_dags/example_branch_day_of_week_operator.py
[2022-08-22 20:21:19,487] {processor.py:654} INFO - DAG(s) dict_keys(['example_weekday_branch_operator']) retrieved from /opt/anaconda3/envs/airflow_env/lib/python3.9/site-packages/airflow/example_dags/example_branch_day_of_week_operator.py
[2022-08-22 20:21:19,497] {logging_mixin.py:109} INFO - [2022-08-22 20:21:19,497] {dag.py:2396} INFO - Sync 1 DAGs
[2022-08-22 20:21:19,503] {logging_mixin.py:109} INFO - [2022-08-22 20:21:19,503] {dag.py:2935} INFO - Setting next_dagrun for example_weekday_branch_operator to 2022-08-22 00:00:00+00:00
[2022-08-22 20:21:19,506] {processor.py:171} INFO - Processing /opt/anaconda3/envs/airflow_env/lib/python3.9/site-packages/airflow/example_dags/example_branch_day_of_week_operator.py took 0.037 seconds
[2022-08-22 20:23:14,204] {processor.py:163} INFO - Started process (PID=2387) to work on /opt/anaconda3/envs/airflow_env/lib/python3.9/site-packages/airflow/example_dags/example_branch_day_of_week_operator.py
[2022-08-22 20:23:14,205] {processor.py:642} INFO - Processing file /opt/anaconda3/envs/airflow_env/lib/python3.9/site-packages/airflow/example_dags/example_branch_day_of_week_operator.py for tasks to queue
[2022-08-22 20:23:14,206] {logging_mixin.py:109} INFO - [2022-08-22 20:23:14,206] {dagbag.py:500} INFO - Filling up the DagBag from /opt/anaconda3/envs/airflow_env/lib/python3.9/site-packages/airflow/example_dags/example_branch_day_of_week_operator.py
[2022-08-22 20:23:14,221] {processor.py:654} INFO - DAG(s) dict_keys(['example_weekday_branch_operator']) retrieved from /opt/anaconda3/envs/airflow_env/lib/python3.9/site-packages/airflow/example_dags/example_branch_day_of_week_operator.py
[2022-08-22 20:23:14,229] {logging_mixin.py:109} INFO - [2022-08-22 20:23:14,229] {dag.py:2396} INFO - Sync 1 DAGs
[2022-08-22 20:23:14,234] {logging_mixin.py:109} INFO - [2022-08-22 20:23:14,234] {dag.py:2935} INFO - Setting next_dagrun for example_weekday_branch_operator to 2022-08-22 00:00:00+00:00
[2022-08-22 20:23:14,237] {processor.py:171} INFO - Processing /opt/anaconda3/envs/airflow_env/lib/python3.9/site-packages/airflow/example_dags/example_branch_day_of_week_operator.py took 0.034 seconds
[2022-08-22 20:24:15,592] {processor.py:163} INFO - Started process (PID=2427) to work on /opt/anaconda3/envs/airflow_env/lib/python3.9/site-packages/airflow/example_dags/example_branch_day_of_week_operator.py
[2022-08-22 20:24:15,593] {processor.py:642} INFO - Processing file /opt/anaconda3/envs/airflow_env/lib/python3.9/site-packages/airflow/example_dags/example_branch_day_of_week_operator.py for tasks to queue
[2022-08-22 20:24:15,594] {logging_mixin.py:109} INFO - [2022-08-22 20:24:15,594] {dagbag.py:500} INFO - Filling up the DagBag from /opt/anaconda3/envs/airflow_env/lib/python3.9/site-packages/airflow/example_dags/example_branch_day_of_week_operator.py
[2022-08-22 20:24:15,610] {processor.py:654} INFO - DAG(s) dict_keys(['example_weekday_branch_operator']) retrieved from /opt/anaconda3/envs/airflow_env/lib/python3.9/site-packages/airflow/example_dags/example_branch_day_of_week_operator.py
[2022-08-22 20:24:15,619] {logging_mixin.py:109} INFO - [2022-08-22 20:24:15,619] {dag.py:2396} INFO - Sync 1 DAGs
[2022-08-22 20:24:15,624] {logging_mixin.py:109} INFO - [2022-08-22 20:24:15,624] {dag.py:2935} INFO - Setting next_dagrun for example_weekday_branch_operator to 2022-08-22 00:00:00+00:00
[2022-08-22 20:24:15,628] {processor.py:171} INFO - Processing /opt/anaconda3/envs/airflow_env/lib/python3.9/site-packages/airflow/example_dags/example_branch_day_of_week_operator.py took 0.036 seconds
[2022-08-22 20:25:17,245] {processor.py:163} INFO - Started process (PID=2539) to work on /opt/anaconda3/envs/airflow_env/lib/python3.9/site-packages/airflow/example_dags/example_branch_day_of_week_operator.py
[2022-08-22 20:25:17,247] {processor.py:642} INFO - Processing file /opt/anaconda3/envs/airflow_env/lib/python3.9/site-packages/airflow/example_dags/example_branch_day_of_week_operator.py for tasks to queue
[2022-08-22 20:25:17,247] {logging_mixin.py:109} INFO - [2022-08-22 20:25:17,247] {dagbag.py:500} INFO - Filling up the DagBag from /opt/anaconda3/envs/airflow_env/lib/python3.9/site-packages/airflow/example_dags/example_branch_day_of_week_operator.py
[2022-08-22 20:25:17,262] {processor.py:654} INFO - DAG(s) dict_keys(['example_weekday_branch_operator']) retrieved from /opt/anaconda3/envs/airflow_env/lib/python3.9/site-packages/airflow/example_dags/example_branch_day_of_week_operator.py
[2022-08-22 20:25:17,271] {logging_mixin.py:109} INFO - [2022-08-22 20:25:17,271] {dag.py:2396} INFO - Sync 1 DAGs
[2022-08-22 20:25:17,275] {logging_mixin.py:109} INFO - [2022-08-22 20:25:17,275] {dag.py:2935} INFO - Setting next_dagrun for example_weekday_branch_operator to 2022-08-22 00:00:00+00:00
[2022-08-22 20:25:17,279] {processor.py:171} INFO - Processing /opt/anaconda3/envs/airflow_env/lib/python3.9/site-packages/airflow/example_dags/example_branch_day_of_week_operator.py took 0.034 seconds
[2022-08-22 20:26:20,606] {processor.py:163} INFO - Started process (PID=2586) to work on /opt/anaconda3/envs/airflow_env/lib/python3.9/site-packages/airflow/example_dags/example_branch_day_of_week_operator.py
[2022-08-22 20:26:20,606] {processor.py:642} INFO - Processing file /opt/anaconda3/envs/airflow_env/lib/python3.9/site-packages/airflow/example_dags/example_branch_day_of_week_operator.py for tasks to queue
[2022-08-22 20:26:20,607] {logging_mixin.py:109} INFO - [2022-08-22 20:26:20,607] {dagbag.py:500} INFO - Filling up the DagBag from /opt/anaconda3/envs/airflow_env/lib/python3.9/site-packages/airflow/example_dags/example_branch_day_of_week_operator.py
[2022-08-22 20:26:20,622] {processor.py:654} INFO - DAG(s) dict_keys(['example_weekday_branch_operator']) retrieved from /opt/anaconda3/envs/airflow_env/lib/python3.9/site-packages/airflow/example_dags/example_branch_day_of_week_operator.py
[2022-08-22 20:26:20,630] {logging_mixin.py:109} INFO - [2022-08-22 20:26:20,630] {dag.py:2396} INFO - Sync 1 DAGs
[2022-08-22 20:26:20,635] {logging_mixin.py:109} INFO - [2022-08-22 20:26:20,635] {dag.py:2935} INFO - Setting next_dagrun for example_weekday_branch_operator to 2022-08-22 00:00:00+00:00
[2022-08-22 20:26:20,639] {processor.py:171} INFO - Processing /opt/anaconda3/envs/airflow_env/lib/python3.9/site-packages/airflow/example_dags/example_branch_day_of_week_operator.py took 0.033 seconds
[2022-08-22 20:27:23,616] {processor.py:163} INFO - Started process (PID=2661) to work on /opt/anaconda3/envs/airflow_env/lib/python3.9/site-packages/airflow/example_dags/example_branch_day_of_week_operator.py
[2022-08-22 20:27:23,616] {processor.py:642} INFO - Processing file /opt/anaconda3/envs/airflow_env/lib/python3.9/site-packages/airflow/example_dags/example_branch_day_of_week_operator.py for tasks to queue
[2022-08-22 20:27:23,616] {logging_mixin.py:109} INFO - [2022-08-22 20:27:23,616] {dagbag.py:500} INFO - Filling up the DagBag from /opt/anaconda3/envs/airflow_env/lib/python3.9/site-packages/airflow/example_dags/example_branch_day_of_week_operator.py
[2022-08-22 20:27:23,631] {processor.py:654} INFO - DAG(s) dict_keys(['example_weekday_branch_operator']) retrieved from /opt/anaconda3/envs/airflow_env/lib/python3.9/site-packages/airflow/example_dags/example_branch_day_of_week_operator.py
[2022-08-22 20:27:23,639] {logging_mixin.py:109} INFO - [2022-08-22 20:27:23,639] {dag.py:2396} INFO - Sync 1 DAGs
[2022-08-22 20:27:23,644] {logging_mixin.py:109} INFO - [2022-08-22 20:27:23,644] {dag.py:2935} INFO - Setting next_dagrun for example_weekday_branch_operator to 2022-08-22 00:00:00+00:00
[2022-08-22 20:27:23,647] {processor.py:171} INFO - Processing /opt/anaconda3/envs/airflow_env/lib/python3.9/site-packages/airflow/example_dags/example_branch_day_of_week_operator.py took 0.032 seconds
[2022-08-22 20:29:34,137] {processor.py:163} INFO - Started process (PID=2751) to work on /opt/anaconda3/envs/airflow_env/lib/python3.9/site-packages/airflow/example_dags/example_branch_day_of_week_operator.py
[2022-08-22 20:29:34,138] {processor.py:642} INFO - Processing file /opt/anaconda3/envs/airflow_env/lib/python3.9/site-packages/airflow/example_dags/example_branch_day_of_week_operator.py for tasks to queue
[2022-08-22 20:29:34,138] {logging_mixin.py:109} INFO - [2022-08-22 20:29:34,138] {dagbag.py:500} INFO - Filling up the DagBag from /opt/anaconda3/envs/airflow_env/lib/python3.9/site-packages/airflow/example_dags/example_branch_day_of_week_operator.py
[2022-08-22 20:29:34,153] {processor.py:654} INFO - DAG(s) dict_keys(['example_weekday_branch_operator']) retrieved from /opt/anaconda3/envs/airflow_env/lib/python3.9/site-packages/airflow/example_dags/example_branch_day_of_week_operator.py
[2022-08-22 20:29:34,161] {logging_mixin.py:109} INFO - [2022-08-22 20:29:34,161] {dag.py:2396} INFO - Sync 1 DAGs
[2022-08-22 20:29:34,166] {logging_mixin.py:109} INFO - [2022-08-22 20:29:34,166] {dag.py:2935} INFO - Setting next_dagrun for example_weekday_branch_operator to 2022-08-22 00:00:00+00:00
[2022-08-22 20:29:34,169] {processor.py:171} INFO - Processing /opt/anaconda3/envs/airflow_env/lib/python3.9/site-packages/airflow/example_dags/example_branch_day_of_week_operator.py took 0.033 seconds
