[2022-08-22 19:58:59,187] {processor.py:163} INFO - Started process (PID=16774) to work on /opt/anaconda3/envs/airflow_env/lib/python3.9/site-packages/airflow/example_dags/example_latest_only_with_trigger.py
[2022-08-22 19:58:59,187] {processor.py:642} INFO - Processing file /opt/anaconda3/envs/airflow_env/lib/python3.9/site-packages/airflow/example_dags/example_latest_only_with_trigger.py for tasks to queue
[2022-08-22 19:58:59,187] {logging_mixin.py:109} INFO - [2022-08-22 19:58:59,187] {dagbag.py:500} INFO - Filling up the DagBag from /opt/anaconda3/envs/airflow_env/lib/python3.9/site-packages/airflow/example_dags/example_latest_only_with_trigger.py
[2022-08-22 19:58:59,205] {processor.py:654} INFO - DAG(s) dict_keys(['latest_only_with_trigger']) retrieved from /opt/anaconda3/envs/airflow_env/lib/python3.9/site-packages/airflow/example_dags/example_latest_only_with_trigger.py
[2022-08-22 19:58:59,216] {logging_mixin.py:109} INFO - [2022-08-22 19:58:59,216] {dag.py:2396} INFO - Sync 1 DAGs
[2022-08-22 19:58:59,221] {logging_mixin.py:109} INFO - [2022-08-22 19:58:59,221] {dag.py:2935} INFO - Setting next_dagrun for latest_only_with_trigger to 2022-08-22T20:58:59.221403+00:00
[2022-08-22 19:58:59,225] {processor.py:171} INFO - Processing /opt/anaconda3/envs/airflow_env/lib/python3.9/site-packages/airflow/example_dags/example_latest_only_with_trigger.py took 0.038 seconds
[2022-08-22 20:00:06,313] {processor.py:163} INFO - Started process (PID=16820) to work on /opt/anaconda3/envs/airflow_env/lib/python3.9/site-packages/airflow/example_dags/example_latest_only_with_trigger.py
[2022-08-22 20:00:06,314] {processor.py:642} INFO - Processing file /opt/anaconda3/envs/airflow_env/lib/python3.9/site-packages/airflow/example_dags/example_latest_only_with_trigger.py for tasks to queue
[2022-08-22 20:00:06,314] {logging_mixin.py:109} INFO - [2022-08-22 20:00:06,314] {dagbag.py:500} INFO - Filling up the DagBag from /opt/anaconda3/envs/airflow_env/lib/python3.9/site-packages/airflow/example_dags/example_latest_only_with_trigger.py
[2022-08-22 20:00:06,331] {processor.py:654} INFO - DAG(s) dict_keys(['latest_only_with_trigger']) retrieved from /opt/anaconda3/envs/airflow_env/lib/python3.9/site-packages/airflow/example_dags/example_latest_only_with_trigger.py
[2022-08-22 20:00:06,341] {logging_mixin.py:109} INFO - [2022-08-22 20:00:06,341] {dag.py:2396} INFO - Sync 1 DAGs
[2022-08-22 20:00:06,346] {logging_mixin.py:109} INFO - [2022-08-22 20:00:06,346] {dag.py:2935} INFO - Setting next_dagrun for latest_only_with_trigger to 2022-08-22T21:00:06.346339+00:00
[2022-08-22 20:00:06,350] {processor.py:171} INFO - Processing /opt/anaconda3/envs/airflow_env/lib/python3.9/site-packages/airflow/example_dags/example_latest_only_with_trigger.py took 0.038 seconds
[2022-08-22 20:01:13,069] {processor.py:163} INFO - Started process (PID=16879) to work on /opt/anaconda3/envs/airflow_env/lib/python3.9/site-packages/airflow/example_dags/example_latest_only_with_trigger.py
[2022-08-22 20:01:13,070] {processor.py:642} INFO - Processing file /opt/anaconda3/envs/airflow_env/lib/python3.9/site-packages/airflow/example_dags/example_latest_only_with_trigger.py for tasks to queue
[2022-08-22 20:01:13,071] {logging_mixin.py:109} INFO - [2022-08-22 20:01:13,070] {dagbag.py:500} INFO - Filling up the DagBag from /opt/anaconda3/envs/airflow_env/lib/python3.9/site-packages/airflow/example_dags/example_latest_only_with_trigger.py
[2022-08-22 20:01:13,087] {processor.py:654} INFO - DAG(s) dict_keys(['latest_only_with_trigger']) retrieved from /opt/anaconda3/envs/airflow_env/lib/python3.9/site-packages/airflow/example_dags/example_latest_only_with_trigger.py
[2022-08-22 20:01:13,098] {logging_mixin.py:109} INFO - [2022-08-22 20:01:13,098] {dag.py:2396} INFO - Sync 1 DAGs
[2022-08-22 20:01:13,103] {logging_mixin.py:109} INFO - [2022-08-22 20:01:13,102] {dag.py:2935} INFO - Setting next_dagrun for latest_only_with_trigger to 2022-08-22T21:01:13.102863+00:00
[2022-08-22 20:01:13,106] {processor.py:171} INFO - Processing /opt/anaconda3/envs/airflow_env/lib/python3.9/site-packages/airflow/example_dags/example_latest_only_with_trigger.py took 0.038 seconds
[2022-08-22 20:02:19,979] {processor.py:163} INFO - Started process (PID=16919) to work on /opt/anaconda3/envs/airflow_env/lib/python3.9/site-packages/airflow/example_dags/example_latest_only_with_trigger.py
[2022-08-22 20:02:19,980] {processor.py:642} INFO - Processing file /opt/anaconda3/envs/airflow_env/lib/python3.9/site-packages/airflow/example_dags/example_latest_only_with_trigger.py for tasks to queue
[2022-08-22 20:02:19,980] {logging_mixin.py:109} INFO - [2022-08-22 20:02:19,980] {dagbag.py:500} INFO - Filling up the DagBag from /opt/anaconda3/envs/airflow_env/lib/python3.9/site-packages/airflow/example_dags/example_latest_only_with_trigger.py
[2022-08-22 20:02:19,998] {processor.py:654} INFO - DAG(s) dict_keys(['latest_only_with_trigger']) retrieved from /opt/anaconda3/envs/airflow_env/lib/python3.9/site-packages/airflow/example_dags/example_latest_only_with_trigger.py
[2022-08-22 20:02:20,008] {logging_mixin.py:109} INFO - [2022-08-22 20:02:20,008] {dag.py:2396} INFO - Sync 1 DAGs
[2022-08-22 20:02:20,013] {logging_mixin.py:109} INFO - [2022-08-22 20:02:20,013] {dag.py:2935} INFO - Setting next_dagrun for latest_only_with_trigger to 2022-08-22T21:02:20.013804+00:00
[2022-08-22 20:02:20,017] {processor.py:171} INFO - Processing /opt/anaconda3/envs/airflow_env/lib/python3.9/site-packages/airflow/example_dags/example_latest_only_with_trigger.py took 0.039 seconds
[2022-08-22 20:03:23,857] {processor.py:163} INFO - Started process (PID=16965) to work on /opt/anaconda3/envs/airflow_env/lib/python3.9/site-packages/airflow/example_dags/example_latest_only_with_trigger.py
[2022-08-22 20:03:23,857] {processor.py:642} INFO - Processing file /opt/anaconda3/envs/airflow_env/lib/python3.9/site-packages/airflow/example_dags/example_latest_only_with_trigger.py for tasks to queue
[2022-08-22 20:03:23,857] {logging_mixin.py:109} INFO - [2022-08-22 20:03:23,857] {dagbag.py:500} INFO - Filling up the DagBag from /opt/anaconda3/envs/airflow_env/lib/python3.9/site-packages/airflow/example_dags/example_latest_only_with_trigger.py
[2022-08-22 20:03:23,874] {processor.py:654} INFO - DAG(s) dict_keys(['latest_only_with_trigger']) retrieved from /opt/anaconda3/envs/airflow_env/lib/python3.9/site-packages/airflow/example_dags/example_latest_only_with_trigger.py
[2022-08-22 20:03:23,885] {logging_mixin.py:109} INFO - [2022-08-22 20:03:23,885] {dag.py:2396} INFO - Sync 1 DAGs
[2022-08-22 20:03:23,891] {logging_mixin.py:109} INFO - [2022-08-22 20:03:23,891] {dag.py:2935} INFO - Setting next_dagrun for latest_only_with_trigger to 2022-08-22T21:03:23.891193+00:00
[2022-08-22 20:03:23,895] {processor.py:171} INFO - Processing /opt/anaconda3/envs/airflow_env/lib/python3.9/site-packages/airflow/example_dags/example_latest_only_with_trigger.py took 0.039 seconds
[2022-08-22 20:04:28,057] {processor.py:163} INFO - Started process (PID=17032) to work on /opt/anaconda3/envs/airflow_env/lib/python3.9/site-packages/airflow/example_dags/example_latest_only_with_trigger.py
[2022-08-22 20:04:28,057] {processor.py:642} INFO - Processing file /opt/anaconda3/envs/airflow_env/lib/python3.9/site-packages/airflow/example_dags/example_latest_only_with_trigger.py for tasks to queue
[2022-08-22 20:04:28,057] {logging_mixin.py:109} INFO - [2022-08-22 20:04:28,057] {dagbag.py:500} INFO - Filling up the DagBag from /opt/anaconda3/envs/airflow_env/lib/python3.9/site-packages/airflow/example_dags/example_latest_only_with_trigger.py
[2022-08-22 20:04:28,073] {processor.py:654} INFO - DAG(s) dict_keys(['latest_only_with_trigger']) retrieved from /opt/anaconda3/envs/airflow_env/lib/python3.9/site-packages/airflow/example_dags/example_latest_only_with_trigger.py
[2022-08-22 20:04:28,083] {logging_mixin.py:109} INFO - [2022-08-22 20:04:28,083] {dag.py:2396} INFO - Sync 1 DAGs
[2022-08-22 20:04:28,088] {logging_mixin.py:109} INFO - [2022-08-22 20:04:28,088] {dag.py:2935} INFO - Setting next_dagrun for latest_only_with_trigger to 2022-08-22T21:04:28.088759+00:00
[2022-08-22 20:04:28,093] {processor.py:171} INFO - Processing /opt/anaconda3/envs/airflow_env/lib/python3.9/site-packages/airflow/example_dags/example_latest_only_with_trigger.py took 0.037 seconds
[2022-08-22 20:05:34,601] {processor.py:163} INFO - Started process (PID=17098) to work on /opt/anaconda3/envs/airflow_env/lib/python3.9/site-packages/airflow/example_dags/example_latest_only_with_trigger.py
[2022-08-22 20:05:34,601] {processor.py:642} INFO - Processing file /opt/anaconda3/envs/airflow_env/lib/python3.9/site-packages/airflow/example_dags/example_latest_only_with_trigger.py for tasks to queue
[2022-08-22 20:05:34,601] {logging_mixin.py:109} INFO - [2022-08-22 20:05:34,601] {dagbag.py:500} INFO - Filling up the DagBag from /opt/anaconda3/envs/airflow_env/lib/python3.9/site-packages/airflow/example_dags/example_latest_only_with_trigger.py
[2022-08-22 20:05:34,617] {processor.py:654} INFO - DAG(s) dict_keys(['latest_only_with_trigger']) retrieved from /opt/anaconda3/envs/airflow_env/lib/python3.9/site-packages/airflow/example_dags/example_latest_only_with_trigger.py
[2022-08-22 20:05:34,626] {logging_mixin.py:109} INFO - [2022-08-22 20:05:34,626] {dag.py:2396} INFO - Sync 1 DAGs
[2022-08-22 20:05:34,631] {logging_mixin.py:109} INFO - [2022-08-22 20:05:34,631] {dag.py:2935} INFO - Setting next_dagrun for latest_only_with_trigger to 2022-08-22T21:05:34.631167+00:00
[2022-08-22 20:05:34,635] {processor.py:171} INFO - Processing /opt/anaconda3/envs/airflow_env/lib/python3.9/site-packages/airflow/example_dags/example_latest_only_with_trigger.py took 0.034 seconds
[2022-08-22 20:06:38,469] {processor.py:163} INFO - Started process (PID=17143) to work on /opt/anaconda3/envs/airflow_env/lib/python3.9/site-packages/airflow/example_dags/example_latest_only_with_trigger.py
[2022-08-22 20:06:38,477] {processor.py:642} INFO - Processing file /opt/anaconda3/envs/airflow_env/lib/python3.9/site-packages/airflow/example_dags/example_latest_only_with_trigger.py for tasks to queue
[2022-08-22 20:06:38,478] {logging_mixin.py:109} INFO - [2022-08-22 20:06:38,478] {dagbag.py:500} INFO - Filling up the DagBag from /opt/anaconda3/envs/airflow_env/lib/python3.9/site-packages/airflow/example_dags/example_latest_only_with_trigger.py
[2022-08-22 20:06:38,507] {processor.py:654} INFO - DAG(s) dict_keys(['latest_only_with_trigger']) retrieved from /opt/anaconda3/envs/airflow_env/lib/python3.9/site-packages/airflow/example_dags/example_latest_only_with_trigger.py
[2022-08-22 20:06:38,535] {logging_mixin.py:109} INFO - [2022-08-22 20:06:38,535] {dag.py:2396} INFO - Sync 1 DAGs
[2022-08-22 20:06:38,549] {logging_mixin.py:109} INFO - [2022-08-22 20:06:38,549] {dag.py:2935} INFO - Setting next_dagrun for latest_only_with_trigger to 2022-08-22T21:06:38.549066+00:00
[2022-08-22 20:06:38,659] {processor.py:171} INFO - Processing /opt/anaconda3/envs/airflow_env/lib/python3.9/site-packages/airflow/example_dags/example_latest_only_with_trigger.py took 0.191 seconds
[2022-08-22 20:12:47,652] {processor.py:163} INFO - Started process (PID=1434) to work on /opt/anaconda3/envs/airflow_env/lib/python3.9/site-packages/airflow/example_dags/example_latest_only_with_trigger.py
[2022-08-22 20:12:47,652] {processor.py:642} INFO - Processing file /opt/anaconda3/envs/airflow_env/lib/python3.9/site-packages/airflow/example_dags/example_latest_only_with_trigger.py for tasks to queue
[2022-08-22 20:12:47,652] {logging_mixin.py:109} INFO - [2022-08-22 20:12:47,652] {dagbag.py:500} INFO - Filling up the DagBag from /opt/anaconda3/envs/airflow_env/lib/python3.9/site-packages/airflow/example_dags/example_latest_only_with_trigger.py
[2022-08-22 20:12:47,668] {processor.py:654} INFO - DAG(s) dict_keys(['latest_only_with_trigger']) retrieved from /opt/anaconda3/envs/airflow_env/lib/python3.9/site-packages/airflow/example_dags/example_latest_only_with_trigger.py
[2022-08-22 20:12:47,678] {logging_mixin.py:109} INFO - [2022-08-22 20:12:47,678] {dag.py:2396} INFO - Sync 1 DAGs
[2022-08-22 20:12:47,684] {logging_mixin.py:109} INFO - [2022-08-22 20:12:47,684] {dag.py:2935} INFO - Setting next_dagrun for latest_only_with_trigger to 2022-08-22T21:12:47.684032+00:00
[2022-08-22 20:12:47,688] {processor.py:171} INFO - Processing /opt/anaconda3/envs/airflow_env/lib/python3.9/site-packages/airflow/example_dags/example_latest_only_with_trigger.py took 0.036 seconds
[2022-08-22 20:13:51,035] {processor.py:163} INFO - Started process (PID=1489) to work on /opt/anaconda3/envs/airflow_env/lib/python3.9/site-packages/airflow/example_dags/example_latest_only_with_trigger.py
[2022-08-22 20:13:51,036] {processor.py:642} INFO - Processing file /opt/anaconda3/envs/airflow_env/lib/python3.9/site-packages/airflow/example_dags/example_latest_only_with_trigger.py for tasks to queue
[2022-08-22 20:13:51,036] {logging_mixin.py:109} INFO - [2022-08-22 20:13:51,036] {dagbag.py:500} INFO - Filling up the DagBag from /opt/anaconda3/envs/airflow_env/lib/python3.9/site-packages/airflow/example_dags/example_latest_only_with_trigger.py
[2022-08-22 20:13:51,050] {processor.py:654} INFO - DAG(s) dict_keys(['latest_only_with_trigger']) retrieved from /opt/anaconda3/envs/airflow_env/lib/python3.9/site-packages/airflow/example_dags/example_latest_only_with_trigger.py
[2022-08-22 20:13:51,059] {logging_mixin.py:109} INFO - [2022-08-22 20:13:51,059] {dag.py:2396} INFO - Sync 1 DAGs
[2022-08-22 20:13:51,063] {logging_mixin.py:109} INFO - [2022-08-22 20:13:51,063] {dag.py:2935} INFO - Setting next_dagrun for latest_only_with_trigger to 2022-08-22T21:13:51.063364+00:00
[2022-08-22 20:13:51,068] {processor.py:171} INFO - Processing /opt/anaconda3/envs/airflow_env/lib/python3.9/site-packages/airflow/example_dags/example_latest_only_with_trigger.py took 0.033 seconds
[2022-08-22 20:14:52,321] {processor.py:163} INFO - Started process (PID=1579) to work on /opt/anaconda3/envs/airflow_env/lib/python3.9/site-packages/airflow/example_dags/example_latest_only_with_trigger.py
[2022-08-22 20:14:52,321] {processor.py:642} INFO - Processing file /opt/anaconda3/envs/airflow_env/lib/python3.9/site-packages/airflow/example_dags/example_latest_only_with_trigger.py for tasks to queue
[2022-08-22 20:14:52,321] {logging_mixin.py:109} INFO - [2022-08-22 20:14:52,321] {dagbag.py:500} INFO - Filling up the DagBag from /opt/anaconda3/envs/airflow_env/lib/python3.9/site-packages/airflow/example_dags/example_latest_only_with_trigger.py
[2022-08-22 20:14:52,335] {processor.py:654} INFO - DAG(s) dict_keys(['latest_only_with_trigger']) retrieved from /opt/anaconda3/envs/airflow_env/lib/python3.9/site-packages/airflow/example_dags/example_latest_only_with_trigger.py
[2022-08-22 20:14:52,344] {logging_mixin.py:109} INFO - [2022-08-22 20:14:52,344] {dag.py:2396} INFO - Sync 1 DAGs
[2022-08-22 20:14:52,348] {logging_mixin.py:109} INFO - [2022-08-22 20:14:52,348] {dag.py:2935} INFO - Setting next_dagrun for latest_only_with_trigger to 2022-08-22T21:14:52.348733+00:00
[2022-08-22 20:14:52,352] {processor.py:171} INFO - Processing /opt/anaconda3/envs/airflow_env/lib/python3.9/site-packages/airflow/example_dags/example_latest_only_with_trigger.py took 0.032 seconds
[2022-08-22 20:15:56,090] {processor.py:163} INFO - Started process (PID=1857) to work on /opt/anaconda3/envs/airflow_env/lib/python3.9/site-packages/airflow/example_dags/example_latest_only_with_trigger.py
[2022-08-22 20:15:56,090] {processor.py:642} INFO - Processing file /opt/anaconda3/envs/airflow_env/lib/python3.9/site-packages/airflow/example_dags/example_latest_only_with_trigger.py for tasks to queue
[2022-08-22 20:15:56,091] {logging_mixin.py:109} INFO - [2022-08-22 20:15:56,091] {dagbag.py:500} INFO - Filling up the DagBag from /opt/anaconda3/envs/airflow_env/lib/python3.9/site-packages/airflow/example_dags/example_latest_only_with_trigger.py
[2022-08-22 20:15:56,106] {processor.py:654} INFO - DAG(s) dict_keys(['latest_only_with_trigger']) retrieved from /opt/anaconda3/envs/airflow_env/lib/python3.9/site-packages/airflow/example_dags/example_latest_only_with_trigger.py
[2022-08-22 20:15:56,116] {logging_mixin.py:109} INFO - [2022-08-22 20:15:56,116] {dag.py:2396} INFO - Sync 1 DAGs
[2022-08-22 20:15:56,121] {logging_mixin.py:109} INFO - [2022-08-22 20:15:56,121] {dag.py:2935} INFO - Setting next_dagrun for latest_only_with_trigger to 2022-08-22T21:15:56.121328+00:00
[2022-08-22 20:15:56,125] {processor.py:171} INFO - Processing /opt/anaconda3/envs/airflow_env/lib/python3.9/site-packages/airflow/example_dags/example_latest_only_with_trigger.py took 0.035 seconds
[2022-08-22 20:16:57,587] {processor.py:163} INFO - Started process (PID=1935) to work on /opt/anaconda3/envs/airflow_env/lib/python3.9/site-packages/airflow/example_dags/example_latest_only_with_trigger.py
[2022-08-22 20:16:57,587] {processor.py:642} INFO - Processing file /opt/anaconda3/envs/airflow_env/lib/python3.9/site-packages/airflow/example_dags/example_latest_only_with_trigger.py for tasks to queue
[2022-08-22 20:16:57,587] {logging_mixin.py:109} INFO - [2022-08-22 20:16:57,587] {dagbag.py:500} INFO - Filling up the DagBag from /opt/anaconda3/envs/airflow_env/lib/python3.9/site-packages/airflow/example_dags/example_latest_only_with_trigger.py
[2022-08-22 20:16:57,601] {processor.py:654} INFO - DAG(s) dict_keys(['latest_only_with_trigger']) retrieved from /opt/anaconda3/envs/airflow_env/lib/python3.9/site-packages/airflow/example_dags/example_latest_only_with_trigger.py
[2022-08-22 20:16:57,610] {logging_mixin.py:109} INFO - [2022-08-22 20:16:57,610] {dag.py:2396} INFO - Sync 1 DAGs
[2022-08-22 20:16:57,614] {logging_mixin.py:109} INFO - [2022-08-22 20:16:57,614] {dag.py:2935} INFO - Setting next_dagrun for latest_only_with_trigger to 2022-08-22T21:16:57.614396+00:00
[2022-08-22 20:16:57,618] {processor.py:171} INFO - Processing /opt/anaconda3/envs/airflow_env/lib/python3.9/site-packages/airflow/example_dags/example_latest_only_with_trigger.py took 0.031 seconds
[2022-08-22 20:17:56,258] {processor.py:163} INFO - Started process (PID=1978) to work on /opt/anaconda3/envs/airflow_env/lib/python3.9/site-packages/airflow/example_dags/example_latest_only_with_trigger.py
[2022-08-22 20:17:56,258] {processor.py:642} INFO - Processing file /opt/anaconda3/envs/airflow_env/lib/python3.9/site-packages/airflow/example_dags/example_latest_only_with_trigger.py for tasks to queue
[2022-08-22 20:17:56,258] {logging_mixin.py:109} INFO - [2022-08-22 20:17:56,258] {dagbag.py:500} INFO - Filling up the DagBag from /opt/anaconda3/envs/airflow_env/lib/python3.9/site-packages/airflow/example_dags/example_latest_only_with_trigger.py
[2022-08-22 20:17:56,272] {processor.py:654} INFO - DAG(s) dict_keys(['latest_only_with_trigger']) retrieved from /opt/anaconda3/envs/airflow_env/lib/python3.9/site-packages/airflow/example_dags/example_latest_only_with_trigger.py
[2022-08-22 20:17:56,281] {logging_mixin.py:109} INFO - [2022-08-22 20:17:56,281] {dag.py:2396} INFO - Sync 1 DAGs
[2022-08-22 20:17:56,285] {logging_mixin.py:109} INFO - [2022-08-22 20:17:56,285] {dag.py:2935} INFO - Setting next_dagrun for latest_only_with_trigger to 2022-08-22T21:17:56.285257+00:00
[2022-08-22 20:17:56,289] {processor.py:171} INFO - Processing /opt/anaconda3/envs/airflow_env/lib/python3.9/site-packages/airflow/example_dags/example_latest_only_with_trigger.py took 0.031 seconds
[2022-08-22 20:18:57,447] {processor.py:163} INFO - Started process (PID=2061) to work on /opt/anaconda3/envs/airflow_env/lib/python3.9/site-packages/airflow/example_dags/example_latest_only_with_trigger.py
[2022-08-22 20:18:57,447] {processor.py:642} INFO - Processing file /opt/anaconda3/envs/airflow_env/lib/python3.9/site-packages/airflow/example_dags/example_latest_only_with_trigger.py for tasks to queue
[2022-08-22 20:18:57,447] {logging_mixin.py:109} INFO - [2022-08-22 20:18:57,447] {dagbag.py:500} INFO - Filling up the DagBag from /opt/anaconda3/envs/airflow_env/lib/python3.9/site-packages/airflow/example_dags/example_latest_only_with_trigger.py
[2022-08-22 20:18:57,463] {processor.py:654} INFO - DAG(s) dict_keys(['latest_only_with_trigger']) retrieved from /opt/anaconda3/envs/airflow_env/lib/python3.9/site-packages/airflow/example_dags/example_latest_only_with_trigger.py
[2022-08-22 20:18:57,474] {logging_mixin.py:109} INFO - [2022-08-22 20:18:57,474] {dag.py:2396} INFO - Sync 1 DAGs
[2022-08-22 20:18:57,479] {logging_mixin.py:109} INFO - [2022-08-22 20:18:57,479] {dag.py:2935} INFO - Setting next_dagrun for latest_only_with_trigger to 2022-08-22T21:18:57.479072+00:00
[2022-08-22 20:18:57,484] {processor.py:171} INFO - Processing /opt/anaconda3/envs/airflow_env/lib/python3.9/site-packages/airflow/example_dags/example_latest_only_with_trigger.py took 0.037 seconds
[2022-08-22 20:20:00,796] {processor.py:163} INFO - Started process (PID=2127) to work on /opt/anaconda3/envs/airflow_env/lib/python3.9/site-packages/airflow/example_dags/example_latest_only_with_trigger.py
[2022-08-22 20:20:00,796] {processor.py:642} INFO - Processing file /opt/anaconda3/envs/airflow_env/lib/python3.9/site-packages/airflow/example_dags/example_latest_only_with_trigger.py for tasks to queue
[2022-08-22 20:20:00,796] {logging_mixin.py:109} INFO - [2022-08-22 20:20:00,796] {dagbag.py:500} INFO - Filling up the DagBag from /opt/anaconda3/envs/airflow_env/lib/python3.9/site-packages/airflow/example_dags/example_latest_only_with_trigger.py
[2022-08-22 20:20:00,810] {processor.py:654} INFO - DAG(s) dict_keys(['latest_only_with_trigger']) retrieved from /opt/anaconda3/envs/airflow_env/lib/python3.9/site-packages/airflow/example_dags/example_latest_only_with_trigger.py
[2022-08-22 20:20:00,819] {logging_mixin.py:109} INFO - [2022-08-22 20:20:00,819] {dag.py:2396} INFO - Sync 1 DAGs
[2022-08-22 20:20:00,823] {logging_mixin.py:109} INFO - [2022-08-22 20:20:00,823] {dag.py:2935} INFO - Setting next_dagrun for latest_only_with_trigger to 2022-08-22T21:20:00.823755+00:00
[2022-08-22 20:20:00,827] {processor.py:171} INFO - Processing /opt/anaconda3/envs/airflow_env/lib/python3.9/site-packages/airflow/example_dags/example_latest_only_with_trigger.py took 0.032 seconds
[2022-08-22 20:21:02,104] {processor.py:163} INFO - Started process (PID=2270) to work on /opt/anaconda3/envs/airflow_env/lib/python3.9/site-packages/airflow/example_dags/example_latest_only_with_trigger.py
[2022-08-22 20:21:02,104] {processor.py:642} INFO - Processing file /opt/anaconda3/envs/airflow_env/lib/python3.9/site-packages/airflow/example_dags/example_latest_only_with_trigger.py for tasks to queue
[2022-08-22 20:21:02,104] {logging_mixin.py:109} INFO - [2022-08-22 20:21:02,104] {dagbag.py:500} INFO - Filling up the DagBag from /opt/anaconda3/envs/airflow_env/lib/python3.9/site-packages/airflow/example_dags/example_latest_only_with_trigger.py
[2022-08-22 20:21:02,119] {processor.py:654} INFO - DAG(s) dict_keys(['latest_only_with_trigger']) retrieved from /opt/anaconda3/envs/airflow_env/lib/python3.9/site-packages/airflow/example_dags/example_latest_only_with_trigger.py
[2022-08-22 20:21:02,128] {logging_mixin.py:109} INFO - [2022-08-22 20:21:02,128] {dag.py:2396} INFO - Sync 1 DAGs
[2022-08-22 20:21:02,132] {logging_mixin.py:109} INFO - [2022-08-22 20:21:02,132] {dag.py:2935} INFO - Setting next_dagrun for latest_only_with_trigger to 2022-08-22T21:21:02.132561+00:00
[2022-08-22 20:21:02,136] {processor.py:171} INFO - Processing /opt/anaconda3/envs/airflow_env/lib/python3.9/site-packages/airflow/example_dags/example_latest_only_with_trigger.py took 0.033 seconds
[2022-08-22 20:22:05,979] {processor.py:163} INFO - Started process (PID=2332) to work on /opt/anaconda3/envs/airflow_env/lib/python3.9/site-packages/airflow/example_dags/example_latest_only_with_trigger.py
[2022-08-22 20:22:05,980] {processor.py:642} INFO - Processing file /opt/anaconda3/envs/airflow_env/lib/python3.9/site-packages/airflow/example_dags/example_latest_only_with_trigger.py for tasks to queue
[2022-08-22 20:22:05,980] {logging_mixin.py:109} INFO - [2022-08-22 20:22:05,980] {dagbag.py:500} INFO - Filling up the DagBag from /opt/anaconda3/envs/airflow_env/lib/python3.9/site-packages/airflow/example_dags/example_latest_only_with_trigger.py
[2022-08-22 20:22:05,995] {processor.py:654} INFO - DAG(s) dict_keys(['latest_only_with_trigger']) retrieved from /opt/anaconda3/envs/airflow_env/lib/python3.9/site-packages/airflow/example_dags/example_latest_only_with_trigger.py
[2022-08-22 20:22:06,003] {logging_mixin.py:109} INFO - [2022-08-22 20:22:06,003] {dag.py:2396} INFO - Sync 1 DAGs
[2022-08-22 20:22:06,007] {logging_mixin.py:109} INFO - [2022-08-22 20:22:06,007] {dag.py:2935} INFO - Setting next_dagrun for latest_only_with_trigger to 2022-08-22T21:22:06.007872+00:00
[2022-08-22 20:22:06,011] {processor.py:171} INFO - Processing /opt/anaconda3/envs/airflow_env/lib/python3.9/site-packages/airflow/example_dags/example_latest_only_with_trigger.py took 0.032 seconds
[2022-08-22 20:22:57,115] {processor.py:163} INFO - Started process (PID=2377) to work on /opt/anaconda3/envs/airflow_env/lib/python3.9/site-packages/airflow/example_dags/example_latest_only_with_trigger.py
[2022-08-22 20:22:57,115] {processor.py:642} INFO - Processing file /opt/anaconda3/envs/airflow_env/lib/python3.9/site-packages/airflow/example_dags/example_latest_only_with_trigger.py for tasks to queue
[2022-08-22 20:22:57,115] {logging_mixin.py:109} INFO - [2022-08-22 20:22:57,115] {dagbag.py:500} INFO - Filling up the DagBag from /opt/anaconda3/envs/airflow_env/lib/python3.9/site-packages/airflow/example_dags/example_latest_only_with_trigger.py
[2022-08-22 20:22:57,130] {processor.py:654} INFO - DAG(s) dict_keys(['latest_only_with_trigger']) retrieved from /opt/anaconda3/envs/airflow_env/lib/python3.9/site-packages/airflow/example_dags/example_latest_only_with_trigger.py
[2022-08-22 20:22:57,138] {logging_mixin.py:109} INFO - [2022-08-22 20:22:57,138] {dag.py:2396} INFO - Sync 1 DAGs
[2022-08-22 20:22:57,143] {logging_mixin.py:109} INFO - [2022-08-22 20:22:57,143] {dag.py:2935} INFO - Setting next_dagrun for latest_only_with_trigger to 2022-08-22T21:22:57.142995+00:00
[2022-08-22 20:22:57,146] {processor.py:171} INFO - Processing /opt/anaconda3/envs/airflow_env/lib/python3.9/site-packages/airflow/example_dags/example_latest_only_with_trigger.py took 0.032 seconds
[2022-08-22 20:23:58,323] {processor.py:163} INFO - Started process (PID=2417) to work on /opt/anaconda3/envs/airflow_env/lib/python3.9/site-packages/airflow/example_dags/example_latest_only_with_trigger.py
[2022-08-22 20:23:58,324] {processor.py:642} INFO - Processing file /opt/anaconda3/envs/airflow_env/lib/python3.9/site-packages/airflow/example_dags/example_latest_only_with_trigger.py for tasks to queue
[2022-08-22 20:23:58,325] {logging_mixin.py:109} INFO - [2022-08-22 20:23:58,325] {dagbag.py:500} INFO - Filling up the DagBag from /opt/anaconda3/envs/airflow_env/lib/python3.9/site-packages/airflow/example_dags/example_latest_only_with_trigger.py
[2022-08-22 20:23:58,340] {processor.py:654} INFO - DAG(s) dict_keys(['latest_only_with_trigger']) retrieved from /opt/anaconda3/envs/airflow_env/lib/python3.9/site-packages/airflow/example_dags/example_latest_only_with_trigger.py
[2022-08-22 20:23:58,349] {logging_mixin.py:109} INFO - [2022-08-22 20:23:58,349] {dag.py:2396} INFO - Sync 1 DAGs
[2022-08-22 20:23:58,354] {logging_mixin.py:109} INFO - [2022-08-22 20:23:58,354] {dag.py:2935} INFO - Setting next_dagrun for latest_only_with_trigger to 2022-08-22T21:23:58.354122+00:00
[2022-08-22 20:23:58,357] {processor.py:171} INFO - Processing /opt/anaconda3/envs/airflow_env/lib/python3.9/site-packages/airflow/example_dags/example_latest_only_with_trigger.py took 0.034 seconds
[2022-08-22 20:24:59,820] {processor.py:163} INFO - Started process (PID=2467) to work on /opt/anaconda3/envs/airflow_env/lib/python3.9/site-packages/airflow/example_dags/example_latest_only_with_trigger.py
[2022-08-22 20:24:59,822] {processor.py:642} INFO - Processing file /opt/anaconda3/envs/airflow_env/lib/python3.9/site-packages/airflow/example_dags/example_latest_only_with_trigger.py for tasks to queue
[2022-08-22 20:24:59,822] {logging_mixin.py:109} INFO - [2022-08-22 20:24:59,822] {dagbag.py:500} INFO - Filling up the DagBag from /opt/anaconda3/envs/airflow_env/lib/python3.9/site-packages/airflow/example_dags/example_latest_only_with_trigger.py
[2022-08-22 20:24:59,837] {processor.py:654} INFO - DAG(s) dict_keys(['latest_only_with_trigger']) retrieved from /opt/anaconda3/envs/airflow_env/lib/python3.9/site-packages/airflow/example_dags/example_latest_only_with_trigger.py
[2022-08-22 20:24:59,846] {logging_mixin.py:109} INFO - [2022-08-22 20:24:59,846] {dag.py:2396} INFO - Sync 1 DAGs
[2022-08-22 20:24:59,850] {logging_mixin.py:109} INFO - [2022-08-22 20:24:59,850] {dag.py:2935} INFO - Setting next_dagrun for latest_only_with_trigger to 2022-08-22T21:24:59.850359+00:00
[2022-08-22 20:24:59,853] {processor.py:171} INFO - Processing /opt/anaconda3/envs/airflow_env/lib/python3.9/site-packages/airflow/example_dags/example_latest_only_with_trigger.py took 0.033 seconds
[2022-08-22 20:26:03,348] {processor.py:163} INFO - Started process (PID=2574) to work on /opt/anaconda3/envs/airflow_env/lib/python3.9/site-packages/airflow/example_dags/example_latest_only_with_trigger.py
[2022-08-22 20:26:03,349] {processor.py:642} INFO - Processing file /opt/anaconda3/envs/airflow_env/lib/python3.9/site-packages/airflow/example_dags/example_latest_only_with_trigger.py for tasks to queue
[2022-08-22 20:26:03,349] {logging_mixin.py:109} INFO - [2022-08-22 20:26:03,349] {dagbag.py:500} INFO - Filling up the DagBag from /opt/anaconda3/envs/airflow_env/lib/python3.9/site-packages/airflow/example_dags/example_latest_only_with_trigger.py
[2022-08-22 20:26:03,365] {processor.py:654} INFO - DAG(s) dict_keys(['latest_only_with_trigger']) retrieved from /opt/anaconda3/envs/airflow_env/lib/python3.9/site-packages/airflow/example_dags/example_latest_only_with_trigger.py
[2022-08-22 20:26:03,374] {logging_mixin.py:109} INFO - [2022-08-22 20:26:03,373] {dag.py:2396} INFO - Sync 1 DAGs
[2022-08-22 20:26:03,379] {logging_mixin.py:109} INFO - [2022-08-22 20:26:03,379] {dag.py:2935} INFO - Setting next_dagrun for latest_only_with_trigger to 2022-08-22T21:26:03.379056+00:00
[2022-08-22 20:26:03,383] {processor.py:171} INFO - Processing /opt/anaconda3/envs/airflow_env/lib/python3.9/site-packages/airflow/example_dags/example_latest_only_with_trigger.py took 0.035 seconds
[2022-08-22 20:27:06,721] {processor.py:163} INFO - Started process (PID=2616) to work on /opt/anaconda3/envs/airflow_env/lib/python3.9/site-packages/airflow/example_dags/example_latest_only_with_trigger.py
[2022-08-22 20:27:06,721] {processor.py:642} INFO - Processing file /opt/anaconda3/envs/airflow_env/lib/python3.9/site-packages/airflow/example_dags/example_latest_only_with_trigger.py for tasks to queue
[2022-08-22 20:27:06,721] {logging_mixin.py:109} INFO - [2022-08-22 20:27:06,721] {dagbag.py:500} INFO - Filling up the DagBag from /opt/anaconda3/envs/airflow_env/lib/python3.9/site-packages/airflow/example_dags/example_latest_only_with_trigger.py
[2022-08-22 20:27:06,735] {processor.py:654} INFO - DAG(s) dict_keys(['latest_only_with_trigger']) retrieved from /opt/anaconda3/envs/airflow_env/lib/python3.9/site-packages/airflow/example_dags/example_latest_only_with_trigger.py
[2022-08-22 20:27:06,744] {logging_mixin.py:109} INFO - [2022-08-22 20:27:06,744] {dag.py:2396} INFO - Sync 1 DAGs
[2022-08-22 20:27:06,748] {logging_mixin.py:109} INFO - [2022-08-22 20:27:06,748] {dag.py:2935} INFO - Setting next_dagrun for latest_only_with_trigger to 2022-08-22T21:27:06.748642+00:00
[2022-08-22 20:27:06,752] {processor.py:171} INFO - Processing /opt/anaconda3/envs/airflow_env/lib/python3.9/site-packages/airflow/example_dags/example_latest_only_with_trigger.py took 0.032 seconds
[2022-08-22 20:29:16,885] {processor.py:163} INFO - Started process (PID=2741) to work on /opt/anaconda3/envs/airflow_env/lib/python3.9/site-packages/airflow/example_dags/example_latest_only_with_trigger.py
[2022-08-22 20:29:16,887] {processor.py:642} INFO - Processing file /opt/anaconda3/envs/airflow_env/lib/python3.9/site-packages/airflow/example_dags/example_latest_only_with_trigger.py for tasks to queue
[2022-08-22 20:29:16,887] {logging_mixin.py:109} INFO - [2022-08-22 20:29:16,887] {dagbag.py:500} INFO - Filling up the DagBag from /opt/anaconda3/envs/airflow_env/lib/python3.9/site-packages/airflow/example_dags/example_latest_only_with_trigger.py
[2022-08-22 20:29:16,901] {processor.py:654} INFO - DAG(s) dict_keys(['latest_only_with_trigger']) retrieved from /opt/anaconda3/envs/airflow_env/lib/python3.9/site-packages/airflow/example_dags/example_latest_only_with_trigger.py
[2022-08-22 20:29:16,910] {logging_mixin.py:109} INFO - [2022-08-22 20:29:16,910] {dag.py:2396} INFO - Sync 1 DAGs
[2022-08-22 20:29:16,915] {logging_mixin.py:109} INFO - [2022-08-22 20:29:16,915] {dag.py:2935} INFO - Setting next_dagrun for latest_only_with_trigger to 2022-08-22T21:29:16.915159+00:00
[2022-08-22 20:29:16,918] {processor.py:171} INFO - Processing /opt/anaconda3/envs/airflow_env/lib/python3.9/site-packages/airflow/example_dags/example_latest_only_with_trigger.py took 0.033 seconds
[2022-08-22 20:30:20,360] {processor.py:163} INFO - Started process (PID=2790) to work on /opt/anaconda3/envs/airflow_env/lib/python3.9/site-packages/airflow/example_dags/example_latest_only_with_trigger.py
[2022-08-22 20:30:20,361] {processor.py:642} INFO - Processing file /opt/anaconda3/envs/airflow_env/lib/python3.9/site-packages/airflow/example_dags/example_latest_only_with_trigger.py for tasks to queue
[2022-08-22 20:30:20,361] {logging_mixin.py:109} INFO - [2022-08-22 20:30:20,361] {dagbag.py:500} INFO - Filling up the DagBag from /opt/anaconda3/envs/airflow_env/lib/python3.9/site-packages/airflow/example_dags/example_latest_only_with_trigger.py
[2022-08-22 20:30:20,377] {processor.py:654} INFO - DAG(s) dict_keys(['latest_only_with_trigger']) retrieved from /opt/anaconda3/envs/airflow_env/lib/python3.9/site-packages/airflow/example_dags/example_latest_only_with_trigger.py
[2022-08-22 20:30:20,387] {logging_mixin.py:109} INFO - [2022-08-22 20:30:20,387] {dag.py:2396} INFO - Sync 1 DAGs
[2022-08-22 20:30:20,393] {logging_mixin.py:109} INFO - [2022-08-22 20:30:20,393] {dag.py:2935} INFO - Setting next_dagrun for latest_only_with_trigger to 2022-08-22T21:30:20.393050+00:00
[2022-08-22 20:30:20,399] {processor.py:171} INFO - Processing /opt/anaconda3/envs/airflow_env/lib/python3.9/site-packages/airflow/example_dags/example_latest_only_with_trigger.py took 0.039 seconds
