[2022-08-22 19:59:19,108] {processor.py:163} INFO - Started process (PID=16790) to work on /opt/anaconda3/envs/airflow_env/lib/python3.9/site-packages/airflow/example_dags/example_branch_datetime_operator.py
[2022-08-22 19:59:19,109] {processor.py:642} INFO - Processing file /opt/anaconda3/envs/airflow_env/lib/python3.9/site-packages/airflow/example_dags/example_branch_datetime_operator.py for tasks to queue
[2022-08-22 19:59:19,109] {logging_mixin.py:109} INFO - [2022-08-22 19:59:19,109] {dagbag.py:500} INFO - Filling up the DagBag from /opt/anaconda3/envs/airflow_env/lib/python3.9/site-packages/airflow/example_dags/example_branch_datetime_operator.py
[2022-08-22 19:59:19,127] {processor.py:654} INFO - DAG(s) dict_keys(['example_branch_datetime_operator_2']) retrieved from /opt/anaconda3/envs/airflow_env/lib/python3.9/site-packages/airflow/example_dags/example_branch_datetime_operator.py
[2022-08-22 19:59:19,140] {logging_mixin.py:109} INFO - [2022-08-22 19:59:19,140] {dag.py:2396} INFO - Sync 1 DAGs
[2022-08-22 19:59:19,147] {logging_mixin.py:109} INFO - [2022-08-22 19:59:19,147] {dag.py:2935} INFO - Setting next_dagrun for example_branch_datetime_operator_2 to 2022-08-22 00:00:00+00:00
[2022-08-22 19:59:19,150] {processor.py:171} INFO - Processing /opt/anaconda3/envs/airflow_env/lib/python3.9/site-packages/airflow/example_dags/example_branch_datetime_operator.py took 0.043 seconds
[2022-08-22 20:00:25,957] {processor.py:163} INFO - Started process (PID=16848) to work on /opt/anaconda3/envs/airflow_env/lib/python3.9/site-packages/airflow/example_dags/example_branch_datetime_operator.py
[2022-08-22 20:00:25,958] {processor.py:642} INFO - Processing file /opt/anaconda3/envs/airflow_env/lib/python3.9/site-packages/airflow/example_dags/example_branch_datetime_operator.py for tasks to queue
[2022-08-22 20:00:25,959] {logging_mixin.py:109} INFO - [2022-08-22 20:00:25,959] {dagbag.py:500} INFO - Filling up the DagBag from /opt/anaconda3/envs/airflow_env/lib/python3.9/site-packages/airflow/example_dags/example_branch_datetime_operator.py
[2022-08-22 20:00:25,978] {processor.py:654} INFO - DAG(s) dict_keys(['example_branch_datetime_operator_2']) retrieved from /opt/anaconda3/envs/airflow_env/lib/python3.9/site-packages/airflow/example_dags/example_branch_datetime_operator.py
[2022-08-22 20:00:25,988] {logging_mixin.py:109} INFO - [2022-08-22 20:00:25,988] {dag.py:2396} INFO - Sync 1 DAGs
[2022-08-22 20:00:25,994] {logging_mixin.py:109} INFO - [2022-08-22 20:00:25,994] {dag.py:2935} INFO - Setting next_dagrun for example_branch_datetime_operator_2 to 2022-08-22 00:00:00+00:00
[2022-08-22 20:00:25,998] {processor.py:171} INFO - Processing /opt/anaconda3/envs/airflow_env/lib/python3.9/site-packages/airflow/example_dags/example_branch_datetime_operator.py took 0.041 seconds
[2022-08-22 20:01:32,653] {processor.py:163} INFO - Started process (PID=16890) to work on /opt/anaconda3/envs/airflow_env/lib/python3.9/site-packages/airflow/example_dags/example_branch_datetime_operator.py
[2022-08-22 20:01:32,654] {processor.py:642} INFO - Processing file /opt/anaconda3/envs/airflow_env/lib/python3.9/site-packages/airflow/example_dags/example_branch_datetime_operator.py for tasks to queue
[2022-08-22 20:01:32,654] {logging_mixin.py:109} INFO - [2022-08-22 20:01:32,654] {dagbag.py:500} INFO - Filling up the DagBag from /opt/anaconda3/envs/airflow_env/lib/python3.9/site-packages/airflow/example_dags/example_branch_datetime_operator.py
[2022-08-22 20:01:32,670] {processor.py:654} INFO - DAG(s) dict_keys(['example_branch_datetime_operator_2']) retrieved from /opt/anaconda3/envs/airflow_env/lib/python3.9/site-packages/airflow/example_dags/example_branch_datetime_operator.py
[2022-08-22 20:01:32,681] {logging_mixin.py:109} INFO - [2022-08-22 20:01:32,680] {dag.py:2396} INFO - Sync 1 DAGs
[2022-08-22 20:01:32,686] {logging_mixin.py:109} INFO - [2022-08-22 20:01:32,686] {dag.py:2935} INFO - Setting next_dagrun for example_branch_datetime_operator_2 to 2022-08-22 00:00:00+00:00
[2022-08-22 20:01:32,690] {processor.py:171} INFO - Processing /opt/anaconda3/envs/airflow_env/lib/python3.9/site-packages/airflow/example_dags/example_branch_datetime_operator.py took 0.037 seconds
[2022-08-22 20:02:39,383] {processor.py:163} INFO - Started process (PID=16932) to work on /opt/anaconda3/envs/airflow_env/lib/python3.9/site-packages/airflow/example_dags/example_branch_datetime_operator.py
[2022-08-22 20:02:39,385] {processor.py:642} INFO - Processing file /opt/anaconda3/envs/airflow_env/lib/python3.9/site-packages/airflow/example_dags/example_branch_datetime_operator.py for tasks to queue
[2022-08-22 20:02:39,385] {logging_mixin.py:109} INFO - [2022-08-22 20:02:39,385] {dagbag.py:500} INFO - Filling up the DagBag from /opt/anaconda3/envs/airflow_env/lib/python3.9/site-packages/airflow/example_dags/example_branch_datetime_operator.py
[2022-08-22 20:02:39,402] {processor.py:654} INFO - DAG(s) dict_keys(['example_branch_datetime_operator_2']) retrieved from /opt/anaconda3/envs/airflow_env/lib/python3.9/site-packages/airflow/example_dags/example_branch_datetime_operator.py
[2022-08-22 20:02:39,412] {logging_mixin.py:109} INFO - [2022-08-22 20:02:39,411] {dag.py:2396} INFO - Sync 1 DAGs
[2022-08-22 20:02:39,417] {logging_mixin.py:109} INFO - [2022-08-22 20:02:39,417] {dag.py:2935} INFO - Setting next_dagrun for example_branch_datetime_operator_2 to 2022-08-22 00:00:00+00:00
[2022-08-22 20:02:39,420] {processor.py:171} INFO - Processing /opt/anaconda3/envs/airflow_env/lib/python3.9/site-packages/airflow/example_dags/example_branch_datetime_operator.py took 0.038 seconds
[2022-08-22 20:03:43,329] {processor.py:163} INFO - Started process (PID=16981) to work on /opt/anaconda3/envs/airflow_env/lib/python3.9/site-packages/airflow/example_dags/example_branch_datetime_operator.py
[2022-08-22 20:03:43,329] {processor.py:642} INFO - Processing file /opt/anaconda3/envs/airflow_env/lib/python3.9/site-packages/airflow/example_dags/example_branch_datetime_operator.py for tasks to queue
[2022-08-22 20:03:43,329] {logging_mixin.py:109} INFO - [2022-08-22 20:03:43,329] {dagbag.py:500} INFO - Filling up the DagBag from /opt/anaconda3/envs/airflow_env/lib/python3.9/site-packages/airflow/example_dags/example_branch_datetime_operator.py
[2022-08-22 20:03:43,346] {processor.py:654} INFO - DAG(s) dict_keys(['example_branch_datetime_operator_2']) retrieved from /opt/anaconda3/envs/airflow_env/lib/python3.9/site-packages/airflow/example_dags/example_branch_datetime_operator.py
[2022-08-22 20:03:43,356] {logging_mixin.py:109} INFO - [2022-08-22 20:03:43,356] {dag.py:2396} INFO - Sync 1 DAGs
[2022-08-22 20:03:43,362] {logging_mixin.py:109} INFO - [2022-08-22 20:03:43,362] {dag.py:2935} INFO - Setting next_dagrun for example_branch_datetime_operator_2 to 2022-08-22 00:00:00+00:00
[2022-08-22 20:03:43,366] {processor.py:171} INFO - Processing /opt/anaconda3/envs/airflow_env/lib/python3.9/site-packages/airflow/example_dags/example_branch_datetime_operator.py took 0.038 seconds
[2022-08-22 20:04:47,991] {processor.py:163} INFO - Started process (PID=17065) to work on /opt/anaconda3/envs/airflow_env/lib/python3.9/site-packages/airflow/example_dags/example_branch_datetime_operator.py
[2022-08-22 20:04:47,992] {processor.py:642} INFO - Processing file /opt/anaconda3/envs/airflow_env/lib/python3.9/site-packages/airflow/example_dags/example_branch_datetime_operator.py for tasks to queue
[2022-08-22 20:04:47,992] {logging_mixin.py:109} INFO - [2022-08-22 20:04:47,992] {dagbag.py:500} INFO - Filling up the DagBag from /opt/anaconda3/envs/airflow_env/lib/python3.9/site-packages/airflow/example_dags/example_branch_datetime_operator.py
[2022-08-22 20:04:48,009] {processor.py:654} INFO - DAG(s) dict_keys(['example_branch_datetime_operator_2']) retrieved from /opt/anaconda3/envs/airflow_env/lib/python3.9/site-packages/airflow/example_dags/example_branch_datetime_operator.py
[2022-08-22 20:04:48,019] {logging_mixin.py:109} INFO - [2022-08-22 20:04:48,019] {dag.py:2396} INFO - Sync 1 DAGs
[2022-08-22 20:04:48,025] {logging_mixin.py:109} INFO - [2022-08-22 20:04:48,025] {dag.py:2935} INFO - Setting next_dagrun for example_branch_datetime_operator_2 to 2022-08-22 00:00:00+00:00
[2022-08-22 20:04:48,029] {processor.py:171} INFO - Processing /opt/anaconda3/envs/airflow_env/lib/python3.9/site-packages/airflow/example_dags/example_branch_datetime_operator.py took 0.038 seconds
[2022-08-22 20:05:53,906] {processor.py:163} INFO - Started process (PID=17109) to work on /opt/anaconda3/envs/airflow_env/lib/python3.9/site-packages/airflow/example_dags/example_branch_datetime_operator.py
[2022-08-22 20:05:53,907] {processor.py:642} INFO - Processing file /opt/anaconda3/envs/airflow_env/lib/python3.9/site-packages/airflow/example_dags/example_branch_datetime_operator.py for tasks to queue
[2022-08-22 20:05:53,907] {logging_mixin.py:109} INFO - [2022-08-22 20:05:53,907] {dagbag.py:500} INFO - Filling up the DagBag from /opt/anaconda3/envs/airflow_env/lib/python3.9/site-packages/airflow/example_dags/example_branch_datetime_operator.py
[2022-08-22 20:05:53,922] {processor.py:654} INFO - DAG(s) dict_keys(['example_branch_datetime_operator_2']) retrieved from /opt/anaconda3/envs/airflow_env/lib/python3.9/site-packages/airflow/example_dags/example_branch_datetime_operator.py
[2022-08-22 20:05:53,932] {logging_mixin.py:109} INFO - [2022-08-22 20:05:53,932] {dag.py:2396} INFO - Sync 1 DAGs
[2022-08-22 20:05:53,937] {logging_mixin.py:109} INFO - [2022-08-22 20:05:53,937] {dag.py:2935} INFO - Setting next_dagrun for example_branch_datetime_operator_2 to 2022-08-22 00:00:00+00:00
[2022-08-22 20:05:53,940] {processor.py:171} INFO - Processing /opt/anaconda3/envs/airflow_env/lib/python3.9/site-packages/airflow/example_dags/example_branch_datetime_operator.py took 0.035 seconds
[2022-08-22 20:13:06,847] {processor.py:163} INFO - Started process (PID=1457) to work on /opt/anaconda3/envs/airflow_env/lib/python3.9/site-packages/airflow/example_dags/example_branch_datetime_operator.py
[2022-08-22 20:13:06,848] {processor.py:642} INFO - Processing file /opt/anaconda3/envs/airflow_env/lib/python3.9/site-packages/airflow/example_dags/example_branch_datetime_operator.py for tasks to queue
[2022-08-22 20:13:06,849] {logging_mixin.py:109} INFO - [2022-08-22 20:13:06,849] {dagbag.py:500} INFO - Filling up the DagBag from /opt/anaconda3/envs/airflow_env/lib/python3.9/site-packages/airflow/example_dags/example_branch_datetime_operator.py
[2022-08-22 20:13:06,866] {processor.py:654} INFO - DAG(s) dict_keys(['example_branch_datetime_operator_2']) retrieved from /opt/anaconda3/envs/airflow_env/lib/python3.9/site-packages/airflow/example_dags/example_branch_datetime_operator.py
[2022-08-22 20:13:06,876] {logging_mixin.py:109} INFO - [2022-08-22 20:13:06,876] {dag.py:2396} INFO - Sync 1 DAGs
[2022-08-22 20:13:06,881] {logging_mixin.py:109} INFO - [2022-08-22 20:13:06,881] {dag.py:2935} INFO - Setting next_dagrun for example_branch_datetime_operator_2 to 2022-08-22 00:00:00+00:00
[2022-08-22 20:13:06,885] {processor.py:171} INFO - Processing /opt/anaconda3/envs/airflow_env/lib/python3.9/site-packages/airflow/example_dags/example_branch_datetime_operator.py took 0.039 seconds
[2022-08-22 20:14:10,129] {processor.py:163} INFO - Started process (PID=1515) to work on /opt/anaconda3/envs/airflow_env/lib/python3.9/site-packages/airflow/example_dags/example_branch_datetime_operator.py
[2022-08-22 20:14:10,130] {processor.py:642} INFO - Processing file /opt/anaconda3/envs/airflow_env/lib/python3.9/site-packages/airflow/example_dags/example_branch_datetime_operator.py for tasks to queue
[2022-08-22 20:14:10,130] {logging_mixin.py:109} INFO - [2022-08-22 20:14:10,130] {dagbag.py:500} INFO - Filling up the DagBag from /opt/anaconda3/envs/airflow_env/lib/python3.9/site-packages/airflow/example_dags/example_branch_datetime_operator.py
[2022-08-22 20:14:10,145] {processor.py:654} INFO - DAG(s) dict_keys(['example_branch_datetime_operator_2']) retrieved from /opt/anaconda3/envs/airflow_env/lib/python3.9/site-packages/airflow/example_dags/example_branch_datetime_operator.py
[2022-08-22 20:14:10,154] {logging_mixin.py:109} INFO - [2022-08-22 20:14:10,154] {dag.py:2396} INFO - Sync 1 DAGs
[2022-08-22 20:14:10,158] {logging_mixin.py:109} INFO - [2022-08-22 20:14:10,158] {dag.py:2935} INFO - Setting next_dagrun for example_branch_datetime_operator_2 to 2022-08-22 00:00:00+00:00
[2022-08-22 20:14:10,162] {processor.py:171} INFO - Processing /opt/anaconda3/envs/airflow_env/lib/python3.9/site-packages/airflow/example_dags/example_branch_datetime_operator.py took 0.033 seconds
[2022-08-22 20:15:11,620] {processor.py:163} INFO - Started process (PID=1672) to work on /opt/anaconda3/envs/airflow_env/lib/python3.9/site-packages/airflow/example_dags/example_branch_datetime_operator.py
[2022-08-22 20:15:11,621] {processor.py:642} INFO - Processing file /opt/anaconda3/envs/airflow_env/lib/python3.9/site-packages/airflow/example_dags/example_branch_datetime_operator.py for tasks to queue
[2022-08-22 20:15:11,621] {logging_mixin.py:109} INFO - [2022-08-22 20:15:11,621] {dagbag.py:500} INFO - Filling up the DagBag from /opt/anaconda3/envs/airflow_env/lib/python3.9/site-packages/airflow/example_dags/example_branch_datetime_operator.py
[2022-08-22 20:15:11,638] {processor.py:654} INFO - DAG(s) dict_keys(['example_branch_datetime_operator_2']) retrieved from /opt/anaconda3/envs/airflow_env/lib/python3.9/site-packages/airflow/example_dags/example_branch_datetime_operator.py
[2022-08-22 20:15:11,649] {logging_mixin.py:109} INFO - [2022-08-22 20:15:11,649] {dag.py:2396} INFO - Sync 1 DAGs
[2022-08-22 20:15:11,654] {logging_mixin.py:109} INFO - [2022-08-22 20:15:11,654] {dag.py:2935} INFO - Setting next_dagrun for example_branch_datetime_operator_2 to 2022-08-22 00:00:00+00:00
[2022-08-22 20:15:11,658] {processor.py:171} INFO - Processing /opt/anaconda3/envs/airflow_env/lib/python3.9/site-packages/airflow/example_dags/example_branch_datetime_operator.py took 0.038 seconds
[2022-08-22 20:16:15,312] {processor.py:163} INFO - Started process (PID=1868) to work on /opt/anaconda3/envs/airflow_env/lib/python3.9/site-packages/airflow/example_dags/example_branch_datetime_operator.py
[2022-08-22 20:16:15,312] {processor.py:642} INFO - Processing file /opt/anaconda3/envs/airflow_env/lib/python3.9/site-packages/airflow/example_dags/example_branch_datetime_operator.py for tasks to queue
[2022-08-22 20:16:15,313] {logging_mixin.py:109} INFO - [2022-08-22 20:16:15,312] {dagbag.py:500} INFO - Filling up the DagBag from /opt/anaconda3/envs/airflow_env/lib/python3.9/site-packages/airflow/example_dags/example_branch_datetime_operator.py
[2022-08-22 20:16:15,328] {processor.py:654} INFO - DAG(s) dict_keys(['example_branch_datetime_operator_2']) retrieved from /opt/anaconda3/envs/airflow_env/lib/python3.9/site-packages/airflow/example_dags/example_branch_datetime_operator.py
[2022-08-22 20:16:15,337] {logging_mixin.py:109} INFO - [2022-08-22 20:16:15,337] {dag.py:2396} INFO - Sync 1 DAGs
[2022-08-22 20:16:15,342] {logging_mixin.py:109} INFO - [2022-08-22 20:16:15,342] {dag.py:2935} INFO - Setting next_dagrun for example_branch_datetime_operator_2 to 2022-08-22 00:00:00+00:00
[2022-08-22 20:16:15,346] {processor.py:171} INFO - Processing /opt/anaconda3/envs/airflow_env/lib/python3.9/site-packages/airflow/example_dags/example_branch_datetime_operator.py took 0.034 seconds
[2022-08-22 20:17:15,333] {processor.py:163} INFO - Started process (PID=1946) to work on /opt/anaconda3/envs/airflow_env/lib/python3.9/site-packages/airflow/example_dags/example_branch_datetime_operator.py
[2022-08-22 20:17:15,333] {processor.py:642} INFO - Processing file /opt/anaconda3/envs/airflow_env/lib/python3.9/site-packages/airflow/example_dags/example_branch_datetime_operator.py for tasks to queue
[2022-08-22 20:17:15,333] {logging_mixin.py:109} INFO - [2022-08-22 20:17:15,333] {dagbag.py:500} INFO - Filling up the DagBag from /opt/anaconda3/envs/airflow_env/lib/python3.9/site-packages/airflow/example_dags/example_branch_datetime_operator.py
[2022-08-22 20:17:15,348] {processor.py:654} INFO - DAG(s) dict_keys(['example_branch_datetime_operator_2']) retrieved from /opt/anaconda3/envs/airflow_env/lib/python3.9/site-packages/airflow/example_dags/example_branch_datetime_operator.py
[2022-08-22 20:17:15,356] {logging_mixin.py:109} INFO - [2022-08-22 20:17:15,356] {dag.py:2396} INFO - Sync 1 DAGs
[2022-08-22 20:17:15,361] {logging_mixin.py:109} INFO - [2022-08-22 20:17:15,361] {dag.py:2935} INFO - Setting next_dagrun for example_branch_datetime_operator_2 to 2022-08-22 00:00:00+00:00
[2022-08-22 20:17:15,365] {processor.py:171} INFO - Processing /opt/anaconda3/envs/airflow_env/lib/python3.9/site-packages/airflow/example_dags/example_branch_datetime_operator.py took 0.032 seconds
[2022-08-22 20:18:15,272] {processor.py:163} INFO - Started process (PID=1990) to work on /opt/anaconda3/envs/airflow_env/lib/python3.9/site-packages/airflow/example_dags/example_branch_datetime_operator.py
[2022-08-22 20:18:15,272] {processor.py:642} INFO - Processing file /opt/anaconda3/envs/airflow_env/lib/python3.9/site-packages/airflow/example_dags/example_branch_datetime_operator.py for tasks to queue
[2022-08-22 20:18:15,272] {logging_mixin.py:109} INFO - [2022-08-22 20:18:15,272] {dagbag.py:500} INFO - Filling up the DagBag from /opt/anaconda3/envs/airflow_env/lib/python3.9/site-packages/airflow/example_dags/example_branch_datetime_operator.py
[2022-08-22 20:18:15,287] {processor.py:654} INFO - DAG(s) dict_keys(['example_branch_datetime_operator_2']) retrieved from /opt/anaconda3/envs/airflow_env/lib/python3.9/site-packages/airflow/example_dags/example_branch_datetime_operator.py
[2022-08-22 20:18:15,295] {logging_mixin.py:109} INFO - [2022-08-22 20:18:15,295] {dag.py:2396} INFO - Sync 1 DAGs
[2022-08-22 20:18:15,300] {logging_mixin.py:109} INFO - [2022-08-22 20:18:15,300] {dag.py:2935} INFO - Setting next_dagrun for example_branch_datetime_operator_2 to 2022-08-22 00:00:00+00:00
[2022-08-22 20:18:15,303] {processor.py:171} INFO - Processing /opt/anaconda3/envs/airflow_env/lib/python3.9/site-packages/airflow/example_dags/example_branch_datetime_operator.py took 0.032 seconds
[2022-08-22 20:19:16,530] {processor.py:163} INFO - Started process (PID=2072) to work on /opt/anaconda3/envs/airflow_env/lib/python3.9/site-packages/airflow/example_dags/example_branch_datetime_operator.py
[2022-08-22 20:19:16,531] {processor.py:642} INFO - Processing file /opt/anaconda3/envs/airflow_env/lib/python3.9/site-packages/airflow/example_dags/example_branch_datetime_operator.py for tasks to queue
[2022-08-22 20:19:16,531] {logging_mixin.py:109} INFO - [2022-08-22 20:19:16,531] {dagbag.py:500} INFO - Filling up the DagBag from /opt/anaconda3/envs/airflow_env/lib/python3.9/site-packages/airflow/example_dags/example_branch_datetime_operator.py
[2022-08-22 20:19:16,545] {processor.py:654} INFO - DAG(s) dict_keys(['example_branch_datetime_operator_2']) retrieved from /opt/anaconda3/envs/airflow_env/lib/python3.9/site-packages/airflow/example_dags/example_branch_datetime_operator.py
[2022-08-22 20:19:16,554] {logging_mixin.py:109} INFO - [2022-08-22 20:19:16,554] {dag.py:2396} INFO - Sync 1 DAGs
[2022-08-22 20:19:16,559] {logging_mixin.py:109} INFO - [2022-08-22 20:19:16,559] {dag.py:2935} INFO - Setting next_dagrun for example_branch_datetime_operator_2 to 2022-08-22 00:00:00+00:00
[2022-08-22 20:19:16,562] {processor.py:171} INFO - Processing /opt/anaconda3/envs/airflow_env/lib/python3.9/site-packages/airflow/example_dags/example_branch_datetime_operator.py took 0.032 seconds
[2022-08-22 20:20:19,882] {processor.py:163} INFO - Started process (PID=2154) to work on /opt/anaconda3/envs/airflow_env/lib/python3.9/site-packages/airflow/example_dags/example_branch_datetime_operator.py
[2022-08-22 20:20:19,882] {processor.py:642} INFO - Processing file /opt/anaconda3/envs/airflow_env/lib/python3.9/site-packages/airflow/example_dags/example_branch_datetime_operator.py for tasks to queue
[2022-08-22 20:20:19,882] {logging_mixin.py:109} INFO - [2022-08-22 20:20:19,882] {dagbag.py:500} INFO - Filling up the DagBag from /opt/anaconda3/envs/airflow_env/lib/python3.9/site-packages/airflow/example_dags/example_branch_datetime_operator.py
[2022-08-22 20:20:19,897] {processor.py:654} INFO - DAG(s) dict_keys(['example_branch_datetime_operator_2']) retrieved from /opt/anaconda3/envs/airflow_env/lib/python3.9/site-packages/airflow/example_dags/example_branch_datetime_operator.py
[2022-08-22 20:20:19,906] {logging_mixin.py:109} INFO - [2022-08-22 20:20:19,906] {dag.py:2396} INFO - Sync 1 DAGs
[2022-08-22 20:20:19,911] {logging_mixin.py:109} INFO - [2022-08-22 20:20:19,910] {dag.py:2935} INFO - Setting next_dagrun for example_branch_datetime_operator_2 to 2022-08-22 00:00:00+00:00
[2022-08-22 20:20:19,914] {processor.py:171} INFO - Processing /opt/anaconda3/envs/airflow_env/lib/python3.9/site-packages/airflow/example_dags/example_branch_datetime_operator.py took 0.033 seconds
[2022-08-22 20:21:21,406] {processor.py:163} INFO - Started process (PID=2289) to work on /opt/anaconda3/envs/airflow_env/lib/python3.9/site-packages/airflow/example_dags/example_branch_datetime_operator.py
[2022-08-22 20:21:21,407] {processor.py:642} INFO - Processing file /opt/anaconda3/envs/airflow_env/lib/python3.9/site-packages/airflow/example_dags/example_branch_datetime_operator.py for tasks to queue
[2022-08-22 20:21:21,408] {logging_mixin.py:109} INFO - [2022-08-22 20:21:21,408] {dagbag.py:500} INFO - Filling up the DagBag from /opt/anaconda3/envs/airflow_env/lib/python3.9/site-packages/airflow/example_dags/example_branch_datetime_operator.py
[2022-08-22 20:21:21,424] {processor.py:654} INFO - DAG(s) dict_keys(['example_branch_datetime_operator_2']) retrieved from /opt/anaconda3/envs/airflow_env/lib/python3.9/site-packages/airflow/example_dags/example_branch_datetime_operator.py
[2022-08-22 20:21:21,434] {logging_mixin.py:109} INFO - [2022-08-22 20:21:21,434] {dag.py:2396} INFO - Sync 1 DAGs
[2022-08-22 20:21:21,439] {logging_mixin.py:109} INFO - [2022-08-22 20:21:21,439] {dag.py:2935} INFO - Setting next_dagrun for example_branch_datetime_operator_2 to 2022-08-22 00:00:00+00:00
[2022-08-22 20:21:21,442] {processor.py:171} INFO - Processing /opt/anaconda3/envs/airflow_env/lib/python3.9/site-packages/airflow/example_dags/example_branch_datetime_operator.py took 0.036 seconds
[2022-08-22 20:23:16,126] {processor.py:163} INFO - Started process (PID=2389) to work on /opt/anaconda3/envs/airflow_env/lib/python3.9/site-packages/airflow/example_dags/example_branch_datetime_operator.py
[2022-08-22 20:23:16,126] {processor.py:642} INFO - Processing file /opt/anaconda3/envs/airflow_env/lib/python3.9/site-packages/airflow/example_dags/example_branch_datetime_operator.py for tasks to queue
[2022-08-22 20:23:16,126] {logging_mixin.py:109} INFO - [2022-08-22 20:23:16,126] {dagbag.py:500} INFO - Filling up the DagBag from /opt/anaconda3/envs/airflow_env/lib/python3.9/site-packages/airflow/example_dags/example_branch_datetime_operator.py
[2022-08-22 20:23:16,142] {processor.py:654} INFO - DAG(s) dict_keys(['example_branch_datetime_operator_2']) retrieved from /opt/anaconda3/envs/airflow_env/lib/python3.9/site-packages/airflow/example_dags/example_branch_datetime_operator.py
[2022-08-22 20:23:16,150] {logging_mixin.py:109} INFO - [2022-08-22 20:23:16,150] {dag.py:2396} INFO - Sync 1 DAGs
[2022-08-22 20:23:16,155] {logging_mixin.py:109} INFO - [2022-08-22 20:23:16,155] {dag.py:2935} INFO - Setting next_dagrun for example_branch_datetime_operator_2 to 2022-08-22 00:00:00+00:00
[2022-08-22 20:23:16,159] {processor.py:171} INFO - Processing /opt/anaconda3/envs/airflow_env/lib/python3.9/site-packages/airflow/example_dags/example_branch_datetime_operator.py took 0.034 seconds
[2022-08-22 20:24:17,496] {processor.py:163} INFO - Started process (PID=2428) to work on /opt/anaconda3/envs/airflow_env/lib/python3.9/site-packages/airflow/example_dags/example_branch_datetime_operator.py
[2022-08-22 20:24:17,498] {processor.py:642} INFO - Processing file /opt/anaconda3/envs/airflow_env/lib/python3.9/site-packages/airflow/example_dags/example_branch_datetime_operator.py for tasks to queue
[2022-08-22 20:24:17,498] {logging_mixin.py:109} INFO - [2022-08-22 20:24:17,498] {dagbag.py:500} INFO - Filling up the DagBag from /opt/anaconda3/envs/airflow_env/lib/python3.9/site-packages/airflow/example_dags/example_branch_datetime_operator.py
[2022-08-22 20:24:17,514] {processor.py:654} INFO - DAG(s) dict_keys(['example_branch_datetime_operator_2']) retrieved from /opt/anaconda3/envs/airflow_env/lib/python3.9/site-packages/airflow/example_dags/example_branch_datetime_operator.py
[2022-08-22 20:24:17,525] {logging_mixin.py:109} INFO - [2022-08-22 20:24:17,524] {dag.py:2396} INFO - Sync 1 DAGs
[2022-08-22 20:24:17,530] {logging_mixin.py:109} INFO - [2022-08-22 20:24:17,530] {dag.py:2935} INFO - Setting next_dagrun for example_branch_datetime_operator_2 to 2022-08-22 00:00:00+00:00
[2022-08-22 20:24:17,534] {processor.py:171} INFO - Processing /opt/anaconda3/envs/airflow_env/lib/python3.9/site-packages/airflow/example_dags/example_branch_datetime_operator.py took 0.038 seconds
[2022-08-22 20:25:19,189] {processor.py:163} INFO - Started process (PID=2540) to work on /opt/anaconda3/envs/airflow_env/lib/python3.9/site-packages/airflow/example_dags/example_branch_datetime_operator.py
[2022-08-22 20:25:19,190] {processor.py:642} INFO - Processing file /opt/anaconda3/envs/airflow_env/lib/python3.9/site-packages/airflow/example_dags/example_branch_datetime_operator.py for tasks to queue
[2022-08-22 20:25:19,191] {logging_mixin.py:109} INFO - [2022-08-22 20:25:19,191] {dagbag.py:500} INFO - Filling up the DagBag from /opt/anaconda3/envs/airflow_env/lib/python3.9/site-packages/airflow/example_dags/example_branch_datetime_operator.py
[2022-08-22 20:25:19,208] {processor.py:654} INFO - DAG(s) dict_keys(['example_branch_datetime_operator_2']) retrieved from /opt/anaconda3/envs/airflow_env/lib/python3.9/site-packages/airflow/example_dags/example_branch_datetime_operator.py
[2022-08-22 20:25:19,217] {logging_mixin.py:109} INFO - [2022-08-22 20:25:19,217] {dag.py:2396} INFO - Sync 1 DAGs
[2022-08-22 20:25:19,222] {logging_mixin.py:109} INFO - [2022-08-22 20:25:19,222] {dag.py:2935} INFO - Setting next_dagrun for example_branch_datetime_operator_2 to 2022-08-22 00:00:00+00:00
[2022-08-22 20:25:19,226] {processor.py:171} INFO - Processing /opt/anaconda3/envs/airflow_env/lib/python3.9/site-packages/airflow/example_dags/example_branch_datetime_operator.py took 0.037 seconds
[2022-08-22 20:26:22,491] {processor.py:163} INFO - Started process (PID=2587) to work on /opt/anaconda3/envs/airflow_env/lib/python3.9/site-packages/airflow/example_dags/example_branch_datetime_operator.py
[2022-08-22 20:26:22,491] {processor.py:642} INFO - Processing file /opt/anaconda3/envs/airflow_env/lib/python3.9/site-packages/airflow/example_dags/example_branch_datetime_operator.py for tasks to queue
[2022-08-22 20:26:22,491] {logging_mixin.py:109} INFO - [2022-08-22 20:26:22,491] {dagbag.py:500} INFO - Filling up the DagBag from /opt/anaconda3/envs/airflow_env/lib/python3.9/site-packages/airflow/example_dags/example_branch_datetime_operator.py
[2022-08-22 20:26:22,506] {processor.py:654} INFO - DAG(s) dict_keys(['example_branch_datetime_operator_2']) retrieved from /opt/anaconda3/envs/airflow_env/lib/python3.9/site-packages/airflow/example_dags/example_branch_datetime_operator.py
[2022-08-22 20:26:22,515] {logging_mixin.py:109} INFO - [2022-08-22 20:26:22,515] {dag.py:2396} INFO - Sync 1 DAGs
[2022-08-22 20:26:22,519] {logging_mixin.py:109} INFO - [2022-08-22 20:26:22,519] {dag.py:2935} INFO - Setting next_dagrun for example_branch_datetime_operator_2 to 2022-08-22 00:00:00+00:00
[2022-08-22 20:26:22,523] {processor.py:171} INFO - Processing /opt/anaconda3/envs/airflow_env/lib/python3.9/site-packages/airflow/example_dags/example_branch_datetime_operator.py took 0.033 seconds
[2022-08-22 20:27:25,477] {processor.py:163} INFO - Started process (PID=2663) to work on /opt/anaconda3/envs/airflow_env/lib/python3.9/site-packages/airflow/example_dags/example_branch_datetime_operator.py
[2022-08-22 20:27:25,477] {processor.py:642} INFO - Processing file /opt/anaconda3/envs/airflow_env/lib/python3.9/site-packages/airflow/example_dags/example_branch_datetime_operator.py for tasks to queue
[2022-08-22 20:27:25,478] {logging_mixin.py:109} INFO - [2022-08-22 20:27:25,478] {dagbag.py:500} INFO - Filling up the DagBag from /opt/anaconda3/envs/airflow_env/lib/python3.9/site-packages/airflow/example_dags/example_branch_datetime_operator.py
[2022-08-22 20:27:25,492] {processor.py:654} INFO - DAG(s) dict_keys(['example_branch_datetime_operator_2']) retrieved from /opt/anaconda3/envs/airflow_env/lib/python3.9/site-packages/airflow/example_dags/example_branch_datetime_operator.py
[2022-08-22 20:27:25,500] {logging_mixin.py:109} INFO - [2022-08-22 20:27:25,500] {dag.py:2396} INFO - Sync 1 DAGs
[2022-08-22 20:27:25,505] {logging_mixin.py:109} INFO - [2022-08-22 20:27:25,505] {dag.py:2935} INFO - Setting next_dagrun for example_branch_datetime_operator_2 to 2022-08-22 00:00:00+00:00
[2022-08-22 20:27:25,509] {processor.py:171} INFO - Processing /opt/anaconda3/envs/airflow_env/lib/python3.9/site-packages/airflow/example_dags/example_branch_datetime_operator.py took 0.032 seconds
[2022-08-22 20:29:36,034] {processor.py:163} INFO - Started process (PID=2752) to work on /opt/anaconda3/envs/airflow_env/lib/python3.9/site-packages/airflow/example_dags/example_branch_datetime_operator.py
[2022-08-22 20:29:36,036] {processor.py:642} INFO - Processing file /opt/anaconda3/envs/airflow_env/lib/python3.9/site-packages/airflow/example_dags/example_branch_datetime_operator.py for tasks to queue
[2022-08-22 20:29:36,036] {logging_mixin.py:109} INFO - [2022-08-22 20:29:36,036] {dagbag.py:500} INFO - Filling up the DagBag from /opt/anaconda3/envs/airflow_env/lib/python3.9/site-packages/airflow/example_dags/example_branch_datetime_operator.py
[2022-08-22 20:29:36,050] {processor.py:654} INFO - DAG(s) dict_keys(['example_branch_datetime_operator_2']) retrieved from /opt/anaconda3/envs/airflow_env/lib/python3.9/site-packages/airflow/example_dags/example_branch_datetime_operator.py
[2022-08-22 20:29:36,059] {logging_mixin.py:109} INFO - [2022-08-22 20:29:36,059] {dag.py:2396} INFO - Sync 1 DAGs
[2022-08-22 20:29:36,064] {logging_mixin.py:109} INFO - [2022-08-22 20:29:36,064] {dag.py:2935} INFO - Setting next_dagrun for example_branch_datetime_operator_2 to 2022-08-22 00:00:00+00:00
[2022-08-22 20:29:36,067] {processor.py:171} INFO - Processing /opt/anaconda3/envs/airflow_env/lib/python3.9/site-packages/airflow/example_dags/example_branch_datetime_operator.py took 0.033 seconds
