[2022-08-22 19:59:05,234] {processor.py:163} INFO - Started process (PID=16778) to work on /opt/anaconda3/envs/airflow_env/lib/python3.9/site-packages/airflow/example_dags/example_external_task_marker_dag.py
[2022-08-22 19:59:05,234] {processor.py:642} INFO - Processing file /opt/anaconda3/envs/airflow_env/lib/python3.9/site-packages/airflow/example_dags/example_external_task_marker_dag.py for tasks to queue
[2022-08-22 19:59:05,235] {logging_mixin.py:109} INFO - [2022-08-22 19:59:05,235] {dagbag.py:500} INFO - Filling up the DagBag from /opt/anaconda3/envs/airflow_env/lib/python3.9/site-packages/airflow/example_dags/example_external_task_marker_dag.py
[2022-08-22 19:59:05,258] {processor.py:654} INFO - DAG(s) dict_keys(['example_external_task_marker_parent', 'example_external_task_marker_child']) retrieved from /opt/anaconda3/envs/airflow_env/lib/python3.9/site-packages/airflow/example_dags/example_external_task_marker_dag.py
[2022-08-22 19:59:05,274] {logging_mixin.py:109} INFO - [2022-08-22 19:59:05,273] {dag.py:2396} INFO - Sync 2 DAGs
[2022-08-22 19:59:05,281] {logging_mixin.py:109} INFO - [2022-08-22 19:59:05,281] {dag.py:2935} INFO - Setting next_dagrun for example_external_task_marker_child to None
[2022-08-22 19:59:05,281] {logging_mixin.py:109} INFO - [2022-08-22 19:59:05,281] {dag.py:2935} INFO - Setting next_dagrun for example_external_task_marker_parent to None
[2022-08-22 19:59:05,285] {processor.py:171} INFO - Processing /opt/anaconda3/envs/airflow_env/lib/python3.9/site-packages/airflow/example_dags/example_external_task_marker_dag.py took 0.052 seconds
[2022-08-22 20:00:12,019] {processor.py:163} INFO - Started process (PID=16823) to work on /opt/anaconda3/envs/airflow_env/lib/python3.9/site-packages/airflow/example_dags/example_external_task_marker_dag.py
[2022-08-22 20:00:12,020] {processor.py:642} INFO - Processing file /opt/anaconda3/envs/airflow_env/lib/python3.9/site-packages/airflow/example_dags/example_external_task_marker_dag.py for tasks to queue
[2022-08-22 20:00:12,020] {logging_mixin.py:109} INFO - [2022-08-22 20:00:12,020] {dagbag.py:500} INFO - Filling up the DagBag from /opt/anaconda3/envs/airflow_env/lib/python3.9/site-packages/airflow/example_dags/example_external_task_marker_dag.py
[2022-08-22 20:00:12,036] {processor.py:654} INFO - DAG(s) dict_keys(['example_external_task_marker_parent', 'example_external_task_marker_child']) retrieved from /opt/anaconda3/envs/airflow_env/lib/python3.9/site-packages/airflow/example_dags/example_external_task_marker_dag.py
[2022-08-22 20:00:12,047] {logging_mixin.py:109} INFO - [2022-08-22 20:00:12,047] {dag.py:2396} INFO - Sync 2 DAGs
[2022-08-22 20:00:12,052] {logging_mixin.py:109} INFO - [2022-08-22 20:00:12,052] {dag.py:2935} INFO - Setting next_dagrun for example_external_task_marker_child to None
[2022-08-22 20:00:12,052] {logging_mixin.py:109} INFO - [2022-08-22 20:00:12,052] {dag.py:2935} INFO - Setting next_dagrun for example_external_task_marker_parent to None
[2022-08-22 20:00:12,056] {processor.py:171} INFO - Processing /opt/anaconda3/envs/airflow_env/lib/python3.9/site-packages/airflow/example_dags/example_external_task_marker_dag.py took 0.037 seconds
[2022-08-22 20:01:18,852] {processor.py:163} INFO - Started process (PID=16882) to work on /opt/anaconda3/envs/airflow_env/lib/python3.9/site-packages/airflow/example_dags/example_external_task_marker_dag.py
[2022-08-22 20:01:18,853] {processor.py:642} INFO - Processing file /opt/anaconda3/envs/airflow_env/lib/python3.9/site-packages/airflow/example_dags/example_external_task_marker_dag.py for tasks to queue
[2022-08-22 20:01:18,853] {logging_mixin.py:109} INFO - [2022-08-22 20:01:18,853] {dagbag.py:500} INFO - Filling up the DagBag from /opt/anaconda3/envs/airflow_env/lib/python3.9/site-packages/airflow/example_dags/example_external_task_marker_dag.py
[2022-08-22 20:01:18,871] {processor.py:654} INFO - DAG(s) dict_keys(['example_external_task_marker_parent', 'example_external_task_marker_child']) retrieved from /opt/anaconda3/envs/airflow_env/lib/python3.9/site-packages/airflow/example_dags/example_external_task_marker_dag.py
[2022-08-22 20:01:18,883] {logging_mixin.py:109} INFO - [2022-08-22 20:01:18,883] {dag.py:2396} INFO - Sync 2 DAGs
[2022-08-22 20:01:18,889] {logging_mixin.py:109} INFO - [2022-08-22 20:01:18,889] {dag.py:2935} INFO - Setting next_dagrun for example_external_task_marker_child to None
[2022-08-22 20:01:18,889] {logging_mixin.py:109} INFO - [2022-08-22 20:01:18,889] {dag.py:2935} INFO - Setting next_dagrun for example_external_task_marker_parent to None
[2022-08-22 20:01:18,893] {processor.py:171} INFO - Processing /opt/anaconda3/envs/airflow_env/lib/python3.9/site-packages/airflow/example_dags/example_external_task_marker_dag.py took 0.042 seconds
[2022-08-22 20:02:25,769] {processor.py:163} INFO - Started process (PID=16923) to work on /opt/anaconda3/envs/airflow_env/lib/python3.9/site-packages/airflow/example_dags/example_external_task_marker_dag.py
[2022-08-22 20:02:25,770] {processor.py:642} INFO - Processing file /opt/anaconda3/envs/airflow_env/lib/python3.9/site-packages/airflow/example_dags/example_external_task_marker_dag.py for tasks to queue
[2022-08-22 20:02:25,770] {logging_mixin.py:109} INFO - [2022-08-22 20:02:25,770] {dagbag.py:500} INFO - Filling up the DagBag from /opt/anaconda3/envs/airflow_env/lib/python3.9/site-packages/airflow/example_dags/example_external_task_marker_dag.py
[2022-08-22 20:02:25,786] {processor.py:654} INFO - DAG(s) dict_keys(['example_external_task_marker_parent', 'example_external_task_marker_child']) retrieved from /opt/anaconda3/envs/airflow_env/lib/python3.9/site-packages/airflow/example_dags/example_external_task_marker_dag.py
[2022-08-22 20:02:25,797] {logging_mixin.py:109} INFO - [2022-08-22 20:02:25,797] {dag.py:2396} INFO - Sync 2 DAGs
[2022-08-22 20:02:25,816] {logging_mixin.py:109} INFO - [2022-08-22 20:02:25,816] {dag.py:2935} INFO - Setting next_dagrun for example_external_task_marker_child to None
[2022-08-22 20:02:25,829] {logging_mixin.py:109} INFO - [2022-08-22 20:02:25,829] {dag.py:2935} INFO - Setting next_dagrun for example_external_task_marker_parent to None
[2022-08-22 20:02:25,834] {processor.py:171} INFO - Processing /opt/anaconda3/envs/airflow_env/lib/python3.9/site-packages/airflow/example_dags/example_external_task_marker_dag.py took 0.066 seconds
[2022-08-22 20:03:29,652] {processor.py:163} INFO - Started process (PID=16971) to work on /opt/anaconda3/envs/airflow_env/lib/python3.9/site-packages/airflow/example_dags/example_external_task_marker_dag.py
[2022-08-22 20:03:29,660] {processor.py:642} INFO - Processing file /opt/anaconda3/envs/airflow_env/lib/python3.9/site-packages/airflow/example_dags/example_external_task_marker_dag.py for tasks to queue
[2022-08-22 20:03:29,660] {logging_mixin.py:109} INFO - [2022-08-22 20:03:29,660] {dagbag.py:500} INFO - Filling up the DagBag from /opt/anaconda3/envs/airflow_env/lib/python3.9/site-packages/airflow/example_dags/example_external_task_marker_dag.py
[2022-08-22 20:03:29,677] {processor.py:654} INFO - DAG(s) dict_keys(['example_external_task_marker_parent', 'example_external_task_marker_child']) retrieved from /opt/anaconda3/envs/airflow_env/lib/python3.9/site-packages/airflow/example_dags/example_external_task_marker_dag.py
[2022-08-22 20:03:29,688] {logging_mixin.py:109} INFO - [2022-08-22 20:03:29,688] {dag.py:2396} INFO - Sync 2 DAGs
[2022-08-22 20:03:29,693] {logging_mixin.py:109} INFO - [2022-08-22 20:03:29,693] {dag.py:2935} INFO - Setting next_dagrun for example_external_task_marker_child to None
[2022-08-22 20:03:29,693] {logging_mixin.py:109} INFO - [2022-08-22 20:03:29,693] {dag.py:2935} INFO - Setting next_dagrun for example_external_task_marker_parent to None
[2022-08-22 20:03:29,698] {processor.py:171} INFO - Processing /opt/anaconda3/envs/airflow_env/lib/python3.9/site-packages/airflow/example_dags/example_external_task_marker_dag.py took 0.046 seconds
[2022-08-22 20:04:33,831] {processor.py:163} INFO - Started process (PID=17039) to work on /opt/anaconda3/envs/airflow_env/lib/python3.9/site-packages/airflow/example_dags/example_external_task_marker_dag.py
[2022-08-22 20:04:33,831] {processor.py:642} INFO - Processing file /opt/anaconda3/envs/airflow_env/lib/python3.9/site-packages/airflow/example_dags/example_external_task_marker_dag.py for tasks to queue
[2022-08-22 20:04:33,831] {logging_mixin.py:109} INFO - [2022-08-22 20:04:33,831] {dagbag.py:500} INFO - Filling up the DagBag from /opt/anaconda3/envs/airflow_env/lib/python3.9/site-packages/airflow/example_dags/example_external_task_marker_dag.py
[2022-08-22 20:04:33,849] {processor.py:654} INFO - DAG(s) dict_keys(['example_external_task_marker_parent', 'example_external_task_marker_child']) retrieved from /opt/anaconda3/envs/airflow_env/lib/python3.9/site-packages/airflow/example_dags/example_external_task_marker_dag.py
[2022-08-22 20:04:33,860] {logging_mixin.py:109} INFO - [2022-08-22 20:04:33,860] {dag.py:2396} INFO - Sync 2 DAGs
[2022-08-22 20:04:33,864] {logging_mixin.py:109} INFO - [2022-08-22 20:04:33,864] {dag.py:2935} INFO - Setting next_dagrun for example_external_task_marker_child to None
[2022-08-22 20:04:33,864] {logging_mixin.py:109} INFO - [2022-08-22 20:04:33,864] {dag.py:2935} INFO - Setting next_dagrun for example_external_task_marker_parent to None
[2022-08-22 20:04:33,869] {processor.py:171} INFO - Processing /opt/anaconda3/envs/airflow_env/lib/python3.9/site-packages/airflow/example_dags/example_external_task_marker_dag.py took 0.038 seconds
[2022-08-22 20:05:40,290] {processor.py:163} INFO - Started process (PID=17101) to work on /opt/anaconda3/envs/airflow_env/lib/python3.9/site-packages/airflow/example_dags/example_external_task_marker_dag.py
[2022-08-22 20:05:40,291] {processor.py:642} INFO - Processing file /opt/anaconda3/envs/airflow_env/lib/python3.9/site-packages/airflow/example_dags/example_external_task_marker_dag.py for tasks to queue
[2022-08-22 20:05:40,291] {logging_mixin.py:109} INFO - [2022-08-22 20:05:40,291] {dagbag.py:500} INFO - Filling up the DagBag from /opt/anaconda3/envs/airflow_env/lib/python3.9/site-packages/airflow/example_dags/example_external_task_marker_dag.py
[2022-08-22 20:05:40,306] {processor.py:654} INFO - DAG(s) dict_keys(['example_external_task_marker_parent', 'example_external_task_marker_child']) retrieved from /opt/anaconda3/envs/airflow_env/lib/python3.9/site-packages/airflow/example_dags/example_external_task_marker_dag.py
[2022-08-22 20:05:40,316] {logging_mixin.py:109} INFO - [2022-08-22 20:05:40,316] {dag.py:2396} INFO - Sync 2 DAGs
[2022-08-22 20:05:40,321] {logging_mixin.py:109} INFO - [2022-08-22 20:05:40,321] {dag.py:2935} INFO - Setting next_dagrun for example_external_task_marker_child to None
[2022-08-22 20:05:40,321] {logging_mixin.py:109} INFO - [2022-08-22 20:05:40,321] {dag.py:2935} INFO - Setting next_dagrun for example_external_task_marker_parent to None
[2022-08-22 20:05:40,325] {processor.py:171} INFO - Processing /opt/anaconda3/envs/airflow_env/lib/python3.9/site-packages/airflow/example_dags/example_external_task_marker_dag.py took 0.035 seconds
[2022-08-22 20:06:44,808] {processor.py:163} INFO - Started process (PID=17174) to work on /opt/anaconda3/envs/airflow_env/lib/python3.9/site-packages/airflow/example_dags/example_external_task_marker_dag.py
[2022-08-22 20:06:44,809] {processor.py:642} INFO - Processing file /opt/anaconda3/envs/airflow_env/lib/python3.9/site-packages/airflow/example_dags/example_external_task_marker_dag.py for tasks to queue
[2022-08-22 20:06:44,809] {logging_mixin.py:109} INFO - [2022-08-22 20:06:44,809] {dagbag.py:500} INFO - Filling up the DagBag from /opt/anaconda3/envs/airflow_env/lib/python3.9/site-packages/airflow/example_dags/example_external_task_marker_dag.py
[2022-08-22 20:06:44,857] {processor.py:654} INFO - DAG(s) dict_keys(['example_external_task_marker_parent', 'example_external_task_marker_child']) retrieved from /opt/anaconda3/envs/airflow_env/lib/python3.9/site-packages/airflow/example_dags/example_external_task_marker_dag.py
[2022-08-22 20:06:44,875] {logging_mixin.py:109} INFO - [2022-08-22 20:06:44,875] {dag.py:2396} INFO - Sync 2 DAGs
[2022-08-22 20:06:44,889] {logging_mixin.py:109} INFO - [2022-08-22 20:06:44,888] {dag.py:2935} INFO - Setting next_dagrun for example_external_task_marker_child to None
[2022-08-22 20:06:44,889] {logging_mixin.py:109} INFO - [2022-08-22 20:06:44,889] {dag.py:2935} INFO - Setting next_dagrun for example_external_task_marker_parent to None
[2022-08-22 20:06:44,897] {processor.py:171} INFO - Processing /opt/anaconda3/envs/airflow_env/lib/python3.9/site-packages/airflow/example_dags/example_external_task_marker_dag.py took 0.090 seconds
[2022-08-22 20:12:53,350] {processor.py:163} INFO - Started process (PID=1443) to work on /opt/anaconda3/envs/airflow_env/lib/python3.9/site-packages/airflow/example_dags/example_external_task_marker_dag.py
[2022-08-22 20:12:53,350] {processor.py:642} INFO - Processing file /opt/anaconda3/envs/airflow_env/lib/python3.9/site-packages/airflow/example_dags/example_external_task_marker_dag.py for tasks to queue
[2022-08-22 20:12:53,350] {logging_mixin.py:109} INFO - [2022-08-22 20:12:53,350] {dagbag.py:500} INFO - Filling up the DagBag from /opt/anaconda3/envs/airflow_env/lib/python3.9/site-packages/airflow/example_dags/example_external_task_marker_dag.py
[2022-08-22 20:12:53,365] {processor.py:654} INFO - DAG(s) dict_keys(['example_external_task_marker_parent', 'example_external_task_marker_child']) retrieved from /opt/anaconda3/envs/airflow_env/lib/python3.9/site-packages/airflow/example_dags/example_external_task_marker_dag.py
[2022-08-22 20:12:53,375] {logging_mixin.py:109} INFO - [2022-08-22 20:12:53,375] {dag.py:2396} INFO - Sync 2 DAGs
[2022-08-22 20:12:53,379] {logging_mixin.py:109} INFO - [2022-08-22 20:12:53,379] {dag.py:2935} INFO - Setting next_dagrun for example_external_task_marker_child to None
[2022-08-22 20:12:53,380] {logging_mixin.py:109} INFO - [2022-08-22 20:12:53,380] {dag.py:2935} INFO - Setting next_dagrun for example_external_task_marker_parent to None
[2022-08-22 20:12:53,383] {processor.py:171} INFO - Processing /opt/anaconda3/envs/airflow_env/lib/python3.9/site-packages/airflow/example_dags/example_external_task_marker_dag.py took 0.034 seconds
[2022-08-22 20:13:56,741] {processor.py:163} INFO - Started process (PID=1492) to work on /opt/anaconda3/envs/airflow_env/lib/python3.9/site-packages/airflow/example_dags/example_external_task_marker_dag.py
[2022-08-22 20:13:56,741] {processor.py:642} INFO - Processing file /opt/anaconda3/envs/airflow_env/lib/python3.9/site-packages/airflow/example_dags/example_external_task_marker_dag.py for tasks to queue
[2022-08-22 20:13:56,741] {logging_mixin.py:109} INFO - [2022-08-22 20:13:56,741] {dagbag.py:500} INFO - Filling up the DagBag from /opt/anaconda3/envs/airflow_env/lib/python3.9/site-packages/airflow/example_dags/example_external_task_marker_dag.py
[2022-08-22 20:13:56,756] {processor.py:654} INFO - DAG(s) dict_keys(['example_external_task_marker_parent', 'example_external_task_marker_child']) retrieved from /opt/anaconda3/envs/airflow_env/lib/python3.9/site-packages/airflow/example_dags/example_external_task_marker_dag.py
[2022-08-22 20:13:56,766] {logging_mixin.py:109} INFO - [2022-08-22 20:13:56,765] {dag.py:2396} INFO - Sync 2 DAGs
[2022-08-22 20:13:56,771] {logging_mixin.py:109} INFO - [2022-08-22 20:13:56,771] {dag.py:2935} INFO - Setting next_dagrun for example_external_task_marker_child to None
[2022-08-22 20:13:56,771] {logging_mixin.py:109} INFO - [2022-08-22 20:13:56,771] {dag.py:2935} INFO - Setting next_dagrun for example_external_task_marker_parent to None
[2022-08-22 20:13:56,774] {processor.py:171} INFO - Processing /opt/anaconda3/envs/airflow_env/lib/python3.9/site-packages/airflow/example_dags/example_external_task_marker_dag.py took 0.034 seconds
[2022-08-22 20:14:58,111] {processor.py:163} INFO - Started process (PID=1614) to work on /opt/anaconda3/envs/airflow_env/lib/python3.9/site-packages/airflow/example_dags/example_external_task_marker_dag.py
[2022-08-22 20:14:58,111] {processor.py:642} INFO - Processing file /opt/anaconda3/envs/airflow_env/lib/python3.9/site-packages/airflow/example_dags/example_external_task_marker_dag.py for tasks to queue
[2022-08-22 20:14:58,112] {logging_mixin.py:109} INFO - [2022-08-22 20:14:58,112] {dagbag.py:500} INFO - Filling up the DagBag from /opt/anaconda3/envs/airflow_env/lib/python3.9/site-packages/airflow/example_dags/example_external_task_marker_dag.py
[2022-08-22 20:14:58,126] {processor.py:654} INFO - DAG(s) dict_keys(['example_external_task_marker_parent', 'example_external_task_marker_child']) retrieved from /opt/anaconda3/envs/airflow_env/lib/python3.9/site-packages/airflow/example_dags/example_external_task_marker_dag.py
[2022-08-22 20:14:58,138] {logging_mixin.py:109} INFO - [2022-08-22 20:14:58,138] {dag.py:2396} INFO - Sync 2 DAGs
[2022-08-22 20:14:58,143] {logging_mixin.py:109} INFO - [2022-08-22 20:14:58,143] {dag.py:2935} INFO - Setting next_dagrun for example_external_task_marker_child to None
[2022-08-22 20:14:58,143] {logging_mixin.py:109} INFO - [2022-08-22 20:14:58,143] {dag.py:2935} INFO - Setting next_dagrun for example_external_task_marker_parent to None
[2022-08-22 20:14:58,148] {processor.py:171} INFO - Processing /opt/anaconda3/envs/airflow_env/lib/python3.9/site-packages/airflow/example_dags/example_external_task_marker_dag.py took 0.037 seconds
[2022-08-22 20:16:01,772] {processor.py:163} INFO - Started process (PID=1860) to work on /opt/anaconda3/envs/airflow_env/lib/python3.9/site-packages/airflow/example_dags/example_external_task_marker_dag.py
[2022-08-22 20:16:01,773] {processor.py:642} INFO - Processing file /opt/anaconda3/envs/airflow_env/lib/python3.9/site-packages/airflow/example_dags/example_external_task_marker_dag.py for tasks to queue
[2022-08-22 20:16:01,773] {logging_mixin.py:109} INFO - [2022-08-22 20:16:01,773] {dagbag.py:500} INFO - Filling up the DagBag from /opt/anaconda3/envs/airflow_env/lib/python3.9/site-packages/airflow/example_dags/example_external_task_marker_dag.py
[2022-08-22 20:16:01,787] {processor.py:654} INFO - DAG(s) dict_keys(['example_external_task_marker_parent', 'example_external_task_marker_child']) retrieved from /opt/anaconda3/envs/airflow_env/lib/python3.9/site-packages/airflow/example_dags/example_external_task_marker_dag.py
[2022-08-22 20:16:01,796] {logging_mixin.py:109} INFO - [2022-08-22 20:16:01,796] {dag.py:2396} INFO - Sync 2 DAGs
[2022-08-22 20:16:01,801] {logging_mixin.py:109} INFO - [2022-08-22 20:16:01,801] {dag.py:2935} INFO - Setting next_dagrun for example_external_task_marker_child to None
[2022-08-22 20:16:01,801] {logging_mixin.py:109} INFO - [2022-08-22 20:16:01,801] {dag.py:2935} INFO - Setting next_dagrun for example_external_task_marker_parent to None
[2022-08-22 20:16:01,804] {processor.py:171} INFO - Processing /opt/anaconda3/envs/airflow_env/lib/python3.9/site-packages/airflow/example_dags/example_external_task_marker_dag.py took 0.032 seconds
[2022-08-22 20:17:03,207] {processor.py:163} INFO - Started process (PID=1938) to work on /opt/anaconda3/envs/airflow_env/lib/python3.9/site-packages/airflow/example_dags/example_external_task_marker_dag.py
[2022-08-22 20:17:03,207] {processor.py:642} INFO - Processing file /opt/anaconda3/envs/airflow_env/lib/python3.9/site-packages/airflow/example_dags/example_external_task_marker_dag.py for tasks to queue
[2022-08-22 20:17:03,207] {logging_mixin.py:109} INFO - [2022-08-22 20:17:03,207] {dagbag.py:500} INFO - Filling up the DagBag from /opt/anaconda3/envs/airflow_env/lib/python3.9/site-packages/airflow/example_dags/example_external_task_marker_dag.py
[2022-08-22 20:17:03,221] {processor.py:654} INFO - DAG(s) dict_keys(['example_external_task_marker_parent', 'example_external_task_marker_child']) retrieved from /opt/anaconda3/envs/airflow_env/lib/python3.9/site-packages/airflow/example_dags/example_external_task_marker_dag.py
[2022-08-22 20:17:03,230] {logging_mixin.py:109} INFO - [2022-08-22 20:17:03,230] {dag.py:2396} INFO - Sync 2 DAGs
[2022-08-22 20:17:03,235] {logging_mixin.py:109} INFO - [2022-08-22 20:17:03,235] {dag.py:2935} INFO - Setting next_dagrun for example_external_task_marker_child to None
[2022-08-22 20:17:03,235] {logging_mixin.py:109} INFO - [2022-08-22 20:17:03,235] {dag.py:2935} INFO - Setting next_dagrun for example_external_task_marker_parent to None
[2022-08-22 20:17:03,239] {processor.py:171} INFO - Processing /opt/anaconda3/envs/airflow_env/lib/python3.9/site-packages/airflow/example_dags/example_external_task_marker_dag.py took 0.033 seconds
[2022-08-22 20:18:01,868] {processor.py:163} INFO - Started process (PID=1981) to work on /opt/anaconda3/envs/airflow_env/lib/python3.9/site-packages/airflow/example_dags/example_external_task_marker_dag.py
[2022-08-22 20:18:01,868] {processor.py:642} INFO - Processing file /opt/anaconda3/envs/airflow_env/lib/python3.9/site-packages/airflow/example_dags/example_external_task_marker_dag.py for tasks to queue
[2022-08-22 20:18:01,869] {logging_mixin.py:109} INFO - [2022-08-22 20:18:01,869] {dagbag.py:500} INFO - Filling up the DagBag from /opt/anaconda3/envs/airflow_env/lib/python3.9/site-packages/airflow/example_dags/example_external_task_marker_dag.py
[2022-08-22 20:18:01,884] {processor.py:654} INFO - DAG(s) dict_keys(['example_external_task_marker_parent', 'example_external_task_marker_child']) retrieved from /opt/anaconda3/envs/airflow_env/lib/python3.9/site-packages/airflow/example_dags/example_external_task_marker_dag.py
[2022-08-22 20:18:01,895] {logging_mixin.py:109} INFO - [2022-08-22 20:18:01,895] {dag.py:2396} INFO - Sync 2 DAGs
[2022-08-22 20:18:01,899] {logging_mixin.py:109} INFO - [2022-08-22 20:18:01,899] {dag.py:2935} INFO - Setting next_dagrun for example_external_task_marker_child to None
[2022-08-22 20:18:01,899] {logging_mixin.py:109} INFO - [2022-08-22 20:18:01,899] {dag.py:2935} INFO - Setting next_dagrun for example_external_task_marker_parent to None
[2022-08-22 20:18:01,903] {processor.py:171} INFO - Processing /opt/anaconda3/envs/airflow_env/lib/python3.9/site-packages/airflow/example_dags/example_external_task_marker_dag.py took 0.035 seconds
[2022-08-22 20:19:03,204] {processor.py:163} INFO - Started process (PID=2064) to work on /opt/anaconda3/envs/airflow_env/lib/python3.9/site-packages/airflow/example_dags/example_external_task_marker_dag.py
[2022-08-22 20:19:03,204] {processor.py:642} INFO - Processing file /opt/anaconda3/envs/airflow_env/lib/python3.9/site-packages/airflow/example_dags/example_external_task_marker_dag.py for tasks to queue
[2022-08-22 20:19:03,204] {logging_mixin.py:109} INFO - [2022-08-22 20:19:03,204] {dagbag.py:500} INFO - Filling up the DagBag from /opt/anaconda3/envs/airflow_env/lib/python3.9/site-packages/airflow/example_dags/example_external_task_marker_dag.py
[2022-08-22 20:19:03,218] {processor.py:654} INFO - DAG(s) dict_keys(['example_external_task_marker_parent', 'example_external_task_marker_child']) retrieved from /opt/anaconda3/envs/airflow_env/lib/python3.9/site-packages/airflow/example_dags/example_external_task_marker_dag.py
[2022-08-22 20:19:03,228] {logging_mixin.py:109} INFO - [2022-08-22 20:19:03,228] {dag.py:2396} INFO - Sync 2 DAGs
[2022-08-22 20:19:03,232] {logging_mixin.py:109} INFO - [2022-08-22 20:19:03,232] {dag.py:2935} INFO - Setting next_dagrun for example_external_task_marker_child to None
[2022-08-22 20:19:03,232] {logging_mixin.py:109} INFO - [2022-08-22 20:19:03,232] {dag.py:2935} INFO - Setting next_dagrun for example_external_task_marker_parent to None
[2022-08-22 20:19:03,235] {processor.py:171} INFO - Processing /opt/anaconda3/envs/airflow_env/lib/python3.9/site-packages/airflow/example_dags/example_external_task_marker_dag.py took 0.032 seconds
[2022-08-22 20:20:06,461] {processor.py:163} INFO - Started process (PID=2135) to work on /opt/anaconda3/envs/airflow_env/lib/python3.9/site-packages/airflow/example_dags/example_external_task_marker_dag.py
[2022-08-22 20:20:06,461] {processor.py:642} INFO - Processing file /opt/anaconda3/envs/airflow_env/lib/python3.9/site-packages/airflow/example_dags/example_external_task_marker_dag.py for tasks to queue
[2022-08-22 20:20:06,462] {logging_mixin.py:109} INFO - [2022-08-22 20:20:06,462] {dagbag.py:500} INFO - Filling up the DagBag from /opt/anaconda3/envs/airflow_env/lib/python3.9/site-packages/airflow/example_dags/example_external_task_marker_dag.py
[2022-08-22 20:20:06,476] {processor.py:654} INFO - DAG(s) dict_keys(['example_external_task_marker_parent', 'example_external_task_marker_child']) retrieved from /opt/anaconda3/envs/airflow_env/lib/python3.9/site-packages/airflow/example_dags/example_external_task_marker_dag.py
[2022-08-22 20:20:06,486] {logging_mixin.py:109} INFO - [2022-08-22 20:20:06,486] {dag.py:2396} INFO - Sync 2 DAGs
[2022-08-22 20:20:06,491] {logging_mixin.py:109} INFO - [2022-08-22 20:20:06,491] {dag.py:2935} INFO - Setting next_dagrun for example_external_task_marker_child to None
[2022-08-22 20:20:06,491] {logging_mixin.py:109} INFO - [2022-08-22 20:20:06,491] {dag.py:2935} INFO - Setting next_dagrun for example_external_task_marker_parent to None
[2022-08-22 20:20:06,496] {processor.py:171} INFO - Processing /opt/anaconda3/envs/airflow_env/lib/python3.9/site-packages/airflow/example_dags/example_external_task_marker_dag.py took 0.035 seconds
[2022-08-22 20:21:07,809] {processor.py:163} INFO - Started process (PID=2281) to work on /opt/anaconda3/envs/airflow_env/lib/python3.9/site-packages/airflow/example_dags/example_external_task_marker_dag.py
[2022-08-22 20:21:07,809] {processor.py:642} INFO - Processing file /opt/anaconda3/envs/airflow_env/lib/python3.9/site-packages/airflow/example_dags/example_external_task_marker_dag.py for tasks to queue
[2022-08-22 20:21:07,809] {logging_mixin.py:109} INFO - [2022-08-22 20:21:07,809] {dagbag.py:500} INFO - Filling up the DagBag from /opt/anaconda3/envs/airflow_env/lib/python3.9/site-packages/airflow/example_dags/example_external_task_marker_dag.py
[2022-08-22 20:21:07,824] {processor.py:654} INFO - DAG(s) dict_keys(['example_external_task_marker_parent', 'example_external_task_marker_child']) retrieved from /opt/anaconda3/envs/airflow_env/lib/python3.9/site-packages/airflow/example_dags/example_external_task_marker_dag.py
[2022-08-22 20:21:07,833] {logging_mixin.py:109} INFO - [2022-08-22 20:21:07,833] {dag.py:2396} INFO - Sync 2 DAGs
[2022-08-22 20:21:07,838] {logging_mixin.py:109} INFO - [2022-08-22 20:21:07,838] {dag.py:2935} INFO - Setting next_dagrun for example_external_task_marker_child to None
[2022-08-22 20:21:07,838] {logging_mixin.py:109} INFO - [2022-08-22 20:21:07,838] {dag.py:2935} INFO - Setting next_dagrun for example_external_task_marker_parent to None
[2022-08-22 20:21:07,841] {processor.py:171} INFO - Processing /opt/anaconda3/envs/airflow_env/lib/python3.9/site-packages/airflow/example_dags/example_external_task_marker_dag.py took 0.033 seconds
[2022-08-22 20:22:11,133] {processor.py:163} INFO - Started process (PID=2343) to work on /opt/anaconda3/envs/airflow_env/lib/python3.9/site-packages/airflow/example_dags/example_external_task_marker_dag.py
[2022-08-22 20:22:11,134] {processor.py:642} INFO - Processing file /opt/anaconda3/envs/airflow_env/lib/python3.9/site-packages/airflow/example_dags/example_external_task_marker_dag.py for tasks to queue
[2022-08-22 20:22:11,134] {logging_mixin.py:109} INFO - [2022-08-22 20:22:11,134] {dagbag.py:500} INFO - Filling up the DagBag from /opt/anaconda3/envs/airflow_env/lib/python3.9/site-packages/airflow/example_dags/example_external_task_marker_dag.py
[2022-08-22 20:22:11,148] {processor.py:654} INFO - DAG(s) dict_keys(['example_external_task_marker_parent', 'example_external_task_marker_child']) retrieved from /opt/anaconda3/envs/airflow_env/lib/python3.9/site-packages/airflow/example_dags/example_external_task_marker_dag.py
[2022-08-22 20:22:11,158] {logging_mixin.py:109} INFO - [2022-08-22 20:22:11,158] {dag.py:2396} INFO - Sync 2 DAGs
[2022-08-22 20:22:11,163] {logging_mixin.py:109} INFO - [2022-08-22 20:22:11,163] {dag.py:2935} INFO - Setting next_dagrun for example_external_task_marker_child to None
[2022-08-22 20:22:11,163] {logging_mixin.py:109} INFO - [2022-08-22 20:22:11,163] {dag.py:2935} INFO - Setting next_dagrun for example_external_task_marker_parent to None
[2022-08-22 20:22:11,166] {processor.py:171} INFO - Processing /opt/anaconda3/envs/airflow_env/lib/python3.9/site-packages/airflow/example_dags/example_external_task_marker_dag.py took 0.033 seconds
[2022-08-22 20:23:02,703] {processor.py:163} INFO - Started process (PID=2380) to work on /opt/anaconda3/envs/airflow_env/lib/python3.9/site-packages/airflow/example_dags/example_external_task_marker_dag.py
[2022-08-22 20:23:02,719] {processor.py:642} INFO - Processing file /opt/anaconda3/envs/airflow_env/lib/python3.9/site-packages/airflow/example_dags/example_external_task_marker_dag.py for tasks to queue
[2022-08-22 20:23:02,719] {logging_mixin.py:109} INFO - [2022-08-22 20:23:02,719] {dagbag.py:500} INFO - Filling up the DagBag from /opt/anaconda3/envs/airflow_env/lib/python3.9/site-packages/airflow/example_dags/example_external_task_marker_dag.py
[2022-08-22 20:23:02,736] {processor.py:654} INFO - DAG(s) dict_keys(['example_external_task_marker_parent', 'example_external_task_marker_child']) retrieved from /opt/anaconda3/envs/airflow_env/lib/python3.9/site-packages/airflow/example_dags/example_external_task_marker_dag.py
[2022-08-22 20:23:02,747] {logging_mixin.py:109} INFO - [2022-08-22 20:23:02,747] {dag.py:2396} INFO - Sync 2 DAGs
[2022-08-22 20:23:02,752] {logging_mixin.py:109} INFO - [2022-08-22 20:23:02,752] {dag.py:2935} INFO - Setting next_dagrun for example_external_task_marker_child to None
[2022-08-22 20:23:02,752] {logging_mixin.py:109} INFO - [2022-08-22 20:23:02,752] {dag.py:2935} INFO - Setting next_dagrun for example_external_task_marker_parent to None
[2022-08-22 20:23:02,756] {processor.py:171} INFO - Processing /opt/anaconda3/envs/airflow_env/lib/python3.9/site-packages/airflow/example_dags/example_external_task_marker_dag.py took 0.053 seconds
[2022-08-22 20:24:04,020] {processor.py:163} INFO - Started process (PID=2420) to work on /opt/anaconda3/envs/airflow_env/lib/python3.9/site-packages/airflow/example_dags/example_external_task_marker_dag.py
[2022-08-22 20:24:04,020] {processor.py:642} INFO - Processing file /opt/anaconda3/envs/airflow_env/lib/python3.9/site-packages/airflow/example_dags/example_external_task_marker_dag.py for tasks to queue
[2022-08-22 20:24:04,020] {logging_mixin.py:109} INFO - [2022-08-22 20:24:04,020] {dagbag.py:500} INFO - Filling up the DagBag from /opt/anaconda3/envs/airflow_env/lib/python3.9/site-packages/airflow/example_dags/example_external_task_marker_dag.py
[2022-08-22 20:24:04,035] {processor.py:654} INFO - DAG(s) dict_keys(['example_external_task_marker_parent', 'example_external_task_marker_child']) retrieved from /opt/anaconda3/envs/airflow_env/lib/python3.9/site-packages/airflow/example_dags/example_external_task_marker_dag.py
[2022-08-22 20:24:04,045] {logging_mixin.py:109} INFO - [2022-08-22 20:24:04,045] {dag.py:2396} INFO - Sync 2 DAGs
[2022-08-22 20:24:04,050] {logging_mixin.py:109} INFO - [2022-08-22 20:24:04,050] {dag.py:2935} INFO - Setting next_dagrun for example_external_task_marker_child to None
[2022-08-22 20:24:04,050] {logging_mixin.py:109} INFO - [2022-08-22 20:24:04,050] {dag.py:2935} INFO - Setting next_dagrun for example_external_task_marker_parent to None
[2022-08-22 20:24:04,053] {processor.py:171} INFO - Processing /opt/anaconda3/envs/airflow_env/lib/python3.9/site-packages/airflow/example_dags/example_external_task_marker_dag.py took 0.034 seconds
[2022-08-22 20:25:05,641] {processor.py:163} INFO - Started process (PID=2474) to work on /opt/anaconda3/envs/airflow_env/lib/python3.9/site-packages/airflow/example_dags/example_external_task_marker_dag.py
[2022-08-22 20:25:05,642] {processor.py:642} INFO - Processing file /opt/anaconda3/envs/airflow_env/lib/python3.9/site-packages/airflow/example_dags/example_external_task_marker_dag.py for tasks to queue
[2022-08-22 20:25:05,642] {logging_mixin.py:109} INFO - [2022-08-22 20:25:05,642] {dagbag.py:500} INFO - Filling up the DagBag from /opt/anaconda3/envs/airflow_env/lib/python3.9/site-packages/airflow/example_dags/example_external_task_marker_dag.py
[2022-08-22 20:25:05,659] {processor.py:654} INFO - DAG(s) dict_keys(['example_external_task_marker_parent', 'example_external_task_marker_child']) retrieved from /opt/anaconda3/envs/airflow_env/lib/python3.9/site-packages/airflow/example_dags/example_external_task_marker_dag.py
[2022-08-22 20:25:05,670] {logging_mixin.py:109} INFO - [2022-08-22 20:25:05,670] {dag.py:2396} INFO - Sync 2 DAGs
[2022-08-22 20:25:05,675] {logging_mixin.py:109} INFO - [2022-08-22 20:25:05,675] {dag.py:2935} INFO - Setting next_dagrun for example_external_task_marker_child to None
[2022-08-22 20:25:05,675] {logging_mixin.py:109} INFO - [2022-08-22 20:25:05,675] {dag.py:2935} INFO - Setting next_dagrun for example_external_task_marker_parent to None
[2022-08-22 20:25:05,679] {processor.py:171} INFO - Processing /opt/anaconda3/envs/airflow_env/lib/python3.9/site-packages/airflow/example_dags/example_external_task_marker_dag.py took 0.038 seconds
[2022-08-22 20:26:09,035] {processor.py:163} INFO - Started process (PID=2578) to work on /opt/anaconda3/envs/airflow_env/lib/python3.9/site-packages/airflow/example_dags/example_external_task_marker_dag.py
[2022-08-22 20:26:09,035] {processor.py:642} INFO - Processing file /opt/anaconda3/envs/airflow_env/lib/python3.9/site-packages/airflow/example_dags/example_external_task_marker_dag.py for tasks to queue
[2022-08-22 20:26:09,035] {logging_mixin.py:109} INFO - [2022-08-22 20:26:09,035] {dagbag.py:500} INFO - Filling up the DagBag from /opt/anaconda3/envs/airflow_env/lib/python3.9/site-packages/airflow/example_dags/example_external_task_marker_dag.py
[2022-08-22 20:26:09,051] {processor.py:654} INFO - DAG(s) dict_keys(['example_external_task_marker_parent', 'example_external_task_marker_child']) retrieved from /opt/anaconda3/envs/airflow_env/lib/python3.9/site-packages/airflow/example_dags/example_external_task_marker_dag.py
[2022-08-22 20:26:09,061] {logging_mixin.py:109} INFO - [2022-08-22 20:26:09,061] {dag.py:2396} INFO - Sync 2 DAGs
[2022-08-22 20:26:09,065] {logging_mixin.py:109} INFO - [2022-08-22 20:26:09,065] {dag.py:2935} INFO - Setting next_dagrun for example_external_task_marker_child to None
[2022-08-22 20:26:09,065] {logging_mixin.py:109} INFO - [2022-08-22 20:26:09,065] {dag.py:2935} INFO - Setting next_dagrun for example_external_task_marker_parent to None
[2022-08-22 20:26:09,069] {processor.py:171} INFO - Processing /opt/anaconda3/envs/airflow_env/lib/python3.9/site-packages/airflow/example_dags/example_external_task_marker_dag.py took 0.034 seconds
[2022-08-22 20:27:12,373] {processor.py:163} INFO - Started process (PID=2632) to work on /opt/anaconda3/envs/airflow_env/lib/python3.9/site-packages/airflow/example_dags/example_external_task_marker_dag.py
[2022-08-22 20:27:12,373] {processor.py:642} INFO - Processing file /opt/anaconda3/envs/airflow_env/lib/python3.9/site-packages/airflow/example_dags/example_external_task_marker_dag.py for tasks to queue
[2022-08-22 20:27:12,373] {logging_mixin.py:109} INFO - [2022-08-22 20:27:12,373] {dagbag.py:500} INFO - Filling up the DagBag from /opt/anaconda3/envs/airflow_env/lib/python3.9/site-packages/airflow/example_dags/example_external_task_marker_dag.py
[2022-08-22 20:27:12,389] {processor.py:654} INFO - DAG(s) dict_keys(['example_external_task_marker_parent', 'example_external_task_marker_child']) retrieved from /opt/anaconda3/envs/airflow_env/lib/python3.9/site-packages/airflow/example_dags/example_external_task_marker_dag.py
[2022-08-22 20:27:12,399] {logging_mixin.py:109} INFO - [2022-08-22 20:27:12,399] {dag.py:2396} INFO - Sync 2 DAGs
[2022-08-22 20:27:12,403] {logging_mixin.py:109} INFO - [2022-08-22 20:27:12,403] {dag.py:2935} INFO - Setting next_dagrun for example_external_task_marker_child to None
[2022-08-22 20:27:12,403] {logging_mixin.py:109} INFO - [2022-08-22 20:27:12,403] {dag.py:2935} INFO - Setting next_dagrun for example_external_task_marker_parent to None
[2022-08-22 20:27:12,407] {processor.py:171} INFO - Processing /opt/anaconda3/envs/airflow_env/lib/python3.9/site-packages/airflow/example_dags/example_external_task_marker_dag.py took 0.034 seconds
[2022-08-22 20:29:22,600] {processor.py:163} INFO - Started process (PID=2744) to work on /opt/anaconda3/envs/airflow_env/lib/python3.9/site-packages/airflow/example_dags/example_external_task_marker_dag.py
[2022-08-22 20:29:22,600] {processor.py:642} INFO - Processing file /opt/anaconda3/envs/airflow_env/lib/python3.9/site-packages/airflow/example_dags/example_external_task_marker_dag.py for tasks to queue
[2022-08-22 20:29:22,600] {logging_mixin.py:109} INFO - [2022-08-22 20:29:22,600] {dagbag.py:500} INFO - Filling up the DagBag from /opt/anaconda3/envs/airflow_env/lib/python3.9/site-packages/airflow/example_dags/example_external_task_marker_dag.py
[2022-08-22 20:29:22,616] {processor.py:654} INFO - DAG(s) dict_keys(['example_external_task_marker_parent', 'example_external_task_marker_child']) retrieved from /opt/anaconda3/envs/airflow_env/lib/python3.9/site-packages/airflow/example_dags/example_external_task_marker_dag.py
[2022-08-22 20:29:22,626] {logging_mixin.py:109} INFO - [2022-08-22 20:29:22,625] {dag.py:2396} INFO - Sync 2 DAGs
[2022-08-22 20:29:22,630] {logging_mixin.py:109} INFO - [2022-08-22 20:29:22,630] {dag.py:2935} INFO - Setting next_dagrun for example_external_task_marker_child to None
[2022-08-22 20:29:22,630] {logging_mixin.py:109} INFO - [2022-08-22 20:29:22,630] {dag.py:2935} INFO - Setting next_dagrun for example_external_task_marker_parent to None
[2022-08-22 20:29:22,633] {processor.py:171} INFO - Processing /opt/anaconda3/envs/airflow_env/lib/python3.9/site-packages/airflow/example_dags/example_external_task_marker_dag.py took 0.034 seconds
[2022-08-22 20:30:26,240] {processor.py:163} INFO - Started process (PID=2794) to work on /opt/anaconda3/envs/airflow_env/lib/python3.9/site-packages/airflow/example_dags/example_external_task_marker_dag.py
[2022-08-22 20:30:26,241] {processor.py:642} INFO - Processing file /opt/anaconda3/envs/airflow_env/lib/python3.9/site-packages/airflow/example_dags/example_external_task_marker_dag.py for tasks to queue
[2022-08-22 20:30:26,241] {logging_mixin.py:109} INFO - [2022-08-22 20:30:26,241] {dagbag.py:500} INFO - Filling up the DagBag from /opt/anaconda3/envs/airflow_env/lib/python3.9/site-packages/airflow/example_dags/example_external_task_marker_dag.py
[2022-08-22 20:30:26,257] {processor.py:654} INFO - DAG(s) dict_keys(['example_external_task_marker_parent', 'example_external_task_marker_child']) retrieved from /opt/anaconda3/envs/airflow_env/lib/python3.9/site-packages/airflow/example_dags/example_external_task_marker_dag.py
[2022-08-22 20:30:26,269] {logging_mixin.py:109} INFO - [2022-08-22 20:30:26,269] {dag.py:2396} INFO - Sync 2 DAGs
[2022-08-22 20:30:26,273] {logging_mixin.py:109} INFO - [2022-08-22 20:30:26,273] {dag.py:2935} INFO - Setting next_dagrun for example_external_task_marker_child to None
[2022-08-22 20:30:26,274] {logging_mixin.py:109} INFO - [2022-08-22 20:30:26,274] {dag.py:2935} INFO - Setting next_dagrun for example_external_task_marker_parent to None
[2022-08-22 20:30:26,278] {processor.py:171} INFO - Processing /opt/anaconda3/envs/airflow_env/lib/python3.9/site-packages/airflow/example_dags/example_external_task_marker_dag.py took 0.037 seconds
