[2022-08-22 19:58:47,229] {processor.py:163} INFO - Started process (PID=16768) to work on /opt/anaconda3/envs/airflow_env/lib/python3.9/site-packages/airflow/example_dags/example_sla_dag.py
[2022-08-22 19:58:47,230] {processor.py:642} INFO - Processing file /opt/anaconda3/envs/airflow_env/lib/python3.9/site-packages/airflow/example_dags/example_sla_dag.py for tasks to queue
[2022-08-22 19:58:47,230] {logging_mixin.py:109} INFO - [2022-08-22 19:58:47,230] {dagbag.py:500} INFO - Filling up the DagBag from /opt/anaconda3/envs/airflow_env/lib/python3.9/site-packages/airflow/example_dags/example_sla_dag.py
[2022-08-22 19:58:47,256] {processor.py:654} INFO - DAG(s) dict_keys(['example_sla_dag']) retrieved from /opt/anaconda3/envs/airflow_env/lib/python3.9/site-packages/airflow/example_dags/example_sla_dag.py
[2022-08-22 19:58:47,266] {logging_mixin.py:109} INFO - [2022-08-22 19:58:47,266] {dag.py:2396} INFO - Sync 1 DAGs
[2022-08-22 19:58:47,272] {logging_mixin.py:109} INFO - [2022-08-22 19:58:47,272] {dag.py:2935} INFO - Setting next_dagrun for example_sla_dag to 2022-08-23T00:56:00+00:00
[2022-08-22 19:58:47,275] {processor.py:171} INFO - Processing /opt/anaconda3/envs/airflow_env/lib/python3.9/site-packages/airflow/example_dags/example_sla_dag.py took 0.046 seconds
[2022-08-22 19:59:50,879] {processor.py:163} INFO - Started process (PID=16810) to work on /opt/anaconda3/envs/airflow_env/lib/python3.9/site-packages/airflow/example_dags/example_sla_dag.py
[2022-08-22 19:59:50,880] {processor.py:642} INFO - Processing file /opt/anaconda3/envs/airflow_env/lib/python3.9/site-packages/airflow/example_dags/example_sla_dag.py for tasks to queue
[2022-08-22 19:59:50,880] {logging_mixin.py:109} INFO - [2022-08-22 19:59:50,880] {dagbag.py:500} INFO - Filling up the DagBag from /opt/anaconda3/envs/airflow_env/lib/python3.9/site-packages/airflow/example_dags/example_sla_dag.py
[2022-08-22 19:59:50,904] {processor.py:654} INFO - DAG(s) dict_keys(['example_sla_dag']) retrieved from /opt/anaconda3/envs/airflow_env/lib/python3.9/site-packages/airflow/example_dags/example_sla_dag.py
[2022-08-22 19:59:50,913] {logging_mixin.py:109} INFO - [2022-08-22 19:59:50,913] {dag.py:2396} INFO - Sync 1 DAGs
[2022-08-22 19:59:50,919] {logging_mixin.py:109} INFO - [2022-08-22 19:59:50,919] {dag.py:2935} INFO - Setting next_dagrun for example_sla_dag to 2022-08-23T00:56:00+00:00
[2022-08-22 19:59:50,922] {processor.py:171} INFO - Processing /opt/anaconda3/envs/airflow_env/lib/python3.9/site-packages/airflow/example_dags/example_sla_dag.py took 0.043 seconds
[2022-08-22 20:00:57,558] {processor.py:163} INFO - Started process (PID=16870) to work on /opt/anaconda3/envs/airflow_env/lib/python3.9/site-packages/airflow/example_dags/example_sla_dag.py
[2022-08-22 20:00:57,559] {processor.py:642} INFO - Processing file /opt/anaconda3/envs/airflow_env/lib/python3.9/site-packages/airflow/example_dags/example_sla_dag.py for tasks to queue
[2022-08-22 20:00:57,559] {logging_mixin.py:109} INFO - [2022-08-22 20:00:57,559] {dagbag.py:500} INFO - Filling up the DagBag from /opt/anaconda3/envs/airflow_env/lib/python3.9/site-packages/airflow/example_dags/example_sla_dag.py
[2022-08-22 20:00:57,585] {processor.py:654} INFO - DAG(s) dict_keys(['example_sla_dag']) retrieved from /opt/anaconda3/envs/airflow_env/lib/python3.9/site-packages/airflow/example_dags/example_sla_dag.py
[2022-08-22 20:00:57,594] {logging_mixin.py:109} INFO - [2022-08-22 20:00:57,594] {dag.py:2396} INFO - Sync 1 DAGs
[2022-08-22 20:00:57,600] {logging_mixin.py:109} INFO - [2022-08-22 20:00:57,600] {dag.py:2935} INFO - Setting next_dagrun for example_sla_dag to 2022-08-23T00:58:00+00:00
[2022-08-22 20:00:57,604] {processor.py:171} INFO - Processing /opt/anaconda3/envs/airflow_env/lib/python3.9/site-packages/airflow/example_dags/example_sla_dag.py took 0.047 seconds
[2022-08-22 20:02:04,208] {processor.py:163} INFO - Started process (PID=16909) to work on /opt/anaconda3/envs/airflow_env/lib/python3.9/site-packages/airflow/example_dags/example_sla_dag.py
[2022-08-22 20:02:04,208] {processor.py:642} INFO - Processing file /opt/anaconda3/envs/airflow_env/lib/python3.9/site-packages/airflow/example_dags/example_sla_dag.py for tasks to queue
[2022-08-22 20:02:04,209] {logging_mixin.py:109} INFO - [2022-08-22 20:02:04,208] {dagbag.py:500} INFO - Filling up the DagBag from /opt/anaconda3/envs/airflow_env/lib/python3.9/site-packages/airflow/example_dags/example_sla_dag.py
[2022-08-22 20:02:04,234] {processor.py:654} INFO - DAG(s) dict_keys(['example_sla_dag']) retrieved from /opt/anaconda3/envs/airflow_env/lib/python3.9/site-packages/airflow/example_dags/example_sla_dag.py
[2022-08-22 20:02:04,244] {logging_mixin.py:109} INFO - [2022-08-22 20:02:04,244] {dag.py:2396} INFO - Sync 1 DAGs
[2022-08-22 20:02:04,252] {logging_mixin.py:109} INFO - [2022-08-22 20:02:04,252] {dag.py:2935} INFO - Setting next_dagrun for example_sla_dag to 2022-08-23T01:00:00+00:00
[2022-08-22 20:02:04,256] {processor.py:171} INFO - Processing /opt/anaconda3/envs/airflow_env/lib/python3.9/site-packages/airflow/example_dags/example_sla_dag.py took 0.048 seconds
[2022-08-22 20:03:10,405] {processor.py:163} INFO - Started process (PID=16957) to work on /opt/anaconda3/envs/airflow_env/lib/python3.9/site-packages/airflow/example_dags/example_sla_dag.py
[2022-08-22 20:03:10,406] {processor.py:642} INFO - Processing file /opt/anaconda3/envs/airflow_env/lib/python3.9/site-packages/airflow/example_dags/example_sla_dag.py for tasks to queue
[2022-08-22 20:03:10,406] {logging_mixin.py:109} INFO - [2022-08-22 20:03:10,406] {dagbag.py:500} INFO - Filling up the DagBag from /opt/anaconda3/envs/airflow_env/lib/python3.9/site-packages/airflow/example_dags/example_sla_dag.py
[2022-08-22 20:03:10,432] {processor.py:654} INFO - DAG(s) dict_keys(['example_sla_dag']) retrieved from /opt/anaconda3/envs/airflow_env/lib/python3.9/site-packages/airflow/example_dags/example_sla_dag.py
[2022-08-22 20:03:10,441] {logging_mixin.py:109} INFO - [2022-08-22 20:03:10,441] {dag.py:2396} INFO - Sync 1 DAGs
[2022-08-22 20:03:10,447] {logging_mixin.py:109} INFO - [2022-08-22 20:03:10,447] {dag.py:2935} INFO - Setting next_dagrun for example_sla_dag to 2022-08-23T01:00:00+00:00
[2022-08-22 20:03:10,451] {processor.py:171} INFO - Processing /opt/anaconda3/envs/airflow_env/lib/python3.9/site-packages/airflow/example_dags/example_sla_dag.py took 0.046 seconds
[2022-08-22 20:04:12,613] {processor.py:163} INFO - Started process (PID=16998) to work on /opt/anaconda3/envs/airflow_env/lib/python3.9/site-packages/airflow/example_dags/example_sla_dag.py
[2022-08-22 20:04:12,614] {processor.py:642} INFO - Processing file /opt/anaconda3/envs/airflow_env/lib/python3.9/site-packages/airflow/example_dags/example_sla_dag.py for tasks to queue
[2022-08-22 20:04:12,614] {logging_mixin.py:109} INFO - [2022-08-22 20:04:12,614] {dagbag.py:500} INFO - Filling up the DagBag from /opt/anaconda3/envs/airflow_env/lib/python3.9/site-packages/airflow/example_dags/example_sla_dag.py
[2022-08-22 20:04:12,638] {processor.py:654} INFO - DAG(s) dict_keys(['example_sla_dag']) retrieved from /opt/anaconda3/envs/airflow_env/lib/python3.9/site-packages/airflow/example_dags/example_sla_dag.py
[2022-08-22 20:04:12,647] {logging_mixin.py:109} INFO - [2022-08-22 20:04:12,647] {dag.py:2396} INFO - Sync 1 DAGs
[2022-08-22 20:04:12,652] {logging_mixin.py:109} INFO - [2022-08-22 20:04:12,652] {dag.py:2935} INFO - Setting next_dagrun for example_sla_dag to 2022-08-23T01:02:00+00:00
[2022-08-22 20:04:12,656] {processor.py:171} INFO - Processing /opt/anaconda3/envs/airflow_env/lib/python3.9/site-packages/airflow/example_dags/example_sla_dag.py took 0.043 seconds
[2022-08-22 20:05:19,327] {processor.py:163} INFO - Started process (PID=17089) to work on /opt/anaconda3/envs/airflow_env/lib/python3.9/site-packages/airflow/example_dags/example_sla_dag.py
[2022-08-22 20:05:19,328] {processor.py:642} INFO - Processing file /opt/anaconda3/envs/airflow_env/lib/python3.9/site-packages/airflow/example_dags/example_sla_dag.py for tasks to queue
[2022-08-22 20:05:19,328] {logging_mixin.py:109} INFO - [2022-08-22 20:05:19,328] {dagbag.py:500} INFO - Filling up the DagBag from /opt/anaconda3/envs/airflow_env/lib/python3.9/site-packages/airflow/example_dags/example_sla_dag.py
[2022-08-22 20:05:19,353] {processor.py:654} INFO - DAG(s) dict_keys(['example_sla_dag']) retrieved from /opt/anaconda3/envs/airflow_env/lib/python3.9/site-packages/airflow/example_dags/example_sla_dag.py
[2022-08-22 20:05:19,372] {logging_mixin.py:109} INFO - [2022-08-22 20:05:19,372] {dag.py:2396} INFO - Sync 1 DAGs
[2022-08-22 20:05:19,379] {logging_mixin.py:109} INFO - [2022-08-22 20:05:19,379] {dag.py:2935} INFO - Setting next_dagrun for example_sla_dag to 2022-08-23T01:02:00+00:00
[2022-08-22 20:05:19,383] {processor.py:171} INFO - Processing /opt/anaconda3/envs/airflow_env/lib/python3.9/site-packages/airflow/example_dags/example_sla_dag.py took 0.056 seconds
[2022-08-22 20:06:23,104] {processor.py:163} INFO - Started process (PID=17126) to work on /opt/anaconda3/envs/airflow_env/lib/python3.9/site-packages/airflow/example_dags/example_sla_dag.py
[2022-08-22 20:06:23,105] {processor.py:642} INFO - Processing file /opt/anaconda3/envs/airflow_env/lib/python3.9/site-packages/airflow/example_dags/example_sla_dag.py for tasks to queue
[2022-08-22 20:06:23,105] {logging_mixin.py:109} INFO - [2022-08-22 20:06:23,105] {dagbag.py:500} INFO - Filling up the DagBag from /opt/anaconda3/envs/airflow_env/lib/python3.9/site-packages/airflow/example_dags/example_sla_dag.py
[2022-08-22 20:06:23,129] {processor.py:654} INFO - DAG(s) dict_keys(['example_sla_dag']) retrieved from /opt/anaconda3/envs/airflow_env/lib/python3.9/site-packages/airflow/example_dags/example_sla_dag.py
[2022-08-22 20:06:23,139] {logging_mixin.py:109} INFO - [2022-08-22 20:06:23,138] {dag.py:2396} INFO - Sync 1 DAGs
[2022-08-22 20:06:23,145] {logging_mixin.py:109} INFO - [2022-08-22 20:06:23,145] {dag.py:2935} INFO - Setting next_dagrun for example_sla_dag to 2022-08-23T01:04:00+00:00
[2022-08-22 20:06:23,150] {processor.py:171} INFO - Processing /opt/anaconda3/envs/airflow_env/lib/python3.9/site-packages/airflow/example_dags/example_sla_dag.py took 0.046 seconds
[2022-08-22 20:12:36,029] {processor.py:163} INFO - Started process (PID=1424) to work on /opt/anaconda3/envs/airflow_env/lib/python3.9/site-packages/airflow/example_dags/example_sla_dag.py
[2022-08-22 20:12:36,029] {processor.py:642} INFO - Processing file /opt/anaconda3/envs/airflow_env/lib/python3.9/site-packages/airflow/example_dags/example_sla_dag.py for tasks to queue
[2022-08-22 20:12:36,029] {logging_mixin.py:109} INFO - [2022-08-22 20:12:36,029] {dagbag.py:500} INFO - Filling up the DagBag from /opt/anaconda3/envs/airflow_env/lib/python3.9/site-packages/airflow/example_dags/example_sla_dag.py
[2022-08-22 20:12:36,054] {processor.py:654} INFO - DAG(s) dict_keys(['example_sla_dag']) retrieved from /opt/anaconda3/envs/airflow_env/lib/python3.9/site-packages/airflow/example_dags/example_sla_dag.py
[2022-08-22 20:12:36,063] {logging_mixin.py:109} INFO - [2022-08-22 20:12:36,063] {dag.py:2396} INFO - Sync 1 DAGs
[2022-08-22 20:12:36,069] {logging_mixin.py:109} INFO - [2022-08-22 20:12:36,069] {dag.py:2935} INFO - Setting next_dagrun for example_sla_dag to 2022-08-23T01:10:00+00:00
[2022-08-22 20:12:36,073] {processor.py:171} INFO - Processing /opt/anaconda3/envs/airflow_env/lib/python3.9/site-packages/airflow/example_dags/example_sla_dag.py took 0.044 seconds
[2022-08-22 20:13:37,707] {processor.py:163} INFO - Started process (PID=1478) to work on /opt/anaconda3/envs/airflow_env/lib/python3.9/site-packages/airflow/example_dags/example_sla_dag.py
[2022-08-22 20:13:37,707] {processor.py:642} INFO - Processing file /opt/anaconda3/envs/airflow_env/lib/python3.9/site-packages/airflow/example_dags/example_sla_dag.py for tasks to queue
[2022-08-22 20:13:37,707] {logging_mixin.py:109} INFO - [2022-08-22 20:13:37,707] {dagbag.py:500} INFO - Filling up the DagBag from /opt/anaconda3/envs/airflow_env/lib/python3.9/site-packages/airflow/example_dags/example_sla_dag.py
[2022-08-22 20:13:37,732] {processor.py:654} INFO - DAG(s) dict_keys(['example_sla_dag']) retrieved from /opt/anaconda3/envs/airflow_env/lib/python3.9/site-packages/airflow/example_dags/example_sla_dag.py
[2022-08-22 20:13:37,740] {logging_mixin.py:109} INFO - [2022-08-22 20:13:37,740] {dag.py:2396} INFO - Sync 1 DAGs
[2022-08-22 20:13:37,746] {logging_mixin.py:109} INFO - [2022-08-22 20:13:37,746] {dag.py:2935} INFO - Setting next_dagrun for example_sla_dag to 2022-08-23T01:10:00+00:00
[2022-08-22 20:13:37,750] {processor.py:171} INFO - Processing /opt/anaconda3/envs/airflow_env/lib/python3.9/site-packages/airflow/example_dags/example_sla_dag.py took 0.044 seconds
[2022-08-22 20:14:40,912] {processor.py:163} INFO - Started process (PID=1572) to work on /opt/anaconda3/envs/airflow_env/lib/python3.9/site-packages/airflow/example_dags/example_sla_dag.py
[2022-08-22 20:14:40,912] {processor.py:642} INFO - Processing file /opt/anaconda3/envs/airflow_env/lib/python3.9/site-packages/airflow/example_dags/example_sla_dag.py for tasks to queue
[2022-08-22 20:14:40,913] {logging_mixin.py:109} INFO - [2022-08-22 20:14:40,912] {dagbag.py:500} INFO - Filling up the DagBag from /opt/anaconda3/envs/airflow_env/lib/python3.9/site-packages/airflow/example_dags/example_sla_dag.py
[2022-08-22 20:14:40,934] {processor.py:654} INFO - DAG(s) dict_keys(['example_sla_dag']) retrieved from /opt/anaconda3/envs/airflow_env/lib/python3.9/site-packages/airflow/example_dags/example_sla_dag.py
[2022-08-22 20:14:40,942] {logging_mixin.py:109} INFO - [2022-08-22 20:14:40,942] {dag.py:2396} INFO - Sync 1 DAGs
[2022-08-22 20:14:40,947] {logging_mixin.py:109} INFO - [2022-08-22 20:14:40,947] {dag.py:2935} INFO - Setting next_dagrun for example_sla_dag to 2022-08-23T01:12:00+00:00
[2022-08-22 20:14:40,951] {processor.py:171} INFO - Processing /opt/anaconda3/envs/airflow_env/lib/python3.9/site-packages/airflow/example_dags/example_sla_dag.py took 0.039 seconds
[2022-08-22 20:15:42,661] {processor.py:163} INFO - Started process (PID=1847) to work on /opt/anaconda3/envs/airflow_env/lib/python3.9/site-packages/airflow/example_dags/example_sla_dag.py
[2022-08-22 20:15:42,661] {processor.py:642} INFO - Processing file /opt/anaconda3/envs/airflow_env/lib/python3.9/site-packages/airflow/example_dags/example_sla_dag.py for tasks to queue
[2022-08-22 20:15:42,662] {logging_mixin.py:109} INFO - [2022-08-22 20:15:42,662] {dagbag.py:500} INFO - Filling up the DagBag from /opt/anaconda3/envs/airflow_env/lib/python3.9/site-packages/airflow/example_dags/example_sla_dag.py
[2022-08-22 20:15:42,687] {processor.py:654} INFO - DAG(s) dict_keys(['example_sla_dag']) retrieved from /opt/anaconda3/envs/airflow_env/lib/python3.9/site-packages/airflow/example_dags/example_sla_dag.py
[2022-08-22 20:15:42,696] {logging_mixin.py:109} INFO - [2022-08-22 20:15:42,696] {dag.py:2396} INFO - Sync 1 DAGs
[2022-08-22 20:15:42,703] {logging_mixin.py:109} INFO - [2022-08-22 20:15:42,703] {dag.py:2935} INFO - Setting next_dagrun for example_sla_dag to 2022-08-23T01:12:00+00:00
[2022-08-22 20:15:42,707] {processor.py:171} INFO - Processing /opt/anaconda3/envs/airflow_env/lib/python3.9/site-packages/airflow/example_dags/example_sla_dag.py took 0.046 seconds
[2022-08-22 20:16:46,139] {processor.py:163} INFO - Started process (PID=1929) to work on /opt/anaconda3/envs/airflow_env/lib/python3.9/site-packages/airflow/example_dags/example_sla_dag.py
[2022-08-22 20:16:46,139] {processor.py:642} INFO - Processing file /opt/anaconda3/envs/airflow_env/lib/python3.9/site-packages/airflow/example_dags/example_sla_dag.py for tasks to queue
[2022-08-22 20:16:46,139] {logging_mixin.py:109} INFO - [2022-08-22 20:16:46,139] {dagbag.py:500} INFO - Filling up the DagBag from /opt/anaconda3/envs/airflow_env/lib/python3.9/site-packages/airflow/example_dags/example_sla_dag.py
[2022-08-22 20:16:46,163] {processor.py:654} INFO - DAG(s) dict_keys(['example_sla_dag']) retrieved from /opt/anaconda3/envs/airflow_env/lib/python3.9/site-packages/airflow/example_dags/example_sla_dag.py
[2022-08-22 20:16:46,173] {logging_mixin.py:109} INFO - [2022-08-22 20:16:46,173] {dag.py:2396} INFO - Sync 1 DAGs
[2022-08-22 20:16:46,179] {logging_mixin.py:109} INFO - [2022-08-22 20:16:46,179] {dag.py:2935} INFO - Setting next_dagrun for example_sla_dag to 2022-08-23T01:14:00+00:00
[2022-08-22 20:16:46,183] {processor.py:171} INFO - Processing /opt/anaconda3/envs/airflow_env/lib/python3.9/site-packages/airflow/example_dags/example_sla_dag.py took 0.045 seconds
[2022-08-22 20:17:44,703] {processor.py:163} INFO - Started process (PID=1968) to work on /opt/anaconda3/envs/airflow_env/lib/python3.9/site-packages/airflow/example_dags/example_sla_dag.py
[2022-08-22 20:17:44,703] {processor.py:642} INFO - Processing file /opt/anaconda3/envs/airflow_env/lib/python3.9/site-packages/airflow/example_dags/example_sla_dag.py for tasks to queue
[2022-08-22 20:17:44,703] {logging_mixin.py:109} INFO - [2022-08-22 20:17:44,703] {dagbag.py:500} INFO - Filling up the DagBag from /opt/anaconda3/envs/airflow_env/lib/python3.9/site-packages/airflow/example_dags/example_sla_dag.py
[2022-08-22 20:17:44,726] {processor.py:654} INFO - DAG(s) dict_keys(['example_sla_dag']) retrieved from /opt/anaconda3/envs/airflow_env/lib/python3.9/site-packages/airflow/example_dags/example_sla_dag.py
[2022-08-22 20:17:44,734] {logging_mixin.py:109} INFO - [2022-08-22 20:17:44,734] {dag.py:2396} INFO - Sync 1 DAGs
[2022-08-22 20:17:44,740] {logging_mixin.py:109} INFO - [2022-08-22 20:17:44,740] {dag.py:2935} INFO - Setting next_dagrun for example_sla_dag to 2022-08-23T01:14:00+00:00
[2022-08-22 20:17:44,743] {processor.py:171} INFO - Processing /opt/anaconda3/envs/airflow_env/lib/python3.9/site-packages/airflow/example_dags/example_sla_dag.py took 0.041 seconds
[2022-08-22 20:18:44,080] {processor.py:163} INFO - Started process (PID=2040) to work on /opt/anaconda3/envs/airflow_env/lib/python3.9/site-packages/airflow/example_dags/example_sla_dag.py
[2022-08-22 20:18:44,080] {processor.py:642} INFO - Processing file /opt/anaconda3/envs/airflow_env/lib/python3.9/site-packages/airflow/example_dags/example_sla_dag.py for tasks to queue
[2022-08-22 20:18:44,080] {logging_mixin.py:109} INFO - [2022-08-22 20:18:44,080] {dagbag.py:500} INFO - Filling up the DagBag from /opt/anaconda3/envs/airflow_env/lib/python3.9/site-packages/airflow/example_dags/example_sla_dag.py
[2022-08-22 20:18:44,106] {processor.py:654} INFO - DAG(s) dict_keys(['example_sla_dag']) retrieved from /opt/anaconda3/envs/airflow_env/lib/python3.9/site-packages/airflow/example_dags/example_sla_dag.py
[2022-08-22 20:18:44,115] {logging_mixin.py:109} INFO - [2022-08-22 20:18:44,115] {dag.py:2396} INFO - Sync 1 DAGs
[2022-08-22 20:18:44,122] {logging_mixin.py:109} INFO - [2022-08-22 20:18:44,122] {dag.py:2935} INFO - Setting next_dagrun for example_sla_dag to 2022-08-23T01:16:00+00:00
[2022-08-22 20:18:44,127] {processor.py:171} INFO - Processing /opt/anaconda3/envs/airflow_env/lib/python3.9/site-packages/airflow/example_dags/example_sla_dag.py took 0.048 seconds
[2022-08-22 20:19:45,512] {processor.py:163} INFO - Started process (PID=2102) to work on /opt/anaconda3/envs/airflow_env/lib/python3.9/site-packages/airflow/example_dags/example_sla_dag.py
[2022-08-22 20:19:45,513] {processor.py:642} INFO - Processing file /opt/anaconda3/envs/airflow_env/lib/python3.9/site-packages/airflow/example_dags/example_sla_dag.py for tasks to queue
[2022-08-22 20:19:45,513] {logging_mixin.py:109} INFO - [2022-08-22 20:19:45,513] {dagbag.py:500} INFO - Filling up the DagBag from /opt/anaconda3/envs/airflow_env/lib/python3.9/site-packages/airflow/example_dags/example_sla_dag.py
[2022-08-22 20:19:45,538] {processor.py:654} INFO - DAG(s) dict_keys(['example_sla_dag']) retrieved from /opt/anaconda3/envs/airflow_env/lib/python3.9/site-packages/airflow/example_dags/example_sla_dag.py
[2022-08-22 20:19:45,547] {logging_mixin.py:109} INFO - [2022-08-22 20:19:45,547] {dag.py:2396} INFO - Sync 1 DAGs
[2022-08-22 20:19:45,554] {logging_mixin.py:109} INFO - [2022-08-22 20:19:45,554] {dag.py:2935} INFO - Setting next_dagrun for example_sla_dag to 2022-08-23T01:16:00+00:00
[2022-08-22 20:19:45,558] {processor.py:171} INFO - Processing /opt/anaconda3/envs/airflow_env/lib/python3.9/site-packages/airflow/example_dags/example_sla_dag.py took 0.046 seconds
[2022-08-22 20:20:48,700] {processor.py:163} INFO - Started process (PID=2262) to work on /opt/anaconda3/envs/airflow_env/lib/python3.9/site-packages/airflow/example_dags/example_sla_dag.py
[2022-08-22 20:20:48,700] {processor.py:642} INFO - Processing file /opt/anaconda3/envs/airflow_env/lib/python3.9/site-packages/airflow/example_dags/example_sla_dag.py for tasks to queue
[2022-08-22 20:20:48,700] {logging_mixin.py:109} INFO - [2022-08-22 20:20:48,700] {dagbag.py:500} INFO - Filling up the DagBag from /opt/anaconda3/envs/airflow_env/lib/python3.9/site-packages/airflow/example_dags/example_sla_dag.py
[2022-08-22 20:20:48,722] {processor.py:654} INFO - DAG(s) dict_keys(['example_sla_dag']) retrieved from /opt/anaconda3/envs/airflow_env/lib/python3.9/site-packages/airflow/example_dags/example_sla_dag.py
[2022-08-22 20:20:48,730] {logging_mixin.py:109} INFO - [2022-08-22 20:20:48,730] {dag.py:2396} INFO - Sync 1 DAGs
[2022-08-22 20:20:48,736] {logging_mixin.py:109} INFO - [2022-08-22 20:20:48,736] {dag.py:2935} INFO - Setting next_dagrun for example_sla_dag to 2022-08-23T01:18:00+00:00
[2022-08-22 20:20:48,739] {processor.py:171} INFO - Processing /opt/anaconda3/envs/airflow_env/lib/python3.9/site-packages/airflow/example_dags/example_sla_dag.py took 0.040 seconds
[2022-08-22 20:21:50,658] {processor.py:163} INFO - Started process (PID=2314) to work on /opt/anaconda3/envs/airflow_env/lib/python3.9/site-packages/airflow/example_dags/example_sla_dag.py
[2022-08-22 20:21:50,660] {processor.py:642} INFO - Processing file /opt/anaconda3/envs/airflow_env/lib/python3.9/site-packages/airflow/example_dags/example_sla_dag.py for tasks to queue
[2022-08-22 20:21:50,660] {logging_mixin.py:109} INFO - [2022-08-22 20:21:50,660] {dagbag.py:500} INFO - Filling up the DagBag from /opt/anaconda3/envs/airflow_env/lib/python3.9/site-packages/airflow/example_dags/example_sla_dag.py
[2022-08-22 20:21:50,684] {processor.py:654} INFO - DAG(s) dict_keys(['example_sla_dag']) retrieved from /opt/anaconda3/envs/airflow_env/lib/python3.9/site-packages/airflow/example_dags/example_sla_dag.py
[2022-08-22 20:21:50,693] {logging_mixin.py:109} INFO - [2022-08-22 20:21:50,693] {dag.py:2396} INFO - Sync 1 DAGs
[2022-08-22 20:21:50,699] {logging_mixin.py:109} INFO - [2022-08-22 20:21:50,699] {dag.py:2935} INFO - Setting next_dagrun for example_sla_dag to 2022-08-23T01:18:00+00:00
[2022-08-22 20:21:50,703] {processor.py:171} INFO - Processing /opt/anaconda3/envs/airflow_env/lib/python3.9/site-packages/airflow/example_dags/example_sla_dag.py took 0.045 seconds
[2022-08-22 20:22:45,591] {processor.py:163} INFO - Started process (PID=2369) to work on /opt/anaconda3/envs/airflow_env/lib/python3.9/site-packages/airflow/example_dags/example_sla_dag.py
[2022-08-22 20:22:45,591] {processor.py:642} INFO - Processing file /opt/anaconda3/envs/airflow_env/lib/python3.9/site-packages/airflow/example_dags/example_sla_dag.py for tasks to queue
[2022-08-22 20:22:45,592] {logging_mixin.py:109} INFO - [2022-08-22 20:22:45,592] {dagbag.py:500} INFO - Filling up the DagBag from /opt/anaconda3/envs/airflow_env/lib/python3.9/site-packages/airflow/example_dags/example_sla_dag.py
[2022-08-22 20:22:45,615] {processor.py:654} INFO - DAG(s) dict_keys(['example_sla_dag']) retrieved from /opt/anaconda3/envs/airflow_env/lib/python3.9/site-packages/airflow/example_dags/example_sla_dag.py
[2022-08-22 20:22:45,623] {logging_mixin.py:109} INFO - [2022-08-22 20:22:45,623] {dag.py:2396} INFO - Sync 1 DAGs
[2022-08-22 20:22:45,630] {logging_mixin.py:109} INFO - [2022-08-22 20:22:45,630] {dag.py:2935} INFO - Setting next_dagrun for example_sla_dag to 2022-08-23T01:20:00+00:00
[2022-08-22 20:22:45,634] {processor.py:171} INFO - Processing /opt/anaconda3/envs/airflow_env/lib/python3.9/site-packages/airflow/example_dags/example_sla_dag.py took 0.043 seconds
[2022-08-22 20:23:46,869] {processor.py:163} INFO - Started process (PID=2409) to work on /opt/anaconda3/envs/airflow_env/lib/python3.9/site-packages/airflow/example_dags/example_sla_dag.py
[2022-08-22 20:23:46,869] {processor.py:642} INFO - Processing file /opt/anaconda3/envs/airflow_env/lib/python3.9/site-packages/airflow/example_dags/example_sla_dag.py for tasks to queue
[2022-08-22 20:23:46,870] {logging_mixin.py:109} INFO - [2022-08-22 20:23:46,870] {dagbag.py:500} INFO - Filling up the DagBag from /opt/anaconda3/envs/airflow_env/lib/python3.9/site-packages/airflow/example_dags/example_sla_dag.py
[2022-08-22 20:23:46,892] {processor.py:654} INFO - DAG(s) dict_keys(['example_sla_dag']) retrieved from /opt/anaconda3/envs/airflow_env/lib/python3.9/site-packages/airflow/example_dags/example_sla_dag.py
[2022-08-22 20:23:46,900] {logging_mixin.py:109} INFO - [2022-08-22 20:23:46,900] {dag.py:2396} INFO - Sync 1 DAGs
[2022-08-22 20:23:46,906] {logging_mixin.py:109} INFO - [2022-08-22 20:23:46,906] {dag.py:2935} INFO - Setting next_dagrun for example_sla_dag to 2022-08-23T01:20:00+00:00
[2022-08-22 20:23:46,909] {processor.py:171} INFO - Processing /opt/anaconda3/envs/airflow_env/lib/python3.9/site-packages/airflow/example_dags/example_sla_dag.py took 0.040 seconds
[2022-08-22 20:24:48,332] {processor.py:163} INFO - Started process (PID=2452) to work on /opt/anaconda3/envs/airflow_env/lib/python3.9/site-packages/airflow/example_dags/example_sla_dag.py
[2022-08-22 20:24:48,332] {processor.py:642} INFO - Processing file /opt/anaconda3/envs/airflow_env/lib/python3.9/site-packages/airflow/example_dags/example_sla_dag.py for tasks to queue
[2022-08-22 20:24:48,332] {logging_mixin.py:109} INFO - [2022-08-22 20:24:48,332] {dagbag.py:500} INFO - Filling up the DagBag from /opt/anaconda3/envs/airflow_env/lib/python3.9/site-packages/airflow/example_dags/example_sla_dag.py
[2022-08-22 20:24:48,358] {processor.py:654} INFO - DAG(s) dict_keys(['example_sla_dag']) retrieved from /opt/anaconda3/envs/airflow_env/lib/python3.9/site-packages/airflow/example_dags/example_sla_dag.py
[2022-08-22 20:24:48,368] {logging_mixin.py:109} INFO - [2022-08-22 20:24:48,368] {dag.py:2396} INFO - Sync 1 DAGs
[2022-08-22 20:24:48,375] {logging_mixin.py:109} INFO - [2022-08-22 20:24:48,374] {dag.py:2935} INFO - Setting next_dagrun for example_sla_dag to 2022-08-23T01:22:00+00:00
[2022-08-22 20:24:48,378] {processor.py:171} INFO - Processing /opt/anaconda3/envs/airflow_env/lib/python3.9/site-packages/airflow/example_dags/example_sla_dag.py took 0.047 seconds
[2022-08-22 20:25:50,126] {processor.py:163} INFO - Started process (PID=2563) to work on /opt/anaconda3/envs/airflow_env/lib/python3.9/site-packages/airflow/example_dags/example_sla_dag.py
[2022-08-22 20:25:50,127] {processor.py:642} INFO - Processing file /opt/anaconda3/envs/airflow_env/lib/python3.9/site-packages/airflow/example_dags/example_sla_dag.py for tasks to queue
[2022-08-22 20:25:50,127] {logging_mixin.py:109} INFO - [2022-08-22 20:25:50,127] {dagbag.py:500} INFO - Filling up the DagBag from /opt/anaconda3/envs/airflow_env/lib/python3.9/site-packages/airflow/example_dags/example_sla_dag.py
[2022-08-22 20:25:50,149] {processor.py:654} INFO - DAG(s) dict_keys(['example_sla_dag']) retrieved from /opt/anaconda3/envs/airflow_env/lib/python3.9/site-packages/airflow/example_dags/example_sla_dag.py
[2022-08-22 20:25:50,157] {logging_mixin.py:109} INFO - [2022-08-22 20:25:50,157] {dag.py:2396} INFO - Sync 1 DAGs
[2022-08-22 20:25:50,163] {logging_mixin.py:109} INFO - [2022-08-22 20:25:50,163] {dag.py:2935} INFO - Setting next_dagrun for example_sla_dag to 2022-08-23T01:22:00+00:00
[2022-08-22 20:25:50,166] {processor.py:171} INFO - Processing /opt/anaconda3/envs/airflow_env/lib/python3.9/site-packages/airflow/example_dags/example_sla_dag.py took 0.041 seconds
[2022-08-22 20:26:51,667] {processor.py:163} INFO - Started process (PID=2605) to work on /opt/anaconda3/envs/airflow_env/lib/python3.9/site-packages/airflow/example_dags/example_sla_dag.py
[2022-08-22 20:26:51,668] {processor.py:642} INFO - Processing file /opt/anaconda3/envs/airflow_env/lib/python3.9/site-packages/airflow/example_dags/example_sla_dag.py for tasks to queue
[2022-08-22 20:26:51,668] {logging_mixin.py:109} INFO - [2022-08-22 20:26:51,668] {dagbag.py:500} INFO - Filling up the DagBag from /opt/anaconda3/envs/airflow_env/lib/python3.9/site-packages/airflow/example_dags/example_sla_dag.py
[2022-08-22 20:26:51,691] {processor.py:654} INFO - DAG(s) dict_keys(['example_sla_dag']) retrieved from /opt/anaconda3/envs/airflow_env/lib/python3.9/site-packages/airflow/example_dags/example_sla_dag.py
[2022-08-22 20:26:51,701] {logging_mixin.py:109} INFO - [2022-08-22 20:26:51,701] {dag.py:2396} INFO - Sync 1 DAGs
[2022-08-22 20:26:51,707] {logging_mixin.py:109} INFO - [2022-08-22 20:26:51,707] {dag.py:2935} INFO - Setting next_dagrun for example_sla_dag to 2022-08-23T01:24:00+00:00
[2022-08-22 20:26:51,711] {processor.py:171} INFO - Processing /opt/anaconda3/envs/airflow_env/lib/python3.9/site-packages/airflow/example_dags/example_sla_dag.py took 0.044 seconds
[2022-08-22 20:29:05,442] {processor.py:163} INFO - Started process (PID=2735) to work on /opt/anaconda3/envs/airflow_env/lib/python3.9/site-packages/airflow/example_dags/example_sla_dag.py
[2022-08-22 20:29:05,444] {processor.py:642} INFO - Processing file /opt/anaconda3/envs/airflow_env/lib/python3.9/site-packages/airflow/example_dags/example_sla_dag.py for tasks to queue
[2022-08-22 20:29:05,444] {logging_mixin.py:109} INFO - [2022-08-22 20:29:05,444] {dagbag.py:500} INFO - Filling up the DagBag from /opt/anaconda3/envs/airflow_env/lib/python3.9/site-packages/airflow/example_dags/example_sla_dag.py
[2022-08-22 20:29:05,466] {processor.py:654} INFO - DAG(s) dict_keys(['example_sla_dag']) retrieved from /opt/anaconda3/envs/airflow_env/lib/python3.9/site-packages/airflow/example_dags/example_sla_dag.py
[2022-08-22 20:29:05,474] {logging_mixin.py:109} INFO - [2022-08-22 20:29:05,474] {dag.py:2396} INFO - Sync 1 DAGs
[2022-08-22 20:29:05,479] {logging_mixin.py:109} INFO - [2022-08-22 20:29:05,479] {dag.py:2935} INFO - Setting next_dagrun for example_sla_dag to 2022-08-23T01:26:00+00:00
[2022-08-22 20:29:05,482] {processor.py:171} INFO - Processing /opt/anaconda3/envs/airflow_env/lib/python3.9/site-packages/airflow/example_dags/example_sla_dag.py took 0.040 seconds
[2022-08-22 20:30:06,857] {processor.py:163} INFO - Started process (PID=2780) to work on /opt/anaconda3/envs/airflow_env/lib/python3.9/site-packages/airflow/example_dags/example_sla_dag.py
[2022-08-22 20:30:06,857] {processor.py:642} INFO - Processing file /opt/anaconda3/envs/airflow_env/lib/python3.9/site-packages/airflow/example_dags/example_sla_dag.py for tasks to queue
[2022-08-22 20:30:06,857] {logging_mixin.py:109} INFO - [2022-08-22 20:30:06,857] {dagbag.py:500} INFO - Filling up the DagBag from /opt/anaconda3/envs/airflow_env/lib/python3.9/site-packages/airflow/example_dags/example_sla_dag.py
[2022-08-22 20:30:06,879] {processor.py:654} INFO - DAG(s) dict_keys(['example_sla_dag']) retrieved from /opt/anaconda3/envs/airflow_env/lib/python3.9/site-packages/airflow/example_dags/example_sla_dag.py
[2022-08-22 20:30:06,887] {logging_mixin.py:109} INFO - [2022-08-22 20:30:06,887] {dag.py:2396} INFO - Sync 1 DAGs
[2022-08-22 20:30:06,892] {logging_mixin.py:109} INFO - [2022-08-22 20:30:06,892] {dag.py:2935} INFO - Setting next_dagrun for example_sla_dag to 2022-08-23T01:28:00+00:00
[2022-08-22 20:30:06,895] {processor.py:171} INFO - Processing /opt/anaconda3/envs/airflow_env/lib/python3.9/site-packages/airflow/example_dags/example_sla_dag.py took 0.039 seconds
