[2022-08-22 19:59:13,194] {processor.py:163} INFO - Started process (PID=16787) to work on /opt/anaconda3/envs/airflow_env/lib/python3.9/site-packages/airflow/example_dags/example_branch_operator.py
[2022-08-22 19:59:13,194] {processor.py:642} INFO - Processing file /opt/anaconda3/envs/airflow_env/lib/python3.9/site-packages/airflow/example_dags/example_branch_operator.py for tasks to queue
[2022-08-22 19:59:13,194] {logging_mixin.py:109} INFO - [2022-08-22 19:59:13,194] {dagbag.py:500} INFO - Filling up the DagBag from /opt/anaconda3/envs/airflow_env/lib/python3.9/site-packages/airflow/example_dags/example_branch_operator.py
[2022-08-22 19:59:13,221] {processor.py:654} INFO - DAG(s) dict_keys(['example_branch_operator']) retrieved from /opt/anaconda3/envs/airflow_env/lib/python3.9/site-packages/airflow/example_dags/example_branch_operator.py
[2022-08-22 19:59:13,232] {logging_mixin.py:109} INFO - [2022-08-22 19:59:13,231] {dag.py:2396} INFO - Sync 1 DAGs
[2022-08-22 19:59:13,237] {logging_mixin.py:109} INFO - [2022-08-22 19:59:13,237] {dag.py:2935} INFO - Setting next_dagrun for example_branch_operator to 2022-08-22 00:00:00+00:00
[2022-08-22 19:59:13,240] {processor.py:171} INFO - Processing /opt/anaconda3/envs/airflow_env/lib/python3.9/site-packages/airflow/example_dags/example_branch_operator.py took 0.047 seconds
[2022-08-22 20:00:20,042] {processor.py:163} INFO - Started process (PID=16838) to work on /opt/anaconda3/envs/airflow_env/lib/python3.9/site-packages/airflow/example_dags/example_branch_operator.py
[2022-08-22 20:00:20,043] {processor.py:642} INFO - Processing file /opt/anaconda3/envs/airflow_env/lib/python3.9/site-packages/airflow/example_dags/example_branch_operator.py for tasks to queue
[2022-08-22 20:00:20,043] {logging_mixin.py:109} INFO - [2022-08-22 20:00:20,043] {dagbag.py:500} INFO - Filling up the DagBag from /opt/anaconda3/envs/airflow_env/lib/python3.9/site-packages/airflow/example_dags/example_branch_operator.py
[2022-08-22 20:00:20,071] {processor.py:654} INFO - DAG(s) dict_keys(['example_branch_operator']) retrieved from /opt/anaconda3/envs/airflow_env/lib/python3.9/site-packages/airflow/example_dags/example_branch_operator.py
[2022-08-22 20:00:20,082] {logging_mixin.py:109} INFO - [2022-08-22 20:00:20,082] {dag.py:2396} INFO - Sync 1 DAGs
[2022-08-22 20:00:20,088] {logging_mixin.py:109} INFO - [2022-08-22 20:00:20,088] {dag.py:2935} INFO - Setting next_dagrun for example_branch_operator to 2022-08-22 00:00:00+00:00
[2022-08-22 20:00:20,092] {processor.py:171} INFO - Processing /opt/anaconda3/envs/airflow_env/lib/python3.9/site-packages/airflow/example_dags/example_branch_operator.py took 0.051 seconds
[2022-08-22 20:01:26,781] {processor.py:163} INFO - Started process (PID=16887) to work on /opt/anaconda3/envs/airflow_env/lib/python3.9/site-packages/airflow/example_dags/example_branch_operator.py
[2022-08-22 20:01:26,782] {processor.py:642} INFO - Processing file /opt/anaconda3/envs/airflow_env/lib/python3.9/site-packages/airflow/example_dags/example_branch_operator.py for tasks to queue
[2022-08-22 20:01:26,782] {logging_mixin.py:109} INFO - [2022-08-22 20:01:26,782] {dagbag.py:500} INFO - Filling up the DagBag from /opt/anaconda3/envs/airflow_env/lib/python3.9/site-packages/airflow/example_dags/example_branch_operator.py
[2022-08-22 20:01:26,809] {processor.py:654} INFO - DAG(s) dict_keys(['example_branch_operator']) retrieved from /opt/anaconda3/envs/airflow_env/lib/python3.9/site-packages/airflow/example_dags/example_branch_operator.py
[2022-08-22 20:01:26,819] {logging_mixin.py:109} INFO - [2022-08-22 20:01:26,819] {dag.py:2396} INFO - Sync 1 DAGs
[2022-08-22 20:01:26,825] {logging_mixin.py:109} INFO - [2022-08-22 20:01:26,825] {dag.py:2935} INFO - Setting next_dagrun for example_branch_operator to 2022-08-22 00:00:00+00:00
[2022-08-22 20:01:26,829] {processor.py:171} INFO - Processing /opt/anaconda3/envs/airflow_env/lib/python3.9/site-packages/airflow/example_dags/example_branch_operator.py took 0.048 seconds
[2022-08-22 20:02:33,628] {processor.py:163} INFO - Started process (PID=16929) to work on /opt/anaconda3/envs/airflow_env/lib/python3.9/site-packages/airflow/example_dags/example_branch_operator.py
[2022-08-22 20:02:33,629] {processor.py:642} INFO - Processing file /opt/anaconda3/envs/airflow_env/lib/python3.9/site-packages/airflow/example_dags/example_branch_operator.py for tasks to queue
[2022-08-22 20:02:33,629] {logging_mixin.py:109} INFO - [2022-08-22 20:02:33,629] {dagbag.py:500} INFO - Filling up the DagBag from /opt/anaconda3/envs/airflow_env/lib/python3.9/site-packages/airflow/example_dags/example_branch_operator.py
[2022-08-22 20:02:33,654] {processor.py:654} INFO - DAG(s) dict_keys(['example_branch_operator']) retrieved from /opt/anaconda3/envs/airflow_env/lib/python3.9/site-packages/airflow/example_dags/example_branch_operator.py
[2022-08-22 20:02:33,664] {logging_mixin.py:109} INFO - [2022-08-22 20:02:33,664] {dag.py:2396} INFO - Sync 1 DAGs
[2022-08-22 20:02:33,669] {logging_mixin.py:109} INFO - [2022-08-22 20:02:33,669] {dag.py:2935} INFO - Setting next_dagrun for example_branch_operator to 2022-08-22 00:00:00+00:00
[2022-08-22 20:02:33,674] {processor.py:171} INFO - Processing /opt/anaconda3/envs/airflow_env/lib/python3.9/site-packages/airflow/example_dags/example_branch_operator.py took 0.046 seconds
[2022-08-22 20:03:37,528] {processor.py:163} INFO - Started process (PID=16975) to work on /opt/anaconda3/envs/airflow_env/lib/python3.9/site-packages/airflow/example_dags/example_branch_operator.py
[2022-08-22 20:03:37,528] {processor.py:642} INFO - Processing file /opt/anaconda3/envs/airflow_env/lib/python3.9/site-packages/airflow/example_dags/example_branch_operator.py for tasks to queue
[2022-08-22 20:03:37,528] {logging_mixin.py:109} INFO - [2022-08-22 20:03:37,528] {dagbag.py:500} INFO - Filling up the DagBag from /opt/anaconda3/envs/airflow_env/lib/python3.9/site-packages/airflow/example_dags/example_branch_operator.py
[2022-08-22 20:03:37,552] {processor.py:654} INFO - DAG(s) dict_keys(['example_branch_operator']) retrieved from /opt/anaconda3/envs/airflow_env/lib/python3.9/site-packages/airflow/example_dags/example_branch_operator.py
[2022-08-22 20:03:37,563] {logging_mixin.py:109} INFO - [2022-08-22 20:03:37,563] {dag.py:2396} INFO - Sync 1 DAGs
[2022-08-22 20:03:37,569] {logging_mixin.py:109} INFO - [2022-08-22 20:03:37,569] {dag.py:2935} INFO - Setting next_dagrun for example_branch_operator to 2022-08-22 00:00:00+00:00
[2022-08-22 20:03:37,573] {processor.py:171} INFO - Processing /opt/anaconda3/envs/airflow_env/lib/python3.9/site-packages/airflow/example_dags/example_branch_operator.py took 0.046 seconds
[2022-08-22 20:04:42,125] {processor.py:163} INFO - Started process (PID=17061) to work on /opt/anaconda3/envs/airflow_env/lib/python3.9/site-packages/airflow/example_dags/example_branch_operator.py
[2022-08-22 20:04:42,125] {processor.py:642} INFO - Processing file /opt/anaconda3/envs/airflow_env/lib/python3.9/site-packages/airflow/example_dags/example_branch_operator.py for tasks to queue
[2022-08-22 20:04:42,126] {logging_mixin.py:109} INFO - [2022-08-22 20:04:42,126] {dagbag.py:500} INFO - Filling up the DagBag from /opt/anaconda3/envs/airflow_env/lib/python3.9/site-packages/airflow/example_dags/example_branch_operator.py
[2022-08-22 20:04:42,151] {processor.py:654} INFO - DAG(s) dict_keys(['example_branch_operator']) retrieved from /opt/anaconda3/envs/airflow_env/lib/python3.9/site-packages/airflow/example_dags/example_branch_operator.py
[2022-08-22 20:04:42,160] {logging_mixin.py:109} INFO - [2022-08-22 20:04:42,160] {dag.py:2396} INFO - Sync 1 DAGs
[2022-08-22 20:04:42,166] {logging_mixin.py:109} INFO - [2022-08-22 20:04:42,166] {dag.py:2935} INFO - Setting next_dagrun for example_branch_operator to 2022-08-22 00:00:00+00:00
[2022-08-22 20:04:42,170] {processor.py:171} INFO - Processing /opt/anaconda3/envs/airflow_env/lib/python3.9/site-packages/airflow/example_dags/example_branch_operator.py took 0.045 seconds
[2022-08-22 20:05:48,156] {processor.py:163} INFO - Started process (PID=17106) to work on /opt/anaconda3/envs/airflow_env/lib/python3.9/site-packages/airflow/example_dags/example_branch_operator.py
[2022-08-22 20:05:48,156] {processor.py:642} INFO - Processing file /opt/anaconda3/envs/airflow_env/lib/python3.9/site-packages/airflow/example_dags/example_branch_operator.py for tasks to queue
[2022-08-22 20:05:48,156] {logging_mixin.py:109} INFO - [2022-08-22 20:05:48,156] {dagbag.py:500} INFO - Filling up the DagBag from /opt/anaconda3/envs/airflow_env/lib/python3.9/site-packages/airflow/example_dags/example_branch_operator.py
[2022-08-22 20:05:48,181] {processor.py:654} INFO - DAG(s) dict_keys(['example_branch_operator']) retrieved from /opt/anaconda3/envs/airflow_env/lib/python3.9/site-packages/airflow/example_dags/example_branch_operator.py
[2022-08-22 20:05:48,191] {logging_mixin.py:109} INFO - [2022-08-22 20:05:48,191] {dag.py:2396} INFO - Sync 1 DAGs
[2022-08-22 20:05:48,197] {logging_mixin.py:109} INFO - [2022-08-22 20:05:48,197] {dag.py:2935} INFO - Setting next_dagrun for example_branch_operator to 2022-08-22 00:00:00+00:00
[2022-08-22 20:05:48,201] {processor.py:171} INFO - Processing /opt/anaconda3/envs/airflow_env/lib/python3.9/site-packages/airflow/example_dags/example_branch_operator.py took 0.045 seconds
[2022-08-22 20:13:01,110] {processor.py:163} INFO - Started process (PID=1452) to work on /opt/anaconda3/envs/airflow_env/lib/python3.9/site-packages/airflow/example_dags/example_branch_operator.py
[2022-08-22 20:13:01,110] {processor.py:642} INFO - Processing file /opt/anaconda3/envs/airflow_env/lib/python3.9/site-packages/airflow/example_dags/example_branch_operator.py for tasks to queue
[2022-08-22 20:13:01,110] {logging_mixin.py:109} INFO - [2022-08-22 20:13:01,110] {dagbag.py:500} INFO - Filling up the DagBag from /opt/anaconda3/envs/airflow_env/lib/python3.9/site-packages/airflow/example_dags/example_branch_operator.py
[2022-08-22 20:13:01,135] {processor.py:654} INFO - DAG(s) dict_keys(['example_branch_operator']) retrieved from /opt/anaconda3/envs/airflow_env/lib/python3.9/site-packages/airflow/example_dags/example_branch_operator.py
[2022-08-22 20:13:01,145] {logging_mixin.py:109} INFO - [2022-08-22 20:13:01,145] {dag.py:2396} INFO - Sync 1 DAGs
[2022-08-22 20:13:01,150] {logging_mixin.py:109} INFO - [2022-08-22 20:13:01,150] {dag.py:2935} INFO - Setting next_dagrun for example_branch_operator to 2022-08-22 00:00:00+00:00
[2022-08-22 20:13:01,155] {processor.py:171} INFO - Processing /opt/anaconda3/envs/airflow_env/lib/python3.9/site-packages/airflow/example_dags/example_branch_operator.py took 0.045 seconds
[2022-08-22 20:14:04,453] {processor.py:163} INFO - Started process (PID=1498) to work on /opt/anaconda3/envs/airflow_env/lib/python3.9/site-packages/airflow/example_dags/example_branch_operator.py
[2022-08-22 20:14:04,453] {processor.py:642} INFO - Processing file /opt/anaconda3/envs/airflow_env/lib/python3.9/site-packages/airflow/example_dags/example_branch_operator.py for tasks to queue
[2022-08-22 20:14:04,454] {logging_mixin.py:109} INFO - [2022-08-22 20:14:04,454] {dagbag.py:500} INFO - Filling up the DagBag from /opt/anaconda3/envs/airflow_env/lib/python3.9/site-packages/airflow/example_dags/example_branch_operator.py
[2022-08-22 20:14:04,477] {processor.py:654} INFO - DAG(s) dict_keys(['example_branch_operator']) retrieved from /opt/anaconda3/envs/airflow_env/lib/python3.9/site-packages/airflow/example_dags/example_branch_operator.py
[2022-08-22 20:14:04,488] {logging_mixin.py:109} INFO - [2022-08-22 20:14:04,488] {dag.py:2396} INFO - Sync 1 DAGs
[2022-08-22 20:14:04,496] {logging_mixin.py:109} INFO - [2022-08-22 20:14:04,496] {dag.py:2935} INFO - Setting next_dagrun for example_branch_operator to 2022-08-22 00:00:00+00:00
[2022-08-22 20:14:04,500] {processor.py:171} INFO - Processing /opt/anaconda3/envs/airflow_env/lib/python3.9/site-packages/airflow/example_dags/example_branch_operator.py took 0.047 seconds
[2022-08-22 20:15:05,748] {processor.py:163} INFO - Started process (PID=1626) to work on /opt/anaconda3/envs/airflow_env/lib/python3.9/site-packages/airflow/example_dags/example_branch_operator.py
[2022-08-22 20:15:05,749] {processor.py:642} INFO - Processing file /opt/anaconda3/envs/airflow_env/lib/python3.9/site-packages/airflow/example_dags/example_branch_operator.py for tasks to queue
[2022-08-22 20:15:05,749] {logging_mixin.py:109} INFO - [2022-08-22 20:15:05,749] {dagbag.py:500} INFO - Filling up the DagBag from /opt/anaconda3/envs/airflow_env/lib/python3.9/site-packages/airflow/example_dags/example_branch_operator.py
[2022-08-22 20:15:05,770] {processor.py:654} INFO - DAG(s) dict_keys(['example_branch_operator']) retrieved from /opt/anaconda3/envs/airflow_env/lib/python3.9/site-packages/airflow/example_dags/example_branch_operator.py
[2022-08-22 20:15:05,778] {logging_mixin.py:109} INFO - [2022-08-22 20:15:05,778] {dag.py:2396} INFO - Sync 1 DAGs
[2022-08-22 20:15:05,783] {logging_mixin.py:109} INFO - [2022-08-22 20:15:05,783] {dag.py:2935} INFO - Setting next_dagrun for example_branch_operator to 2022-08-22 00:00:00+00:00
[2022-08-22 20:15:05,787] {processor.py:171} INFO - Processing /opt/anaconda3/envs/airflow_env/lib/python3.9/site-packages/airflow/example_dags/example_branch_operator.py took 0.039 seconds
[2022-08-22 20:16:09,549] {processor.py:163} INFO - Started process (PID=1865) to work on /opt/anaconda3/envs/airflow_env/lib/python3.9/site-packages/airflow/example_dags/example_branch_operator.py
[2022-08-22 20:16:09,549] {processor.py:642} INFO - Processing file /opt/anaconda3/envs/airflow_env/lib/python3.9/site-packages/airflow/example_dags/example_branch_operator.py for tasks to queue
[2022-08-22 20:16:09,549] {logging_mixin.py:109} INFO - [2022-08-22 20:16:09,549] {dagbag.py:500} INFO - Filling up the DagBag from /opt/anaconda3/envs/airflow_env/lib/python3.9/site-packages/airflow/example_dags/example_branch_operator.py
[2022-08-22 20:16:09,571] {processor.py:654} INFO - DAG(s) dict_keys(['example_branch_operator']) retrieved from /opt/anaconda3/envs/airflow_env/lib/python3.9/site-packages/airflow/example_dags/example_branch_operator.py
[2022-08-22 20:16:09,580] {logging_mixin.py:109} INFO - [2022-08-22 20:16:09,580] {dag.py:2396} INFO - Sync 1 DAGs
[2022-08-22 20:16:09,584] {logging_mixin.py:109} INFO - [2022-08-22 20:16:09,584] {dag.py:2935} INFO - Setting next_dagrun for example_branch_operator to 2022-08-22 00:00:00+00:00
[2022-08-22 20:16:09,588] {processor.py:171} INFO - Processing /opt/anaconda3/envs/airflow_env/lib/python3.9/site-packages/airflow/example_dags/example_branch_operator.py took 0.039 seconds
[2022-08-22 20:17:10,280] {processor.py:163} INFO - Started process (PID=1943) to work on /opt/anaconda3/envs/airflow_env/lib/python3.9/site-packages/airflow/example_dags/example_branch_operator.py
[2022-08-22 20:17:10,280] {processor.py:642} INFO - Processing file /opt/anaconda3/envs/airflow_env/lib/python3.9/site-packages/airflow/example_dags/example_branch_operator.py for tasks to queue
[2022-08-22 20:17:10,281] {logging_mixin.py:109} INFO - [2022-08-22 20:17:10,281] {dagbag.py:500} INFO - Filling up the DagBag from /opt/anaconda3/envs/airflow_env/lib/python3.9/site-packages/airflow/example_dags/example_branch_operator.py
[2022-08-22 20:17:10,309] {processor.py:654} INFO - DAG(s) dict_keys(['example_branch_operator']) retrieved from /opt/anaconda3/envs/airflow_env/lib/python3.9/site-packages/airflow/example_dags/example_branch_operator.py
[2022-08-22 20:17:10,320] {logging_mixin.py:109} INFO - [2022-08-22 20:17:10,320] {dag.py:2396} INFO - Sync 1 DAGs
[2022-08-22 20:17:10,327] {logging_mixin.py:109} INFO - [2022-08-22 20:17:10,327] {dag.py:2935} INFO - Setting next_dagrun for example_branch_operator to 2022-08-22 00:00:00+00:00
[2022-08-22 20:17:10,331] {processor.py:171} INFO - Processing /opt/anaconda3/envs/airflow_env/lib/python3.9/site-packages/airflow/example_dags/example_branch_operator.py took 0.051 seconds
[2022-08-22 20:18:09,573] {processor.py:163} INFO - Started process (PID=1987) to work on /opt/anaconda3/envs/airflow_env/lib/python3.9/site-packages/airflow/example_dags/example_branch_operator.py
[2022-08-22 20:18:09,573] {processor.py:642} INFO - Processing file /opt/anaconda3/envs/airflow_env/lib/python3.9/site-packages/airflow/example_dags/example_branch_operator.py for tasks to queue
[2022-08-22 20:18:09,574] {logging_mixin.py:109} INFO - [2022-08-22 20:18:09,574] {dagbag.py:500} INFO - Filling up the DagBag from /opt/anaconda3/envs/airflow_env/lib/python3.9/site-packages/airflow/example_dags/example_branch_operator.py
[2022-08-22 20:18:09,598] {processor.py:654} INFO - DAG(s) dict_keys(['example_branch_operator']) retrieved from /opt/anaconda3/envs/airflow_env/lib/python3.9/site-packages/airflow/example_dags/example_branch_operator.py
[2022-08-22 20:18:09,608] {logging_mixin.py:109} INFO - [2022-08-22 20:18:09,608] {dag.py:2396} INFO - Sync 1 DAGs
[2022-08-22 20:18:09,613] {logging_mixin.py:109} INFO - [2022-08-22 20:18:09,613] {dag.py:2935} INFO - Setting next_dagrun for example_branch_operator to 2022-08-22 00:00:00+00:00
[2022-08-22 20:18:09,617] {processor.py:171} INFO - Processing /opt/anaconda3/envs/airflow_env/lib/python3.9/site-packages/airflow/example_dags/example_branch_operator.py took 0.044 seconds
[2022-08-22 20:19:10,898] {processor.py:163} INFO - Started process (PID=2069) to work on /opt/anaconda3/envs/airflow_env/lib/python3.9/site-packages/airflow/example_dags/example_branch_operator.py
[2022-08-22 20:19:10,898] {processor.py:642} INFO - Processing file /opt/anaconda3/envs/airflow_env/lib/python3.9/site-packages/airflow/example_dags/example_branch_operator.py for tasks to queue
[2022-08-22 20:19:10,898] {logging_mixin.py:109} INFO - [2022-08-22 20:19:10,898] {dagbag.py:500} INFO - Filling up the DagBag from /opt/anaconda3/envs/airflow_env/lib/python3.9/site-packages/airflow/example_dags/example_branch_operator.py
[2022-08-22 20:19:10,920] {processor.py:654} INFO - DAG(s) dict_keys(['example_branch_operator']) retrieved from /opt/anaconda3/envs/airflow_env/lib/python3.9/site-packages/airflow/example_dags/example_branch_operator.py
[2022-08-22 20:19:10,929] {logging_mixin.py:109} INFO - [2022-08-22 20:19:10,928] {dag.py:2396} INFO - Sync 1 DAGs
[2022-08-22 20:19:10,933] {logging_mixin.py:109} INFO - [2022-08-22 20:19:10,933] {dag.py:2935} INFO - Setting next_dagrun for example_branch_operator to 2022-08-22 00:00:00+00:00
[2022-08-22 20:19:10,937] {processor.py:171} INFO - Processing /opt/anaconda3/envs/airflow_env/lib/python3.9/site-packages/airflow/example_dags/example_branch_operator.py took 0.039 seconds
[2022-08-22 20:20:14,191] {processor.py:163} INFO - Started process (PID=2151) to work on /opt/anaconda3/envs/airflow_env/lib/python3.9/site-packages/airflow/example_dags/example_branch_operator.py
[2022-08-22 20:20:14,192] {processor.py:642} INFO - Processing file /opt/anaconda3/envs/airflow_env/lib/python3.9/site-packages/airflow/example_dags/example_branch_operator.py for tasks to queue
[2022-08-22 20:20:14,192] {logging_mixin.py:109} INFO - [2022-08-22 20:20:14,192] {dagbag.py:500} INFO - Filling up the DagBag from /opt/anaconda3/envs/airflow_env/lib/python3.9/site-packages/airflow/example_dags/example_branch_operator.py
[2022-08-22 20:20:14,214] {processor.py:654} INFO - DAG(s) dict_keys(['example_branch_operator']) retrieved from /opt/anaconda3/envs/airflow_env/lib/python3.9/site-packages/airflow/example_dags/example_branch_operator.py
[2022-08-22 20:20:14,223] {logging_mixin.py:109} INFO - [2022-08-22 20:20:14,223] {dag.py:2396} INFO - Sync 1 DAGs
[2022-08-22 20:20:14,228] {logging_mixin.py:109} INFO - [2022-08-22 20:20:14,228] {dag.py:2935} INFO - Setting next_dagrun for example_branch_operator to 2022-08-22 00:00:00+00:00
[2022-08-22 20:20:14,233] {processor.py:171} INFO - Processing /opt/anaconda3/envs/airflow_env/lib/python3.9/site-packages/airflow/example_dags/example_branch_operator.py took 0.042 seconds
[2022-08-22 20:21:15,626] {processor.py:163} INFO - Started process (PID=2286) to work on /opt/anaconda3/envs/airflow_env/lib/python3.9/site-packages/airflow/example_dags/example_branch_operator.py
[2022-08-22 20:21:15,627] {processor.py:642} INFO - Processing file /opt/anaconda3/envs/airflow_env/lib/python3.9/site-packages/airflow/example_dags/example_branch_operator.py for tasks to queue
[2022-08-22 20:21:15,627] {logging_mixin.py:109} INFO - [2022-08-22 20:21:15,627] {dagbag.py:500} INFO - Filling up the DagBag from /opt/anaconda3/envs/airflow_env/lib/python3.9/site-packages/airflow/example_dags/example_branch_operator.py
[2022-08-22 20:21:15,652] {processor.py:654} INFO - DAG(s) dict_keys(['example_branch_operator']) retrieved from /opt/anaconda3/envs/airflow_env/lib/python3.9/site-packages/airflow/example_dags/example_branch_operator.py
[2022-08-22 20:21:15,662] {logging_mixin.py:109} INFO - [2022-08-22 20:21:15,662] {dag.py:2396} INFO - Sync 1 DAGs
[2022-08-22 20:21:15,669] {logging_mixin.py:109} INFO - [2022-08-22 20:21:15,669] {dag.py:2935} INFO - Setting next_dagrun for example_branch_operator to 2022-08-22 00:00:00+00:00
[2022-08-22 20:21:15,673] {processor.py:171} INFO - Processing /opt/anaconda3/envs/airflow_env/lib/python3.9/site-packages/airflow/example_dags/example_branch_operator.py took 0.048 seconds
[2022-08-22 20:23:10,420] {processor.py:163} INFO - Started process (PID=2385) to work on /opt/anaconda3/envs/airflow_env/lib/python3.9/site-packages/airflow/example_dags/example_branch_operator.py
[2022-08-22 20:23:10,421] {processor.py:642} INFO - Processing file /opt/anaconda3/envs/airflow_env/lib/python3.9/site-packages/airflow/example_dags/example_branch_operator.py for tasks to queue
[2022-08-22 20:23:10,421] {logging_mixin.py:109} INFO - [2022-08-22 20:23:10,421] {dagbag.py:500} INFO - Filling up the DagBag from /opt/anaconda3/envs/airflow_env/lib/python3.9/site-packages/airflow/example_dags/example_branch_operator.py
[2022-08-22 20:23:10,443] {processor.py:654} INFO - DAG(s) dict_keys(['example_branch_operator']) retrieved from /opt/anaconda3/envs/airflow_env/lib/python3.9/site-packages/airflow/example_dags/example_branch_operator.py
[2022-08-22 20:23:10,452] {logging_mixin.py:109} INFO - [2022-08-22 20:23:10,452] {dag.py:2396} INFO - Sync 1 DAGs
[2022-08-22 20:23:10,457] {logging_mixin.py:109} INFO - [2022-08-22 20:23:10,457] {dag.py:2935} INFO - Setting next_dagrun for example_branch_operator to 2022-08-22 00:00:00+00:00
[2022-08-22 20:23:10,460] {processor.py:171} INFO - Processing /opt/anaconda3/envs/airflow_env/lib/python3.9/site-packages/airflow/example_dags/example_branch_operator.py took 0.041 seconds
[2022-08-22 20:24:11,762] {processor.py:163} INFO - Started process (PID=2425) to work on /opt/anaconda3/envs/airflow_env/lib/python3.9/site-packages/airflow/example_dags/example_branch_operator.py
[2022-08-22 20:24:11,763] {processor.py:642} INFO - Processing file /opt/anaconda3/envs/airflow_env/lib/python3.9/site-packages/airflow/example_dags/example_branch_operator.py for tasks to queue
[2022-08-22 20:24:11,763] {logging_mixin.py:109} INFO - [2022-08-22 20:24:11,763] {dagbag.py:500} INFO - Filling up the DagBag from /opt/anaconda3/envs/airflow_env/lib/python3.9/site-packages/airflow/example_dags/example_branch_operator.py
[2022-08-22 20:24:11,787] {processor.py:654} INFO - DAG(s) dict_keys(['example_branch_operator']) retrieved from /opt/anaconda3/envs/airflow_env/lib/python3.9/site-packages/airflow/example_dags/example_branch_operator.py
[2022-08-22 20:24:11,797] {logging_mixin.py:109} INFO - [2022-08-22 20:24:11,797] {dag.py:2396} INFO - Sync 1 DAGs
[2022-08-22 20:24:11,803] {logging_mixin.py:109} INFO - [2022-08-22 20:24:11,803] {dag.py:2935} INFO - Setting next_dagrun for example_branch_operator to 2022-08-22 00:00:00+00:00
[2022-08-22 20:24:11,807] {processor.py:171} INFO - Processing /opt/anaconda3/envs/airflow_env/lib/python3.9/site-packages/airflow/example_dags/example_branch_operator.py took 0.045 seconds
[2022-08-22 20:25:13,430] {processor.py:163} INFO - Started process (PID=2489) to work on /opt/anaconda3/envs/airflow_env/lib/python3.9/site-packages/airflow/example_dags/example_branch_operator.py
[2022-08-22 20:25:13,430] {processor.py:642} INFO - Processing file /opt/anaconda3/envs/airflow_env/lib/python3.9/site-packages/airflow/example_dags/example_branch_operator.py for tasks to queue
[2022-08-22 20:25:13,431] {logging_mixin.py:109} INFO - [2022-08-22 20:25:13,431] {dagbag.py:500} INFO - Filling up the DagBag from /opt/anaconda3/envs/airflow_env/lib/python3.9/site-packages/airflow/example_dags/example_branch_operator.py
[2022-08-22 20:25:13,456] {processor.py:654} INFO - DAG(s) dict_keys(['example_branch_operator']) retrieved from /opt/anaconda3/envs/airflow_env/lib/python3.9/site-packages/airflow/example_dags/example_branch_operator.py
[2022-08-22 20:25:13,467] {logging_mixin.py:109} INFO - [2022-08-22 20:25:13,467] {dag.py:2396} INFO - Sync 1 DAGs
[2022-08-22 20:25:13,474] {logging_mixin.py:109} INFO - [2022-08-22 20:25:13,474] {dag.py:2935} INFO - Setting next_dagrun for example_branch_operator to 2022-08-22 00:00:00+00:00
[2022-08-22 20:25:13,478] {processor.py:171} INFO - Processing /opt/anaconda3/envs/airflow_env/lib/python3.9/site-packages/airflow/example_dags/example_branch_operator.py took 0.049 seconds
[2022-08-22 20:26:16,746] {processor.py:163} INFO - Started process (PID=2582) to work on /opt/anaconda3/envs/airflow_env/lib/python3.9/site-packages/airflow/example_dags/example_branch_operator.py
[2022-08-22 20:26:16,746] {processor.py:642} INFO - Processing file /opt/anaconda3/envs/airflow_env/lib/python3.9/site-packages/airflow/example_dags/example_branch_operator.py for tasks to queue
[2022-08-22 20:26:16,746] {logging_mixin.py:109} INFO - [2022-08-22 20:26:16,746] {dagbag.py:500} INFO - Filling up the DagBag from /opt/anaconda3/envs/airflow_env/lib/python3.9/site-packages/airflow/example_dags/example_branch_operator.py
[2022-08-22 20:26:16,768] {processor.py:654} INFO - DAG(s) dict_keys(['example_branch_operator']) retrieved from /opt/anaconda3/envs/airflow_env/lib/python3.9/site-packages/airflow/example_dags/example_branch_operator.py
[2022-08-22 20:26:16,777] {logging_mixin.py:109} INFO - [2022-08-22 20:26:16,777] {dag.py:2396} INFO - Sync 1 DAGs
[2022-08-22 20:26:16,781] {logging_mixin.py:109} INFO - [2022-08-22 20:26:16,781] {dag.py:2935} INFO - Setting next_dagrun for example_branch_operator to 2022-08-22 00:00:00+00:00
[2022-08-22 20:26:16,785] {processor.py:171} INFO - Processing /opt/anaconda3/envs/airflow_env/lib/python3.9/site-packages/airflow/example_dags/example_branch_operator.py took 0.039 seconds
[2022-08-22 20:27:19,796] {processor.py:163} INFO - Started process (PID=2657) to work on /opt/anaconda3/envs/airflow_env/lib/python3.9/site-packages/airflow/example_dags/example_branch_operator.py
[2022-08-22 20:27:19,796] {processor.py:642} INFO - Processing file /opt/anaconda3/envs/airflow_env/lib/python3.9/site-packages/airflow/example_dags/example_branch_operator.py for tasks to queue
[2022-08-22 20:27:19,797] {logging_mixin.py:109} INFO - [2022-08-22 20:27:19,797] {dagbag.py:500} INFO - Filling up the DagBag from /opt/anaconda3/envs/airflow_env/lib/python3.9/site-packages/airflow/example_dags/example_branch_operator.py
[2022-08-22 20:27:19,821] {processor.py:654} INFO - DAG(s) dict_keys(['example_branch_operator']) retrieved from /opt/anaconda3/envs/airflow_env/lib/python3.9/site-packages/airflow/example_dags/example_branch_operator.py
[2022-08-22 20:27:19,832] {logging_mixin.py:109} INFO - [2022-08-22 20:27:19,832] {dag.py:2396} INFO - Sync 1 DAGs
[2022-08-22 20:27:19,838] {logging_mixin.py:109} INFO - [2022-08-22 20:27:19,838] {dag.py:2935} INFO - Setting next_dagrun for example_branch_operator to 2022-08-22 00:00:00+00:00
[2022-08-22 20:27:19,843] {processor.py:171} INFO - Processing /opt/anaconda3/envs/airflow_env/lib/python3.9/site-packages/airflow/example_dags/example_branch_operator.py took 0.047 seconds
[2022-08-22 20:29:30,372] {processor.py:163} INFO - Started process (PID=2749) to work on /opt/anaconda3/envs/airflow_env/lib/python3.9/site-packages/airflow/example_dags/example_branch_operator.py
[2022-08-22 20:29:30,373] {processor.py:642} INFO - Processing file /opt/anaconda3/envs/airflow_env/lib/python3.9/site-packages/airflow/example_dags/example_branch_operator.py for tasks to queue
[2022-08-22 20:29:30,373] {logging_mixin.py:109} INFO - [2022-08-22 20:29:30,373] {dagbag.py:500} INFO - Filling up the DagBag from /opt/anaconda3/envs/airflow_env/lib/python3.9/site-packages/airflow/example_dags/example_branch_operator.py
[2022-08-22 20:29:30,395] {processor.py:654} INFO - DAG(s) dict_keys(['example_branch_operator']) retrieved from /opt/anaconda3/envs/airflow_env/lib/python3.9/site-packages/airflow/example_dags/example_branch_operator.py
[2022-08-22 20:29:30,403] {logging_mixin.py:109} INFO - [2022-08-22 20:29:30,403] {dag.py:2396} INFO - Sync 1 DAGs
[2022-08-22 20:29:30,408] {logging_mixin.py:109} INFO - [2022-08-22 20:29:30,408] {dag.py:2935} INFO - Setting next_dagrun for example_branch_operator to 2022-08-22 00:00:00+00:00
[2022-08-22 20:29:30,411] {processor.py:171} INFO - Processing /opt/anaconda3/envs/airflow_env/lib/python3.9/site-packages/airflow/example_dags/example_branch_operator.py took 0.040 seconds
