[2022-08-22 19:58:41,259] {processor.py:163} INFO - Started process (PID=16764) to work on /opt/anaconda3/envs/airflow_env/lib/python3.9/site-packages/airflow/example_dags/example_task_group_decorator.py
[2022-08-22 19:58:41,260] {processor.py:642} INFO - Processing file /opt/anaconda3/envs/airflow_env/lib/python3.9/site-packages/airflow/example_dags/example_task_group_decorator.py for tasks to queue
[2022-08-22 19:58:41,260] {logging_mixin.py:109} INFO - [2022-08-22 19:58:41,260] {dagbag.py:500} INFO - Filling up the DagBag from /opt/anaconda3/envs/airflow_env/lib/python3.9/site-packages/airflow/example_dags/example_task_group_decorator.py
[2022-08-22 19:58:41,290] {processor.py:654} INFO - DAG(s) dict_keys(['example_task_group_decorator']) retrieved from /opt/anaconda3/envs/airflow_env/lib/python3.9/site-packages/airflow/example_dags/example_task_group_decorator.py
[2022-08-22 19:58:41,400] {logging_mixin.py:109} INFO - [2022-08-22 19:58:41,400] {dag.py:2396} INFO - Sync 1 DAGs
[2022-08-22 19:58:41,406] {logging_mixin.py:109} INFO - [2022-08-22 19:58:41,406] {dag.py:2935} INFO - Setting next_dagrun for example_task_group_decorator to 2022-08-22T00:58:41.406078+00:00
[2022-08-22 19:58:41,411] {processor.py:171} INFO - Processing /opt/anaconda3/envs/airflow_env/lib/python3.9/site-packages/airflow/example_dags/example_task_group_decorator.py took 0.152 seconds
[2022-08-22 19:59:44,919] {processor.py:163} INFO - Started process (PID=16806) to work on /opt/anaconda3/envs/airflow_env/lib/python3.9/site-packages/airflow/example_dags/example_task_group_decorator.py
[2022-08-22 19:59:44,921] {processor.py:642} INFO - Processing file /opt/anaconda3/envs/airflow_env/lib/python3.9/site-packages/airflow/example_dags/example_task_group_decorator.py for tasks to queue
[2022-08-22 19:59:44,921] {logging_mixin.py:109} INFO - [2022-08-22 19:59:44,921] {dagbag.py:500} INFO - Filling up the DagBag from /opt/anaconda3/envs/airflow_env/lib/python3.9/site-packages/airflow/example_dags/example_task_group_decorator.py
[2022-08-22 19:59:44,950] {processor.py:654} INFO - DAG(s) dict_keys(['example_task_group_decorator']) retrieved from /opt/anaconda3/envs/airflow_env/lib/python3.9/site-packages/airflow/example_dags/example_task_group_decorator.py
[2022-08-22 19:59:45,070] {logging_mixin.py:109} INFO - [2022-08-22 19:59:45,070] {dag.py:2396} INFO - Sync 1 DAGs
[2022-08-22 19:59:45,076] {logging_mixin.py:109} INFO - [2022-08-22 19:59:45,076] {dag.py:2935} INFO - Setting next_dagrun for example_task_group_decorator to 2022-08-22T00:59:45.076430+00:00
[2022-08-22 19:59:45,082] {processor.py:171} INFO - Processing /opt/anaconda3/envs/airflow_env/lib/python3.9/site-packages/airflow/example_dags/example_task_group_decorator.py took 0.163 seconds
[2022-08-22 20:00:51,648] {processor.py:163} INFO - Started process (PID=16866) to work on /opt/anaconda3/envs/airflow_env/lib/python3.9/site-packages/airflow/example_dags/example_task_group_decorator.py
[2022-08-22 20:00:51,649] {processor.py:642} INFO - Processing file /opt/anaconda3/envs/airflow_env/lib/python3.9/site-packages/airflow/example_dags/example_task_group_decorator.py for tasks to queue
[2022-08-22 20:00:51,650] {logging_mixin.py:109} INFO - [2022-08-22 20:00:51,649] {dagbag.py:500} INFO - Filling up the DagBag from /opt/anaconda3/envs/airflow_env/lib/python3.9/site-packages/airflow/example_dags/example_task_group_decorator.py
[2022-08-22 20:00:51,681] {processor.py:654} INFO - DAG(s) dict_keys(['example_task_group_decorator']) retrieved from /opt/anaconda3/envs/airflow_env/lib/python3.9/site-packages/airflow/example_dags/example_task_group_decorator.py
[2022-08-22 20:00:51,794] {logging_mixin.py:109} INFO - [2022-08-22 20:00:51,794] {dag.py:2396} INFO - Sync 1 DAGs
[2022-08-22 20:00:51,800] {logging_mixin.py:109} INFO - [2022-08-22 20:00:51,800] {dag.py:2935} INFO - Setting next_dagrun for example_task_group_decorator to 2022-08-22T01:00:51.800463+00:00
[2022-08-22 20:00:51,805] {processor.py:171} INFO - Processing /opt/anaconda3/envs/airflow_env/lib/python3.9/site-packages/airflow/example_dags/example_task_group_decorator.py took 0.157 seconds
[2022-08-22 20:01:58,230] {processor.py:163} INFO - Started process (PID=16906) to work on /opt/anaconda3/envs/airflow_env/lib/python3.9/site-packages/airflow/example_dags/example_task_group_decorator.py
[2022-08-22 20:01:58,230] {processor.py:642} INFO - Processing file /opt/anaconda3/envs/airflow_env/lib/python3.9/site-packages/airflow/example_dags/example_task_group_decorator.py for tasks to queue
[2022-08-22 20:01:58,231] {logging_mixin.py:109} INFO - [2022-08-22 20:01:58,231] {dagbag.py:500} INFO - Filling up the DagBag from /opt/anaconda3/envs/airflow_env/lib/python3.9/site-packages/airflow/example_dags/example_task_group_decorator.py
[2022-08-22 20:01:58,261] {processor.py:654} INFO - DAG(s) dict_keys(['example_task_group_decorator']) retrieved from /opt/anaconda3/envs/airflow_env/lib/python3.9/site-packages/airflow/example_dags/example_task_group_decorator.py
[2022-08-22 20:01:58,371] {logging_mixin.py:109} INFO - [2022-08-22 20:01:58,371] {dag.py:2396} INFO - Sync 1 DAGs
[2022-08-22 20:01:58,378] {logging_mixin.py:109} INFO - [2022-08-22 20:01:58,377] {dag.py:2935} INFO - Setting next_dagrun for example_task_group_decorator to 2022-08-22T01:01:58.377847+00:00
[2022-08-22 20:01:58,383] {processor.py:171} INFO - Processing /opt/anaconda3/envs/airflow_env/lib/python3.9/site-packages/airflow/example_dags/example_task_group_decorator.py took 0.154 seconds
[2022-08-22 20:03:04,522] {processor.py:163} INFO - Started process (PID=16953) to work on /opt/anaconda3/envs/airflow_env/lib/python3.9/site-packages/airflow/example_dags/example_task_group_decorator.py
[2022-08-22 20:03:04,522] {processor.py:642} INFO - Processing file /opt/anaconda3/envs/airflow_env/lib/python3.9/site-packages/airflow/example_dags/example_task_group_decorator.py for tasks to queue
[2022-08-22 20:03:04,522] {logging_mixin.py:109} INFO - [2022-08-22 20:03:04,522] {dagbag.py:500} INFO - Filling up the DagBag from /opt/anaconda3/envs/airflow_env/lib/python3.9/site-packages/airflow/example_dags/example_task_group_decorator.py
[2022-08-22 20:03:04,551] {processor.py:654} INFO - DAG(s) dict_keys(['example_task_group_decorator']) retrieved from /opt/anaconda3/envs/airflow_env/lib/python3.9/site-packages/airflow/example_dags/example_task_group_decorator.py
[2022-08-22 20:03:04,661] {logging_mixin.py:109} INFO - [2022-08-22 20:03:04,661] {dag.py:2396} INFO - Sync 1 DAGs
[2022-08-22 20:03:04,667] {logging_mixin.py:109} INFO - [2022-08-22 20:03:04,667] {dag.py:2935} INFO - Setting next_dagrun for example_task_group_decorator to 2022-08-22T01:03:04.667009+00:00
[2022-08-22 20:03:04,672] {processor.py:171} INFO - Processing /opt/anaconda3/envs/airflow_env/lib/python3.9/site-packages/airflow/example_dags/example_task_group_decorator.py took 0.151 seconds
[2022-08-22 20:04:06,729] {processor.py:163} INFO - Started process (PID=16995) to work on /opt/anaconda3/envs/airflow_env/lib/python3.9/site-packages/airflow/example_dags/example_task_group_decorator.py
[2022-08-22 20:04:06,729] {processor.py:642} INFO - Processing file /opt/anaconda3/envs/airflow_env/lib/python3.9/site-packages/airflow/example_dags/example_task_group_decorator.py for tasks to queue
[2022-08-22 20:04:06,730] {logging_mixin.py:109} INFO - [2022-08-22 20:04:06,730] {dagbag.py:500} INFO - Filling up the DagBag from /opt/anaconda3/envs/airflow_env/lib/python3.9/site-packages/airflow/example_dags/example_task_group_decorator.py
[2022-08-22 20:04:06,757] {processor.py:654} INFO - DAG(s) dict_keys(['example_task_group_decorator']) retrieved from /opt/anaconda3/envs/airflow_env/lib/python3.9/site-packages/airflow/example_dags/example_task_group_decorator.py
[2022-08-22 20:04:06,866] {logging_mixin.py:109} INFO - [2022-08-22 20:04:06,866] {dag.py:2396} INFO - Sync 1 DAGs
[2022-08-22 20:04:06,872] {logging_mixin.py:109} INFO - [2022-08-22 20:04:06,872] {dag.py:2935} INFO - Setting next_dagrun for example_task_group_decorator to 2022-08-22T01:04:06.872704+00:00
[2022-08-22 20:04:06,878] {processor.py:171} INFO - Processing /opt/anaconda3/envs/airflow_env/lib/python3.9/site-packages/airflow/example_dags/example_task_group_decorator.py took 0.149 seconds
[2022-08-22 20:05:13,340] {processor.py:163} INFO - Started process (PID=17085) to work on /opt/anaconda3/envs/airflow_env/lib/python3.9/site-packages/airflow/example_dags/example_task_group_decorator.py
[2022-08-22 20:05:13,340] {processor.py:642} INFO - Processing file /opt/anaconda3/envs/airflow_env/lib/python3.9/site-packages/airflow/example_dags/example_task_group_decorator.py for tasks to queue
[2022-08-22 20:05:13,341] {logging_mixin.py:109} INFO - [2022-08-22 20:05:13,341] {dagbag.py:500} INFO - Filling up the DagBag from /opt/anaconda3/envs/airflow_env/lib/python3.9/site-packages/airflow/example_dags/example_task_group_decorator.py
[2022-08-22 20:05:13,369] {processor.py:654} INFO - DAG(s) dict_keys(['example_task_group_decorator']) retrieved from /opt/anaconda3/envs/airflow_env/lib/python3.9/site-packages/airflow/example_dags/example_task_group_decorator.py
[2022-08-22 20:05:13,478] {logging_mixin.py:109} INFO - [2022-08-22 20:05:13,478] {dag.py:2396} INFO - Sync 1 DAGs
[2022-08-22 20:05:13,483] {logging_mixin.py:109} INFO - [2022-08-22 20:05:13,483] {dag.py:2935} INFO - Setting next_dagrun for example_task_group_decorator to 2022-08-22T01:05:13.483261+00:00
[2022-08-22 20:05:13,488] {processor.py:171} INFO - Processing /opt/anaconda3/envs/airflow_env/lib/python3.9/site-packages/airflow/example_dags/example_task_group_decorator.py took 0.148 seconds
[2022-08-22 20:06:17,182] {processor.py:163} INFO - Started process (PID=17122) to work on /opt/anaconda3/envs/airflow_env/lib/python3.9/site-packages/airflow/example_dags/example_task_group_decorator.py
[2022-08-22 20:06:17,182] {processor.py:642} INFO - Processing file /opt/anaconda3/envs/airflow_env/lib/python3.9/site-packages/airflow/example_dags/example_task_group_decorator.py for tasks to queue
[2022-08-22 20:06:17,182] {logging_mixin.py:109} INFO - [2022-08-22 20:06:17,182] {dagbag.py:500} INFO - Filling up the DagBag from /opt/anaconda3/envs/airflow_env/lib/python3.9/site-packages/airflow/example_dags/example_task_group_decorator.py
[2022-08-22 20:06:17,210] {processor.py:654} INFO - DAG(s) dict_keys(['example_task_group_decorator']) retrieved from /opt/anaconda3/envs/airflow_env/lib/python3.9/site-packages/airflow/example_dags/example_task_group_decorator.py
[2022-08-22 20:06:17,319] {logging_mixin.py:109} INFO - [2022-08-22 20:06:17,319] {dag.py:2396} INFO - Sync 1 DAGs
[2022-08-22 20:06:17,324] {logging_mixin.py:109} INFO - [2022-08-22 20:06:17,324] {dag.py:2935} INFO - Setting next_dagrun for example_task_group_decorator to 2022-08-22T01:06:17.324699+00:00
[2022-08-22 20:06:17,330] {processor.py:171} INFO - Processing /opt/anaconda3/envs/airflow_env/lib/python3.9/site-packages/airflow/example_dags/example_task_group_decorator.py took 0.148 seconds
[2022-08-22 20:12:30,134] {processor.py:163} INFO - Started process (PID=1421) to work on /opt/anaconda3/envs/airflow_env/lib/python3.9/site-packages/airflow/example_dags/example_task_group_decorator.py
[2022-08-22 20:12:30,134] {processor.py:642} INFO - Processing file /opt/anaconda3/envs/airflow_env/lib/python3.9/site-packages/airflow/example_dags/example_task_group_decorator.py for tasks to queue
[2022-08-22 20:12:30,134] {logging_mixin.py:109} INFO - [2022-08-22 20:12:30,134] {dagbag.py:500} INFO - Filling up the DagBag from /opt/anaconda3/envs/airflow_env/lib/python3.9/site-packages/airflow/example_dags/example_task_group_decorator.py
[2022-08-22 20:12:30,160] {processor.py:654} INFO - DAG(s) dict_keys(['example_task_group_decorator']) retrieved from /opt/anaconda3/envs/airflow_env/lib/python3.9/site-packages/airflow/example_dags/example_task_group_decorator.py
[2022-08-22 20:12:30,256] {logging_mixin.py:109} INFO - [2022-08-22 20:12:30,256] {dag.py:2396} INFO - Sync 1 DAGs
[2022-08-22 20:12:30,261] {logging_mixin.py:109} INFO - [2022-08-22 20:12:30,261] {dag.py:2935} INFO - Setting next_dagrun for example_task_group_decorator to 2022-08-22T01:12:30.261789+00:00
[2022-08-22 20:12:30,266] {processor.py:171} INFO - Processing /opt/anaconda3/envs/airflow_env/lib/python3.9/site-packages/airflow/example_dags/example_task_group_decorator.py took 0.132 seconds
[2022-08-22 20:13:31,947] {processor.py:163} INFO - Started process (PID=1475) to work on /opt/anaconda3/envs/airflow_env/lib/python3.9/site-packages/airflow/example_dags/example_task_group_decorator.py
[2022-08-22 20:13:31,947] {processor.py:642} INFO - Processing file /opt/anaconda3/envs/airflow_env/lib/python3.9/site-packages/airflow/example_dags/example_task_group_decorator.py for tasks to queue
[2022-08-22 20:13:31,947] {logging_mixin.py:109} INFO - [2022-08-22 20:13:31,947] {dagbag.py:500} INFO - Filling up the DagBag from /opt/anaconda3/envs/airflow_env/lib/python3.9/site-packages/airflow/example_dags/example_task_group_decorator.py
[2022-08-22 20:13:31,975] {processor.py:654} INFO - DAG(s) dict_keys(['example_task_group_decorator']) retrieved from /opt/anaconda3/envs/airflow_env/lib/python3.9/site-packages/airflow/example_dags/example_task_group_decorator.py
[2022-08-22 20:13:32,077] {logging_mixin.py:109} INFO - [2022-08-22 20:13:32,077] {dag.py:2396} INFO - Sync 1 DAGs
[2022-08-22 20:13:32,082] {logging_mixin.py:109} INFO - [2022-08-22 20:13:32,082] {dag.py:2935} INFO - Setting next_dagrun for example_task_group_decorator to 2022-08-22T01:13:32.082315+00:00
[2022-08-22 20:13:32,087] {processor.py:171} INFO - Processing /opt/anaconda3/envs/airflow_env/lib/python3.9/site-packages/airflow/example_dags/example_task_group_decorator.py took 0.140 seconds
[2022-08-22 20:14:35,115] {processor.py:163} INFO - Started process (PID=1563) to work on /opt/anaconda3/envs/airflow_env/lib/python3.9/site-packages/airflow/example_dags/example_task_group_decorator.py
[2022-08-22 20:14:35,115] {processor.py:642} INFO - Processing file /opt/anaconda3/envs/airflow_env/lib/python3.9/site-packages/airflow/example_dags/example_task_group_decorator.py for tasks to queue
[2022-08-22 20:14:35,115] {logging_mixin.py:109} INFO - [2022-08-22 20:14:35,115] {dagbag.py:500} INFO - Filling up the DagBag from /opt/anaconda3/envs/airflow_env/lib/python3.9/site-packages/airflow/example_dags/example_task_group_decorator.py
[2022-08-22 20:14:35,140] {processor.py:654} INFO - DAG(s) dict_keys(['example_task_group_decorator']) retrieved from /opt/anaconda3/envs/airflow_env/lib/python3.9/site-packages/airflow/example_dags/example_task_group_decorator.py
[2022-08-22 20:14:35,240] {logging_mixin.py:109} INFO - [2022-08-22 20:14:35,240] {dag.py:2396} INFO - Sync 1 DAGs
[2022-08-22 20:14:35,246] {logging_mixin.py:109} INFO - [2022-08-22 20:14:35,246] {dag.py:2935} INFO - Setting next_dagrun for example_task_group_decorator to 2022-08-22T01:14:35.245930+00:00
[2022-08-22 20:14:35,250] {processor.py:171} INFO - Processing /opt/anaconda3/envs/airflow_env/lib/python3.9/site-packages/airflow/example_dags/example_task_group_decorator.py took 0.136 seconds
[2022-08-22 20:15:36,707] {processor.py:163} INFO - Started process (PID=1838) to work on /opt/anaconda3/envs/airflow_env/lib/python3.9/site-packages/airflow/example_dags/example_task_group_decorator.py
[2022-08-22 20:15:36,707] {processor.py:642} INFO - Processing file /opt/anaconda3/envs/airflow_env/lib/python3.9/site-packages/airflow/example_dags/example_task_group_decorator.py for tasks to queue
[2022-08-22 20:15:36,708] {logging_mixin.py:109} INFO - [2022-08-22 20:15:36,708] {dagbag.py:500} INFO - Filling up the DagBag from /opt/anaconda3/envs/airflow_env/lib/python3.9/site-packages/airflow/example_dags/example_task_group_decorator.py
[2022-08-22 20:15:36,733] {processor.py:654} INFO - DAG(s) dict_keys(['example_task_group_decorator']) retrieved from /opt/anaconda3/envs/airflow_env/lib/python3.9/site-packages/airflow/example_dags/example_task_group_decorator.py
[2022-08-22 20:15:36,829] {logging_mixin.py:109} INFO - [2022-08-22 20:15:36,829] {dag.py:2396} INFO - Sync 1 DAGs
[2022-08-22 20:15:36,835] {logging_mixin.py:109} INFO - [2022-08-22 20:15:36,835] {dag.py:2935} INFO - Setting next_dagrun for example_task_group_decorator to 2022-08-22T01:15:36.835041+00:00
[2022-08-22 20:15:36,840] {processor.py:171} INFO - Processing /opt/anaconda3/envs/airflow_env/lib/python3.9/site-packages/airflow/example_dags/example_task_group_decorator.py took 0.133 seconds
[2022-08-22 20:16:40,300] {processor.py:163} INFO - Started process (PID=1925) to work on /opt/anaconda3/envs/airflow_env/lib/python3.9/site-packages/airflow/example_dags/example_task_group_decorator.py
[2022-08-22 20:16:40,300] {processor.py:642} INFO - Processing file /opt/anaconda3/envs/airflow_env/lib/python3.9/site-packages/airflow/example_dags/example_task_group_decorator.py for tasks to queue
[2022-08-22 20:16:40,300] {logging_mixin.py:109} INFO - [2022-08-22 20:16:40,300] {dagbag.py:500} INFO - Filling up the DagBag from /opt/anaconda3/envs/airflow_env/lib/python3.9/site-packages/airflow/example_dags/example_task_group_decorator.py
[2022-08-22 20:16:40,325] {processor.py:654} INFO - DAG(s) dict_keys(['example_task_group_decorator']) retrieved from /opt/anaconda3/envs/airflow_env/lib/python3.9/site-packages/airflow/example_dags/example_task_group_decorator.py
[2022-08-22 20:16:40,426] {logging_mixin.py:109} INFO - [2022-08-22 20:16:40,426] {dag.py:2396} INFO - Sync 1 DAGs
[2022-08-22 20:16:40,431] {logging_mixin.py:109} INFO - [2022-08-22 20:16:40,431] {dag.py:2935} INFO - Setting next_dagrun for example_task_group_decorator to 2022-08-22T01:16:40.431408+00:00
[2022-08-22 20:16:40,436] {processor.py:171} INFO - Processing /opt/anaconda3/envs/airflow_env/lib/python3.9/site-packages/airflow/example_dags/example_task_group_decorator.py took 0.136 seconds
[2022-08-22 20:17:38,889] {processor.py:163} INFO - Started process (PID=1964) to work on /opt/anaconda3/envs/airflow_env/lib/python3.9/site-packages/airflow/example_dags/example_task_group_decorator.py
[2022-08-22 20:17:38,890] {processor.py:642} INFO - Processing file /opt/anaconda3/envs/airflow_env/lib/python3.9/site-packages/airflow/example_dags/example_task_group_decorator.py for tasks to queue
[2022-08-22 20:17:38,890] {logging_mixin.py:109} INFO - [2022-08-22 20:17:38,890] {dagbag.py:500} INFO - Filling up the DagBag from /opt/anaconda3/envs/airflow_env/lib/python3.9/site-packages/airflow/example_dags/example_task_group_decorator.py
[2022-08-22 20:17:38,915] {processor.py:654} INFO - DAG(s) dict_keys(['example_task_group_decorator']) retrieved from /opt/anaconda3/envs/airflow_env/lib/python3.9/site-packages/airflow/example_dags/example_task_group_decorator.py
[2022-08-22 20:17:39,010] {logging_mixin.py:109} INFO - [2022-08-22 20:17:39,009] {dag.py:2396} INFO - Sync 1 DAGs
[2022-08-22 20:17:39,014] {logging_mixin.py:109} INFO - [2022-08-22 20:17:39,014] {dag.py:2935} INFO - Setting next_dagrun for example_task_group_decorator to 2022-08-22T01:17:39.014821+00:00
[2022-08-22 20:17:39,019] {processor.py:171} INFO - Processing /opt/anaconda3/envs/airflow_env/lib/python3.9/site-packages/airflow/example_dags/example_task_group_decorator.py took 0.130 seconds
[2022-08-22 20:18:38,258] {processor.py:163} INFO - Started process (PID=2020) to work on /opt/anaconda3/envs/airflow_env/lib/python3.9/site-packages/airflow/example_dags/example_task_group_decorator.py
[2022-08-22 20:18:38,259] {processor.py:642} INFO - Processing file /opt/anaconda3/envs/airflow_env/lib/python3.9/site-packages/airflow/example_dags/example_task_group_decorator.py for tasks to queue
[2022-08-22 20:18:38,259] {logging_mixin.py:109} INFO - [2022-08-22 20:18:38,259] {dagbag.py:500} INFO - Filling up the DagBag from /opt/anaconda3/envs/airflow_env/lib/python3.9/site-packages/airflow/example_dags/example_task_group_decorator.py
[2022-08-22 20:18:38,284] {processor.py:654} INFO - DAG(s) dict_keys(['example_task_group_decorator']) retrieved from /opt/anaconda3/envs/airflow_env/lib/python3.9/site-packages/airflow/example_dags/example_task_group_decorator.py
[2022-08-22 20:18:38,380] {logging_mixin.py:109} INFO - [2022-08-22 20:18:38,380] {dag.py:2396} INFO - Sync 1 DAGs
[2022-08-22 20:18:38,385] {logging_mixin.py:109} INFO - [2022-08-22 20:18:38,385] {dag.py:2935} INFO - Setting next_dagrun for example_task_group_decorator to 2022-08-22T01:18:38.385800+00:00
[2022-08-22 20:18:38,390] {processor.py:171} INFO - Processing /opt/anaconda3/envs/airflow_env/lib/python3.9/site-packages/airflow/example_dags/example_task_group_decorator.py took 0.132 seconds
[2022-08-22 20:19:39,685] {processor.py:163} INFO - Started process (PID=2098) to work on /opt/anaconda3/envs/airflow_env/lib/python3.9/site-packages/airflow/example_dags/example_task_group_decorator.py
[2022-08-22 20:19:39,685] {processor.py:642} INFO - Processing file /opt/anaconda3/envs/airflow_env/lib/python3.9/site-packages/airflow/example_dags/example_task_group_decorator.py for tasks to queue
[2022-08-22 20:19:39,685] {logging_mixin.py:109} INFO - [2022-08-22 20:19:39,685] {dagbag.py:500} INFO - Filling up the DagBag from /opt/anaconda3/envs/airflow_env/lib/python3.9/site-packages/airflow/example_dags/example_task_group_decorator.py
[2022-08-22 20:19:39,711] {processor.py:654} INFO - DAG(s) dict_keys(['example_task_group_decorator']) retrieved from /opt/anaconda3/envs/airflow_env/lib/python3.9/site-packages/airflow/example_dags/example_task_group_decorator.py
[2022-08-22 20:19:39,812] {logging_mixin.py:109} INFO - [2022-08-22 20:19:39,812] {dag.py:2396} INFO - Sync 1 DAGs
[2022-08-22 20:19:39,817] {logging_mixin.py:109} INFO - [2022-08-22 20:19:39,817] {dag.py:2935} INFO - Setting next_dagrun for example_task_group_decorator to 2022-08-22T01:19:39.817764+00:00
[2022-08-22 20:19:39,822] {processor.py:171} INFO - Processing /opt/anaconda3/envs/airflow_env/lib/python3.9/site-packages/airflow/example_dags/example_task_group_decorator.py took 0.138 seconds
[2022-08-22 20:20:42,855] {processor.py:163} INFO - Started process (PID=2256) to work on /opt/anaconda3/envs/airflow_env/lib/python3.9/site-packages/airflow/example_dags/example_task_group_decorator.py
[2022-08-22 20:20:42,855] {processor.py:642} INFO - Processing file /opt/anaconda3/envs/airflow_env/lib/python3.9/site-packages/airflow/example_dags/example_task_group_decorator.py for tasks to queue
[2022-08-22 20:20:42,855] {logging_mixin.py:109} INFO - [2022-08-22 20:20:42,855] {dagbag.py:500} INFO - Filling up the DagBag from /opt/anaconda3/envs/airflow_env/lib/python3.9/site-packages/airflow/example_dags/example_task_group_decorator.py
[2022-08-22 20:20:42,880] {processor.py:654} INFO - DAG(s) dict_keys(['example_task_group_decorator']) retrieved from /opt/anaconda3/envs/airflow_env/lib/python3.9/site-packages/airflow/example_dags/example_task_group_decorator.py
[2022-08-22 20:20:42,981] {logging_mixin.py:109} INFO - [2022-08-22 20:20:42,980] {dag.py:2396} INFO - Sync 1 DAGs
[2022-08-22 20:20:42,985] {logging_mixin.py:109} INFO - [2022-08-22 20:20:42,985] {dag.py:2935} INFO - Setting next_dagrun for example_task_group_decorator to 2022-08-22T01:20:42.985811+00:00
[2022-08-22 20:20:42,990] {processor.py:171} INFO - Processing /opt/anaconda3/envs/airflow_env/lib/python3.9/site-packages/airflow/example_dags/example_task_group_decorator.py took 0.136 seconds
[2022-08-22 20:21:44,774] {processor.py:163} INFO - Started process (PID=2310) to work on /opt/anaconda3/envs/airflow_env/lib/python3.9/site-packages/airflow/example_dags/example_task_group_decorator.py
[2022-08-22 20:21:44,775] {processor.py:642} INFO - Processing file /opt/anaconda3/envs/airflow_env/lib/python3.9/site-packages/airflow/example_dags/example_task_group_decorator.py for tasks to queue
[2022-08-22 20:21:44,776] {logging_mixin.py:109} INFO - [2022-08-22 20:21:44,776] {dagbag.py:500} INFO - Filling up the DagBag from /opt/anaconda3/envs/airflow_env/lib/python3.9/site-packages/airflow/example_dags/example_task_group_decorator.py
[2022-08-22 20:21:44,804] {processor.py:654} INFO - DAG(s) dict_keys(['example_task_group_decorator']) retrieved from /opt/anaconda3/envs/airflow_env/lib/python3.9/site-packages/airflow/example_dags/example_task_group_decorator.py
[2022-08-22 20:21:44,911] {logging_mixin.py:109} INFO - [2022-08-22 20:21:44,911] {dag.py:2396} INFO - Sync 1 DAGs
[2022-08-22 20:21:44,917] {logging_mixin.py:109} INFO - [2022-08-22 20:21:44,917] {dag.py:2935} INFO - Setting next_dagrun for example_task_group_decorator to 2022-08-22T01:21:44.917318+00:00
[2022-08-22 20:21:44,922] {processor.py:171} INFO - Processing /opt/anaconda3/envs/airflow_env/lib/python3.9/site-packages/airflow/example_dags/example_task_group_decorator.py took 0.148 seconds
[2022-08-22 20:22:39,641] {processor.py:163} INFO - Started process (PID=2365) to work on /opt/anaconda3/envs/airflow_env/lib/python3.9/site-packages/airflow/example_dags/example_task_group_decorator.py
[2022-08-22 20:22:39,641] {processor.py:642} INFO - Processing file /opt/anaconda3/envs/airflow_env/lib/python3.9/site-packages/airflow/example_dags/example_task_group_decorator.py for tasks to queue
[2022-08-22 20:22:39,642] {logging_mixin.py:109} INFO - [2022-08-22 20:22:39,642] {dagbag.py:500} INFO - Filling up the DagBag from /opt/anaconda3/envs/airflow_env/lib/python3.9/site-packages/airflow/example_dags/example_task_group_decorator.py
[2022-08-22 20:22:39,666] {processor.py:654} INFO - DAG(s) dict_keys(['example_task_group_decorator']) retrieved from /opt/anaconda3/envs/airflow_env/lib/python3.9/site-packages/airflow/example_dags/example_task_group_decorator.py
[2022-08-22 20:22:39,772] {logging_mixin.py:109} INFO - [2022-08-22 20:22:39,772] {dag.py:2396} INFO - Sync 1 DAGs
[2022-08-22 20:22:39,779] {logging_mixin.py:109} INFO - [2022-08-22 20:22:39,779] {dag.py:2935} INFO - Setting next_dagrun for example_task_group_decorator to 2022-08-22T01:22:39.778940+00:00
[2022-08-22 20:22:39,784] {processor.py:171} INFO - Processing /opt/anaconda3/envs/airflow_env/lib/python3.9/site-packages/airflow/example_dags/example_task_group_decorator.py took 0.143 seconds
[2022-08-22 20:23:41,078] {processor.py:163} INFO - Started process (PID=2405) to work on /opt/anaconda3/envs/airflow_env/lib/python3.9/site-packages/airflow/example_dags/example_task_group_decorator.py
[2022-08-22 20:23:41,079] {processor.py:642} INFO - Processing file /opt/anaconda3/envs/airflow_env/lib/python3.9/site-packages/airflow/example_dags/example_task_group_decorator.py for tasks to queue
[2022-08-22 20:23:41,079] {logging_mixin.py:109} INFO - [2022-08-22 20:23:41,079] {dagbag.py:500} INFO - Filling up the DagBag from /opt/anaconda3/envs/airflow_env/lib/python3.9/site-packages/airflow/example_dags/example_task_group_decorator.py
[2022-08-22 20:23:41,105] {processor.py:654} INFO - DAG(s) dict_keys(['example_task_group_decorator']) retrieved from /opt/anaconda3/envs/airflow_env/lib/python3.9/site-packages/airflow/example_dags/example_task_group_decorator.py
[2022-08-22 20:23:41,201] {logging_mixin.py:109} INFO - [2022-08-22 20:23:41,201] {dag.py:2396} INFO - Sync 1 DAGs
[2022-08-22 20:23:41,206] {logging_mixin.py:109} INFO - [2022-08-22 20:23:41,206] {dag.py:2935} INFO - Setting next_dagrun for example_task_group_decorator to 2022-08-22T01:23:41.206279+00:00
[2022-08-22 20:23:41,211] {processor.py:171} INFO - Processing /opt/anaconda3/envs/airflow_env/lib/python3.9/site-packages/airflow/example_dags/example_task_group_decorator.py took 0.133 seconds
[2022-08-22 20:24:42,479] {processor.py:163} INFO - Started process (PID=2446) to work on /opt/anaconda3/envs/airflow_env/lib/python3.9/site-packages/airflow/example_dags/example_task_group_decorator.py
[2022-08-22 20:24:42,479] {processor.py:642} INFO - Processing file /opt/anaconda3/envs/airflow_env/lib/python3.9/site-packages/airflow/example_dags/example_task_group_decorator.py for tasks to queue
[2022-08-22 20:24:42,479] {logging_mixin.py:109} INFO - [2022-08-22 20:24:42,479] {dagbag.py:500} INFO - Filling up the DagBag from /opt/anaconda3/envs/airflow_env/lib/python3.9/site-packages/airflow/example_dags/example_task_group_decorator.py
[2022-08-22 20:24:42,506] {processor.py:654} INFO - DAG(s) dict_keys(['example_task_group_decorator']) retrieved from /opt/anaconda3/envs/airflow_env/lib/python3.9/site-packages/airflow/example_dags/example_task_group_decorator.py
[2022-08-22 20:24:42,603] {logging_mixin.py:109} INFO - [2022-08-22 20:24:42,603] {dag.py:2396} INFO - Sync 1 DAGs
[2022-08-22 20:24:42,608] {logging_mixin.py:109} INFO - [2022-08-22 20:24:42,608] {dag.py:2935} INFO - Setting next_dagrun for example_task_group_decorator to 2022-08-22T01:24:42.608574+00:00
[2022-08-22 20:24:42,613] {processor.py:171} INFO - Processing /opt/anaconda3/envs/airflow_env/lib/python3.9/site-packages/airflow/example_dags/example_task_group_decorator.py took 0.134 seconds
[2022-08-22 20:25:44,285] {processor.py:163} INFO - Started process (PID=2559) to work on /opt/anaconda3/envs/airflow_env/lib/python3.9/site-packages/airflow/example_dags/example_task_group_decorator.py
[2022-08-22 20:25:44,286] {processor.py:642} INFO - Processing file /opt/anaconda3/envs/airflow_env/lib/python3.9/site-packages/airflow/example_dags/example_task_group_decorator.py for tasks to queue
[2022-08-22 20:25:44,286] {logging_mixin.py:109} INFO - [2022-08-22 20:25:44,286] {dagbag.py:500} INFO - Filling up the DagBag from /opt/anaconda3/envs/airflow_env/lib/python3.9/site-packages/airflow/example_dags/example_task_group_decorator.py
[2022-08-22 20:25:44,312] {processor.py:654} INFO - DAG(s) dict_keys(['example_task_group_decorator']) retrieved from /opt/anaconda3/envs/airflow_env/lib/python3.9/site-packages/airflow/example_dags/example_task_group_decorator.py
[2022-08-22 20:25:44,410] {logging_mixin.py:109} INFO - [2022-08-22 20:25:44,410] {dag.py:2396} INFO - Sync 1 DAGs
[2022-08-22 20:25:44,415] {logging_mixin.py:109} INFO - [2022-08-22 20:25:44,415] {dag.py:2935} INFO - Setting next_dagrun for example_task_group_decorator to 2022-08-22T01:25:44.415170+00:00
[2022-08-22 20:25:44,419] {processor.py:171} INFO - Processing /opt/anaconda3/envs/airflow_env/lib/python3.9/site-packages/airflow/example_dags/example_task_group_decorator.py took 0.135 seconds
[2022-08-22 20:26:45,838] {processor.py:163} INFO - Started process (PID=2602) to work on /opt/anaconda3/envs/airflow_env/lib/python3.9/site-packages/airflow/example_dags/example_task_group_decorator.py
[2022-08-22 20:26:45,838] {processor.py:642} INFO - Processing file /opt/anaconda3/envs/airflow_env/lib/python3.9/site-packages/airflow/example_dags/example_task_group_decorator.py for tasks to queue
[2022-08-22 20:26:45,839] {logging_mixin.py:109} INFO - [2022-08-22 20:26:45,839] {dagbag.py:500} INFO - Filling up the DagBag from /opt/anaconda3/envs/airflow_env/lib/python3.9/site-packages/airflow/example_dags/example_task_group_decorator.py
[2022-08-22 20:26:45,863] {processor.py:654} INFO - DAG(s) dict_keys(['example_task_group_decorator']) retrieved from /opt/anaconda3/envs/airflow_env/lib/python3.9/site-packages/airflow/example_dags/example_task_group_decorator.py
[2022-08-22 20:26:45,959] {logging_mixin.py:109} INFO - [2022-08-22 20:26:45,959] {dag.py:2396} INFO - Sync 1 DAGs
[2022-08-22 20:26:45,964] {logging_mixin.py:109} INFO - [2022-08-22 20:26:45,964] {dag.py:2935} INFO - Setting next_dagrun for example_task_group_decorator to 2022-08-22T01:26:45.964793+00:00
[2022-08-22 20:26:45,969] {processor.py:171} INFO - Processing /opt/anaconda3/envs/airflow_env/lib/python3.9/site-packages/airflow/example_dags/example_task_group_decorator.py took 0.131 seconds
[2022-08-22 20:28:59,653] {processor.py:163} INFO - Started process (PID=2731) to work on /opt/anaconda3/envs/airflow_env/lib/python3.9/site-packages/airflow/example_dags/example_task_group_decorator.py
[2022-08-22 20:28:59,654] {processor.py:642} INFO - Processing file /opt/anaconda3/envs/airflow_env/lib/python3.9/site-packages/airflow/example_dags/example_task_group_decorator.py for tasks to queue
[2022-08-22 20:28:59,654] {logging_mixin.py:109} INFO - [2022-08-22 20:28:59,654] {dagbag.py:500} INFO - Filling up the DagBag from /opt/anaconda3/envs/airflow_env/lib/python3.9/site-packages/airflow/example_dags/example_task_group_decorator.py
[2022-08-22 20:28:59,679] {processor.py:654} INFO - DAG(s) dict_keys(['example_task_group_decorator']) retrieved from /opt/anaconda3/envs/airflow_env/lib/python3.9/site-packages/airflow/example_dags/example_task_group_decorator.py
[2022-08-22 20:28:59,774] {logging_mixin.py:109} INFO - [2022-08-22 20:28:59,774] {dag.py:2396} INFO - Sync 1 DAGs
[2022-08-22 20:28:59,779] {logging_mixin.py:109} INFO - [2022-08-22 20:28:59,779] {dag.py:2935} INFO - Setting next_dagrun for example_task_group_decorator to 2022-08-22T01:28:59.779413+00:00
[2022-08-22 20:28:59,784] {processor.py:171} INFO - Processing /opt/anaconda3/envs/airflow_env/lib/python3.9/site-packages/airflow/example_dags/example_task_group_decorator.py took 0.131 seconds
[2022-08-22 20:30:01,047] {processor.py:163} INFO - Started process (PID=2775) to work on /opt/anaconda3/envs/airflow_env/lib/python3.9/site-packages/airflow/example_dags/example_task_group_decorator.py
[2022-08-22 20:30:01,047] {processor.py:642} INFO - Processing file /opt/anaconda3/envs/airflow_env/lib/python3.9/site-packages/airflow/example_dags/example_task_group_decorator.py for tasks to queue
[2022-08-22 20:30:01,047] {logging_mixin.py:109} INFO - [2022-08-22 20:30:01,047] {dagbag.py:500} INFO - Filling up the DagBag from /opt/anaconda3/envs/airflow_env/lib/python3.9/site-packages/airflow/example_dags/example_task_group_decorator.py
[2022-08-22 20:30:01,072] {processor.py:654} INFO - DAG(s) dict_keys(['example_task_group_decorator']) retrieved from /opt/anaconda3/envs/airflow_env/lib/python3.9/site-packages/airflow/example_dags/example_task_group_decorator.py
[2022-08-22 20:30:01,167] {logging_mixin.py:109} INFO - [2022-08-22 20:30:01,167] {dag.py:2396} INFO - Sync 1 DAGs
[2022-08-22 20:30:01,172] {logging_mixin.py:109} INFO - [2022-08-22 20:30:01,172] {dag.py:2935} INFO - Setting next_dagrun for example_task_group_decorator to 2022-08-22T01:30:01.172496+00:00
[2022-08-22 20:30:01,177] {processor.py:171} INFO - Processing /opt/anaconda3/envs/airflow_env/lib/python3.9/site-packages/airflow/example_dags/example_task_group_decorator.py took 0.131 seconds
