[2022-08-22 19:59:11,226] {processor.py:163} INFO - Started process (PID=16786) to work on /opt/anaconda3/envs/airflow_env/lib/python3.9/site-packages/airflow/example_dags/example_branch_python_dop_operator_3.py
[2022-08-22 19:59:11,226] {processor.py:642} INFO - Processing file /opt/anaconda3/envs/airflow_env/lib/python3.9/site-packages/airflow/example_dags/example_branch_python_dop_operator_3.py for tasks to queue
[2022-08-22 19:59:11,226] {logging_mixin.py:109} INFO - [2022-08-22 19:59:11,226] {dagbag.py:500} INFO - Filling up the DagBag from /opt/anaconda3/envs/airflow_env/lib/python3.9/site-packages/airflow/example_dags/example_branch_python_dop_operator_3.py
[2022-08-22 19:59:11,252] {processor.py:654} INFO - DAG(s) dict_keys(['example_branch_dop_operator_v3']) retrieved from /opt/anaconda3/envs/airflow_env/lib/python3.9/site-packages/airflow/example_dags/example_branch_python_dop_operator_3.py
[2022-08-22 19:59:11,262] {logging_mixin.py:109} INFO - [2022-08-22 19:59:11,262] {dag.py:2396} INFO - Sync 1 DAGs
[2022-08-22 19:59:11,269] {logging_mixin.py:109} INFO - [2022-08-22 19:59:11,269] {dag.py:2935} INFO - Setting next_dagrun for example_branch_dop_operator_v3 to 2022-08-23T00:58:00+00:00
[2022-08-22 19:59:11,273] {processor.py:171} INFO - Processing /opt/anaconda3/envs/airflow_env/lib/python3.9/site-packages/airflow/example_dags/example_branch_python_dop_operator_3.py took 0.047 seconds
[2022-08-22 20:00:18,030] {processor.py:163} INFO - Started process (PID=16834) to work on /opt/anaconda3/envs/airflow_env/lib/python3.9/site-packages/airflow/example_dags/example_branch_python_dop_operator_3.py
[2022-08-22 20:00:18,031] {processor.py:642} INFO - Processing file /opt/anaconda3/envs/airflow_env/lib/python3.9/site-packages/airflow/example_dags/example_branch_python_dop_operator_3.py for tasks to queue
[2022-08-22 20:00:18,031] {logging_mixin.py:109} INFO - [2022-08-22 20:00:18,031] {dagbag.py:500} INFO - Filling up the DagBag from /opt/anaconda3/envs/airflow_env/lib/python3.9/site-packages/airflow/example_dags/example_branch_python_dop_operator_3.py
[2022-08-22 20:00:18,059] {processor.py:654} INFO - DAG(s) dict_keys(['example_branch_dop_operator_v3']) retrieved from /opt/anaconda3/envs/airflow_env/lib/python3.9/site-packages/airflow/example_dags/example_branch_python_dop_operator_3.py
[2022-08-22 20:00:18,070] {logging_mixin.py:109} INFO - [2022-08-22 20:00:18,069] {dag.py:2396} INFO - Sync 1 DAGs
[2022-08-22 20:00:18,078] {logging_mixin.py:109} INFO - [2022-08-22 20:00:18,078] {dag.py:2935} INFO - Setting next_dagrun for example_branch_dop_operator_v3 to 2022-08-23T00:59:00+00:00
[2022-08-22 20:00:18,082] {processor.py:171} INFO - Processing /opt/anaconda3/envs/airflow_env/lib/python3.9/site-packages/airflow/example_dags/example_branch_python_dop_operator_3.py took 0.053 seconds
[2022-08-22 20:01:24,859] {processor.py:163} INFO - Started process (PID=16886) to work on /opt/anaconda3/envs/airflow_env/lib/python3.9/site-packages/airflow/example_dags/example_branch_python_dop_operator_3.py
[2022-08-22 20:01:24,860] {processor.py:642} INFO - Processing file /opt/anaconda3/envs/airflow_env/lib/python3.9/site-packages/airflow/example_dags/example_branch_python_dop_operator_3.py for tasks to queue
[2022-08-22 20:01:24,860] {logging_mixin.py:109} INFO - [2022-08-22 20:01:24,860] {dagbag.py:500} INFO - Filling up the DagBag from /opt/anaconda3/envs/airflow_env/lib/python3.9/site-packages/airflow/example_dags/example_branch_python_dop_operator_3.py
[2022-08-22 20:01:24,884] {processor.py:654} INFO - DAG(s) dict_keys(['example_branch_dop_operator_v3']) retrieved from /opt/anaconda3/envs/airflow_env/lib/python3.9/site-packages/airflow/example_dags/example_branch_python_dop_operator_3.py
[2022-08-22 20:01:24,894] {logging_mixin.py:109} INFO - [2022-08-22 20:01:24,894] {dag.py:2396} INFO - Sync 1 DAGs
[2022-08-22 20:01:24,901] {logging_mixin.py:109} INFO - [2022-08-22 20:01:24,901] {dag.py:2935} INFO - Setting next_dagrun for example_branch_dop_operator_v3 to 2022-08-23T01:00:00+00:00
[2022-08-22 20:01:24,905] {processor.py:171} INFO - Processing /opt/anaconda3/envs/airflow_env/lib/python3.9/site-packages/airflow/example_dags/example_branch_python_dop_operator_3.py took 0.047 seconds
[2022-08-22 20:02:31,680] {processor.py:163} INFO - Started process (PID=16928) to work on /opt/anaconda3/envs/airflow_env/lib/python3.9/site-packages/airflow/example_dags/example_branch_python_dop_operator_3.py
[2022-08-22 20:02:31,681] {processor.py:642} INFO - Processing file /opt/anaconda3/envs/airflow_env/lib/python3.9/site-packages/airflow/example_dags/example_branch_python_dop_operator_3.py for tasks to queue
[2022-08-22 20:02:31,682] {logging_mixin.py:109} INFO - [2022-08-22 20:02:31,682] {dagbag.py:500} INFO - Filling up the DagBag from /opt/anaconda3/envs/airflow_env/lib/python3.9/site-packages/airflow/example_dags/example_branch_python_dop_operator_3.py
[2022-08-22 20:02:31,705] {processor.py:654} INFO - DAG(s) dict_keys(['example_branch_dop_operator_v3']) retrieved from /opt/anaconda3/envs/airflow_env/lib/python3.9/site-packages/airflow/example_dags/example_branch_python_dop_operator_3.py
[2022-08-22 20:02:31,714] {logging_mixin.py:109} INFO - [2022-08-22 20:02:31,714] {dag.py:2396} INFO - Sync 1 DAGs
[2022-08-22 20:02:31,721] {logging_mixin.py:109} INFO - [2022-08-22 20:02:31,721] {dag.py:2935} INFO - Setting next_dagrun for example_branch_dop_operator_v3 to 2022-08-23T01:01:00+00:00
[2022-08-22 20:02:31,724] {processor.py:171} INFO - Processing /opt/anaconda3/envs/airflow_env/lib/python3.9/site-packages/airflow/example_dags/example_branch_python_dop_operator_3.py took 0.044 seconds
[2022-08-22 20:03:35,578] {processor.py:163} INFO - Started process (PID=16974) to work on /opt/anaconda3/envs/airflow_env/lib/python3.9/site-packages/airflow/example_dags/example_branch_python_dop_operator_3.py
[2022-08-22 20:03:35,579] {processor.py:642} INFO - Processing file /opt/anaconda3/envs/airflow_env/lib/python3.9/site-packages/airflow/example_dags/example_branch_python_dop_operator_3.py for tasks to queue
[2022-08-22 20:03:35,579] {logging_mixin.py:109} INFO - [2022-08-22 20:03:35,579] {dagbag.py:500} INFO - Filling up the DagBag from /opt/anaconda3/envs/airflow_env/lib/python3.9/site-packages/airflow/example_dags/example_branch_python_dop_operator_3.py
[2022-08-22 20:03:35,601] {processor.py:654} INFO - DAG(s) dict_keys(['example_branch_dop_operator_v3']) retrieved from /opt/anaconda3/envs/airflow_env/lib/python3.9/site-packages/airflow/example_dags/example_branch_python_dop_operator_3.py
[2022-08-22 20:03:35,610] {logging_mixin.py:109} INFO - [2022-08-22 20:03:35,610] {dag.py:2396} INFO - Sync 1 DAGs
[2022-08-22 20:03:35,617] {logging_mixin.py:109} INFO - [2022-08-22 20:03:35,617] {dag.py:2935} INFO - Setting next_dagrun for example_branch_dop_operator_v3 to 2022-08-23T01:02:00+00:00
[2022-08-22 20:03:35,621] {processor.py:171} INFO - Processing /opt/anaconda3/envs/airflow_env/lib/python3.9/site-packages/airflow/example_dags/example_branch_python_dop_operator_3.py took 0.043 seconds
[2022-08-22 20:04:40,110] {processor.py:163} INFO - Started process (PID=17056) to work on /opt/anaconda3/envs/airflow_env/lib/python3.9/site-packages/airflow/example_dags/example_branch_python_dop_operator_3.py
[2022-08-22 20:04:40,111] {processor.py:642} INFO - Processing file /opt/anaconda3/envs/airflow_env/lib/python3.9/site-packages/airflow/example_dags/example_branch_python_dop_operator_3.py for tasks to queue
[2022-08-22 20:04:40,111] {logging_mixin.py:109} INFO - [2022-08-22 20:04:40,111] {dagbag.py:500} INFO - Filling up the DagBag from /opt/anaconda3/envs/airflow_env/lib/python3.9/site-packages/airflow/example_dags/example_branch_python_dop_operator_3.py
[2022-08-22 20:04:40,146] {processor.py:654} INFO - DAG(s) dict_keys(['example_branch_dop_operator_v3']) retrieved from /opt/anaconda3/envs/airflow_env/lib/python3.9/site-packages/airflow/example_dags/example_branch_python_dop_operator_3.py
[2022-08-22 20:04:40,156] {logging_mixin.py:109} INFO - [2022-08-22 20:04:40,156] {dag.py:2396} INFO - Sync 1 DAGs
[2022-08-22 20:04:40,165] {logging_mixin.py:109} INFO - [2022-08-22 20:04:40,164] {dag.py:2935} INFO - Setting next_dagrun for example_branch_dop_operator_v3 to 2022-08-23T01:03:00+00:00
[2022-08-22 20:04:40,169] {processor.py:171} INFO - Processing /opt/anaconda3/envs/airflow_env/lib/python3.9/site-packages/airflow/example_dags/example_branch_python_dop_operator_3.py took 0.059 seconds
[2022-08-22 20:05:46,230] {processor.py:163} INFO - Started process (PID=17105) to work on /opt/anaconda3/envs/airflow_env/lib/python3.9/site-packages/airflow/example_dags/example_branch_python_dop_operator_3.py
[2022-08-22 20:05:46,230] {processor.py:642} INFO - Processing file /opt/anaconda3/envs/airflow_env/lib/python3.9/site-packages/airflow/example_dags/example_branch_python_dop_operator_3.py for tasks to queue
[2022-08-22 20:05:46,230] {logging_mixin.py:109} INFO - [2022-08-22 20:05:46,230] {dagbag.py:500} INFO - Filling up the DagBag from /opt/anaconda3/envs/airflow_env/lib/python3.9/site-packages/airflow/example_dags/example_branch_python_dop_operator_3.py
[2022-08-22 20:05:46,255] {processor.py:654} INFO - DAG(s) dict_keys(['example_branch_dop_operator_v3']) retrieved from /opt/anaconda3/envs/airflow_env/lib/python3.9/site-packages/airflow/example_dags/example_branch_python_dop_operator_3.py
[2022-08-22 20:05:46,264] {logging_mixin.py:109} INFO - [2022-08-22 20:05:46,264] {dag.py:2396} INFO - Sync 1 DAGs
[2022-08-22 20:05:46,271] {logging_mixin.py:109} INFO - [2022-08-22 20:05:46,271] {dag.py:2935} INFO - Setting next_dagrun for example_branch_dop_operator_v3 to 2022-08-23T01:04:00+00:00
[2022-08-22 20:05:46,276] {processor.py:171} INFO - Processing /opt/anaconda3/envs/airflow_env/lib/python3.9/site-packages/airflow/example_dags/example_branch_python_dop_operator_3.py took 0.046 seconds
[2022-08-22 20:12:59,163] {processor.py:163} INFO - Started process (PID=1451) to work on /opt/anaconda3/envs/airflow_env/lib/python3.9/site-packages/airflow/example_dags/example_branch_python_dop_operator_3.py
[2022-08-22 20:12:59,164] {processor.py:642} INFO - Processing file /opt/anaconda3/envs/airflow_env/lib/python3.9/site-packages/airflow/example_dags/example_branch_python_dop_operator_3.py for tasks to queue
[2022-08-22 20:12:59,165] {logging_mixin.py:109} INFO - [2022-08-22 20:12:59,165] {dagbag.py:500} INFO - Filling up the DagBag from /opt/anaconda3/envs/airflow_env/lib/python3.9/site-packages/airflow/example_dags/example_branch_python_dop_operator_3.py
[2022-08-22 20:12:59,186] {processor.py:654} INFO - DAG(s) dict_keys(['example_branch_dop_operator_v3']) retrieved from /opt/anaconda3/envs/airflow_env/lib/python3.9/site-packages/airflow/example_dags/example_branch_python_dop_operator_3.py
[2022-08-22 20:12:59,194] {logging_mixin.py:109} INFO - [2022-08-22 20:12:59,194] {dag.py:2396} INFO - Sync 1 DAGs
[2022-08-22 20:12:59,200] {logging_mixin.py:109} INFO - [2022-08-22 20:12:59,200] {dag.py:2935} INFO - Setting next_dagrun for example_branch_dop_operator_v3 to 2022-08-23T01:11:00+00:00
[2022-08-22 20:12:59,203] {processor.py:171} INFO - Processing /opt/anaconda3/envs/airflow_env/lib/python3.9/site-packages/airflow/example_dags/example_branch_python_dop_operator_3.py took 0.041 seconds
[2022-08-22 20:14:02,560] {processor.py:163} INFO - Started process (PID=1497) to work on /opt/anaconda3/envs/airflow_env/lib/python3.9/site-packages/airflow/example_dags/example_branch_python_dop_operator_3.py
[2022-08-22 20:14:02,560] {processor.py:642} INFO - Processing file /opt/anaconda3/envs/airflow_env/lib/python3.9/site-packages/airflow/example_dags/example_branch_python_dop_operator_3.py for tasks to queue
[2022-08-22 20:14:02,560] {logging_mixin.py:109} INFO - [2022-08-22 20:14:02,560] {dagbag.py:500} INFO - Filling up the DagBag from /opt/anaconda3/envs/airflow_env/lib/python3.9/site-packages/airflow/example_dags/example_branch_python_dop_operator_3.py
[2022-08-22 20:14:02,581] {processor.py:654} INFO - DAG(s) dict_keys(['example_branch_dop_operator_v3']) retrieved from /opt/anaconda3/envs/airflow_env/lib/python3.9/site-packages/airflow/example_dags/example_branch_python_dop_operator_3.py
[2022-08-22 20:14:02,589] {logging_mixin.py:109} INFO - [2022-08-22 20:14:02,589] {dag.py:2396} INFO - Sync 1 DAGs
[2022-08-22 20:14:02,596] {logging_mixin.py:109} INFO - [2022-08-22 20:14:02,596] {dag.py:2935} INFO - Setting next_dagrun for example_branch_dop_operator_v3 to 2022-08-23T01:13:00+00:00
[2022-08-22 20:14:02,599] {processor.py:171} INFO - Processing /opt/anaconda3/envs/airflow_env/lib/python3.9/site-packages/airflow/example_dags/example_branch_python_dop_operator_3.py took 0.040 seconds
[2022-08-22 20:15:03,857] {processor.py:163} INFO - Started process (PID=1624) to work on /opt/anaconda3/envs/airflow_env/lib/python3.9/site-packages/airflow/example_dags/example_branch_python_dop_operator_3.py
[2022-08-22 20:15:03,858] {processor.py:642} INFO - Processing file /opt/anaconda3/envs/airflow_env/lib/python3.9/site-packages/airflow/example_dags/example_branch_python_dop_operator_3.py for tasks to queue
[2022-08-22 20:15:03,858] {logging_mixin.py:109} INFO - [2022-08-22 20:15:03,858] {dagbag.py:500} INFO - Filling up the DagBag from /opt/anaconda3/envs/airflow_env/lib/python3.9/site-packages/airflow/example_dags/example_branch_python_dop_operator_3.py
[2022-08-22 20:15:03,879] {processor.py:654} INFO - DAG(s) dict_keys(['example_branch_dop_operator_v3']) retrieved from /opt/anaconda3/envs/airflow_env/lib/python3.9/site-packages/airflow/example_dags/example_branch_python_dop_operator_3.py
[2022-08-22 20:15:03,887] {logging_mixin.py:109} INFO - [2022-08-22 20:15:03,887] {dag.py:2396} INFO - Sync 1 DAGs
[2022-08-22 20:15:03,893] {logging_mixin.py:109} INFO - [2022-08-22 20:15:03,893] {dag.py:2935} INFO - Setting next_dagrun for example_branch_dop_operator_v3 to 2022-08-23T01:14:00+00:00
[2022-08-22 20:15:03,897] {processor.py:171} INFO - Processing /opt/anaconda3/envs/airflow_env/lib/python3.9/site-packages/airflow/example_dags/example_branch_python_dop_operator_3.py took 0.040 seconds
[2022-08-22 20:16:07,626] {processor.py:163} INFO - Started process (PID=1864) to work on /opt/anaconda3/envs/airflow_env/lib/python3.9/site-packages/airflow/example_dags/example_branch_python_dop_operator_3.py
[2022-08-22 20:16:07,626] {processor.py:642} INFO - Processing file /opt/anaconda3/envs/airflow_env/lib/python3.9/site-packages/airflow/example_dags/example_branch_python_dop_operator_3.py for tasks to queue
[2022-08-22 20:16:07,626] {logging_mixin.py:109} INFO - [2022-08-22 20:16:07,626] {dagbag.py:500} INFO - Filling up the DagBag from /opt/anaconda3/envs/airflow_env/lib/python3.9/site-packages/airflow/example_dags/example_branch_python_dop_operator_3.py
[2022-08-22 20:16:07,650] {processor.py:654} INFO - DAG(s) dict_keys(['example_branch_dop_operator_v3']) retrieved from /opt/anaconda3/envs/airflow_env/lib/python3.9/site-packages/airflow/example_dags/example_branch_python_dop_operator_3.py
[2022-08-22 20:16:07,660] {logging_mixin.py:109} INFO - [2022-08-22 20:16:07,660] {dag.py:2396} INFO - Sync 1 DAGs
[2022-08-22 20:16:07,666] {logging_mixin.py:109} INFO - [2022-08-22 20:16:07,666] {dag.py:2935} INFO - Setting next_dagrun for example_branch_dop_operator_v3 to 2022-08-23T01:15:00+00:00
[2022-08-22 20:16:07,670] {processor.py:171} INFO - Processing /opt/anaconda3/envs/airflow_env/lib/python3.9/site-packages/airflow/example_dags/example_branch_python_dop_operator_3.py took 0.045 seconds
[2022-08-22 20:17:08,312] {processor.py:163} INFO - Started process (PID=1942) to work on /opt/anaconda3/envs/airflow_env/lib/python3.9/site-packages/airflow/example_dags/example_branch_python_dop_operator_3.py
[2022-08-22 20:17:08,312] {processor.py:642} INFO - Processing file /opt/anaconda3/envs/airflow_env/lib/python3.9/site-packages/airflow/example_dags/example_branch_python_dop_operator_3.py for tasks to queue
[2022-08-22 20:17:08,313] {logging_mixin.py:109} INFO - [2022-08-22 20:17:08,313] {dagbag.py:500} INFO - Filling up the DagBag from /opt/anaconda3/envs/airflow_env/lib/python3.9/site-packages/airflow/example_dags/example_branch_python_dop_operator_3.py
[2022-08-22 20:17:08,337] {processor.py:654} INFO - DAG(s) dict_keys(['example_branch_dop_operator_v3']) retrieved from /opt/anaconda3/envs/airflow_env/lib/python3.9/site-packages/airflow/example_dags/example_branch_python_dop_operator_3.py
[2022-08-22 20:17:08,346] {logging_mixin.py:109} INFO - [2022-08-22 20:17:08,346] {dag.py:2396} INFO - Sync 1 DAGs
[2022-08-22 20:17:08,353] {logging_mixin.py:109} INFO - [2022-08-22 20:17:08,352] {dag.py:2935} INFO - Setting next_dagrun for example_branch_dop_operator_v3 to 2022-08-23T01:16:00+00:00
[2022-08-22 20:17:08,357] {processor.py:171} INFO - Processing /opt/anaconda3/envs/airflow_env/lib/python3.9/site-packages/airflow/example_dags/example_branch_python_dop_operator_3.py took 0.045 seconds
[2022-08-22 20:18:07,673] {processor.py:163} INFO - Started process (PID=1986) to work on /opt/anaconda3/envs/airflow_env/lib/python3.9/site-packages/airflow/example_dags/example_branch_python_dop_operator_3.py
[2022-08-22 20:18:07,673] {processor.py:642} INFO - Processing file /opt/anaconda3/envs/airflow_env/lib/python3.9/site-packages/airflow/example_dags/example_branch_python_dop_operator_3.py for tasks to queue
[2022-08-22 20:18:07,673] {logging_mixin.py:109} INFO - [2022-08-22 20:18:07,673] {dagbag.py:500} INFO - Filling up the DagBag from /opt/anaconda3/envs/airflow_env/lib/python3.9/site-packages/airflow/example_dags/example_branch_python_dop_operator_3.py
[2022-08-22 20:18:07,694] {processor.py:654} INFO - DAG(s) dict_keys(['example_branch_dop_operator_v3']) retrieved from /opt/anaconda3/envs/airflow_env/lib/python3.9/site-packages/airflow/example_dags/example_branch_python_dop_operator_3.py
[2022-08-22 20:18:07,703] {logging_mixin.py:109} INFO - [2022-08-22 20:18:07,703] {dag.py:2396} INFO - Sync 1 DAGs
[2022-08-22 20:18:07,709] {logging_mixin.py:109} INFO - [2022-08-22 20:18:07,709] {dag.py:2935} INFO - Setting next_dagrun for example_branch_dop_operator_v3 to 2022-08-23T01:17:00+00:00
[2022-08-22 20:18:07,713] {processor.py:171} INFO - Processing /opt/anaconda3/envs/airflow_env/lib/python3.9/site-packages/airflow/example_dags/example_branch_python_dop_operator_3.py took 0.041 seconds
[2022-08-22 20:19:08,979] {processor.py:163} INFO - Started process (PID=2068) to work on /opt/anaconda3/envs/airflow_env/lib/python3.9/site-packages/airflow/example_dags/example_branch_python_dop_operator_3.py
[2022-08-22 20:19:08,979] {processor.py:642} INFO - Processing file /opt/anaconda3/envs/airflow_env/lib/python3.9/site-packages/airflow/example_dags/example_branch_python_dop_operator_3.py for tasks to queue
[2022-08-22 20:19:08,979] {logging_mixin.py:109} INFO - [2022-08-22 20:19:08,979] {dagbag.py:500} INFO - Filling up the DagBag from /opt/anaconda3/envs/airflow_env/lib/python3.9/site-packages/airflow/example_dags/example_branch_python_dop_operator_3.py
[2022-08-22 20:19:09,000] {processor.py:654} INFO - DAG(s) dict_keys(['example_branch_dop_operator_v3']) retrieved from /opt/anaconda3/envs/airflow_env/lib/python3.9/site-packages/airflow/example_dags/example_branch_python_dop_operator_3.py
[2022-08-22 20:19:09,008] {logging_mixin.py:109} INFO - [2022-08-22 20:19:09,008] {dag.py:2396} INFO - Sync 1 DAGs
[2022-08-22 20:19:09,014] {logging_mixin.py:109} INFO - [2022-08-22 20:19:09,014] {dag.py:2935} INFO - Setting next_dagrun for example_branch_dop_operator_v3 to 2022-08-23T01:18:00+00:00
[2022-08-22 20:19:09,018] {processor.py:171} INFO - Processing /opt/anaconda3/envs/airflow_env/lib/python3.9/site-packages/airflow/example_dags/example_branch_python_dop_operator_3.py took 0.040 seconds
[2022-08-22 20:20:12,292] {processor.py:163} INFO - Started process (PID=2150) to work on /opt/anaconda3/envs/airflow_env/lib/python3.9/site-packages/airflow/example_dags/example_branch_python_dop_operator_3.py
[2022-08-22 20:20:12,292] {processor.py:642} INFO - Processing file /opt/anaconda3/envs/airflow_env/lib/python3.9/site-packages/airflow/example_dags/example_branch_python_dop_operator_3.py for tasks to queue
[2022-08-22 20:20:12,292] {logging_mixin.py:109} INFO - [2022-08-22 20:20:12,292] {dagbag.py:500} INFO - Filling up the DagBag from /opt/anaconda3/envs/airflow_env/lib/python3.9/site-packages/airflow/example_dags/example_branch_python_dop_operator_3.py
[2022-08-22 20:20:12,316] {processor.py:654} INFO - DAG(s) dict_keys(['example_branch_dop_operator_v3']) retrieved from /opt/anaconda3/envs/airflow_env/lib/python3.9/site-packages/airflow/example_dags/example_branch_python_dop_operator_3.py
[2022-08-22 20:20:12,325] {logging_mixin.py:109} INFO - [2022-08-22 20:20:12,325] {dag.py:2396} INFO - Sync 1 DAGs
[2022-08-22 20:20:12,331] {logging_mixin.py:109} INFO - [2022-08-22 20:20:12,331] {dag.py:2935} INFO - Setting next_dagrun for example_branch_dop_operator_v3 to 2022-08-23T01:19:00+00:00
[2022-08-22 20:20:12,335] {processor.py:171} INFO - Processing /opt/anaconda3/envs/airflow_env/lib/python3.9/site-packages/airflow/example_dags/example_branch_python_dop_operator_3.py took 0.044 seconds
[2022-08-22 20:21:13,694] {processor.py:163} INFO - Started process (PID=2285) to work on /opt/anaconda3/envs/airflow_env/lib/python3.9/site-packages/airflow/example_dags/example_branch_python_dop_operator_3.py
[2022-08-22 20:21:13,695] {processor.py:642} INFO - Processing file /opt/anaconda3/envs/airflow_env/lib/python3.9/site-packages/airflow/example_dags/example_branch_python_dop_operator_3.py for tasks to queue
[2022-08-22 20:21:13,695] {logging_mixin.py:109} INFO - [2022-08-22 20:21:13,695] {dagbag.py:500} INFO - Filling up the DagBag from /opt/anaconda3/envs/airflow_env/lib/python3.9/site-packages/airflow/example_dags/example_branch_python_dop_operator_3.py
[2022-08-22 20:21:13,718] {processor.py:654} INFO - DAG(s) dict_keys(['example_branch_dop_operator_v3']) retrieved from /opt/anaconda3/envs/airflow_env/lib/python3.9/site-packages/airflow/example_dags/example_branch_python_dop_operator_3.py
[2022-08-22 20:21:13,726] {logging_mixin.py:109} INFO - [2022-08-22 20:21:13,726] {dag.py:2396} INFO - Sync 1 DAGs
[2022-08-22 20:21:13,732] {logging_mixin.py:109} INFO - [2022-08-22 20:21:13,732] {dag.py:2935} INFO - Setting next_dagrun for example_branch_dop_operator_v3 to 2022-08-23T01:20:00+00:00
[2022-08-22 20:21:13,735] {processor.py:171} INFO - Processing /opt/anaconda3/envs/airflow_env/lib/python3.9/site-packages/airflow/example_dags/example_branch_python_dop_operator_3.py took 0.042 seconds
[2022-08-22 20:23:08,489] {processor.py:163} INFO - Started process (PID=2384) to work on /opt/anaconda3/envs/airflow_env/lib/python3.9/site-packages/airflow/example_dags/example_branch_python_dop_operator_3.py
[2022-08-22 20:23:08,490] {processor.py:642} INFO - Processing file /opt/anaconda3/envs/airflow_env/lib/python3.9/site-packages/airflow/example_dags/example_branch_python_dop_operator_3.py for tasks to queue
[2022-08-22 20:23:08,491] {logging_mixin.py:109} INFO - [2022-08-22 20:23:08,491] {dagbag.py:500} INFO - Filling up the DagBag from /opt/anaconda3/envs/airflow_env/lib/python3.9/site-packages/airflow/example_dags/example_branch_python_dop_operator_3.py
[2022-08-22 20:23:08,513] {processor.py:654} INFO - DAG(s) dict_keys(['example_branch_dop_operator_v3']) retrieved from /opt/anaconda3/envs/airflow_env/lib/python3.9/site-packages/airflow/example_dags/example_branch_python_dop_operator_3.py
[2022-08-22 20:23:08,521] {logging_mixin.py:109} INFO - [2022-08-22 20:23:08,521] {dag.py:2396} INFO - Sync 1 DAGs
[2022-08-22 20:23:08,528] {logging_mixin.py:109} INFO - [2022-08-22 20:23:08,528] {dag.py:2935} INFO - Setting next_dagrun for example_branch_dop_operator_v3 to 2022-08-23T01:22:00+00:00
[2022-08-22 20:23:08,531] {processor.py:171} INFO - Processing /opt/anaconda3/envs/airflow_env/lib/python3.9/site-packages/airflow/example_dags/example_branch_python_dop_operator_3.py took 0.042 seconds
[2022-08-22 20:24:09,856] {processor.py:163} INFO - Started process (PID=2424) to work on /opt/anaconda3/envs/airflow_env/lib/python3.9/site-packages/airflow/example_dags/example_branch_python_dop_operator_3.py
[2022-08-22 20:24:09,857] {processor.py:642} INFO - Processing file /opt/anaconda3/envs/airflow_env/lib/python3.9/site-packages/airflow/example_dags/example_branch_python_dop_operator_3.py for tasks to queue
[2022-08-22 20:24:09,857] {logging_mixin.py:109} INFO - [2022-08-22 20:24:09,857] {dagbag.py:500} INFO - Filling up the DagBag from /opt/anaconda3/envs/airflow_env/lib/python3.9/site-packages/airflow/example_dags/example_branch_python_dop_operator_3.py
[2022-08-22 20:24:09,879] {processor.py:654} INFO - DAG(s) dict_keys(['example_branch_dop_operator_v3']) retrieved from /opt/anaconda3/envs/airflow_env/lib/python3.9/site-packages/airflow/example_dags/example_branch_python_dop_operator_3.py
[2022-08-22 20:24:09,887] {logging_mixin.py:109} INFO - [2022-08-22 20:24:09,886] {dag.py:2396} INFO - Sync 1 DAGs
[2022-08-22 20:24:09,893] {logging_mixin.py:109} INFO - [2022-08-22 20:24:09,893] {dag.py:2935} INFO - Setting next_dagrun for example_branch_dop_operator_v3 to 2022-08-23T01:23:00+00:00
[2022-08-22 20:24:09,896] {processor.py:171} INFO - Processing /opt/anaconda3/envs/airflow_env/lib/python3.9/site-packages/airflow/example_dags/example_branch_python_dop_operator_3.py took 0.041 seconds
[2022-08-22 20:25:11,487] {processor.py:163} INFO - Started process (PID=2485) to work on /opt/anaconda3/envs/airflow_env/lib/python3.9/site-packages/airflow/example_dags/example_branch_python_dop_operator_3.py
[2022-08-22 20:25:11,489] {processor.py:642} INFO - Processing file /opt/anaconda3/envs/airflow_env/lib/python3.9/site-packages/airflow/example_dags/example_branch_python_dop_operator_3.py for tasks to queue
[2022-08-22 20:25:11,489] {logging_mixin.py:109} INFO - [2022-08-22 20:25:11,489] {dagbag.py:500} INFO - Filling up the DagBag from /opt/anaconda3/envs/airflow_env/lib/python3.9/site-packages/airflow/example_dags/example_branch_python_dop_operator_3.py
[2022-08-22 20:25:11,511] {processor.py:654} INFO - DAG(s) dict_keys(['example_branch_dop_operator_v3']) retrieved from /opt/anaconda3/envs/airflow_env/lib/python3.9/site-packages/airflow/example_dags/example_branch_python_dop_operator_3.py
[2022-08-22 20:25:11,519] {logging_mixin.py:109} INFO - [2022-08-22 20:25:11,519] {dag.py:2396} INFO - Sync 1 DAGs
[2022-08-22 20:25:11,525] {logging_mixin.py:109} INFO - [2022-08-22 20:25:11,525] {dag.py:2935} INFO - Setting next_dagrun for example_branch_dop_operator_v3 to 2022-08-23T01:24:00+00:00
[2022-08-22 20:25:11,529] {processor.py:171} INFO - Processing /opt/anaconda3/envs/airflow_env/lib/python3.9/site-packages/airflow/example_dags/example_branch_python_dop_operator_3.py took 0.042 seconds
[2022-08-22 20:26:14,817] {processor.py:163} INFO - Started process (PID=2581) to work on /opt/anaconda3/envs/airflow_env/lib/python3.9/site-packages/airflow/example_dags/example_branch_python_dop_operator_3.py
[2022-08-22 20:26:14,817] {processor.py:642} INFO - Processing file /opt/anaconda3/envs/airflow_env/lib/python3.9/site-packages/airflow/example_dags/example_branch_python_dop_operator_3.py for tasks to queue
[2022-08-22 20:26:14,817] {logging_mixin.py:109} INFO - [2022-08-22 20:26:14,817] {dagbag.py:500} INFO - Filling up the DagBag from /opt/anaconda3/envs/airflow_env/lib/python3.9/site-packages/airflow/example_dags/example_branch_python_dop_operator_3.py
[2022-08-22 20:26:14,840] {processor.py:654} INFO - DAG(s) dict_keys(['example_branch_dop_operator_v3']) retrieved from /opt/anaconda3/envs/airflow_env/lib/python3.9/site-packages/airflow/example_dags/example_branch_python_dop_operator_3.py
[2022-08-22 20:26:14,848] {logging_mixin.py:109} INFO - [2022-08-22 20:26:14,848] {dag.py:2396} INFO - Sync 1 DAGs
[2022-08-22 20:26:14,854] {logging_mixin.py:109} INFO - [2022-08-22 20:26:14,854] {dag.py:2935} INFO - Setting next_dagrun for example_branch_dop_operator_v3 to 2022-08-23T01:25:00+00:00
[2022-08-22 20:26:14,857] {processor.py:171} INFO - Processing /opt/anaconda3/envs/airflow_env/lib/python3.9/site-packages/airflow/example_dags/example_branch_python_dop_operator_3.py took 0.041 seconds
[2022-08-22 20:27:17,813] {processor.py:163} INFO - Started process (PID=2656) to work on /opt/anaconda3/envs/airflow_env/lib/python3.9/site-packages/airflow/example_dags/example_branch_python_dop_operator_3.py
[2022-08-22 20:27:17,813] {processor.py:642} INFO - Processing file /opt/anaconda3/envs/airflow_env/lib/python3.9/site-packages/airflow/example_dags/example_branch_python_dop_operator_3.py for tasks to queue
[2022-08-22 20:27:17,813] {logging_mixin.py:109} INFO - [2022-08-22 20:27:17,813] {dagbag.py:500} INFO - Filling up the DagBag from /opt/anaconda3/envs/airflow_env/lib/python3.9/site-packages/airflow/example_dags/example_branch_python_dop_operator_3.py
[2022-08-22 20:27:17,836] {processor.py:654} INFO - DAG(s) dict_keys(['example_branch_dop_operator_v3']) retrieved from /opt/anaconda3/envs/airflow_env/lib/python3.9/site-packages/airflow/example_dags/example_branch_python_dop_operator_3.py
[2022-08-22 20:27:17,844] {logging_mixin.py:109} INFO - [2022-08-22 20:27:17,844] {dag.py:2396} INFO - Sync 1 DAGs
[2022-08-22 20:27:17,851] {logging_mixin.py:109} INFO - [2022-08-22 20:27:17,851] {dag.py:2935} INFO - Setting next_dagrun for example_branch_dop_operator_v3 to 2022-08-23T01:26:00+00:00
[2022-08-22 20:27:17,855] {processor.py:171} INFO - Processing /opt/anaconda3/envs/airflow_env/lib/python3.9/site-packages/airflow/example_dags/example_branch_python_dop_operator_3.py took 0.042 seconds
[2022-08-22 20:29:28,479] {processor.py:163} INFO - Started process (PID=2748) to work on /opt/anaconda3/envs/airflow_env/lib/python3.9/site-packages/airflow/example_dags/example_branch_python_dop_operator_3.py
[2022-08-22 20:29:28,480] {processor.py:642} INFO - Processing file /opt/anaconda3/envs/airflow_env/lib/python3.9/site-packages/airflow/example_dags/example_branch_python_dop_operator_3.py for tasks to queue
[2022-08-22 20:29:28,480] {logging_mixin.py:109} INFO - [2022-08-22 20:29:28,480] {dagbag.py:500} INFO - Filling up the DagBag from /opt/anaconda3/envs/airflow_env/lib/python3.9/site-packages/airflow/example_dags/example_branch_python_dop_operator_3.py
[2022-08-22 20:29:28,501] {processor.py:654} INFO - DAG(s) dict_keys(['example_branch_dop_operator_v3']) retrieved from /opt/anaconda3/envs/airflow_env/lib/python3.9/site-packages/airflow/example_dags/example_branch_python_dop_operator_3.py
[2022-08-22 20:29:28,509] {logging_mixin.py:109} INFO - [2022-08-22 20:29:28,509] {dag.py:2396} INFO - Sync 1 DAGs
[2022-08-22 20:29:28,515] {logging_mixin.py:109} INFO - [2022-08-22 20:29:28,515] {dag.py:2935} INFO - Setting next_dagrun for example_branch_dop_operator_v3 to 2022-08-23T01:28:00+00:00
[2022-08-22 20:29:28,519] {processor.py:171} INFO - Processing /opt/anaconda3/envs/airflow_env/lib/python3.9/site-packages/airflow/example_dags/example_branch_python_dop_operator_3.py took 0.041 seconds
