[2022-08-22 19:58:33,662] {processor.py:163} INFO - Started process (PID=16760) to work on /opt/anaconda3/envs/airflow_env/lib/python3.9/site-packages/airflow/example_dags/example_xcom.py
[2022-08-22 19:58:33,662] {processor.py:642} INFO - Processing file /opt/anaconda3/envs/airflow_env/lib/python3.9/site-packages/airflow/example_dags/example_xcom.py for tasks to queue
[2022-08-22 19:58:33,662] {logging_mixin.py:109} INFO - [2022-08-22 19:58:33,662] {dagbag.py:500} INFO - Filling up the DagBag from /opt/anaconda3/envs/airflow_env/lib/python3.9/site-packages/airflow/example_dags/example_xcom.py
[2022-08-22 19:58:33,688] {processor.py:654} INFO - DAG(s) dict_keys(['example_xcom']) retrieved from /opt/anaconda3/envs/airflow_env/lib/python3.9/site-packages/airflow/example_dags/example_xcom.py
[2022-08-22 19:58:33,800] {logging_mixin.py:109} INFO - [2022-08-22 19:58:33,800] {dag.py:2396} INFO - Sync 1 DAGs
[2022-08-22 19:58:33,805] {logging_mixin.py:109} INFO - [2022-08-22 19:58:33,805] {dag.py:2935} INFO - Setting next_dagrun for example_xcom to 2021-01-01T00:00:00+00:00
[2022-08-22 19:58:33,810] {processor.py:171} INFO - Processing /opt/anaconda3/envs/airflow_env/lib/python3.9/site-packages/airflow/example_dags/example_xcom.py took 0.148 seconds
[2022-08-22 19:59:36,989] {processor.py:163} INFO - Started process (PID=16800) to work on /opt/anaconda3/envs/airflow_env/lib/python3.9/site-packages/airflow/example_dags/example_xcom.py
[2022-08-22 19:59:36,990] {processor.py:642} INFO - Processing file /opt/anaconda3/envs/airflow_env/lib/python3.9/site-packages/airflow/example_dags/example_xcom.py for tasks to queue
[2022-08-22 19:59:36,990] {logging_mixin.py:109} INFO - [2022-08-22 19:59:36,990] {dagbag.py:500} INFO - Filling up the DagBag from /opt/anaconda3/envs/airflow_env/lib/python3.9/site-packages/airflow/example_dags/example_xcom.py
[2022-08-22 19:59:37,017] {processor.py:654} INFO - DAG(s) dict_keys(['example_xcom']) retrieved from /opt/anaconda3/envs/airflow_env/lib/python3.9/site-packages/airflow/example_dags/example_xcom.py
[2022-08-22 19:59:37,133] {logging_mixin.py:109} INFO - [2022-08-22 19:59:37,133] {dag.py:2396} INFO - Sync 1 DAGs
[2022-08-22 19:59:37,139] {logging_mixin.py:109} INFO - [2022-08-22 19:59:37,139] {dag.py:2935} INFO - Setting next_dagrun for example_xcom to 2021-01-01T00:00:00+00:00
[2022-08-22 19:59:37,143] {processor.py:171} INFO - Processing /opt/anaconda3/envs/airflow_env/lib/python3.9/site-packages/airflow/example_dags/example_xcom.py took 0.154 seconds
[2022-08-22 20:00:43,697] {processor.py:163} INFO - Started process (PID=16860) to work on /opt/anaconda3/envs/airflow_env/lib/python3.9/site-packages/airflow/example_dags/example_xcom.py
[2022-08-22 20:00:43,697] {processor.py:642} INFO - Processing file /opt/anaconda3/envs/airflow_env/lib/python3.9/site-packages/airflow/example_dags/example_xcom.py for tasks to queue
[2022-08-22 20:00:43,698] {logging_mixin.py:109} INFO - [2022-08-22 20:00:43,698] {dagbag.py:500} INFO - Filling up the DagBag from /opt/anaconda3/envs/airflow_env/lib/python3.9/site-packages/airflow/example_dags/example_xcom.py
[2022-08-22 20:00:43,724] {processor.py:654} INFO - DAG(s) dict_keys(['example_xcom']) retrieved from /opt/anaconda3/envs/airflow_env/lib/python3.9/site-packages/airflow/example_dags/example_xcom.py
[2022-08-22 20:00:43,835] {logging_mixin.py:109} INFO - [2022-08-22 20:00:43,835] {dag.py:2396} INFO - Sync 1 DAGs
[2022-08-22 20:00:43,841] {logging_mixin.py:109} INFO - [2022-08-22 20:00:43,841] {dag.py:2935} INFO - Setting next_dagrun for example_xcom to 2021-01-01T00:00:00+00:00
[2022-08-22 20:00:43,846] {processor.py:171} INFO - Processing /opt/anaconda3/envs/airflow_env/lib/python3.9/site-packages/airflow/example_dags/example_xcom.py took 0.149 seconds
[2022-08-22 20:01:50,288] {processor.py:163} INFO - Started process (PID=16902) to work on /opt/anaconda3/envs/airflow_env/lib/python3.9/site-packages/airflow/example_dags/example_xcom.py
[2022-08-22 20:01:50,289] {processor.py:642} INFO - Processing file /opt/anaconda3/envs/airflow_env/lib/python3.9/site-packages/airflow/example_dags/example_xcom.py for tasks to queue
[2022-08-22 20:01:50,289] {logging_mixin.py:109} INFO - [2022-08-22 20:01:50,289] {dagbag.py:500} INFO - Filling up the DagBag from /opt/anaconda3/envs/airflow_env/lib/python3.9/site-packages/airflow/example_dags/example_xcom.py
[2022-08-22 20:01:50,315] {processor.py:654} INFO - DAG(s) dict_keys(['example_xcom']) retrieved from /opt/anaconda3/envs/airflow_env/lib/python3.9/site-packages/airflow/example_dags/example_xcom.py
[2022-08-22 20:01:50,427] {logging_mixin.py:109} INFO - [2022-08-22 20:01:50,427] {dag.py:2396} INFO - Sync 1 DAGs
[2022-08-22 20:01:50,433] {logging_mixin.py:109} INFO - [2022-08-22 20:01:50,432] {dag.py:2935} INFO - Setting next_dagrun for example_xcom to 2021-01-01T00:00:00+00:00
[2022-08-22 20:01:50,438] {processor.py:171} INFO - Processing /opt/anaconda3/envs/airflow_env/lib/python3.9/site-packages/airflow/example_dags/example_xcom.py took 0.151 seconds
[2022-08-22 20:02:56,737] {processor.py:163} INFO - Started process (PID=16948) to work on /opt/anaconda3/envs/airflow_env/lib/python3.9/site-packages/airflow/example_dags/example_xcom.py
[2022-08-22 20:02:56,738] {processor.py:642} INFO - Processing file /opt/anaconda3/envs/airflow_env/lib/python3.9/site-packages/airflow/example_dags/example_xcom.py for tasks to queue
[2022-08-22 20:02:56,738] {logging_mixin.py:109} INFO - [2022-08-22 20:02:56,738] {dagbag.py:500} INFO - Filling up the DagBag from /opt/anaconda3/envs/airflow_env/lib/python3.9/site-packages/airflow/example_dags/example_xcom.py
[2022-08-22 20:02:56,764] {processor.py:654} INFO - DAG(s) dict_keys(['example_xcom']) retrieved from /opt/anaconda3/envs/airflow_env/lib/python3.9/site-packages/airflow/example_dags/example_xcom.py
[2022-08-22 20:02:56,872] {logging_mixin.py:109} INFO - [2022-08-22 20:02:56,872] {dag.py:2396} INFO - Sync 1 DAGs
[2022-08-22 20:02:56,877] {logging_mixin.py:109} INFO - [2022-08-22 20:02:56,877] {dag.py:2935} INFO - Setting next_dagrun for example_xcom to 2021-01-01T00:00:00+00:00
[2022-08-22 20:02:56,882] {processor.py:171} INFO - Processing /opt/anaconda3/envs/airflow_env/lib/python3.9/site-packages/airflow/example_dags/example_xcom.py took 0.146 seconds
[2022-08-22 20:03:58,905] {processor.py:163} INFO - Started process (PID=16990) to work on /opt/anaconda3/envs/airflow_env/lib/python3.9/site-packages/airflow/example_dags/example_xcom.py
[2022-08-22 20:03:58,906] {processor.py:642} INFO - Processing file /opt/anaconda3/envs/airflow_env/lib/python3.9/site-packages/airflow/example_dags/example_xcom.py for tasks to queue
[2022-08-22 20:03:58,906] {logging_mixin.py:109} INFO - [2022-08-22 20:03:58,906] {dagbag.py:500} INFO - Filling up the DagBag from /opt/anaconda3/envs/airflow_env/lib/python3.9/site-packages/airflow/example_dags/example_xcom.py
[2022-08-22 20:03:58,930] {processor.py:654} INFO - DAG(s) dict_keys(['example_xcom']) retrieved from /opt/anaconda3/envs/airflow_env/lib/python3.9/site-packages/airflow/example_dags/example_xcom.py
[2022-08-22 20:03:59,036] {logging_mixin.py:109} INFO - [2022-08-22 20:03:59,036] {dag.py:2396} INFO - Sync 1 DAGs
[2022-08-22 20:03:59,041] {logging_mixin.py:109} INFO - [2022-08-22 20:03:59,041] {dag.py:2935} INFO - Setting next_dagrun for example_xcom to 2021-01-01T00:00:00+00:00
[2022-08-22 20:03:59,046] {processor.py:171} INFO - Processing /opt/anaconda3/envs/airflow_env/lib/python3.9/site-packages/airflow/example_dags/example_xcom.py took 0.141 seconds
[2022-08-22 20:05:05,483] {processor.py:163} INFO - Started process (PID=17078) to work on /opt/anaconda3/envs/airflow_env/lib/python3.9/site-packages/airflow/example_dags/example_xcom.py
[2022-08-22 20:05:05,483] {processor.py:642} INFO - Processing file /opt/anaconda3/envs/airflow_env/lib/python3.9/site-packages/airflow/example_dags/example_xcom.py for tasks to queue
[2022-08-22 20:05:05,484] {logging_mixin.py:109} INFO - [2022-08-22 20:05:05,483] {dagbag.py:500} INFO - Filling up the DagBag from /opt/anaconda3/envs/airflow_env/lib/python3.9/site-packages/airflow/example_dags/example_xcom.py
[2022-08-22 20:05:05,512] {processor.py:654} INFO - DAG(s) dict_keys(['example_xcom']) retrieved from /opt/anaconda3/envs/airflow_env/lib/python3.9/site-packages/airflow/example_dags/example_xcom.py
[2022-08-22 20:05:05,630] {logging_mixin.py:109} INFO - [2022-08-22 20:05:05,630] {dag.py:2396} INFO - Sync 1 DAGs
[2022-08-22 20:05:05,636] {logging_mixin.py:109} INFO - [2022-08-22 20:05:05,636] {dag.py:2935} INFO - Setting next_dagrun for example_xcom to 2021-01-01T00:00:00+00:00
[2022-08-22 20:05:05,642] {processor.py:171} INFO - Processing /opt/anaconda3/envs/airflow_env/lib/python3.9/site-packages/airflow/example_dags/example_xcom.py took 0.160 seconds
[2022-08-22 20:06:09,407] {processor.py:163} INFO - Started process (PID=17118) to work on /opt/anaconda3/envs/airflow_env/lib/python3.9/site-packages/airflow/example_dags/example_xcom.py
[2022-08-22 20:06:09,407] {processor.py:642} INFO - Processing file /opt/anaconda3/envs/airflow_env/lib/python3.9/site-packages/airflow/example_dags/example_xcom.py for tasks to queue
[2022-08-22 20:06:09,407] {logging_mixin.py:109} INFO - [2022-08-22 20:06:09,407] {dagbag.py:500} INFO - Filling up the DagBag from /opt/anaconda3/envs/airflow_env/lib/python3.9/site-packages/airflow/example_dags/example_xcom.py
[2022-08-22 20:06:09,433] {processor.py:654} INFO - DAG(s) dict_keys(['example_xcom']) retrieved from /opt/anaconda3/envs/airflow_env/lib/python3.9/site-packages/airflow/example_dags/example_xcom.py
[2022-08-22 20:06:09,545] {logging_mixin.py:109} INFO - [2022-08-22 20:06:09,545] {dag.py:2396} INFO - Sync 1 DAGs
[2022-08-22 20:06:09,551] {logging_mixin.py:109} INFO - [2022-08-22 20:06:09,551] {dag.py:2935} INFO - Setting next_dagrun for example_xcom to 2021-01-01T00:00:00+00:00
[2022-08-22 20:06:09,556] {processor.py:171} INFO - Processing /opt/anaconda3/envs/airflow_env/lib/python3.9/site-packages/airflow/example_dags/example_xcom.py took 0.149 seconds
[2022-08-22 20:12:22,515] {processor.py:163} INFO - Started process (PID=1414) to work on /opt/anaconda3/envs/airflow_env/lib/python3.9/site-packages/airflow/example_dags/example_xcom.py
[2022-08-22 20:12:22,516] {processor.py:642} INFO - Processing file /opt/anaconda3/envs/airflow_env/lib/python3.9/site-packages/airflow/example_dags/example_xcom.py for tasks to queue
[2022-08-22 20:12:22,516] {logging_mixin.py:109} INFO - [2022-08-22 20:12:22,516] {dagbag.py:500} INFO - Filling up the DagBag from /opt/anaconda3/envs/airflow_env/lib/python3.9/site-packages/airflow/example_dags/example_xcom.py
[2022-08-22 20:12:22,539] {processor.py:654} INFO - DAG(s) dict_keys(['example_xcom']) retrieved from /opt/anaconda3/envs/airflow_env/lib/python3.9/site-packages/airflow/example_dags/example_xcom.py
[2022-08-22 20:12:22,642] {logging_mixin.py:109} INFO - [2022-08-22 20:12:22,642] {dag.py:2396} INFO - Sync 1 DAGs
[2022-08-22 20:12:22,652] {logging_mixin.py:109} INFO - [2022-08-22 20:12:22,652] {dag.py:2935} INFO - Setting next_dagrun for example_xcom to 2021-01-01T00:00:00+00:00
[2022-08-22 20:12:22,656] {processor.py:171} INFO - Processing /opt/anaconda3/envs/airflow_env/lib/python3.9/site-packages/airflow/example_dags/example_xcom.py took 0.141 seconds
[2022-08-22 20:13:24,224] {processor.py:163} INFO - Started process (PID=1470) to work on /opt/anaconda3/envs/airflow_env/lib/python3.9/site-packages/airflow/example_dags/example_xcom.py
[2022-08-22 20:13:24,224] {processor.py:642} INFO - Processing file /opt/anaconda3/envs/airflow_env/lib/python3.9/site-packages/airflow/example_dags/example_xcom.py for tasks to queue
[2022-08-22 20:13:24,224] {logging_mixin.py:109} INFO - [2022-08-22 20:13:24,224] {dagbag.py:500} INFO - Filling up the DagBag from /opt/anaconda3/envs/airflow_env/lib/python3.9/site-packages/airflow/example_dags/example_xcom.py
[2022-08-22 20:13:24,250] {processor.py:654} INFO - DAG(s) dict_keys(['example_xcom']) retrieved from /opt/anaconda3/envs/airflow_env/lib/python3.9/site-packages/airflow/example_dags/example_xcom.py
[2022-08-22 20:13:24,353] {logging_mixin.py:109} INFO - [2022-08-22 20:13:24,353] {dag.py:2396} INFO - Sync 1 DAGs
[2022-08-22 20:13:24,358] {logging_mixin.py:109} INFO - [2022-08-22 20:13:24,358] {dag.py:2935} INFO - Setting next_dagrun for example_xcom to 2021-01-01T00:00:00+00:00
[2022-08-22 20:13:24,362] {processor.py:171} INFO - Processing /opt/anaconda3/envs/airflow_env/lib/python3.9/site-packages/airflow/example_dags/example_xcom.py took 0.139 seconds
[2022-08-22 20:14:27,437] {processor.py:163} INFO - Started process (PID=1555) to work on /opt/anaconda3/envs/airflow_env/lib/python3.9/site-packages/airflow/example_dags/example_xcom.py
[2022-08-22 20:14:27,437] {processor.py:642} INFO - Processing file /opt/anaconda3/envs/airflow_env/lib/python3.9/site-packages/airflow/example_dags/example_xcom.py for tasks to queue
[2022-08-22 20:14:27,438] {logging_mixin.py:109} INFO - [2022-08-22 20:14:27,438] {dagbag.py:500} INFO - Filling up the DagBag from /opt/anaconda3/envs/airflow_env/lib/python3.9/site-packages/airflow/example_dags/example_xcom.py
[2022-08-22 20:14:27,462] {processor.py:654} INFO - DAG(s) dict_keys(['example_xcom']) retrieved from /opt/anaconda3/envs/airflow_env/lib/python3.9/site-packages/airflow/example_dags/example_xcom.py
[2022-08-22 20:14:27,565] {logging_mixin.py:109} INFO - [2022-08-22 20:14:27,564] {dag.py:2396} INFO - Sync 1 DAGs
[2022-08-22 20:14:27,570] {logging_mixin.py:109} INFO - [2022-08-22 20:14:27,570] {dag.py:2935} INFO - Setting next_dagrun for example_xcom to 2021-01-01T00:00:00+00:00
[2022-08-22 20:14:27,575] {processor.py:171} INFO - Processing /opt/anaconda3/envs/airflow_env/lib/python3.9/site-packages/airflow/example_dags/example_xcom.py took 0.138 seconds
[2022-08-22 20:15:29,065] {processor.py:163} INFO - Started process (PID=1794) to work on /opt/anaconda3/envs/airflow_env/lib/python3.9/site-packages/airflow/example_dags/example_xcom.py
[2022-08-22 20:15:29,066] {processor.py:642} INFO - Processing file /opt/anaconda3/envs/airflow_env/lib/python3.9/site-packages/airflow/example_dags/example_xcom.py for tasks to queue
[2022-08-22 20:15:29,066] {logging_mixin.py:109} INFO - [2022-08-22 20:15:29,066] {dagbag.py:500} INFO - Filling up the DagBag from /opt/anaconda3/envs/airflow_env/lib/python3.9/site-packages/airflow/example_dags/example_xcom.py
[2022-08-22 20:15:29,091] {processor.py:654} INFO - DAG(s) dict_keys(['example_xcom']) retrieved from /opt/anaconda3/envs/airflow_env/lib/python3.9/site-packages/airflow/example_dags/example_xcom.py
[2022-08-22 20:15:29,196] {logging_mixin.py:109} INFO - [2022-08-22 20:15:29,196] {dag.py:2396} INFO - Sync 1 DAGs
[2022-08-22 20:15:29,201] {logging_mixin.py:109} INFO - [2022-08-22 20:15:29,201] {dag.py:2935} INFO - Setting next_dagrun for example_xcom to 2021-01-01T00:00:00+00:00
[2022-08-22 20:15:29,207] {processor.py:171} INFO - Processing /opt/anaconda3/envs/airflow_env/lib/python3.9/site-packages/airflow/example_dags/example_xcom.py took 0.142 seconds
[2022-08-22 20:16:32,529] {processor.py:163} INFO - Started process (PID=1878) to work on /opt/anaconda3/envs/airflow_env/lib/python3.9/site-packages/airflow/example_dags/example_xcom.py
[2022-08-22 20:16:32,529] {processor.py:642} INFO - Processing file /opt/anaconda3/envs/airflow_env/lib/python3.9/site-packages/airflow/example_dags/example_xcom.py for tasks to queue
[2022-08-22 20:16:32,530] {logging_mixin.py:109} INFO - [2022-08-22 20:16:32,529] {dagbag.py:500} INFO - Filling up the DagBag from /opt/anaconda3/envs/airflow_env/lib/python3.9/site-packages/airflow/example_dags/example_xcom.py
[2022-08-22 20:16:32,552] {processor.py:654} INFO - DAG(s) dict_keys(['example_xcom']) retrieved from /opt/anaconda3/envs/airflow_env/lib/python3.9/site-packages/airflow/example_dags/example_xcom.py
[2022-08-22 20:16:32,646] {logging_mixin.py:109} INFO - [2022-08-22 20:16:32,646] {dag.py:2396} INFO - Sync 1 DAGs
[2022-08-22 20:16:32,651] {logging_mixin.py:109} INFO - [2022-08-22 20:16:32,651] {dag.py:2935} INFO - Setting next_dagrun for example_xcom to 2021-01-01T00:00:00+00:00
[2022-08-22 20:16:32,656] {processor.py:171} INFO - Processing /opt/anaconda3/envs/airflow_env/lib/python3.9/site-packages/airflow/example_dags/example_xcom.py took 0.127 seconds
[2022-08-22 20:17:31,209] {processor.py:163} INFO - Started process (PID=1960) to work on /opt/anaconda3/envs/airflow_env/lib/python3.9/site-packages/airflow/example_dags/example_xcom.py
[2022-08-22 20:17:31,210] {processor.py:642} INFO - Processing file /opt/anaconda3/envs/airflow_env/lib/python3.9/site-packages/airflow/example_dags/example_xcom.py for tasks to queue
[2022-08-22 20:17:31,210] {logging_mixin.py:109} INFO - [2022-08-22 20:17:31,210] {dagbag.py:500} INFO - Filling up the DagBag from /opt/anaconda3/envs/airflow_env/lib/python3.9/site-packages/airflow/example_dags/example_xcom.py
[2022-08-22 20:17:31,235] {processor.py:654} INFO - DAG(s) dict_keys(['example_xcom']) retrieved from /opt/anaconda3/envs/airflow_env/lib/python3.9/site-packages/airflow/example_dags/example_xcom.py
[2022-08-22 20:17:31,351] {logging_mixin.py:109} INFO - [2022-08-22 20:17:31,350] {dag.py:2396} INFO - Sync 1 DAGs
[2022-08-22 20:17:31,356] {logging_mixin.py:109} INFO - [2022-08-22 20:17:31,356] {dag.py:2935} INFO - Setting next_dagrun for example_xcom to 2021-01-01T00:00:00+00:00
[2022-08-22 20:17:31,360] {processor.py:171} INFO - Processing /opt/anaconda3/envs/airflow_env/lib/python3.9/site-packages/airflow/example_dags/example_xcom.py took 0.151 seconds
[2022-08-22 20:18:30,710] {processor.py:163} INFO - Started process (PID=1999) to work on /opt/anaconda3/envs/airflow_env/lib/python3.9/site-packages/airflow/example_dags/example_xcom.py
[2022-08-22 20:18:30,710] {processor.py:642} INFO - Processing file /opt/anaconda3/envs/airflow_env/lib/python3.9/site-packages/airflow/example_dags/example_xcom.py for tasks to queue
[2022-08-22 20:18:30,710] {logging_mixin.py:109} INFO - [2022-08-22 20:18:30,710] {dagbag.py:500} INFO - Filling up the DagBag from /opt/anaconda3/envs/airflow_env/lib/python3.9/site-packages/airflow/example_dags/example_xcom.py
[2022-08-22 20:18:30,736] {processor.py:654} INFO - DAG(s) dict_keys(['example_xcom']) retrieved from /opt/anaconda3/envs/airflow_env/lib/python3.9/site-packages/airflow/example_dags/example_xcom.py
[2022-08-22 20:18:30,837] {logging_mixin.py:109} INFO - [2022-08-22 20:18:30,837] {dag.py:2396} INFO - Sync 1 DAGs
[2022-08-22 20:18:30,842] {logging_mixin.py:109} INFO - [2022-08-22 20:18:30,842] {dag.py:2935} INFO - Setting next_dagrun for example_xcom to 2021-01-01T00:00:00+00:00
[2022-08-22 20:18:30,847] {processor.py:171} INFO - Processing /opt/anaconda3/envs/airflow_env/lib/python3.9/site-packages/airflow/example_dags/example_xcom.py took 0.137 seconds
[2022-08-22 20:19:31,909] {processor.py:163} INFO - Started process (PID=2090) to work on /opt/anaconda3/envs/airflow_env/lib/python3.9/site-packages/airflow/example_dags/example_xcom.py
[2022-08-22 20:19:31,909] {processor.py:642} INFO - Processing file /opt/anaconda3/envs/airflow_env/lib/python3.9/site-packages/airflow/example_dags/example_xcom.py for tasks to queue
[2022-08-22 20:19:31,909] {logging_mixin.py:109} INFO - [2022-08-22 20:19:31,909] {dagbag.py:500} INFO - Filling up the DagBag from /opt/anaconda3/envs/airflow_env/lib/python3.9/site-packages/airflow/example_dags/example_xcom.py
[2022-08-22 20:19:31,932] {processor.py:654} INFO - DAG(s) dict_keys(['example_xcom']) retrieved from /opt/anaconda3/envs/airflow_env/lib/python3.9/site-packages/airflow/example_dags/example_xcom.py
[2022-08-22 20:19:32,026] {logging_mixin.py:109} INFO - [2022-08-22 20:19:32,026] {dag.py:2396} INFO - Sync 1 DAGs
[2022-08-22 20:19:32,030] {logging_mixin.py:109} INFO - [2022-08-22 20:19:32,030] {dag.py:2935} INFO - Setting next_dagrun for example_xcom to 2021-01-01T00:00:00+00:00
[2022-08-22 20:19:32,035] {processor.py:171} INFO - Processing /opt/anaconda3/envs/airflow_env/lib/python3.9/site-packages/airflow/example_dags/example_xcom.py took 0.127 seconds
[2022-08-22 20:20:35,161] {processor.py:163} INFO - Started process (PID=2166) to work on /opt/anaconda3/envs/airflow_env/lib/python3.9/site-packages/airflow/example_dags/example_xcom.py
[2022-08-22 20:20:35,161] {processor.py:642} INFO - Processing file /opt/anaconda3/envs/airflow_env/lib/python3.9/site-packages/airflow/example_dags/example_xcom.py for tasks to queue
[2022-08-22 20:20:35,161] {logging_mixin.py:109} INFO - [2022-08-22 20:20:35,161] {dagbag.py:500} INFO - Filling up the DagBag from /opt/anaconda3/envs/airflow_env/lib/python3.9/site-packages/airflow/example_dags/example_xcom.py
[2022-08-22 20:20:35,183] {processor.py:654} INFO - DAG(s) dict_keys(['example_xcom']) retrieved from /opt/anaconda3/envs/airflow_env/lib/python3.9/site-packages/airflow/example_dags/example_xcom.py
[2022-08-22 20:20:35,280] {logging_mixin.py:109} INFO - [2022-08-22 20:20:35,280] {dag.py:2396} INFO - Sync 1 DAGs
[2022-08-22 20:20:35,285] {logging_mixin.py:109} INFO - [2022-08-22 20:20:35,285] {dag.py:2935} INFO - Setting next_dagrun for example_xcom to 2021-01-01T00:00:00+00:00
[2022-08-22 20:20:35,290] {processor.py:171} INFO - Processing /opt/anaconda3/envs/airflow_env/lib/python3.9/site-packages/airflow/example_dags/example_xcom.py took 0.129 seconds
[2022-08-22 20:21:37,024] {processor.py:163} INFO - Started process (PID=2306) to work on /opt/anaconda3/envs/airflow_env/lib/python3.9/site-packages/airflow/example_dags/example_xcom.py
[2022-08-22 20:21:37,025] {processor.py:642} INFO - Processing file /opt/anaconda3/envs/airflow_env/lib/python3.9/site-packages/airflow/example_dags/example_xcom.py for tasks to queue
[2022-08-22 20:21:37,025] {logging_mixin.py:109} INFO - [2022-08-22 20:21:37,025] {dagbag.py:500} INFO - Filling up the DagBag from /opt/anaconda3/envs/airflow_env/lib/python3.9/site-packages/airflow/example_dags/example_xcom.py
[2022-08-22 20:21:37,049] {processor.py:654} INFO - DAG(s) dict_keys(['example_xcom']) retrieved from /opt/anaconda3/envs/airflow_env/lib/python3.9/site-packages/airflow/example_dags/example_xcom.py
[2022-08-22 20:21:37,145] {logging_mixin.py:109} INFO - [2022-08-22 20:21:37,145] {dag.py:2396} INFO - Sync 1 DAGs
[2022-08-22 20:21:37,150] {logging_mixin.py:109} INFO - [2022-08-22 20:21:37,150] {dag.py:2935} INFO - Setting next_dagrun for example_xcom to 2021-01-01T00:00:00+00:00
[2022-08-22 20:21:37,154] {processor.py:171} INFO - Processing /opt/anaconda3/envs/airflow_env/lib/python3.9/site-packages/airflow/example_dags/example_xcom.py took 0.131 seconds
[2022-08-22 20:22:31,938] {processor.py:163} INFO - Started process (PID=2361) to work on /opt/anaconda3/envs/airflow_env/lib/python3.9/site-packages/airflow/example_dags/example_xcom.py
[2022-08-22 20:22:31,939] {processor.py:642} INFO - Processing file /opt/anaconda3/envs/airflow_env/lib/python3.9/site-packages/airflow/example_dags/example_xcom.py for tasks to queue
[2022-08-22 20:22:31,939] {logging_mixin.py:109} INFO - [2022-08-22 20:22:31,939] {dagbag.py:500} INFO - Filling up the DagBag from /opt/anaconda3/envs/airflow_env/lib/python3.9/site-packages/airflow/example_dags/example_xcom.py
[2022-08-22 20:22:31,965] {processor.py:654} INFO - DAG(s) dict_keys(['example_xcom']) retrieved from /opt/anaconda3/envs/airflow_env/lib/python3.9/site-packages/airflow/example_dags/example_xcom.py
[2022-08-22 20:22:32,075] {logging_mixin.py:109} INFO - [2022-08-22 20:22:32,075] {dag.py:2396} INFO - Sync 1 DAGs
[2022-08-22 20:22:32,080] {logging_mixin.py:109} INFO - [2022-08-22 20:22:32,080] {dag.py:2935} INFO - Setting next_dagrun for example_xcom to 2021-01-01T00:00:00+00:00
[2022-08-22 20:22:32,085] {processor.py:171} INFO - Processing /opt/anaconda3/envs/airflow_env/lib/python3.9/site-packages/airflow/example_dags/example_xcom.py took 0.147 seconds
[2022-08-22 20:23:33,363] {processor.py:163} INFO - Started process (PID=2401) to work on /opt/anaconda3/envs/airflow_env/lib/python3.9/site-packages/airflow/example_dags/example_xcom.py
[2022-08-22 20:23:33,364] {processor.py:642} INFO - Processing file /opt/anaconda3/envs/airflow_env/lib/python3.9/site-packages/airflow/example_dags/example_xcom.py for tasks to queue
[2022-08-22 20:23:33,364] {logging_mixin.py:109} INFO - [2022-08-22 20:23:33,364] {dagbag.py:500} INFO - Filling up the DagBag from /opt/anaconda3/envs/airflow_env/lib/python3.9/site-packages/airflow/example_dags/example_xcom.py
[2022-08-22 20:23:33,388] {processor.py:654} INFO - DAG(s) dict_keys(['example_xcom']) retrieved from /opt/anaconda3/envs/airflow_env/lib/python3.9/site-packages/airflow/example_dags/example_xcom.py
[2022-08-22 20:23:33,489] {logging_mixin.py:109} INFO - [2022-08-22 20:23:33,489] {dag.py:2396} INFO - Sync 1 DAGs
[2022-08-22 20:23:33,494] {logging_mixin.py:109} INFO - [2022-08-22 20:23:33,494] {dag.py:2935} INFO - Setting next_dagrun for example_xcom to 2021-01-01T00:00:00+00:00
[2022-08-22 20:23:33,498] {processor.py:171} INFO - Processing /opt/anaconda3/envs/airflow_env/lib/python3.9/site-packages/airflow/example_dags/example_xcom.py took 0.135 seconds
[2022-08-22 20:24:34,785] {processor.py:163} INFO - Started process (PID=2441) to work on /opt/anaconda3/envs/airflow_env/lib/python3.9/site-packages/airflow/example_dags/example_xcom.py
[2022-08-22 20:24:34,786] {processor.py:642} INFO - Processing file /opt/anaconda3/envs/airflow_env/lib/python3.9/site-packages/airflow/example_dags/example_xcom.py for tasks to queue
[2022-08-22 20:24:34,786] {logging_mixin.py:109} INFO - [2022-08-22 20:24:34,786] {dagbag.py:500} INFO - Filling up the DagBag from /opt/anaconda3/envs/airflow_env/lib/python3.9/site-packages/airflow/example_dags/example_xcom.py
[2022-08-22 20:24:34,810] {processor.py:654} INFO - DAG(s) dict_keys(['example_xcom']) retrieved from /opt/anaconda3/envs/airflow_env/lib/python3.9/site-packages/airflow/example_dags/example_xcom.py
[2022-08-22 20:24:34,906] {logging_mixin.py:109} INFO - [2022-08-22 20:24:34,906] {dag.py:2396} INFO - Sync 1 DAGs
[2022-08-22 20:24:34,911] {logging_mixin.py:109} INFO - [2022-08-22 20:24:34,911] {dag.py:2935} INFO - Setting next_dagrun for example_xcom to 2021-01-01T00:00:00+00:00
[2022-08-22 20:24:34,916] {processor.py:171} INFO - Processing /opt/anaconda3/envs/airflow_env/lib/python3.9/site-packages/airflow/example_dags/example_xcom.py took 0.131 seconds
[2022-08-22 20:25:36,653] {processor.py:163} INFO - Started process (PID=2554) to work on /opt/anaconda3/envs/airflow_env/lib/python3.9/site-packages/airflow/example_dags/example_xcom.py
[2022-08-22 20:25:36,653] {processor.py:642} INFO - Processing file /opt/anaconda3/envs/airflow_env/lib/python3.9/site-packages/airflow/example_dags/example_xcom.py for tasks to queue
[2022-08-22 20:25:36,654] {logging_mixin.py:109} INFO - [2022-08-22 20:25:36,653] {dagbag.py:500} INFO - Filling up the DagBag from /opt/anaconda3/envs/airflow_env/lib/python3.9/site-packages/airflow/example_dags/example_xcom.py
[2022-08-22 20:25:36,679] {processor.py:654} INFO - DAG(s) dict_keys(['example_xcom']) retrieved from /opt/anaconda3/envs/airflow_env/lib/python3.9/site-packages/airflow/example_dags/example_xcom.py
[2022-08-22 20:25:36,780] {logging_mixin.py:109} INFO - [2022-08-22 20:25:36,780] {dag.py:2396} INFO - Sync 1 DAGs
[2022-08-22 20:25:36,785] {logging_mixin.py:109} INFO - [2022-08-22 20:25:36,785] {dag.py:2935} INFO - Setting next_dagrun for example_xcom to 2021-01-01T00:00:00+00:00
[2022-08-22 20:25:36,790] {processor.py:171} INFO - Processing /opt/anaconda3/envs/airflow_env/lib/python3.9/site-packages/airflow/example_dags/example_xcom.py took 0.138 seconds
[2022-08-22 20:26:38,035] {processor.py:163} INFO - Started process (PID=2596) to work on /opt/anaconda3/envs/airflow_env/lib/python3.9/site-packages/airflow/example_dags/example_xcom.py
[2022-08-22 20:26:38,035] {processor.py:642} INFO - Processing file /opt/anaconda3/envs/airflow_env/lib/python3.9/site-packages/airflow/example_dags/example_xcom.py for tasks to queue
[2022-08-22 20:26:38,035] {logging_mixin.py:109} INFO - [2022-08-22 20:26:38,035] {dagbag.py:500} INFO - Filling up the DagBag from /opt/anaconda3/envs/airflow_env/lib/python3.9/site-packages/airflow/example_dags/example_xcom.py
[2022-08-22 20:26:38,061] {processor.py:654} INFO - DAG(s) dict_keys(['example_xcom']) retrieved from /opt/anaconda3/envs/airflow_env/lib/python3.9/site-packages/airflow/example_dags/example_xcom.py
[2022-08-22 20:26:38,166] {logging_mixin.py:109} INFO - [2022-08-22 20:26:38,166] {dag.py:2396} INFO - Sync 1 DAGs
[2022-08-22 20:26:38,172] {logging_mixin.py:109} INFO - [2022-08-22 20:26:38,172] {dag.py:2935} INFO - Setting next_dagrun for example_xcom to 2021-01-01T00:00:00+00:00
[2022-08-22 20:26:38,177] {processor.py:171} INFO - Processing /opt/anaconda3/envs/airflow_env/lib/python3.9/site-packages/airflow/example_dags/example_xcom.py took 0.142 seconds
[2022-08-22 20:28:51,997] {processor.py:163} INFO - Started process (PID=2727) to work on /opt/anaconda3/envs/airflow_env/lib/python3.9/site-packages/airflow/example_dags/example_xcom.py
[2022-08-22 20:28:51,999] {processor.py:642} INFO - Processing file /opt/anaconda3/envs/airflow_env/lib/python3.9/site-packages/airflow/example_dags/example_xcom.py for tasks to queue
[2022-08-22 20:28:51,999] {logging_mixin.py:109} INFO - [2022-08-22 20:28:51,999] {dagbag.py:500} INFO - Filling up the DagBag from /opt/anaconda3/envs/airflow_env/lib/python3.9/site-packages/airflow/example_dags/example_xcom.py
[2022-08-22 20:28:52,025] {processor.py:654} INFO - DAG(s) dict_keys(['example_xcom']) retrieved from /opt/anaconda3/envs/airflow_env/lib/python3.9/site-packages/airflow/example_dags/example_xcom.py
[2022-08-22 20:28:52,136] {logging_mixin.py:109} INFO - [2022-08-22 20:28:52,136] {dag.py:2396} INFO - Sync 1 DAGs
[2022-08-22 20:28:52,141] {logging_mixin.py:109} INFO - [2022-08-22 20:28:52,141] {dag.py:2935} INFO - Setting next_dagrun for example_xcom to 2021-01-01T00:00:00+00:00
[2022-08-22 20:28:52,160] {processor.py:171} INFO - Processing /opt/anaconda3/envs/airflow_env/lib/python3.9/site-packages/airflow/example_dags/example_xcom.py took 0.163 seconds
[2022-08-22 20:29:53,347] {processor.py:163} INFO - Started process (PID=2771) to work on /opt/anaconda3/envs/airflow_env/lib/python3.9/site-packages/airflow/example_dags/example_xcom.py
[2022-08-22 20:29:53,347] {processor.py:642} INFO - Processing file /opt/anaconda3/envs/airflow_env/lib/python3.9/site-packages/airflow/example_dags/example_xcom.py for tasks to queue
[2022-08-22 20:29:53,348] {logging_mixin.py:109} INFO - [2022-08-22 20:29:53,348] {dagbag.py:500} INFO - Filling up the DagBag from /opt/anaconda3/envs/airflow_env/lib/python3.9/site-packages/airflow/example_dags/example_xcom.py
[2022-08-22 20:29:53,370] {processor.py:654} INFO - DAG(s) dict_keys(['example_xcom']) retrieved from /opt/anaconda3/envs/airflow_env/lib/python3.9/site-packages/airflow/example_dags/example_xcom.py
[2022-08-22 20:29:53,465] {logging_mixin.py:109} INFO - [2022-08-22 20:29:53,465] {dag.py:2396} INFO - Sync 1 DAGs
[2022-08-22 20:29:53,470] {logging_mixin.py:109} INFO - [2022-08-22 20:29:53,470] {dag.py:2935} INFO - Setting next_dagrun for example_xcom to 2021-01-01T00:00:00+00:00
[2022-08-22 20:29:53,474] {processor.py:171} INFO - Processing /opt/anaconda3/envs/airflow_env/lib/python3.9/site-packages/airflow/example_dags/example_xcom.py took 0.127 seconds
