[2022-08-22 19:58:49,211] {processor.py:163} INFO - Started process (PID=16769) to work on /opt/anaconda3/envs/airflow_env/lib/python3.9/site-packages/airflow/example_dags/example_skip_dag.py
[2022-08-22 19:58:49,211] {processor.py:642} INFO - Processing file /opt/anaconda3/envs/airflow_env/lib/python3.9/site-packages/airflow/example_dags/example_skip_dag.py for tasks to queue
[2022-08-22 19:58:49,211] {logging_mixin.py:109} INFO - [2022-08-22 19:58:49,211] {dagbag.py:500} INFO - Filling up the DagBag from /opt/anaconda3/envs/airflow_env/lib/python3.9/site-packages/airflow/example_dags/example_skip_dag.py
[2022-08-22 19:58:49,231] {processor.py:654} INFO - DAG(s) dict_keys(['example_skip_dag']) retrieved from /opt/anaconda3/envs/airflow_env/lib/python3.9/site-packages/airflow/example_dags/example_skip_dag.py
[2022-08-22 19:58:49,243] {logging_mixin.py:109} INFO - [2022-08-22 19:58:49,242] {dag.py:2396} INFO - Sync 1 DAGs
[2022-08-22 19:58:49,248] {logging_mixin.py:109} INFO - [2022-08-22 19:58:49,248] {dag.py:2935} INFO - Setting next_dagrun for example_skip_dag to 2022-08-22T00:58:49.247762+00:00
[2022-08-22 19:58:49,252] {processor.py:171} INFO - Processing /opt/anaconda3/envs/airflow_env/lib/python3.9/site-packages/airflow/example_dags/example_skip_dag.py took 0.042 seconds
[2022-08-22 19:59:52,810] {processor.py:163} INFO - Started process (PID=16811) to work on /opt/anaconda3/envs/airflow_env/lib/python3.9/site-packages/airflow/example_dags/example_skip_dag.py
[2022-08-22 19:59:52,811] {processor.py:642} INFO - Processing file /opt/anaconda3/envs/airflow_env/lib/python3.9/site-packages/airflow/example_dags/example_skip_dag.py for tasks to queue
[2022-08-22 19:59:52,811] {logging_mixin.py:109} INFO - [2022-08-22 19:59:52,811] {dagbag.py:500} INFO - Filling up the DagBag from /opt/anaconda3/envs/airflow_env/lib/python3.9/site-packages/airflow/example_dags/example_skip_dag.py
[2022-08-22 19:59:52,829] {processor.py:654} INFO - DAG(s) dict_keys(['example_skip_dag']) retrieved from /opt/anaconda3/envs/airflow_env/lib/python3.9/site-packages/airflow/example_dags/example_skip_dag.py
[2022-08-22 19:59:52,840] {logging_mixin.py:109} INFO - [2022-08-22 19:59:52,840] {dag.py:2396} INFO - Sync 1 DAGs
[2022-08-22 19:59:52,846] {logging_mixin.py:109} INFO - [2022-08-22 19:59:52,846] {dag.py:2935} INFO - Setting next_dagrun for example_skip_dag to 2022-08-22T00:59:52.846370+00:00
[2022-08-22 19:59:52,850] {processor.py:171} INFO - Processing /opt/anaconda3/envs/airflow_env/lib/python3.9/site-packages/airflow/example_dags/example_skip_dag.py took 0.040 seconds
[2022-08-22 20:00:59,486] {processor.py:163} INFO - Started process (PID=16871) to work on /opt/anaconda3/envs/airflow_env/lib/python3.9/site-packages/airflow/example_dags/example_skip_dag.py
[2022-08-22 20:00:59,487] {processor.py:642} INFO - Processing file /opt/anaconda3/envs/airflow_env/lib/python3.9/site-packages/airflow/example_dags/example_skip_dag.py for tasks to queue
[2022-08-22 20:00:59,487] {logging_mixin.py:109} INFO - [2022-08-22 20:00:59,487] {dagbag.py:500} INFO - Filling up the DagBag from /opt/anaconda3/envs/airflow_env/lib/python3.9/site-packages/airflow/example_dags/example_skip_dag.py
[2022-08-22 20:00:59,503] {processor.py:654} INFO - DAG(s) dict_keys(['example_skip_dag']) retrieved from /opt/anaconda3/envs/airflow_env/lib/python3.9/site-packages/airflow/example_dags/example_skip_dag.py
[2022-08-22 20:00:59,514] {logging_mixin.py:109} INFO - [2022-08-22 20:00:59,514] {dag.py:2396} INFO - Sync 1 DAGs
[2022-08-22 20:00:59,519] {logging_mixin.py:109} INFO - [2022-08-22 20:00:59,519] {dag.py:2935} INFO - Setting next_dagrun for example_skip_dag to 2022-08-22T01:00:59.519409+00:00
[2022-08-22 20:00:59,523] {processor.py:171} INFO - Processing /opt/anaconda3/envs/airflow_env/lib/python3.9/site-packages/airflow/example_dags/example_skip_dag.py took 0.037 seconds
[2022-08-22 20:02:06,197] {processor.py:163} INFO - Started process (PID=16911) to work on /opt/anaconda3/envs/airflow_env/lib/python3.9/site-packages/airflow/example_dags/example_skip_dag.py
[2022-08-22 20:02:06,197] {processor.py:642} INFO - Processing file /opt/anaconda3/envs/airflow_env/lib/python3.9/site-packages/airflow/example_dags/example_skip_dag.py for tasks to queue
[2022-08-22 20:02:06,198] {logging_mixin.py:109} INFO - [2022-08-22 20:02:06,198] {dagbag.py:500} INFO - Filling up the DagBag from /opt/anaconda3/envs/airflow_env/lib/python3.9/site-packages/airflow/example_dags/example_skip_dag.py
[2022-08-22 20:02:06,214] {processor.py:654} INFO - DAG(s) dict_keys(['example_skip_dag']) retrieved from /opt/anaconda3/envs/airflow_env/lib/python3.9/site-packages/airflow/example_dags/example_skip_dag.py
[2022-08-22 20:02:06,225] {logging_mixin.py:109} INFO - [2022-08-22 20:02:06,225] {dag.py:2396} INFO - Sync 1 DAGs
[2022-08-22 20:02:06,230] {logging_mixin.py:109} INFO - [2022-08-22 20:02:06,230] {dag.py:2935} INFO - Setting next_dagrun for example_skip_dag to 2022-08-22T01:02:06.229955+00:00
[2022-08-22 20:02:06,233] {processor.py:171} INFO - Processing /opt/anaconda3/envs/airflow_env/lib/python3.9/site-packages/airflow/example_dags/example_skip_dag.py took 0.037 seconds
[2022-08-22 20:03:12,312] {processor.py:163} INFO - Started process (PID=16958) to work on /opt/anaconda3/envs/airflow_env/lib/python3.9/site-packages/airflow/example_dags/example_skip_dag.py
[2022-08-22 20:03:12,312] {processor.py:642} INFO - Processing file /opt/anaconda3/envs/airflow_env/lib/python3.9/site-packages/airflow/example_dags/example_skip_dag.py for tasks to queue
[2022-08-22 20:03:12,312] {logging_mixin.py:109} INFO - [2022-08-22 20:03:12,312] {dagbag.py:500} INFO - Filling up the DagBag from /opt/anaconda3/envs/airflow_env/lib/python3.9/site-packages/airflow/example_dags/example_skip_dag.py
[2022-08-22 20:03:12,328] {processor.py:654} INFO - DAG(s) dict_keys(['example_skip_dag']) retrieved from /opt/anaconda3/envs/airflow_env/lib/python3.9/site-packages/airflow/example_dags/example_skip_dag.py
[2022-08-22 20:03:12,338] {logging_mixin.py:109} INFO - [2022-08-22 20:03:12,338] {dag.py:2396} INFO - Sync 1 DAGs
[2022-08-22 20:03:12,342] {logging_mixin.py:109} INFO - [2022-08-22 20:03:12,342] {dag.py:2935} INFO - Setting next_dagrun for example_skip_dag to 2022-08-22T01:03:12.342506+00:00
[2022-08-22 20:03:12,346] {processor.py:171} INFO - Processing /opt/anaconda3/envs/airflow_env/lib/python3.9/site-packages/airflow/example_dags/example_skip_dag.py took 0.034 seconds
[2022-08-22 20:04:14,576] {processor.py:163} INFO - Started process (PID=16999) to work on /opt/anaconda3/envs/airflow_env/lib/python3.9/site-packages/airflow/example_dags/example_skip_dag.py
[2022-08-22 20:04:14,576] {processor.py:642} INFO - Processing file /opt/anaconda3/envs/airflow_env/lib/python3.9/site-packages/airflow/example_dags/example_skip_dag.py for tasks to queue
[2022-08-22 20:04:14,577] {logging_mixin.py:109} INFO - [2022-08-22 20:04:14,577] {dagbag.py:500} INFO - Filling up the DagBag from /opt/anaconda3/envs/airflow_env/lib/python3.9/site-packages/airflow/example_dags/example_skip_dag.py
[2022-08-22 20:04:14,594] {processor.py:654} INFO - DAG(s) dict_keys(['example_skip_dag']) retrieved from /opt/anaconda3/envs/airflow_env/lib/python3.9/site-packages/airflow/example_dags/example_skip_dag.py
[2022-08-22 20:04:14,605] {logging_mixin.py:109} INFO - [2022-08-22 20:04:14,605] {dag.py:2396} INFO - Sync 1 DAGs
[2022-08-22 20:04:14,610] {logging_mixin.py:109} INFO - [2022-08-22 20:04:14,610] {dag.py:2935} INFO - Setting next_dagrun for example_skip_dag to 2022-08-22T01:04:14.610239+00:00
[2022-08-22 20:04:14,614] {processor.py:171} INFO - Processing /opt/anaconda3/envs/airflow_env/lib/python3.9/site-packages/airflow/example_dags/example_skip_dag.py took 0.039 seconds
[2022-08-22 20:05:21,277] {processor.py:163} INFO - Started process (PID=17090) to work on /opt/anaconda3/envs/airflow_env/lib/python3.9/site-packages/airflow/example_dags/example_skip_dag.py
[2022-08-22 20:05:21,277] {processor.py:642} INFO - Processing file /opt/anaconda3/envs/airflow_env/lib/python3.9/site-packages/airflow/example_dags/example_skip_dag.py for tasks to queue
[2022-08-22 20:05:21,277] {logging_mixin.py:109} INFO - [2022-08-22 20:05:21,277] {dagbag.py:500} INFO - Filling up the DagBag from /opt/anaconda3/envs/airflow_env/lib/python3.9/site-packages/airflow/example_dags/example_skip_dag.py
[2022-08-22 20:05:21,293] {processor.py:654} INFO - DAG(s) dict_keys(['example_skip_dag']) retrieved from /opt/anaconda3/envs/airflow_env/lib/python3.9/site-packages/airflow/example_dags/example_skip_dag.py
[2022-08-22 20:05:21,304] {logging_mixin.py:109} INFO - [2022-08-22 20:05:21,304] {dag.py:2396} INFO - Sync 1 DAGs
[2022-08-22 20:05:21,309] {logging_mixin.py:109} INFO - [2022-08-22 20:05:21,309] {dag.py:2935} INFO - Setting next_dagrun for example_skip_dag to 2022-08-22T01:05:21.309197+00:00
[2022-08-22 20:05:21,313] {processor.py:171} INFO - Processing /opt/anaconda3/envs/airflow_env/lib/python3.9/site-packages/airflow/example_dags/example_skip_dag.py took 0.037 seconds
[2022-08-22 20:06:25,028] {processor.py:163} INFO - Started process (PID=17128) to work on /opt/anaconda3/envs/airflow_env/lib/python3.9/site-packages/airflow/example_dags/example_skip_dag.py
[2022-08-22 20:06:25,029] {processor.py:642} INFO - Processing file /opt/anaconda3/envs/airflow_env/lib/python3.9/site-packages/airflow/example_dags/example_skip_dag.py for tasks to queue
[2022-08-22 20:06:25,029] {logging_mixin.py:109} INFO - [2022-08-22 20:06:25,029] {dagbag.py:500} INFO - Filling up the DagBag from /opt/anaconda3/envs/airflow_env/lib/python3.9/site-packages/airflow/example_dags/example_skip_dag.py
[2022-08-22 20:06:25,045] {processor.py:654} INFO - DAG(s) dict_keys(['example_skip_dag']) retrieved from /opt/anaconda3/envs/airflow_env/lib/python3.9/site-packages/airflow/example_dags/example_skip_dag.py
[2022-08-22 20:06:25,055] {logging_mixin.py:109} INFO - [2022-08-22 20:06:25,055] {dag.py:2396} INFO - Sync 1 DAGs
[2022-08-22 20:06:25,061] {logging_mixin.py:109} INFO - [2022-08-22 20:06:25,061] {dag.py:2935} INFO - Setting next_dagrun for example_skip_dag to 2022-08-22T01:06:25.061058+00:00
[2022-08-22 20:06:25,065] {processor.py:171} INFO - Processing /opt/anaconda3/envs/airflow_env/lib/python3.9/site-packages/airflow/example_dags/example_skip_dag.py took 0.037 seconds
[2022-08-22 20:12:37,992] {processor.py:163} INFO - Started process (PID=1425) to work on /opt/anaconda3/envs/airflow_env/lib/python3.9/site-packages/airflow/example_dags/example_skip_dag.py
[2022-08-22 20:12:37,992] {processor.py:642} INFO - Processing file /opt/anaconda3/envs/airflow_env/lib/python3.9/site-packages/airflow/example_dags/example_skip_dag.py for tasks to queue
[2022-08-22 20:12:37,992] {logging_mixin.py:109} INFO - [2022-08-22 20:12:37,992] {dagbag.py:500} INFO - Filling up the DagBag from /opt/anaconda3/envs/airflow_env/lib/python3.9/site-packages/airflow/example_dags/example_skip_dag.py
[2022-08-22 20:12:38,007] {processor.py:654} INFO - DAG(s) dict_keys(['example_skip_dag']) retrieved from /opt/anaconda3/envs/airflow_env/lib/python3.9/site-packages/airflow/example_dags/example_skip_dag.py
[2022-08-22 20:12:38,016] {logging_mixin.py:109} INFO - [2022-08-22 20:12:38,016] {dag.py:2396} INFO - Sync 1 DAGs
[2022-08-22 20:12:38,020] {logging_mixin.py:109} INFO - [2022-08-22 20:12:38,020] {dag.py:2935} INFO - Setting next_dagrun for example_skip_dag to 2022-08-22T01:12:38.020799+00:00
[2022-08-22 20:12:38,024] {processor.py:171} INFO - Processing /opt/anaconda3/envs/airflow_env/lib/python3.9/site-packages/airflow/example_dags/example_skip_dag.py took 0.033 seconds
[2022-08-22 20:13:39,605] {processor.py:163} INFO - Started process (PID=1479) to work on /opt/anaconda3/envs/airflow_env/lib/python3.9/site-packages/airflow/example_dags/example_skip_dag.py
[2022-08-22 20:13:39,606] {processor.py:642} INFO - Processing file /opt/anaconda3/envs/airflow_env/lib/python3.9/site-packages/airflow/example_dags/example_skip_dag.py for tasks to queue
[2022-08-22 20:13:39,606] {logging_mixin.py:109} INFO - [2022-08-22 20:13:39,606] {dagbag.py:500} INFO - Filling up the DagBag from /opt/anaconda3/envs/airflow_env/lib/python3.9/site-packages/airflow/example_dags/example_skip_dag.py
[2022-08-22 20:13:39,621] {processor.py:654} INFO - DAG(s) dict_keys(['example_skip_dag']) retrieved from /opt/anaconda3/envs/airflow_env/lib/python3.9/site-packages/airflow/example_dags/example_skip_dag.py
[2022-08-22 20:13:39,631] {logging_mixin.py:109} INFO - [2022-08-22 20:13:39,631] {dag.py:2396} INFO - Sync 1 DAGs
[2022-08-22 20:13:39,636] {logging_mixin.py:109} INFO - [2022-08-22 20:13:39,636] {dag.py:2935} INFO - Setting next_dagrun for example_skip_dag to 2022-08-22T01:13:39.636088+00:00
[2022-08-22 20:13:39,640] {processor.py:171} INFO - Processing /opt/anaconda3/envs/airflow_env/lib/python3.9/site-packages/airflow/example_dags/example_skip_dag.py took 0.035 seconds
[2022-08-22 20:14:42,816] {processor.py:163} INFO - Started process (PID=1573) to work on /opt/anaconda3/envs/airflow_env/lib/python3.9/site-packages/airflow/example_dags/example_skip_dag.py
[2022-08-22 20:14:42,816] {processor.py:642} INFO - Processing file /opt/anaconda3/envs/airflow_env/lib/python3.9/site-packages/airflow/example_dags/example_skip_dag.py for tasks to queue
[2022-08-22 20:14:42,816] {logging_mixin.py:109} INFO - [2022-08-22 20:14:42,816] {dagbag.py:500} INFO - Filling up the DagBag from /opt/anaconda3/envs/airflow_env/lib/python3.9/site-packages/airflow/example_dags/example_skip_dag.py
[2022-08-22 20:14:42,830] {processor.py:654} INFO - DAG(s) dict_keys(['example_skip_dag']) retrieved from /opt/anaconda3/envs/airflow_env/lib/python3.9/site-packages/airflow/example_dags/example_skip_dag.py
[2022-08-22 20:14:42,839] {logging_mixin.py:109} INFO - [2022-08-22 20:14:42,839] {dag.py:2396} INFO - Sync 1 DAGs
[2022-08-22 20:14:42,843] {logging_mixin.py:109} INFO - [2022-08-22 20:14:42,843] {dag.py:2935} INFO - Setting next_dagrun for example_skip_dag to 2022-08-22T01:14:42.843625+00:00
[2022-08-22 20:14:42,847] {processor.py:171} INFO - Processing /opt/anaconda3/envs/airflow_env/lib/python3.9/site-packages/airflow/example_dags/example_skip_dag.py took 0.031 seconds
[2022-08-22 20:15:44,621] {processor.py:163} INFO - Started process (PID=1849) to work on /opt/anaconda3/envs/airflow_env/lib/python3.9/site-packages/airflow/example_dags/example_skip_dag.py
[2022-08-22 20:15:44,621] {processor.py:642} INFO - Processing file /opt/anaconda3/envs/airflow_env/lib/python3.9/site-packages/airflow/example_dags/example_skip_dag.py for tasks to queue
[2022-08-22 20:15:44,621] {logging_mixin.py:109} INFO - [2022-08-22 20:15:44,621] {dagbag.py:500} INFO - Filling up the DagBag from /opt/anaconda3/envs/airflow_env/lib/python3.9/site-packages/airflow/example_dags/example_skip_dag.py
[2022-08-22 20:15:44,636] {processor.py:654} INFO - DAG(s) dict_keys(['example_skip_dag']) retrieved from /opt/anaconda3/envs/airflow_env/lib/python3.9/site-packages/airflow/example_dags/example_skip_dag.py
[2022-08-22 20:15:44,645] {logging_mixin.py:109} INFO - [2022-08-22 20:15:44,645] {dag.py:2396} INFO - Sync 1 DAGs
[2022-08-22 20:15:44,650] {logging_mixin.py:109} INFO - [2022-08-22 20:15:44,650] {dag.py:2935} INFO - Setting next_dagrun for example_skip_dag to 2022-08-22T01:15:44.650285+00:00
[2022-08-22 20:15:44,654] {processor.py:171} INFO - Processing /opt/anaconda3/envs/airflow_env/lib/python3.9/site-packages/airflow/example_dags/example_skip_dag.py took 0.033 seconds
[2022-08-22 20:16:48,064] {processor.py:163} INFO - Started process (PID=1930) to work on /opt/anaconda3/envs/airflow_env/lib/python3.9/site-packages/airflow/example_dags/example_skip_dag.py
[2022-08-22 20:16:48,064] {processor.py:642} INFO - Processing file /opt/anaconda3/envs/airflow_env/lib/python3.9/site-packages/airflow/example_dags/example_skip_dag.py for tasks to queue
[2022-08-22 20:16:48,064] {logging_mixin.py:109} INFO - [2022-08-22 20:16:48,064] {dagbag.py:500} INFO - Filling up the DagBag from /opt/anaconda3/envs/airflow_env/lib/python3.9/site-packages/airflow/example_dags/example_skip_dag.py
[2022-08-22 20:16:48,079] {processor.py:654} INFO - DAG(s) dict_keys(['example_skip_dag']) retrieved from /opt/anaconda3/envs/airflow_env/lib/python3.9/site-packages/airflow/example_dags/example_skip_dag.py
[2022-08-22 20:16:48,089] {logging_mixin.py:109} INFO - [2022-08-22 20:16:48,089] {dag.py:2396} INFO - Sync 1 DAGs
[2022-08-22 20:16:48,094] {logging_mixin.py:109} INFO - [2022-08-22 20:16:48,093] {dag.py:2935} INFO - Setting next_dagrun for example_skip_dag to 2022-08-22T01:16:48.093902+00:00
[2022-08-22 20:16:48,097] {processor.py:171} INFO - Processing /opt/anaconda3/envs/airflow_env/lib/python3.9/site-packages/airflow/example_dags/example_skip_dag.py took 0.034 seconds
[2022-08-22 20:17:46,583] {processor.py:163} INFO - Started process (PID=1969) to work on /opt/anaconda3/envs/airflow_env/lib/python3.9/site-packages/airflow/example_dags/example_skip_dag.py
[2022-08-22 20:17:46,583] {processor.py:642} INFO - Processing file /opt/anaconda3/envs/airflow_env/lib/python3.9/site-packages/airflow/example_dags/example_skip_dag.py for tasks to queue
[2022-08-22 20:17:46,583] {logging_mixin.py:109} INFO - [2022-08-22 20:17:46,583] {dagbag.py:500} INFO - Filling up the DagBag from /opt/anaconda3/envs/airflow_env/lib/python3.9/site-packages/airflow/example_dags/example_skip_dag.py
[2022-08-22 20:17:46,599] {processor.py:654} INFO - DAG(s) dict_keys(['example_skip_dag']) retrieved from /opt/anaconda3/envs/airflow_env/lib/python3.9/site-packages/airflow/example_dags/example_skip_dag.py
[2022-08-22 20:17:46,609] {logging_mixin.py:109} INFO - [2022-08-22 20:17:46,609] {dag.py:2396} INFO - Sync 1 DAGs
[2022-08-22 20:17:46,615] {logging_mixin.py:109} INFO - [2022-08-22 20:17:46,615] {dag.py:2935} INFO - Setting next_dagrun for example_skip_dag to 2022-08-22T01:17:46.614981+00:00
[2022-08-22 20:17:46,619] {processor.py:171} INFO - Processing /opt/anaconda3/envs/airflow_env/lib/python3.9/site-packages/airflow/example_dags/example_skip_dag.py took 0.036 seconds
[2022-08-22 20:18:47,958] {processor.py:163} INFO - Started process (PID=2053) to work on /opt/anaconda3/envs/airflow_env/lib/python3.9/site-packages/airflow/example_dags/example_skip_dag.py
[2022-08-22 20:18:47,959] {processor.py:642} INFO - Processing file /opt/anaconda3/envs/airflow_env/lib/python3.9/site-packages/airflow/example_dags/example_skip_dag.py for tasks to queue
[2022-08-22 20:18:47,959] {logging_mixin.py:109} INFO - [2022-08-22 20:18:47,959] {dagbag.py:500} INFO - Filling up the DagBag from /opt/anaconda3/envs/airflow_env/lib/python3.9/site-packages/airflow/example_dags/example_skip_dag.py
[2022-08-22 20:18:47,975] {processor.py:654} INFO - DAG(s) dict_keys(['example_skip_dag']) retrieved from /opt/anaconda3/envs/airflow_env/lib/python3.9/site-packages/airflow/example_dags/example_skip_dag.py
[2022-08-22 20:18:47,985] {logging_mixin.py:109} INFO - [2022-08-22 20:18:47,985] {dag.py:2396} INFO - Sync 1 DAGs
[2022-08-22 20:18:47,990] {logging_mixin.py:109} INFO - [2022-08-22 20:18:47,990] {dag.py:2935} INFO - Setting next_dagrun for example_skip_dag to 2022-08-22T01:18:47.990326+00:00
[2022-08-22 20:18:47,994] {processor.py:171} INFO - Processing /opt/anaconda3/envs/airflow_env/lib/python3.9/site-packages/airflow/example_dags/example_skip_dag.py took 0.036 seconds
[2022-08-22 20:19:51,173] {processor.py:163} INFO - Started process (PID=2107) to work on /opt/anaconda3/envs/airflow_env/lib/python3.9/site-packages/airflow/example_dags/example_skip_dag.py
[2022-08-22 20:19:51,173] {processor.py:642} INFO - Processing file /opt/anaconda3/envs/airflow_env/lib/python3.9/site-packages/airflow/example_dags/example_skip_dag.py for tasks to queue
[2022-08-22 20:19:51,173] {logging_mixin.py:109} INFO - [2022-08-22 20:19:51,173] {dagbag.py:500} INFO - Filling up the DagBag from /opt/anaconda3/envs/airflow_env/lib/python3.9/site-packages/airflow/example_dags/example_skip_dag.py
[2022-08-22 20:19:51,187] {processor.py:654} INFO - DAG(s) dict_keys(['example_skip_dag']) retrieved from /opt/anaconda3/envs/airflow_env/lib/python3.9/site-packages/airflow/example_dags/example_skip_dag.py
[2022-08-22 20:19:51,197] {logging_mixin.py:109} INFO - [2022-08-22 20:19:51,196] {dag.py:2396} INFO - Sync 1 DAGs
[2022-08-22 20:19:51,201] {logging_mixin.py:109} INFO - [2022-08-22 20:19:51,201] {dag.py:2935} INFO - Setting next_dagrun for example_skip_dag to 2022-08-22T01:19:51.201176+00:00
[2022-08-22 20:19:51,205] {processor.py:171} INFO - Processing /opt/anaconda3/envs/airflow_env/lib/python3.9/site-packages/airflow/example_dags/example_skip_dag.py took 0.033 seconds
[2022-08-22 20:20:52,492] {processor.py:163} INFO - Started process (PID=2264) to work on /opt/anaconda3/envs/airflow_env/lib/python3.9/site-packages/airflow/example_dags/example_skip_dag.py
[2022-08-22 20:20:52,492] {processor.py:642} INFO - Processing file /opt/anaconda3/envs/airflow_env/lib/python3.9/site-packages/airflow/example_dags/example_skip_dag.py for tasks to queue
[2022-08-22 20:20:52,493] {logging_mixin.py:109} INFO - [2022-08-22 20:20:52,493] {dagbag.py:500} INFO - Filling up the DagBag from /opt/anaconda3/envs/airflow_env/lib/python3.9/site-packages/airflow/example_dags/example_skip_dag.py
[2022-08-22 20:20:52,507] {processor.py:654} INFO - DAG(s) dict_keys(['example_skip_dag']) retrieved from /opt/anaconda3/envs/airflow_env/lib/python3.9/site-packages/airflow/example_dags/example_skip_dag.py
[2022-08-22 20:20:52,516] {logging_mixin.py:109} INFO - [2022-08-22 20:20:52,515] {dag.py:2396} INFO - Sync 1 DAGs
[2022-08-22 20:20:52,520] {logging_mixin.py:109} INFO - [2022-08-22 20:20:52,520] {dag.py:2935} INFO - Setting next_dagrun for example_skip_dag to 2022-08-22T01:20:52.520131+00:00
[2022-08-22 20:20:52,523] {processor.py:171} INFO - Processing /opt/anaconda3/envs/airflow_env/lib/python3.9/site-packages/airflow/example_dags/example_skip_dag.py took 0.032 seconds
[2022-08-22 20:21:56,401] {processor.py:163} INFO - Started process (PID=2324) to work on /opt/anaconda3/envs/airflow_env/lib/python3.9/site-packages/airflow/example_dags/example_skip_dag.py
[2022-08-22 20:21:56,401] {processor.py:642} INFO - Processing file /opt/anaconda3/envs/airflow_env/lib/python3.9/site-packages/airflow/example_dags/example_skip_dag.py for tasks to queue
[2022-08-22 20:21:56,401] {logging_mixin.py:109} INFO - [2022-08-22 20:21:56,401] {dagbag.py:500} INFO - Filling up the DagBag from /opt/anaconda3/envs/airflow_env/lib/python3.9/site-packages/airflow/example_dags/example_skip_dag.py
[2022-08-22 20:21:56,417] {processor.py:654} INFO - DAG(s) dict_keys(['example_skip_dag']) retrieved from /opt/anaconda3/envs/airflow_env/lib/python3.9/site-packages/airflow/example_dags/example_skip_dag.py
[2022-08-22 20:21:56,426] {logging_mixin.py:109} INFO - [2022-08-22 20:21:56,426] {dag.py:2396} INFO - Sync 1 DAGs
[2022-08-22 20:21:56,431] {logging_mixin.py:109} INFO - [2022-08-22 20:21:56,431] {dag.py:2935} INFO - Setting next_dagrun for example_skip_dag to 2022-08-22T01:21:56.431192+00:00
[2022-08-22 20:21:56,434] {processor.py:171} INFO - Processing /opt/anaconda3/envs/airflow_env/lib/python3.9/site-packages/airflow/example_dags/example_skip_dag.py took 0.034 seconds
[2022-08-22 20:22:47,523] {processor.py:163} INFO - Started process (PID=2370) to work on /opt/anaconda3/envs/airflow_env/lib/python3.9/site-packages/airflow/example_dags/example_skip_dag.py
[2022-08-22 20:22:47,523] {processor.py:642} INFO - Processing file /opt/anaconda3/envs/airflow_env/lib/python3.9/site-packages/airflow/example_dags/example_skip_dag.py for tasks to queue
[2022-08-22 20:22:47,523] {logging_mixin.py:109} INFO - [2022-08-22 20:22:47,523] {dagbag.py:500} INFO - Filling up the DagBag from /opt/anaconda3/envs/airflow_env/lib/python3.9/site-packages/airflow/example_dags/example_skip_dag.py
[2022-08-22 20:22:47,537] {processor.py:654} INFO - DAG(s) dict_keys(['example_skip_dag']) retrieved from /opt/anaconda3/envs/airflow_env/lib/python3.9/site-packages/airflow/example_dags/example_skip_dag.py
[2022-08-22 20:22:47,546] {logging_mixin.py:109} INFO - [2022-08-22 20:22:47,546] {dag.py:2396} INFO - Sync 1 DAGs
[2022-08-22 20:22:47,551] {logging_mixin.py:109} INFO - [2022-08-22 20:22:47,551] {dag.py:2935} INFO - Setting next_dagrun for example_skip_dag to 2022-08-22T01:22:47.550916+00:00
[2022-08-22 20:22:47,554] {processor.py:171} INFO - Processing /opt/anaconda3/envs/airflow_env/lib/python3.9/site-packages/airflow/example_dags/example_skip_dag.py took 0.031 seconds
[2022-08-22 20:23:48,783] {processor.py:163} INFO - Started process (PID=2410) to work on /opt/anaconda3/envs/airflow_env/lib/python3.9/site-packages/airflow/example_dags/example_skip_dag.py
[2022-08-22 20:23:48,784] {processor.py:642} INFO - Processing file /opt/anaconda3/envs/airflow_env/lib/python3.9/site-packages/airflow/example_dags/example_skip_dag.py for tasks to queue
[2022-08-22 20:23:48,784] {logging_mixin.py:109} INFO - [2022-08-22 20:23:48,784] {dagbag.py:500} INFO - Filling up the DagBag from /opt/anaconda3/envs/airflow_env/lib/python3.9/site-packages/airflow/example_dags/example_skip_dag.py
[2022-08-22 20:23:48,799] {processor.py:654} INFO - DAG(s) dict_keys(['example_skip_dag']) retrieved from /opt/anaconda3/envs/airflow_env/lib/python3.9/site-packages/airflow/example_dags/example_skip_dag.py
[2022-08-22 20:23:48,808] {logging_mixin.py:109} INFO - [2022-08-22 20:23:48,808] {dag.py:2396} INFO - Sync 1 DAGs
[2022-08-22 20:23:48,813] {logging_mixin.py:109} INFO - [2022-08-22 20:23:48,813] {dag.py:2935} INFO - Setting next_dagrun for example_skip_dag to 2022-08-22T01:23:48.812927+00:00
[2022-08-22 20:23:48,816] {processor.py:171} INFO - Processing /opt/anaconda3/envs/airflow_env/lib/python3.9/site-packages/airflow/example_dags/example_skip_dag.py took 0.033 seconds
[2022-08-22 20:24:50,237] {processor.py:163} INFO - Started process (PID=2458) to work on /opt/anaconda3/envs/airflow_env/lib/python3.9/site-packages/airflow/example_dags/example_skip_dag.py
[2022-08-22 20:24:50,238] {processor.py:642} INFO - Processing file /opt/anaconda3/envs/airflow_env/lib/python3.9/site-packages/airflow/example_dags/example_skip_dag.py for tasks to queue
[2022-08-22 20:24:50,238] {logging_mixin.py:109} INFO - [2022-08-22 20:24:50,238] {dagbag.py:500} INFO - Filling up the DagBag from /opt/anaconda3/envs/airflow_env/lib/python3.9/site-packages/airflow/example_dags/example_skip_dag.py
[2022-08-22 20:24:50,253] {processor.py:654} INFO - DAG(s) dict_keys(['example_skip_dag']) retrieved from /opt/anaconda3/envs/airflow_env/lib/python3.9/site-packages/airflow/example_dags/example_skip_dag.py
[2022-08-22 20:24:50,262] {logging_mixin.py:109} INFO - [2022-08-22 20:24:50,262] {dag.py:2396} INFO - Sync 1 DAGs
[2022-08-22 20:24:50,266] {logging_mixin.py:109} INFO - [2022-08-22 20:24:50,266] {dag.py:2935} INFO - Setting next_dagrun for example_skip_dag to 2022-08-22T01:24:50.266803+00:00
[2022-08-22 20:24:50,270] {processor.py:171} INFO - Processing /opt/anaconda3/envs/airflow_env/lib/python3.9/site-packages/airflow/example_dags/example_skip_dag.py took 0.033 seconds
[2022-08-22 20:25:52,006] {processor.py:163} INFO - Started process (PID=2564) to work on /opt/anaconda3/envs/airflow_env/lib/python3.9/site-packages/airflow/example_dags/example_skip_dag.py
[2022-08-22 20:25:52,007] {processor.py:642} INFO - Processing file /opt/anaconda3/envs/airflow_env/lib/python3.9/site-packages/airflow/example_dags/example_skip_dag.py for tasks to queue
[2022-08-22 20:25:52,007] {logging_mixin.py:109} INFO - [2022-08-22 20:25:52,007] {dagbag.py:500} INFO - Filling up the DagBag from /opt/anaconda3/envs/airflow_env/lib/python3.9/site-packages/airflow/example_dags/example_skip_dag.py
[2022-08-22 20:25:52,022] {processor.py:654} INFO - DAG(s) dict_keys(['example_skip_dag']) retrieved from /opt/anaconda3/envs/airflow_env/lib/python3.9/site-packages/airflow/example_dags/example_skip_dag.py
[2022-08-22 20:25:52,031] {logging_mixin.py:109} INFO - [2022-08-22 20:25:52,031] {dag.py:2396} INFO - Sync 1 DAGs
[2022-08-22 20:25:52,035] {logging_mixin.py:109} INFO - [2022-08-22 20:25:52,035] {dag.py:2935} INFO - Setting next_dagrun for example_skip_dag to 2022-08-22T01:25:52.035533+00:00
[2022-08-22 20:25:52,039] {processor.py:171} INFO - Processing /opt/anaconda3/envs/airflow_env/lib/python3.9/site-packages/airflow/example_dags/example_skip_dag.py took 0.033 seconds
[2022-08-22 20:26:53,526] {processor.py:163} INFO - Started process (PID=2608) to work on /opt/anaconda3/envs/airflow_env/lib/python3.9/site-packages/airflow/example_dags/example_skip_dag.py
[2022-08-22 20:26:53,526] {processor.py:642} INFO - Processing file /opt/anaconda3/envs/airflow_env/lib/python3.9/site-packages/airflow/example_dags/example_skip_dag.py for tasks to queue
[2022-08-22 20:26:53,526] {logging_mixin.py:109} INFO - [2022-08-22 20:26:53,526] {dagbag.py:500} INFO - Filling up the DagBag from /opt/anaconda3/envs/airflow_env/lib/python3.9/site-packages/airflow/example_dags/example_skip_dag.py
[2022-08-22 20:26:53,540] {processor.py:654} INFO - DAG(s) dict_keys(['example_skip_dag']) retrieved from /opt/anaconda3/envs/airflow_env/lib/python3.9/site-packages/airflow/example_dags/example_skip_dag.py
[2022-08-22 20:26:53,549] {logging_mixin.py:109} INFO - [2022-08-22 20:26:53,549] {dag.py:2396} INFO - Sync 1 DAGs
[2022-08-22 20:26:53,553] {logging_mixin.py:109} INFO - [2022-08-22 20:26:53,553] {dag.py:2935} INFO - Setting next_dagrun for example_skip_dag to 2022-08-22T01:26:53.553482+00:00
[2022-08-22 20:26:53,557] {processor.py:171} INFO - Processing /opt/anaconda3/envs/airflow_env/lib/python3.9/site-packages/airflow/example_dags/example_skip_dag.py took 0.032 seconds
[2022-08-22 20:29:07,340] {processor.py:163} INFO - Started process (PID=2736) to work on /opt/anaconda3/envs/airflow_env/lib/python3.9/site-packages/airflow/example_dags/example_skip_dag.py
[2022-08-22 20:29:07,341] {processor.py:642} INFO - Processing file /opt/anaconda3/envs/airflow_env/lib/python3.9/site-packages/airflow/example_dags/example_skip_dag.py for tasks to queue
[2022-08-22 20:29:07,341] {logging_mixin.py:109} INFO - [2022-08-22 20:29:07,341] {dagbag.py:500} INFO - Filling up the DagBag from /opt/anaconda3/envs/airflow_env/lib/python3.9/site-packages/airflow/example_dags/example_skip_dag.py
[2022-08-22 20:29:07,355] {processor.py:654} INFO - DAG(s) dict_keys(['example_skip_dag']) retrieved from /opt/anaconda3/envs/airflow_env/lib/python3.9/site-packages/airflow/example_dags/example_skip_dag.py
[2022-08-22 20:29:07,364] {logging_mixin.py:109} INFO - [2022-08-22 20:29:07,364] {dag.py:2396} INFO - Sync 1 DAGs
[2022-08-22 20:29:07,368] {logging_mixin.py:109} INFO - [2022-08-22 20:29:07,368] {dag.py:2935} INFO - Setting next_dagrun for example_skip_dag to 2022-08-22T01:29:07.368182+00:00
[2022-08-22 20:29:07,371] {processor.py:171} INFO - Processing /opt/anaconda3/envs/airflow_env/lib/python3.9/site-packages/airflow/example_dags/example_skip_dag.py took 0.032 seconds
[2022-08-22 20:30:08,756] {processor.py:163} INFO - Started process (PID=2781) to work on /opt/anaconda3/envs/airflow_env/lib/python3.9/site-packages/airflow/example_dags/example_skip_dag.py
[2022-08-22 20:30:08,756] {processor.py:642} INFO - Processing file /opt/anaconda3/envs/airflow_env/lib/python3.9/site-packages/airflow/example_dags/example_skip_dag.py for tasks to queue
[2022-08-22 20:30:08,756] {logging_mixin.py:109} INFO - [2022-08-22 20:30:08,756] {dagbag.py:500} INFO - Filling up the DagBag from /opt/anaconda3/envs/airflow_env/lib/python3.9/site-packages/airflow/example_dags/example_skip_dag.py
[2022-08-22 20:30:08,770] {processor.py:654} INFO - DAG(s) dict_keys(['example_skip_dag']) retrieved from /opt/anaconda3/envs/airflow_env/lib/python3.9/site-packages/airflow/example_dags/example_skip_dag.py
[2022-08-22 20:30:08,779] {logging_mixin.py:109} INFO - [2022-08-22 20:30:08,779] {dag.py:2396} INFO - Sync 1 DAGs
[2022-08-22 20:30:08,783] {logging_mixin.py:109} INFO - [2022-08-22 20:30:08,783] {dag.py:2935} INFO - Setting next_dagrun for example_skip_dag to 2022-08-22T01:30:08.783670+00:00
[2022-08-22 20:30:08,787] {processor.py:171} INFO - Processing /opt/anaconda3/envs/airflow_env/lib/python3.9/site-packages/airflow/example_dags/example_skip_dag.py took 0.031 seconds
