[2022-08-22 19:59:03,231] {processor.py:163} INFO - Started process (PID=16776) to work on /opt/anaconda3/envs/airflow_env/lib/python3.9/site-packages/airflow/example_dags/example_kubernetes_executor.py
[2022-08-22 19:59:03,231] {processor.py:642} INFO - Processing file /opt/anaconda3/envs/airflow_env/lib/python3.9/site-packages/airflow/example_dags/example_kubernetes_executor.py for tasks to queue
[2022-08-22 19:59:03,231] {logging_mixin.py:109} INFO - [2022-08-22 19:59:03,231] {dagbag.py:500} INFO - Filling up the DagBag from /opt/anaconda3/envs/airflow_env/lib/python3.9/site-packages/airflow/example_dags/example_kubernetes_executor.py
[2022-08-22 19:59:03,244] {logging_mixin.py:109} INFO - [2022-08-22 19:59:03,244] {example_kubernetes_executor.py:38} WARNING - The example_kubernetes_executor example DAG requires the kubernetes provider. Please install it with: pip install apache-airflow[cncf.kubernetes]
[2022-08-22 19:59:03,259] {processor.py:656} WARNING - No viable dags retrieved from /opt/anaconda3/envs/airflow_env/lib/python3.9/site-packages/airflow/example_dags/example_kubernetes_executor.py
[2022-08-22 19:59:03,260] {processor.py:171} INFO - Processing /opt/anaconda3/envs/airflow_env/lib/python3.9/site-packages/airflow/example_dags/example_kubernetes_executor.py took 0.030 seconds
[2022-08-22 20:00:10,127] {processor.py:163} INFO - Started process (PID=16822) to work on /opt/anaconda3/envs/airflow_env/lib/python3.9/site-packages/airflow/example_dags/example_kubernetes_executor.py
[2022-08-22 20:00:10,128] {processor.py:642} INFO - Processing file /opt/anaconda3/envs/airflow_env/lib/python3.9/site-packages/airflow/example_dags/example_kubernetes_executor.py for tasks to queue
[2022-08-22 20:00:10,129] {logging_mixin.py:109} INFO - [2022-08-22 20:00:10,129] {dagbag.py:500} INFO - Filling up the DagBag from /opt/anaconda3/envs/airflow_env/lib/python3.9/site-packages/airflow/example_dags/example_kubernetes_executor.py
[2022-08-22 20:00:10,138] {logging_mixin.py:109} INFO - [2022-08-22 20:00:10,138] {example_kubernetes_executor.py:38} WARNING - The example_kubernetes_executor example DAG requires the kubernetes provider. Please install it with: pip install apache-airflow[cncf.kubernetes]
[2022-08-22 20:00:10,151] {processor.py:656} WARNING - No viable dags retrieved from /opt/anaconda3/envs/airflow_env/lib/python3.9/site-packages/airflow/example_dags/example_kubernetes_executor.py
[2022-08-22 20:00:10,153] {processor.py:171} INFO - Processing /opt/anaconda3/envs/airflow_env/lib/python3.9/site-packages/airflow/example_dags/example_kubernetes_executor.py took 0.026 seconds
[2022-08-22 20:01:16,943] {processor.py:163} INFO - Started process (PID=16881) to work on /opt/anaconda3/envs/airflow_env/lib/python3.9/site-packages/airflow/example_dags/example_kubernetes_executor.py
[2022-08-22 20:01:16,944] {processor.py:642} INFO - Processing file /opt/anaconda3/envs/airflow_env/lib/python3.9/site-packages/airflow/example_dags/example_kubernetes_executor.py for tasks to queue
[2022-08-22 20:01:16,944] {logging_mixin.py:109} INFO - [2022-08-22 20:01:16,944] {dagbag.py:500} INFO - Filling up the DagBag from /opt/anaconda3/envs/airflow_env/lib/python3.9/site-packages/airflow/example_dags/example_kubernetes_executor.py
[2022-08-22 20:01:16,954] {logging_mixin.py:109} INFO - [2022-08-22 20:01:16,954] {example_kubernetes_executor.py:38} WARNING - The example_kubernetes_executor example DAG requires the kubernetes provider. Please install it with: pip install apache-airflow[cncf.kubernetes]
[2022-08-22 20:01:16,967] {processor.py:656} WARNING - No viable dags retrieved from /opt/anaconda3/envs/airflow_env/lib/python3.9/site-packages/airflow/example_dags/example_kubernetes_executor.py
[2022-08-22 20:01:16,968] {processor.py:171} INFO - Processing /opt/anaconda3/envs/airflow_env/lib/python3.9/site-packages/airflow/example_dags/example_kubernetes_executor.py took 0.026 seconds
[2022-08-22 20:02:23,866] {processor.py:163} INFO - Started process (PID=16921) to work on /opt/anaconda3/envs/airflow_env/lib/python3.9/site-packages/airflow/example_dags/example_kubernetes_executor.py
[2022-08-22 20:02:23,868] {processor.py:642} INFO - Processing file /opt/anaconda3/envs/airflow_env/lib/python3.9/site-packages/airflow/example_dags/example_kubernetes_executor.py for tasks to queue
[2022-08-22 20:02:23,868] {logging_mixin.py:109} INFO - [2022-08-22 20:02:23,868] {dagbag.py:500} INFO - Filling up the DagBag from /opt/anaconda3/envs/airflow_env/lib/python3.9/site-packages/airflow/example_dags/example_kubernetes_executor.py
[2022-08-22 20:02:23,877] {logging_mixin.py:109} INFO - [2022-08-22 20:02:23,877] {example_kubernetes_executor.py:38} WARNING - The example_kubernetes_executor example DAG requires the kubernetes provider. Please install it with: pip install apache-airflow[cncf.kubernetes]
[2022-08-22 20:02:23,890] {processor.py:656} WARNING - No viable dags retrieved from /opt/anaconda3/envs/airflow_env/lib/python3.9/site-packages/airflow/example_dags/example_kubernetes_executor.py
[2022-08-22 20:02:23,891] {processor.py:171} INFO - Processing /opt/anaconda3/envs/airflow_env/lib/python3.9/site-packages/airflow/example_dags/example_kubernetes_executor.py took 0.025 seconds
[2022-08-22 20:03:27,706] {processor.py:163} INFO - Started process (PID=16969) to work on /opt/anaconda3/envs/airflow_env/lib/python3.9/site-packages/airflow/example_dags/example_kubernetes_executor.py
[2022-08-22 20:03:27,707] {processor.py:642} INFO - Processing file /opt/anaconda3/envs/airflow_env/lib/python3.9/site-packages/airflow/example_dags/example_kubernetes_executor.py for tasks to queue
[2022-08-22 20:03:27,707] {logging_mixin.py:109} INFO - [2022-08-22 20:03:27,707] {dagbag.py:500} INFO - Filling up the DagBag from /opt/anaconda3/envs/airflow_env/lib/python3.9/site-packages/airflow/example_dags/example_kubernetes_executor.py
[2022-08-22 20:03:27,716] {logging_mixin.py:109} INFO - [2022-08-22 20:03:27,716] {example_kubernetes_executor.py:38} WARNING - The example_kubernetes_executor example DAG requires the kubernetes provider. Please install it with: pip install apache-airflow[cncf.kubernetes]
[2022-08-22 20:03:27,729] {processor.py:656} WARNING - No viable dags retrieved from /opt/anaconda3/envs/airflow_env/lib/python3.9/site-packages/airflow/example_dags/example_kubernetes_executor.py
[2022-08-22 20:03:27,731] {processor.py:171} INFO - Processing /opt/anaconda3/envs/airflow_env/lib/python3.9/site-packages/airflow/example_dags/example_kubernetes_executor.py took 0.025 seconds
[2022-08-22 20:04:31,884] {processor.py:163} INFO - Started process (PID=17035) to work on /opt/anaconda3/envs/airflow_env/lib/python3.9/site-packages/airflow/example_dags/example_kubernetes_executor.py
[2022-08-22 20:04:31,884] {processor.py:642} INFO - Processing file /opt/anaconda3/envs/airflow_env/lib/python3.9/site-packages/airflow/example_dags/example_kubernetes_executor.py for tasks to queue
[2022-08-22 20:04:31,884] {logging_mixin.py:109} INFO - [2022-08-22 20:04:31,884] {dagbag.py:500} INFO - Filling up the DagBag from /opt/anaconda3/envs/airflow_env/lib/python3.9/site-packages/airflow/example_dags/example_kubernetes_executor.py
[2022-08-22 20:04:31,894] {logging_mixin.py:109} INFO - [2022-08-22 20:04:31,894] {example_kubernetes_executor.py:38} WARNING - The example_kubernetes_executor example DAG requires the kubernetes provider. Please install it with: pip install apache-airflow[cncf.kubernetes]
[2022-08-22 20:04:31,907] {processor.py:656} WARNING - No viable dags retrieved from /opt/anaconda3/envs/airflow_env/lib/python3.9/site-packages/airflow/example_dags/example_kubernetes_executor.py
[2022-08-22 20:04:31,908] {processor.py:171} INFO - Processing /opt/anaconda3/envs/airflow_env/lib/python3.9/site-packages/airflow/example_dags/example_kubernetes_executor.py took 0.024 seconds
[2022-08-22 20:05:38,392] {processor.py:163} INFO - Started process (PID=17100) to work on /opt/anaconda3/envs/airflow_env/lib/python3.9/site-packages/airflow/example_dags/example_kubernetes_executor.py
[2022-08-22 20:05:38,392] {processor.py:642} INFO - Processing file /opt/anaconda3/envs/airflow_env/lib/python3.9/site-packages/airflow/example_dags/example_kubernetes_executor.py for tasks to queue
[2022-08-22 20:05:38,393] {logging_mixin.py:109} INFO - [2022-08-22 20:05:38,392] {dagbag.py:500} INFO - Filling up the DagBag from /opt/anaconda3/envs/airflow_env/lib/python3.9/site-packages/airflow/example_dags/example_kubernetes_executor.py
[2022-08-22 20:05:38,402] {logging_mixin.py:109} INFO - [2022-08-22 20:05:38,402] {example_kubernetes_executor.py:38} WARNING - The example_kubernetes_executor example DAG requires the kubernetes provider. Please install it with: pip install apache-airflow[cncf.kubernetes]
[2022-08-22 20:05:38,415] {processor.py:656} WARNING - No viable dags retrieved from /opt/anaconda3/envs/airflow_env/lib/python3.9/site-packages/airflow/example_dags/example_kubernetes_executor.py
[2022-08-22 20:05:38,416] {processor.py:171} INFO - Processing /opt/anaconda3/envs/airflow_env/lib/python3.9/site-packages/airflow/example_dags/example_kubernetes_executor.py took 0.024 seconds
[2022-08-22 20:06:42,676] {processor.py:163} INFO - Started process (PID=17167) to work on /opt/anaconda3/envs/airflow_env/lib/python3.9/site-packages/airflow/example_dags/example_kubernetes_executor.py
[2022-08-22 20:06:42,677] {processor.py:642} INFO - Processing file /opt/anaconda3/envs/airflow_env/lib/python3.9/site-packages/airflow/example_dags/example_kubernetes_executor.py for tasks to queue
[2022-08-22 20:06:42,677] {logging_mixin.py:109} INFO - [2022-08-22 20:06:42,677] {dagbag.py:500} INFO - Filling up the DagBag from /opt/anaconda3/envs/airflow_env/lib/python3.9/site-packages/airflow/example_dags/example_kubernetes_executor.py
[2022-08-22 20:06:42,688] {logging_mixin.py:109} INFO - [2022-08-22 20:06:42,688] {example_kubernetes_executor.py:38} WARNING - The example_kubernetes_executor example DAG requires the kubernetes provider. Please install it with: pip install apache-airflow[cncf.kubernetes]
[2022-08-22 20:06:42,733] {processor.py:656} WARNING - No viable dags retrieved from /opt/anaconda3/envs/airflow_env/lib/python3.9/site-packages/airflow/example_dags/example_kubernetes_executor.py
[2022-08-22 20:06:42,739] {processor.py:171} INFO - Processing /opt/anaconda3/envs/airflow_env/lib/python3.9/site-packages/airflow/example_dags/example_kubernetes_executor.py took 0.063 seconds
[2022-08-22 20:12:51,488] {processor.py:163} INFO - Started process (PID=1441) to work on /opt/anaconda3/envs/airflow_env/lib/python3.9/site-packages/airflow/example_dags/example_kubernetes_executor.py
[2022-08-22 20:12:51,488] {processor.py:642} INFO - Processing file /opt/anaconda3/envs/airflow_env/lib/python3.9/site-packages/airflow/example_dags/example_kubernetes_executor.py for tasks to queue
[2022-08-22 20:12:51,488] {logging_mixin.py:109} INFO - [2022-08-22 20:12:51,488] {dagbag.py:500} INFO - Filling up the DagBag from /opt/anaconda3/envs/airflow_env/lib/python3.9/site-packages/airflow/example_dags/example_kubernetes_executor.py
[2022-08-22 20:12:51,496] {logging_mixin.py:109} INFO - [2022-08-22 20:12:51,496] {example_kubernetes_executor.py:38} WARNING - The example_kubernetes_executor example DAG requires the kubernetes provider. Please install it with: pip install apache-airflow[cncf.kubernetes]
[2022-08-22 20:12:51,508] {processor.py:656} WARNING - No viable dags retrieved from /opt/anaconda3/envs/airflow_env/lib/python3.9/site-packages/airflow/example_dags/example_kubernetes_executor.py
[2022-08-22 20:12:51,509] {processor.py:171} INFO - Processing /opt/anaconda3/envs/airflow_env/lib/python3.9/site-packages/airflow/example_dags/example_kubernetes_executor.py took 0.022 seconds
[2022-08-22 20:13:54,861] {processor.py:163} INFO - Started process (PID=1491) to work on /opt/anaconda3/envs/airflow_env/lib/python3.9/site-packages/airflow/example_dags/example_kubernetes_executor.py
[2022-08-22 20:13:54,861] {processor.py:642} INFO - Processing file /opt/anaconda3/envs/airflow_env/lib/python3.9/site-packages/airflow/example_dags/example_kubernetes_executor.py for tasks to queue
[2022-08-22 20:13:54,861] {logging_mixin.py:109} INFO - [2022-08-22 20:13:54,861] {dagbag.py:500} INFO - Filling up the DagBag from /opt/anaconda3/envs/airflow_env/lib/python3.9/site-packages/airflow/example_dags/example_kubernetes_executor.py
[2022-08-22 20:13:54,872] {logging_mixin.py:109} INFO - [2022-08-22 20:13:54,872] {example_kubernetes_executor.py:38} WARNING - The example_kubernetes_executor example DAG requires the kubernetes provider. Please install it with: pip install apache-airflow[cncf.kubernetes]
[2022-08-22 20:13:54,885] {processor.py:656} WARNING - No viable dags retrieved from /opt/anaconda3/envs/airflow_env/lib/python3.9/site-packages/airflow/example_dags/example_kubernetes_executor.py
[2022-08-22 20:13:54,886] {processor.py:171} INFO - Processing /opt/anaconda3/envs/airflow_env/lib/python3.9/site-packages/airflow/example_dags/example_kubernetes_executor.py took 0.026 seconds
[2022-08-22 20:14:56,214] {processor.py:163} INFO - Started process (PID=1583) to work on /opt/anaconda3/envs/airflow_env/lib/python3.9/site-packages/airflow/example_dags/example_kubernetes_executor.py
[2022-08-22 20:14:56,215] {processor.py:642} INFO - Processing file /opt/anaconda3/envs/airflow_env/lib/python3.9/site-packages/airflow/example_dags/example_kubernetes_executor.py for tasks to queue
[2022-08-22 20:14:56,215] {logging_mixin.py:109} INFO - [2022-08-22 20:14:56,215] {dagbag.py:500} INFO - Filling up the DagBag from /opt/anaconda3/envs/airflow_env/lib/python3.9/site-packages/airflow/example_dags/example_kubernetes_executor.py
[2022-08-22 20:14:56,225] {logging_mixin.py:109} INFO - [2022-08-22 20:14:56,225] {example_kubernetes_executor.py:38} WARNING - The example_kubernetes_executor example DAG requires the kubernetes provider. Please install it with: pip install apache-airflow[cncf.kubernetes]
[2022-08-22 20:14:56,239] {processor.py:656} WARNING - No viable dags retrieved from /opt/anaconda3/envs/airflow_env/lib/python3.9/site-packages/airflow/example_dags/example_kubernetes_executor.py
[2022-08-22 20:14:56,240] {processor.py:171} INFO - Processing /opt/anaconda3/envs/airflow_env/lib/python3.9/site-packages/airflow/example_dags/example_kubernetes_executor.py took 0.026 seconds
[2022-08-22 20:15:59,885] {processor.py:163} INFO - Started process (PID=1859) to work on /opt/anaconda3/envs/airflow_env/lib/python3.9/site-packages/airflow/example_dags/example_kubernetes_executor.py
[2022-08-22 20:15:59,885] {processor.py:642} INFO - Processing file /opt/anaconda3/envs/airflow_env/lib/python3.9/site-packages/airflow/example_dags/example_kubernetes_executor.py for tasks to queue
[2022-08-22 20:15:59,885] {logging_mixin.py:109} INFO - [2022-08-22 20:15:59,885] {dagbag.py:500} INFO - Filling up the DagBag from /opt/anaconda3/envs/airflow_env/lib/python3.9/site-packages/airflow/example_dags/example_kubernetes_executor.py
[2022-08-22 20:15:59,894] {logging_mixin.py:109} INFO - [2022-08-22 20:15:59,894] {example_kubernetes_executor.py:38} WARNING - The example_kubernetes_executor example DAG requires the kubernetes provider. Please install it with: pip install apache-airflow[cncf.kubernetes]
[2022-08-22 20:15:59,906] {processor.py:656} WARNING - No viable dags retrieved from /opt/anaconda3/envs/airflow_env/lib/python3.9/site-packages/airflow/example_dags/example_kubernetes_executor.py
[2022-08-22 20:15:59,907] {processor.py:171} INFO - Processing /opt/anaconda3/envs/airflow_env/lib/python3.9/site-packages/airflow/example_dags/example_kubernetes_executor.py took 0.022 seconds
[2022-08-22 20:17:01,339] {processor.py:163} INFO - Started process (PID=1937) to work on /opt/anaconda3/envs/airflow_env/lib/python3.9/site-packages/airflow/example_dags/example_kubernetes_executor.py
[2022-08-22 20:17:01,339] {processor.py:642} INFO - Processing file /opt/anaconda3/envs/airflow_env/lib/python3.9/site-packages/airflow/example_dags/example_kubernetes_executor.py for tasks to queue
[2022-08-22 20:17:01,339] {logging_mixin.py:109} INFO - [2022-08-22 20:17:01,339] {dagbag.py:500} INFO - Filling up the DagBag from /opt/anaconda3/envs/airflow_env/lib/python3.9/site-packages/airflow/example_dags/example_kubernetes_executor.py
[2022-08-22 20:17:01,347] {logging_mixin.py:109} INFO - [2022-08-22 20:17:01,347] {example_kubernetes_executor.py:38} WARNING - The example_kubernetes_executor example DAG requires the kubernetes provider. Please install it with: pip install apache-airflow[cncf.kubernetes]
[2022-08-22 20:17:01,359] {processor.py:656} WARNING - No viable dags retrieved from /opt/anaconda3/envs/airflow_env/lib/python3.9/site-packages/airflow/example_dags/example_kubernetes_executor.py
[2022-08-22 20:17:01,360] {processor.py:171} INFO - Processing /opt/anaconda3/envs/airflow_env/lib/python3.9/site-packages/airflow/example_dags/example_kubernetes_executor.py took 0.021 seconds
[2022-08-22 20:18:00,021] {processor.py:163} INFO - Started process (PID=1980) to work on /opt/anaconda3/envs/airflow_env/lib/python3.9/site-packages/airflow/example_dags/example_kubernetes_executor.py
[2022-08-22 20:18:00,021] {processor.py:642} INFO - Processing file /opt/anaconda3/envs/airflow_env/lib/python3.9/site-packages/airflow/example_dags/example_kubernetes_executor.py for tasks to queue
[2022-08-22 20:18:00,022] {logging_mixin.py:109} INFO - [2022-08-22 20:18:00,022] {dagbag.py:500} INFO - Filling up the DagBag from /opt/anaconda3/envs/airflow_env/lib/python3.9/site-packages/airflow/example_dags/example_kubernetes_executor.py
[2022-08-22 20:18:00,030] {logging_mixin.py:109} INFO - [2022-08-22 20:18:00,030] {example_kubernetes_executor.py:38} WARNING - The example_kubernetes_executor example DAG requires the kubernetes provider. Please install it with: pip install apache-airflow[cncf.kubernetes]
[2022-08-22 20:18:00,041] {processor.py:656} WARNING - No viable dags retrieved from /opt/anaconda3/envs/airflow_env/lib/python3.9/site-packages/airflow/example_dags/example_kubernetes_executor.py
[2022-08-22 20:18:00,042] {processor.py:171} INFO - Processing /opt/anaconda3/envs/airflow_env/lib/python3.9/site-packages/airflow/example_dags/example_kubernetes_executor.py took 0.021 seconds
[2022-08-22 20:19:01,321] {processor.py:163} INFO - Started process (PID=2063) to work on /opt/anaconda3/envs/airflow_env/lib/python3.9/site-packages/airflow/example_dags/example_kubernetes_executor.py
[2022-08-22 20:19:01,321] {processor.py:642} INFO - Processing file /opt/anaconda3/envs/airflow_env/lib/python3.9/site-packages/airflow/example_dags/example_kubernetes_executor.py for tasks to queue
[2022-08-22 20:19:01,321] {logging_mixin.py:109} INFO - [2022-08-22 20:19:01,321] {dagbag.py:500} INFO - Filling up the DagBag from /opt/anaconda3/envs/airflow_env/lib/python3.9/site-packages/airflow/example_dags/example_kubernetes_executor.py
[2022-08-22 20:19:01,329] {logging_mixin.py:109} INFO - [2022-08-22 20:19:01,329] {example_kubernetes_executor.py:38} WARNING - The example_kubernetes_executor example DAG requires the kubernetes provider. Please install it with: pip install apache-airflow[cncf.kubernetes]
[2022-08-22 20:19:01,352] {processor.py:656} WARNING - No viable dags retrieved from /opt/anaconda3/envs/airflow_env/lib/python3.9/site-packages/airflow/example_dags/example_kubernetes_executor.py
[2022-08-22 20:19:01,353] {processor.py:171} INFO - Processing /opt/anaconda3/envs/airflow_env/lib/python3.9/site-packages/airflow/example_dags/example_kubernetes_executor.py took 0.033 seconds
[2022-08-22 20:20:04,591] {processor.py:163} INFO - Started process (PID=2129) to work on /opt/anaconda3/envs/airflow_env/lib/python3.9/site-packages/airflow/example_dags/example_kubernetes_executor.py
[2022-08-22 20:20:04,591] {processor.py:642} INFO - Processing file /opt/anaconda3/envs/airflow_env/lib/python3.9/site-packages/airflow/example_dags/example_kubernetes_executor.py for tasks to queue
[2022-08-22 20:20:04,592] {logging_mixin.py:109} INFO - [2022-08-22 20:20:04,592] {dagbag.py:500} INFO - Filling up the DagBag from /opt/anaconda3/envs/airflow_env/lib/python3.9/site-packages/airflow/example_dags/example_kubernetes_executor.py
[2022-08-22 20:20:04,602] {logging_mixin.py:109} INFO - [2022-08-22 20:20:04,602] {example_kubernetes_executor.py:38} WARNING - The example_kubernetes_executor example DAG requires the kubernetes provider. Please install it with: pip install apache-airflow[cncf.kubernetes]
[2022-08-22 20:20:04,614] {processor.py:656} WARNING - No viable dags retrieved from /opt/anaconda3/envs/airflow_env/lib/python3.9/site-packages/airflow/example_dags/example_kubernetes_executor.py
[2022-08-22 20:20:04,615] {processor.py:171} INFO - Processing /opt/anaconda3/envs/airflow_env/lib/python3.9/site-packages/airflow/example_dags/example_kubernetes_executor.py took 0.024 seconds
[2022-08-22 20:21:05,882] {processor.py:163} INFO - Started process (PID=2280) to work on /opt/anaconda3/envs/airflow_env/lib/python3.9/site-packages/airflow/example_dags/example_kubernetes_executor.py
[2022-08-22 20:21:05,882] {processor.py:642} INFO - Processing file /opt/anaconda3/envs/airflow_env/lib/python3.9/site-packages/airflow/example_dags/example_kubernetes_executor.py for tasks to queue
[2022-08-22 20:21:05,882] {logging_mixin.py:109} INFO - [2022-08-22 20:21:05,882] {dagbag.py:500} INFO - Filling up the DagBag from /opt/anaconda3/envs/airflow_env/lib/python3.9/site-packages/airflow/example_dags/example_kubernetes_executor.py
[2022-08-22 20:21:05,891] {logging_mixin.py:109} INFO - [2022-08-22 20:21:05,891] {example_kubernetes_executor.py:38} WARNING - The example_kubernetes_executor example DAG requires the kubernetes provider. Please install it with: pip install apache-airflow[cncf.kubernetes]
[2022-08-22 20:21:05,903] {processor.py:656} WARNING - No viable dags retrieved from /opt/anaconda3/envs/airflow_env/lib/python3.9/site-packages/airflow/example_dags/example_kubernetes_executor.py
[2022-08-22 20:21:05,904] {processor.py:171} INFO - Processing /opt/anaconda3/envs/airflow_env/lib/python3.9/site-packages/airflow/example_dags/example_kubernetes_executor.py took 0.023 seconds
[2022-08-22 20:22:09,288] {processor.py:163} INFO - Started process (PID=2340) to work on /opt/anaconda3/envs/airflow_env/lib/python3.9/site-packages/airflow/example_dags/example_kubernetes_executor.py
[2022-08-22 20:22:09,290] {processor.py:642} INFO - Processing file /opt/anaconda3/envs/airflow_env/lib/python3.9/site-packages/airflow/example_dags/example_kubernetes_executor.py for tasks to queue
[2022-08-22 20:22:09,290] {logging_mixin.py:109} INFO - [2022-08-22 20:22:09,290] {dagbag.py:500} INFO - Filling up the DagBag from /opt/anaconda3/envs/airflow_env/lib/python3.9/site-packages/airflow/example_dags/example_kubernetes_executor.py
[2022-08-22 20:22:09,300] {logging_mixin.py:109} INFO - [2022-08-22 20:22:09,299] {example_kubernetes_executor.py:38} WARNING - The example_kubernetes_executor example DAG requires the kubernetes provider. Please install it with: pip install apache-airflow[cncf.kubernetes]
[2022-08-22 20:22:09,311] {processor.py:656} WARNING - No viable dags retrieved from /opt/anaconda3/envs/airflow_env/lib/python3.9/site-packages/airflow/example_dags/example_kubernetes_executor.py
[2022-08-22 20:22:09,312] {processor.py:171} INFO - Processing /opt/anaconda3/envs/airflow_env/lib/python3.9/site-packages/airflow/example_dags/example_kubernetes_executor.py took 0.024 seconds
[2022-08-22 20:23:00,856] {processor.py:163} INFO - Started process (PID=2379) to work on /opt/anaconda3/envs/airflow_env/lib/python3.9/site-packages/airflow/example_dags/example_kubernetes_executor.py
[2022-08-22 20:23:00,856] {processor.py:642} INFO - Processing file /opt/anaconda3/envs/airflow_env/lib/python3.9/site-packages/airflow/example_dags/example_kubernetes_executor.py for tasks to queue
[2022-08-22 20:23:00,856] {logging_mixin.py:109} INFO - [2022-08-22 20:23:00,856] {dagbag.py:500} INFO - Filling up the DagBag from /opt/anaconda3/envs/airflow_env/lib/python3.9/site-packages/airflow/example_dags/example_kubernetes_executor.py
[2022-08-22 20:23:00,865] {logging_mixin.py:109} INFO - [2022-08-22 20:23:00,865] {example_kubernetes_executor.py:38} WARNING - The example_kubernetes_executor example DAG requires the kubernetes provider. Please install it with: pip install apache-airflow[cncf.kubernetes]
[2022-08-22 20:23:00,876] {processor.py:656} WARNING - No viable dags retrieved from /opt/anaconda3/envs/airflow_env/lib/python3.9/site-packages/airflow/example_dags/example_kubernetes_executor.py
[2022-08-22 20:23:00,877] {processor.py:171} INFO - Processing /opt/anaconda3/envs/airflow_env/lib/python3.9/site-packages/airflow/example_dags/example_kubernetes_executor.py took 0.022 seconds
[2022-08-22 20:24:02,130] {processor.py:163} INFO - Started process (PID=2419) to work on /opt/anaconda3/envs/airflow_env/lib/python3.9/site-packages/airflow/example_dags/example_kubernetes_executor.py
[2022-08-22 20:24:02,131] {processor.py:642} INFO - Processing file /opt/anaconda3/envs/airflow_env/lib/python3.9/site-packages/airflow/example_dags/example_kubernetes_executor.py for tasks to queue
[2022-08-22 20:24:02,131] {logging_mixin.py:109} INFO - [2022-08-22 20:24:02,131] {dagbag.py:500} INFO - Filling up the DagBag from /opt/anaconda3/envs/airflow_env/lib/python3.9/site-packages/airflow/example_dags/example_kubernetes_executor.py
[2022-08-22 20:24:02,141] {logging_mixin.py:109} INFO - [2022-08-22 20:24:02,141] {example_kubernetes_executor.py:38} WARNING - The example_kubernetes_executor example DAG requires the kubernetes provider. Please install it with: pip install apache-airflow[cncf.kubernetes]
[2022-08-22 20:24:02,153] {processor.py:656} WARNING - No viable dags retrieved from /opt/anaconda3/envs/airflow_env/lib/python3.9/site-packages/airflow/example_dags/example_kubernetes_executor.py
[2022-08-22 20:24:02,154] {processor.py:171} INFO - Processing /opt/anaconda3/envs/airflow_env/lib/python3.9/site-packages/airflow/example_dags/example_kubernetes_executor.py took 0.025 seconds
[2022-08-22 20:25:03,686] {processor.py:163} INFO - Started process (PID=2472) to work on /opt/anaconda3/envs/airflow_env/lib/python3.9/site-packages/airflow/example_dags/example_kubernetes_executor.py
[2022-08-22 20:25:03,687] {processor.py:642} INFO - Processing file /opt/anaconda3/envs/airflow_env/lib/python3.9/site-packages/airflow/example_dags/example_kubernetes_executor.py for tasks to queue
[2022-08-22 20:25:03,687] {logging_mixin.py:109} INFO - [2022-08-22 20:25:03,687] {dagbag.py:500} INFO - Filling up the DagBag from /opt/anaconda3/envs/airflow_env/lib/python3.9/site-packages/airflow/example_dags/example_kubernetes_executor.py
[2022-08-22 20:25:03,699] {logging_mixin.py:109} INFO - [2022-08-22 20:25:03,698] {example_kubernetes_executor.py:38} WARNING - The example_kubernetes_executor example DAG requires the kubernetes provider. Please install it with: pip install apache-airflow[cncf.kubernetes]
[2022-08-22 20:25:03,711] {processor.py:656} WARNING - No viable dags retrieved from /opt/anaconda3/envs/airflow_env/lib/python3.9/site-packages/airflow/example_dags/example_kubernetes_executor.py
[2022-08-22 20:25:03,712] {processor.py:171} INFO - Processing /opt/anaconda3/envs/airflow_env/lib/python3.9/site-packages/airflow/example_dags/example_kubernetes_executor.py took 0.027 seconds
[2022-08-22 20:26:07,134] {processor.py:163} INFO - Started process (PID=2577) to work on /opt/anaconda3/envs/airflow_env/lib/python3.9/site-packages/airflow/example_dags/example_kubernetes_executor.py
[2022-08-22 20:26:07,135] {processor.py:642} INFO - Processing file /opt/anaconda3/envs/airflow_env/lib/python3.9/site-packages/airflow/example_dags/example_kubernetes_executor.py for tasks to queue
[2022-08-22 20:26:07,135] {logging_mixin.py:109} INFO - [2022-08-22 20:26:07,135] {dagbag.py:500} INFO - Filling up the DagBag from /opt/anaconda3/envs/airflow_env/lib/python3.9/site-packages/airflow/example_dags/example_kubernetes_executor.py
[2022-08-22 20:26:07,147] {logging_mixin.py:109} INFO - [2022-08-22 20:26:07,147] {example_kubernetes_executor.py:38} WARNING - The example_kubernetes_executor example DAG requires the kubernetes provider. Please install it with: pip install apache-airflow[cncf.kubernetes]
[2022-08-22 20:26:07,159] {processor.py:656} WARNING - No viable dags retrieved from /opt/anaconda3/envs/airflow_env/lib/python3.9/site-packages/airflow/example_dags/example_kubernetes_executor.py
[2022-08-22 20:26:07,160] {processor.py:171} INFO - Processing /opt/anaconda3/envs/airflow_env/lib/python3.9/site-packages/airflow/example_dags/example_kubernetes_executor.py took 0.026 seconds
[2022-08-22 20:27:10,485] {processor.py:163} INFO - Started process (PID=2629) to work on /opt/anaconda3/envs/airflow_env/lib/python3.9/site-packages/airflow/example_dags/example_kubernetes_executor.py
[2022-08-22 20:27:10,485] {processor.py:642} INFO - Processing file /opt/anaconda3/envs/airflow_env/lib/python3.9/site-packages/airflow/example_dags/example_kubernetes_executor.py for tasks to queue
[2022-08-22 20:27:10,485] {logging_mixin.py:109} INFO - [2022-08-22 20:27:10,485] {dagbag.py:500} INFO - Filling up the DagBag from /opt/anaconda3/envs/airflow_env/lib/python3.9/site-packages/airflow/example_dags/example_kubernetes_executor.py
[2022-08-22 20:27:10,494] {logging_mixin.py:109} INFO - [2022-08-22 20:27:10,494] {example_kubernetes_executor.py:38} WARNING - The example_kubernetes_executor example DAG requires the kubernetes provider. Please install it with: pip install apache-airflow[cncf.kubernetes]
[2022-08-22 20:27:10,505] {processor.py:656} WARNING - No viable dags retrieved from /opt/anaconda3/envs/airflow_env/lib/python3.9/site-packages/airflow/example_dags/example_kubernetes_executor.py
[2022-08-22 20:27:10,506] {processor.py:171} INFO - Processing /opt/anaconda3/envs/airflow_env/lib/python3.9/site-packages/airflow/example_dags/example_kubernetes_executor.py took 0.022 seconds
[2022-08-22 20:29:20,690] {processor.py:163} INFO - Started process (PID=2743) to work on /opt/anaconda3/envs/airflow_env/lib/python3.9/site-packages/airflow/example_dags/example_kubernetes_executor.py
[2022-08-22 20:29:20,692] {processor.py:642} INFO - Processing file /opt/anaconda3/envs/airflow_env/lib/python3.9/site-packages/airflow/example_dags/example_kubernetes_executor.py for tasks to queue
[2022-08-22 20:29:20,692] {logging_mixin.py:109} INFO - [2022-08-22 20:29:20,692] {dagbag.py:500} INFO - Filling up the DagBag from /opt/anaconda3/envs/airflow_env/lib/python3.9/site-packages/airflow/example_dags/example_kubernetes_executor.py
[2022-08-22 20:29:20,700] {logging_mixin.py:109} INFO - [2022-08-22 20:29:20,700] {example_kubernetes_executor.py:38} WARNING - The example_kubernetes_executor example DAG requires the kubernetes provider. Please install it with: pip install apache-airflow[cncf.kubernetes]
[2022-08-22 20:29:20,712] {processor.py:656} WARNING - No viable dags retrieved from /opt/anaconda3/envs/airflow_env/lib/python3.9/site-packages/airflow/example_dags/example_kubernetes_executor.py
[2022-08-22 20:29:20,712] {processor.py:171} INFO - Processing /opt/anaconda3/envs/airflow_env/lib/python3.9/site-packages/airflow/example_dags/example_kubernetes_executor.py took 0.022 seconds
[2022-08-22 20:30:24,278] {processor.py:163} INFO - Started process (PID=2792) to work on /opt/anaconda3/envs/airflow_env/lib/python3.9/site-packages/airflow/example_dags/example_kubernetes_executor.py
[2022-08-22 20:30:24,278] {processor.py:642} INFO - Processing file /opt/anaconda3/envs/airflow_env/lib/python3.9/site-packages/airflow/example_dags/example_kubernetes_executor.py for tasks to queue
[2022-08-22 20:30:24,279] {logging_mixin.py:109} INFO - [2022-08-22 20:30:24,278] {dagbag.py:500} INFO - Filling up the DagBag from /opt/anaconda3/envs/airflow_env/lib/python3.9/site-packages/airflow/example_dags/example_kubernetes_executor.py
[2022-08-22 20:30:24,289] {logging_mixin.py:109} INFO - [2022-08-22 20:30:24,289] {example_kubernetes_executor.py:38} WARNING - The example_kubernetes_executor example DAG requires the kubernetes provider. Please install it with: pip install apache-airflow[cncf.kubernetes]
[2022-08-22 20:30:24,302] {processor.py:656} WARNING - No viable dags retrieved from /opt/anaconda3/envs/airflow_env/lib/python3.9/site-packages/airflow/example_dags/example_kubernetes_executor.py
[2022-08-22 20:30:24,303] {processor.py:171} INFO - Processing /opt/anaconda3/envs/airflow_env/lib/python3.9/site-packages/airflow/example_dags/example_kubernetes_executor.py took 0.025 seconds
