[2022-08-22 19:58:37,407] {processor.py:163} INFO - Started process (PID=16762) to work on /opt/anaconda3/envs/airflow_env/lib/python3.9/site-packages/airflow/example_dags/example_trigger_controller_dag.py
[2022-08-22 19:58:37,408] {processor.py:642} INFO - Processing file /opt/anaconda3/envs/airflow_env/lib/python3.9/site-packages/airflow/example_dags/example_trigger_controller_dag.py for tasks to queue
[2022-08-22 19:58:37,408] {logging_mixin.py:109} INFO - [2022-08-22 19:58:37,408] {dagbag.py:500} INFO - Filling up the DagBag from /opt/anaconda3/envs/airflow_env/lib/python3.9/site-packages/airflow/example_dags/example_trigger_controller_dag.py
[2022-08-22 19:58:37,426] {processor.py:654} INFO - DAG(s) dict_keys(['example_trigger_controller_dag']) retrieved from /opt/anaconda3/envs/airflow_env/lib/python3.9/site-packages/airflow/example_dags/example_trigger_controller_dag.py
[2022-08-22 19:58:37,437] {logging_mixin.py:109} INFO - [2022-08-22 19:58:37,437] {dag.py:2396} INFO - Sync 1 DAGs
[2022-08-22 19:58:37,441] {logging_mixin.py:109} INFO - [2022-08-22 19:58:37,441] {dag.py:2935} INFO - Setting next_dagrun for example_trigger_controller_dag to 2021-01-01T00:00:00+00:00
[2022-08-22 19:58:37,445] {processor.py:171} INFO - Processing /opt/anaconda3/envs/airflow_env/lib/python3.9/site-packages/airflow/example_dags/example_trigger_controller_dag.py took 0.038 seconds
[2022-08-22 19:59:40,989] {processor.py:163} INFO - Started process (PID=16803) to work on /opt/anaconda3/envs/airflow_env/lib/python3.9/site-packages/airflow/example_dags/example_trigger_controller_dag.py
[2022-08-22 19:59:40,990] {processor.py:642} INFO - Processing file /opt/anaconda3/envs/airflow_env/lib/python3.9/site-packages/airflow/example_dags/example_trigger_controller_dag.py for tasks to queue
[2022-08-22 19:59:40,990] {logging_mixin.py:109} INFO - [2022-08-22 19:59:40,990] {dagbag.py:500} INFO - Filling up the DagBag from /opt/anaconda3/envs/airflow_env/lib/python3.9/site-packages/airflow/example_dags/example_trigger_controller_dag.py
[2022-08-22 19:59:41,007] {processor.py:654} INFO - DAG(s) dict_keys(['example_trigger_controller_dag']) retrieved from /opt/anaconda3/envs/airflow_env/lib/python3.9/site-packages/airflow/example_dags/example_trigger_controller_dag.py
[2022-08-22 19:59:41,017] {logging_mixin.py:109} INFO - [2022-08-22 19:59:41,017] {dag.py:2396} INFO - Sync 1 DAGs
[2022-08-22 19:59:41,022] {logging_mixin.py:109} INFO - [2022-08-22 19:59:41,022] {dag.py:2935} INFO - Setting next_dagrun for example_trigger_controller_dag to 2021-01-01T00:00:00+00:00
[2022-08-22 19:59:41,026] {processor.py:171} INFO - Processing /opt/anaconda3/envs/airflow_env/lib/python3.9/site-packages/airflow/example_dags/example_trigger_controller_dag.py took 0.038 seconds
[2022-08-22 20:00:47,626] {processor.py:163} INFO - Started process (PID=16863) to work on /opt/anaconda3/envs/airflow_env/lib/python3.9/site-packages/airflow/example_dags/example_trigger_controller_dag.py
[2022-08-22 20:00:47,627] {processor.py:642} INFO - Processing file /opt/anaconda3/envs/airflow_env/lib/python3.9/site-packages/airflow/example_dags/example_trigger_controller_dag.py for tasks to queue
[2022-08-22 20:00:47,627] {logging_mixin.py:109} INFO - [2022-08-22 20:00:47,627] {dagbag.py:500} INFO - Filling up the DagBag from /opt/anaconda3/envs/airflow_env/lib/python3.9/site-packages/airflow/example_dags/example_trigger_controller_dag.py
[2022-08-22 20:00:47,645] {processor.py:654} INFO - DAG(s) dict_keys(['example_trigger_controller_dag']) retrieved from /opt/anaconda3/envs/airflow_env/lib/python3.9/site-packages/airflow/example_dags/example_trigger_controller_dag.py
[2022-08-22 20:00:47,654] {logging_mixin.py:109} INFO - [2022-08-22 20:00:47,654] {dag.py:2396} INFO - Sync 1 DAGs
[2022-08-22 20:00:47,660] {logging_mixin.py:109} INFO - [2022-08-22 20:00:47,660] {dag.py:2935} INFO - Setting next_dagrun for example_trigger_controller_dag to 2021-01-01T00:00:00+00:00
[2022-08-22 20:00:47,664] {processor.py:171} INFO - Processing /opt/anaconda3/envs/airflow_env/lib/python3.9/site-packages/airflow/example_dags/example_trigger_controller_dag.py took 0.038 seconds
[2022-08-22 20:01:54,307] {processor.py:163} INFO - Started process (PID=16904) to work on /opt/anaconda3/envs/airflow_env/lib/python3.9/site-packages/airflow/example_dags/example_trigger_controller_dag.py
[2022-08-22 20:01:54,308] {processor.py:642} INFO - Processing file /opt/anaconda3/envs/airflow_env/lib/python3.9/site-packages/airflow/example_dags/example_trigger_controller_dag.py for tasks to queue
[2022-08-22 20:01:54,309] {logging_mixin.py:109} INFO - [2022-08-22 20:01:54,309] {dagbag.py:500} INFO - Filling up the DagBag from /opt/anaconda3/envs/airflow_env/lib/python3.9/site-packages/airflow/example_dags/example_trigger_controller_dag.py
[2022-08-22 20:01:54,326] {processor.py:654} INFO - DAG(s) dict_keys(['example_trigger_controller_dag']) retrieved from /opt/anaconda3/envs/airflow_env/lib/python3.9/site-packages/airflow/example_dags/example_trigger_controller_dag.py
[2022-08-22 20:01:54,335] {logging_mixin.py:109} INFO - [2022-08-22 20:01:54,335] {dag.py:2396} INFO - Sync 1 DAGs
[2022-08-22 20:01:54,340] {logging_mixin.py:109} INFO - [2022-08-22 20:01:54,340] {dag.py:2935} INFO - Setting next_dagrun for example_trigger_controller_dag to 2021-01-01T00:00:00+00:00
[2022-08-22 20:01:54,344] {processor.py:171} INFO - Processing /opt/anaconda3/envs/airflow_env/lib/python3.9/site-packages/airflow/example_dags/example_trigger_controller_dag.py took 0.037 seconds
[2022-08-22 20:03:00,688] {processor.py:163} INFO - Started process (PID=16950) to work on /opt/anaconda3/envs/airflow_env/lib/python3.9/site-packages/airflow/example_dags/example_trigger_controller_dag.py
[2022-08-22 20:03:00,689] {processor.py:642} INFO - Processing file /opt/anaconda3/envs/airflow_env/lib/python3.9/site-packages/airflow/example_dags/example_trigger_controller_dag.py for tasks to queue
[2022-08-22 20:03:00,689] {logging_mixin.py:109} INFO - [2022-08-22 20:03:00,689] {dagbag.py:500} INFO - Filling up the DagBag from /opt/anaconda3/envs/airflow_env/lib/python3.9/site-packages/airflow/example_dags/example_trigger_controller_dag.py
[2022-08-22 20:03:00,705] {processor.py:654} INFO - DAG(s) dict_keys(['example_trigger_controller_dag']) retrieved from /opt/anaconda3/envs/airflow_env/lib/python3.9/site-packages/airflow/example_dags/example_trigger_controller_dag.py
[2022-08-22 20:03:00,715] {logging_mixin.py:109} INFO - [2022-08-22 20:03:00,715] {dag.py:2396} INFO - Sync 1 DAGs
[2022-08-22 20:03:00,720] {logging_mixin.py:109} INFO - [2022-08-22 20:03:00,720] {dag.py:2935} INFO - Setting next_dagrun for example_trigger_controller_dag to 2021-01-01T00:00:00+00:00
[2022-08-22 20:03:00,723] {processor.py:171} INFO - Processing /opt/anaconda3/envs/airflow_env/lib/python3.9/site-packages/airflow/example_dags/example_trigger_controller_dag.py took 0.035 seconds
[2022-08-22 20:04:02,877] {processor.py:163} INFO - Started process (PID=16992) to work on /opt/anaconda3/envs/airflow_env/lib/python3.9/site-packages/airflow/example_dags/example_trigger_controller_dag.py
[2022-08-22 20:04:02,877] {processor.py:642} INFO - Processing file /opt/anaconda3/envs/airflow_env/lib/python3.9/site-packages/airflow/example_dags/example_trigger_controller_dag.py for tasks to queue
[2022-08-22 20:04:02,877] {logging_mixin.py:109} INFO - [2022-08-22 20:04:02,877] {dagbag.py:500} INFO - Filling up the DagBag from /opt/anaconda3/envs/airflow_env/lib/python3.9/site-packages/airflow/example_dags/example_trigger_controller_dag.py
[2022-08-22 20:04:02,893] {processor.py:654} INFO - DAG(s) dict_keys(['example_trigger_controller_dag']) retrieved from /opt/anaconda3/envs/airflow_env/lib/python3.9/site-packages/airflow/example_dags/example_trigger_controller_dag.py
[2022-08-22 20:04:02,903] {logging_mixin.py:109} INFO - [2022-08-22 20:04:02,903] {dag.py:2396} INFO - Sync 1 DAGs
[2022-08-22 20:04:02,908] {logging_mixin.py:109} INFO - [2022-08-22 20:04:02,908] {dag.py:2935} INFO - Setting next_dagrun for example_trigger_controller_dag to 2021-01-01T00:00:00+00:00
[2022-08-22 20:04:02,913] {processor.py:171} INFO - Processing /opt/anaconda3/envs/airflow_env/lib/python3.9/site-packages/airflow/example_dags/example_trigger_controller_dag.py took 0.036 seconds
[2022-08-22 20:05:09,484] {processor.py:163} INFO - Started process (PID=17082) to work on /opt/anaconda3/envs/airflow_env/lib/python3.9/site-packages/airflow/example_dags/example_trigger_controller_dag.py
[2022-08-22 20:05:09,484] {processor.py:642} INFO - Processing file /opt/anaconda3/envs/airflow_env/lib/python3.9/site-packages/airflow/example_dags/example_trigger_controller_dag.py for tasks to queue
[2022-08-22 20:05:09,484] {logging_mixin.py:109} INFO - [2022-08-22 20:05:09,484] {dagbag.py:500} INFO - Filling up the DagBag from /opt/anaconda3/envs/airflow_env/lib/python3.9/site-packages/airflow/example_dags/example_trigger_controller_dag.py
[2022-08-22 20:05:09,501] {processor.py:654} INFO - DAG(s) dict_keys(['example_trigger_controller_dag']) retrieved from /opt/anaconda3/envs/airflow_env/lib/python3.9/site-packages/airflow/example_dags/example_trigger_controller_dag.py
[2022-08-22 20:05:09,512] {logging_mixin.py:109} INFO - [2022-08-22 20:05:09,512] {dag.py:2396} INFO - Sync 1 DAGs
[2022-08-22 20:05:09,517] {logging_mixin.py:109} INFO - [2022-08-22 20:05:09,517] {dag.py:2935} INFO - Setting next_dagrun for example_trigger_controller_dag to 2021-01-01T00:00:00+00:00
[2022-08-22 20:05:09,521] {processor.py:171} INFO - Processing /opt/anaconda3/envs/airflow_env/lib/python3.9/site-packages/airflow/example_dags/example_trigger_controller_dag.py took 0.038 seconds
[2022-08-22 20:06:13,350] {processor.py:163} INFO - Started process (PID=17120) to work on /opt/anaconda3/envs/airflow_env/lib/python3.9/site-packages/airflow/example_dags/example_trigger_controller_dag.py
[2022-08-22 20:06:13,350] {processor.py:642} INFO - Processing file /opt/anaconda3/envs/airflow_env/lib/python3.9/site-packages/airflow/example_dags/example_trigger_controller_dag.py for tasks to queue
[2022-08-22 20:06:13,351] {logging_mixin.py:109} INFO - [2022-08-22 20:06:13,351] {dagbag.py:500} INFO - Filling up the DagBag from /opt/anaconda3/envs/airflow_env/lib/python3.9/site-packages/airflow/example_dags/example_trigger_controller_dag.py
[2022-08-22 20:06:13,366] {processor.py:654} INFO - DAG(s) dict_keys(['example_trigger_controller_dag']) retrieved from /opt/anaconda3/envs/airflow_env/lib/python3.9/site-packages/airflow/example_dags/example_trigger_controller_dag.py
[2022-08-22 20:06:13,376] {logging_mixin.py:109} INFO - [2022-08-22 20:06:13,375] {dag.py:2396} INFO - Sync 1 DAGs
[2022-08-22 20:06:13,380] {logging_mixin.py:109} INFO - [2022-08-22 20:06:13,380] {dag.py:2935} INFO - Setting next_dagrun for example_trigger_controller_dag to 2021-01-01T00:00:00+00:00
[2022-08-22 20:06:13,384] {processor.py:171} INFO - Processing /opt/anaconda3/envs/airflow_env/lib/python3.9/site-packages/airflow/example_dags/example_trigger_controller_dag.py took 0.034 seconds
[2022-08-22 20:12:26,355] {processor.py:163} INFO - Started process (PID=1419) to work on /opt/anaconda3/envs/airflow_env/lib/python3.9/site-packages/airflow/example_dags/example_trigger_controller_dag.py
[2022-08-22 20:12:26,356] {processor.py:642} INFO - Processing file /opt/anaconda3/envs/airflow_env/lib/python3.9/site-packages/airflow/example_dags/example_trigger_controller_dag.py for tasks to queue
[2022-08-22 20:12:26,356] {logging_mixin.py:109} INFO - [2022-08-22 20:12:26,356] {dagbag.py:500} INFO - Filling up the DagBag from /opt/anaconda3/envs/airflow_env/lib/python3.9/site-packages/airflow/example_dags/example_trigger_controller_dag.py
[2022-08-22 20:12:26,371] {processor.py:654} INFO - DAG(s) dict_keys(['example_trigger_controller_dag']) retrieved from /opt/anaconda3/envs/airflow_env/lib/python3.9/site-packages/airflow/example_dags/example_trigger_controller_dag.py
[2022-08-22 20:12:26,379] {logging_mixin.py:109} INFO - [2022-08-22 20:12:26,379] {dag.py:2396} INFO - Sync 1 DAGs
[2022-08-22 20:12:26,383] {logging_mixin.py:109} INFO - [2022-08-22 20:12:26,383] {dag.py:2935} INFO - Setting next_dagrun for example_trigger_controller_dag to 2021-01-01T00:00:00+00:00
[2022-08-22 20:12:26,387] {processor.py:171} INFO - Processing /opt/anaconda3/envs/airflow_env/lib/python3.9/site-packages/airflow/example_dags/example_trigger_controller_dag.py took 0.032 seconds
[2022-08-22 20:13:28,115] {processor.py:163} INFO - Started process (PID=1473) to work on /opt/anaconda3/envs/airflow_env/lib/python3.9/site-packages/airflow/example_dags/example_trigger_controller_dag.py
[2022-08-22 20:13:28,115] {processor.py:642} INFO - Processing file /opt/anaconda3/envs/airflow_env/lib/python3.9/site-packages/airflow/example_dags/example_trigger_controller_dag.py for tasks to queue
[2022-08-22 20:13:28,116] {logging_mixin.py:109} INFO - [2022-08-22 20:13:28,116] {dagbag.py:500} INFO - Filling up the DagBag from /opt/anaconda3/envs/airflow_env/lib/python3.9/site-packages/airflow/example_dags/example_trigger_controller_dag.py
[2022-08-22 20:13:28,130] {processor.py:654} INFO - DAG(s) dict_keys(['example_trigger_controller_dag']) retrieved from /opt/anaconda3/envs/airflow_env/lib/python3.9/site-packages/airflow/example_dags/example_trigger_controller_dag.py
[2022-08-22 20:13:28,138] {logging_mixin.py:109} INFO - [2022-08-22 20:13:28,138] {dag.py:2396} INFO - Sync 1 DAGs
[2022-08-22 20:13:28,142] {logging_mixin.py:109} INFO - [2022-08-22 20:13:28,142] {dag.py:2935} INFO - Setting next_dagrun for example_trigger_controller_dag to 2021-01-01T00:00:00+00:00
[2022-08-22 20:13:28,146] {processor.py:171} INFO - Processing /opt/anaconda3/envs/airflow_env/lib/python3.9/site-packages/airflow/example_dags/example_trigger_controller_dag.py took 0.031 seconds
[2022-08-22 20:14:31,363] {processor.py:163} INFO - Started process (PID=1559) to work on /opt/anaconda3/envs/airflow_env/lib/python3.9/site-packages/airflow/example_dags/example_trigger_controller_dag.py
[2022-08-22 20:14:31,364] {processor.py:642} INFO - Processing file /opt/anaconda3/envs/airflow_env/lib/python3.9/site-packages/airflow/example_dags/example_trigger_controller_dag.py for tasks to queue
[2022-08-22 20:14:31,364] {logging_mixin.py:109} INFO - [2022-08-22 20:14:31,364] {dagbag.py:500} INFO - Filling up the DagBag from /opt/anaconda3/envs/airflow_env/lib/python3.9/site-packages/airflow/example_dags/example_trigger_controller_dag.py
[2022-08-22 20:14:31,379] {processor.py:654} INFO - DAG(s) dict_keys(['example_trigger_controller_dag']) retrieved from /opt/anaconda3/envs/airflow_env/lib/python3.9/site-packages/airflow/example_dags/example_trigger_controller_dag.py
[2022-08-22 20:14:31,388] {logging_mixin.py:109} INFO - [2022-08-22 20:14:31,388] {dag.py:2396} INFO - Sync 1 DAGs
[2022-08-22 20:14:31,393] {logging_mixin.py:109} INFO - [2022-08-22 20:14:31,393] {dag.py:2935} INFO - Setting next_dagrun for example_trigger_controller_dag to 2021-01-01T00:00:00+00:00
[2022-08-22 20:14:31,397] {processor.py:171} INFO - Processing /opt/anaconda3/envs/airflow_env/lib/python3.9/site-packages/airflow/example_dags/example_trigger_controller_dag.py took 0.034 seconds
[2022-08-22 20:15:32,970] {processor.py:163} INFO - Started process (PID=1796) to work on /opt/anaconda3/envs/airflow_env/lib/python3.9/site-packages/airflow/example_dags/example_trigger_controller_dag.py
[2022-08-22 20:15:32,970] {processor.py:642} INFO - Processing file /opt/anaconda3/envs/airflow_env/lib/python3.9/site-packages/airflow/example_dags/example_trigger_controller_dag.py for tasks to queue
[2022-08-22 20:15:32,970] {logging_mixin.py:109} INFO - [2022-08-22 20:15:32,970] {dagbag.py:500} INFO - Filling up the DagBag from /opt/anaconda3/envs/airflow_env/lib/python3.9/site-packages/airflow/example_dags/example_trigger_controller_dag.py
[2022-08-22 20:15:32,984] {processor.py:654} INFO - DAG(s) dict_keys(['example_trigger_controller_dag']) retrieved from /opt/anaconda3/envs/airflow_env/lib/python3.9/site-packages/airflow/example_dags/example_trigger_controller_dag.py
[2022-08-22 20:15:32,993] {logging_mixin.py:109} INFO - [2022-08-22 20:15:32,993] {dag.py:2396} INFO - Sync 1 DAGs
[2022-08-22 20:15:32,997] {logging_mixin.py:109} INFO - [2022-08-22 20:15:32,997] {dag.py:2935} INFO - Setting next_dagrun for example_trigger_controller_dag to 2021-01-01T00:00:00+00:00
[2022-08-22 20:15:33,001] {processor.py:171} INFO - Processing /opt/anaconda3/envs/airflow_env/lib/python3.9/site-packages/airflow/example_dags/example_trigger_controller_dag.py took 0.031 seconds
[2022-08-22 20:16:36,448] {processor.py:163} INFO - Started process (PID=1919) to work on /opt/anaconda3/envs/airflow_env/lib/python3.9/site-packages/airflow/example_dags/example_trigger_controller_dag.py
[2022-08-22 20:16:36,448] {processor.py:642} INFO - Processing file /opt/anaconda3/envs/airflow_env/lib/python3.9/site-packages/airflow/example_dags/example_trigger_controller_dag.py for tasks to queue
[2022-08-22 20:16:36,448] {logging_mixin.py:109} INFO - [2022-08-22 20:16:36,448] {dagbag.py:500} INFO - Filling up the DagBag from /opt/anaconda3/envs/airflow_env/lib/python3.9/site-packages/airflow/example_dags/example_trigger_controller_dag.py
[2022-08-22 20:16:36,463] {processor.py:654} INFO - DAG(s) dict_keys(['example_trigger_controller_dag']) retrieved from /opt/anaconda3/envs/airflow_env/lib/python3.9/site-packages/airflow/example_dags/example_trigger_controller_dag.py
[2022-08-22 20:16:36,474] {logging_mixin.py:109} INFO - [2022-08-22 20:16:36,474] {dag.py:2396} INFO - Sync 1 DAGs
[2022-08-22 20:16:36,480] {logging_mixin.py:109} INFO - [2022-08-22 20:16:36,479] {dag.py:2935} INFO - Setting next_dagrun for example_trigger_controller_dag to 2021-01-01T00:00:00+00:00
[2022-08-22 20:16:36,483] {processor.py:171} INFO - Processing /opt/anaconda3/envs/airflow_env/lib/python3.9/site-packages/airflow/example_dags/example_trigger_controller_dag.py took 0.036 seconds
[2022-08-22 20:17:35,134] {processor.py:163} INFO - Started process (PID=1962) to work on /opt/anaconda3/envs/airflow_env/lib/python3.9/site-packages/airflow/example_dags/example_trigger_controller_dag.py
[2022-08-22 20:17:35,134] {processor.py:642} INFO - Processing file /opt/anaconda3/envs/airflow_env/lib/python3.9/site-packages/airflow/example_dags/example_trigger_controller_dag.py for tasks to queue
[2022-08-22 20:17:35,134] {logging_mixin.py:109} INFO - [2022-08-22 20:17:35,134] {dagbag.py:500} INFO - Filling up the DagBag from /opt/anaconda3/envs/airflow_env/lib/python3.9/site-packages/airflow/example_dags/example_trigger_controller_dag.py
[2022-08-22 20:17:35,148] {processor.py:654} INFO - DAG(s) dict_keys(['example_trigger_controller_dag']) retrieved from /opt/anaconda3/envs/airflow_env/lib/python3.9/site-packages/airflow/example_dags/example_trigger_controller_dag.py
[2022-08-22 20:17:35,156] {logging_mixin.py:109} INFO - [2022-08-22 20:17:35,156] {dag.py:2396} INFO - Sync 1 DAGs
[2022-08-22 20:17:35,161] {logging_mixin.py:109} INFO - [2022-08-22 20:17:35,160] {dag.py:2935} INFO - Setting next_dagrun for example_trigger_controller_dag to 2021-01-01T00:00:00+00:00
[2022-08-22 20:17:35,164] {processor.py:171} INFO - Processing /opt/anaconda3/envs/airflow_env/lib/python3.9/site-packages/airflow/example_dags/example_trigger_controller_dag.py took 0.031 seconds
[2022-08-22 20:18:34,544] {processor.py:163} INFO - Started process (PID=2018) to work on /opt/anaconda3/envs/airflow_env/lib/python3.9/site-packages/airflow/example_dags/example_trigger_controller_dag.py
[2022-08-22 20:18:34,545] {processor.py:642} INFO - Processing file /opt/anaconda3/envs/airflow_env/lib/python3.9/site-packages/airflow/example_dags/example_trigger_controller_dag.py for tasks to queue
[2022-08-22 20:18:34,545] {logging_mixin.py:109} INFO - [2022-08-22 20:18:34,545] {dagbag.py:500} INFO - Filling up the DagBag from /opt/anaconda3/envs/airflow_env/lib/python3.9/site-packages/airflow/example_dags/example_trigger_controller_dag.py
[2022-08-22 20:18:34,558] {processor.py:654} INFO - DAG(s) dict_keys(['example_trigger_controller_dag']) retrieved from /opt/anaconda3/envs/airflow_env/lib/python3.9/site-packages/airflow/example_dags/example_trigger_controller_dag.py
[2022-08-22 20:18:34,567] {logging_mixin.py:109} INFO - [2022-08-22 20:18:34,567] {dag.py:2396} INFO - Sync 1 DAGs
[2022-08-22 20:18:34,571] {logging_mixin.py:109} INFO - [2022-08-22 20:18:34,571] {dag.py:2935} INFO - Setting next_dagrun for example_trigger_controller_dag to 2021-01-01T00:00:00+00:00
[2022-08-22 20:18:34,574] {processor.py:171} INFO - Processing /opt/anaconda3/envs/airflow_env/lib/python3.9/site-packages/airflow/example_dags/example_trigger_controller_dag.py took 0.030 seconds
[2022-08-22 20:19:35,837] {processor.py:163} INFO - Started process (PID=2095) to work on /opt/anaconda3/envs/airflow_env/lib/python3.9/site-packages/airflow/example_dags/example_trigger_controller_dag.py
[2022-08-22 20:19:35,837] {processor.py:642} INFO - Processing file /opt/anaconda3/envs/airflow_env/lib/python3.9/site-packages/airflow/example_dags/example_trigger_controller_dag.py for tasks to queue
[2022-08-22 20:19:35,837] {logging_mixin.py:109} INFO - [2022-08-22 20:19:35,837] {dagbag.py:500} INFO - Filling up the DagBag from /opt/anaconda3/envs/airflow_env/lib/python3.9/site-packages/airflow/example_dags/example_trigger_controller_dag.py
[2022-08-22 20:19:35,851] {processor.py:654} INFO - DAG(s) dict_keys(['example_trigger_controller_dag']) retrieved from /opt/anaconda3/envs/airflow_env/lib/python3.9/site-packages/airflow/example_dags/example_trigger_controller_dag.py
[2022-08-22 20:19:35,859] {logging_mixin.py:109} INFO - [2022-08-22 20:19:35,859] {dag.py:2396} INFO - Sync 1 DAGs
[2022-08-22 20:19:35,864] {logging_mixin.py:109} INFO - [2022-08-22 20:19:35,864] {dag.py:2935} INFO - Setting next_dagrun for example_trigger_controller_dag to 2021-01-01T00:00:00+00:00
[2022-08-22 20:19:35,867] {processor.py:171} INFO - Processing /opt/anaconda3/envs/airflow_env/lib/python3.9/site-packages/airflow/example_dags/example_trigger_controller_dag.py took 0.031 seconds
[2022-08-22 20:20:39,050] {processor.py:163} INFO - Started process (PID=2169) to work on /opt/anaconda3/envs/airflow_env/lib/python3.9/site-packages/airflow/example_dags/example_trigger_controller_dag.py
[2022-08-22 20:20:39,050] {processor.py:642} INFO - Processing file /opt/anaconda3/envs/airflow_env/lib/python3.9/site-packages/airflow/example_dags/example_trigger_controller_dag.py for tasks to queue
[2022-08-22 20:20:39,050] {logging_mixin.py:109} INFO - [2022-08-22 20:20:39,050] {dagbag.py:500} INFO - Filling up the DagBag from /opt/anaconda3/envs/airflow_env/lib/python3.9/site-packages/airflow/example_dags/example_trigger_controller_dag.py
[2022-08-22 20:20:39,064] {processor.py:654} INFO - DAG(s) dict_keys(['example_trigger_controller_dag']) retrieved from /opt/anaconda3/envs/airflow_env/lib/python3.9/site-packages/airflow/example_dags/example_trigger_controller_dag.py
[2022-08-22 20:20:39,072] {logging_mixin.py:109} INFO - [2022-08-22 20:20:39,072] {dag.py:2396} INFO - Sync 1 DAGs
[2022-08-22 20:20:39,076] {logging_mixin.py:109} INFO - [2022-08-22 20:20:39,076] {dag.py:2935} INFO - Setting next_dagrun for example_trigger_controller_dag to 2021-01-01T00:00:00+00:00
[2022-08-22 20:20:39,080] {processor.py:171} INFO - Processing /opt/anaconda3/envs/airflow_env/lib/python3.9/site-packages/airflow/example_dags/example_trigger_controller_dag.py took 0.030 seconds
[2022-08-22 20:21:40,956] {processor.py:163} INFO - Started process (PID=2308) to work on /opt/anaconda3/envs/airflow_env/lib/python3.9/site-packages/airflow/example_dags/example_trigger_controller_dag.py
[2022-08-22 20:21:40,957] {processor.py:642} INFO - Processing file /opt/anaconda3/envs/airflow_env/lib/python3.9/site-packages/airflow/example_dags/example_trigger_controller_dag.py for tasks to queue
[2022-08-22 20:21:40,957] {logging_mixin.py:109} INFO - [2022-08-22 20:21:40,957] {dagbag.py:500} INFO - Filling up the DagBag from /opt/anaconda3/envs/airflow_env/lib/python3.9/site-packages/airflow/example_dags/example_trigger_controller_dag.py
[2022-08-22 20:21:40,972] {processor.py:654} INFO - DAG(s) dict_keys(['example_trigger_controller_dag']) retrieved from /opt/anaconda3/envs/airflow_env/lib/python3.9/site-packages/airflow/example_dags/example_trigger_controller_dag.py
[2022-08-22 20:21:40,982] {logging_mixin.py:109} INFO - [2022-08-22 20:21:40,982] {dag.py:2396} INFO - Sync 1 DAGs
[2022-08-22 20:21:40,986] {logging_mixin.py:109} INFO - [2022-08-22 20:21:40,986] {dag.py:2935} INFO - Setting next_dagrun for example_trigger_controller_dag to 2021-01-01T00:00:00+00:00
[2022-08-22 20:21:40,990] {processor.py:171} INFO - Processing /opt/anaconda3/envs/airflow_env/lib/python3.9/site-packages/airflow/example_dags/example_trigger_controller_dag.py took 0.034 seconds
[2022-08-22 20:22:35,815] {processor.py:163} INFO - Started process (PID=2363) to work on /opt/anaconda3/envs/airflow_env/lib/python3.9/site-packages/airflow/example_dags/example_trigger_controller_dag.py
[2022-08-22 20:22:35,815] {processor.py:642} INFO - Processing file /opt/anaconda3/envs/airflow_env/lib/python3.9/site-packages/airflow/example_dags/example_trigger_controller_dag.py for tasks to queue
[2022-08-22 20:22:35,815] {logging_mixin.py:109} INFO - [2022-08-22 20:22:35,815] {dagbag.py:500} INFO - Filling up the DagBag from /opt/anaconda3/envs/airflow_env/lib/python3.9/site-packages/airflow/example_dags/example_trigger_controller_dag.py
[2022-08-22 20:22:35,832] {processor.py:654} INFO - DAG(s) dict_keys(['example_trigger_controller_dag']) retrieved from /opt/anaconda3/envs/airflow_env/lib/python3.9/site-packages/airflow/example_dags/example_trigger_controller_dag.py
[2022-08-22 20:22:35,841] {logging_mixin.py:109} INFO - [2022-08-22 20:22:35,841] {dag.py:2396} INFO - Sync 1 DAGs
[2022-08-22 20:22:35,846] {logging_mixin.py:109} INFO - [2022-08-22 20:22:35,846] {dag.py:2935} INFO - Setting next_dagrun for example_trigger_controller_dag to 2021-01-01T00:00:00+00:00
[2022-08-22 20:22:35,850] {processor.py:171} INFO - Processing /opt/anaconda3/envs/airflow_env/lib/python3.9/site-packages/airflow/example_dags/example_trigger_controller_dag.py took 0.036 seconds
[2022-08-22 20:23:37,278] {processor.py:163} INFO - Started process (PID=2403) to work on /opt/anaconda3/envs/airflow_env/lib/python3.9/site-packages/airflow/example_dags/example_trigger_controller_dag.py
[2022-08-22 20:23:37,278] {processor.py:642} INFO - Processing file /opt/anaconda3/envs/airflow_env/lib/python3.9/site-packages/airflow/example_dags/example_trigger_controller_dag.py for tasks to queue
[2022-08-22 20:23:37,278] {logging_mixin.py:109} INFO - [2022-08-22 20:23:37,278] {dagbag.py:500} INFO - Filling up the DagBag from /opt/anaconda3/envs/airflow_env/lib/python3.9/site-packages/airflow/example_dags/example_trigger_controller_dag.py
[2022-08-22 20:23:37,295] {processor.py:654} INFO - DAG(s) dict_keys(['example_trigger_controller_dag']) retrieved from /opt/anaconda3/envs/airflow_env/lib/python3.9/site-packages/airflow/example_dags/example_trigger_controller_dag.py
[2022-08-22 20:23:37,305] {logging_mixin.py:109} INFO - [2022-08-22 20:23:37,305] {dag.py:2396} INFO - Sync 1 DAGs
[2022-08-22 20:23:37,309] {logging_mixin.py:109} INFO - [2022-08-22 20:23:37,309] {dag.py:2935} INFO - Setting next_dagrun for example_trigger_controller_dag to 2021-01-01T00:00:00+00:00
[2022-08-22 20:23:37,313] {processor.py:171} INFO - Processing /opt/anaconda3/envs/airflow_env/lib/python3.9/site-packages/airflow/example_dags/example_trigger_controller_dag.py took 0.036 seconds
[2022-08-22 20:24:38,694] {processor.py:163} INFO - Started process (PID=2444) to work on /opt/anaconda3/envs/airflow_env/lib/python3.9/site-packages/airflow/example_dags/example_trigger_controller_dag.py
[2022-08-22 20:24:38,695] {processor.py:642} INFO - Processing file /opt/anaconda3/envs/airflow_env/lib/python3.9/site-packages/airflow/example_dags/example_trigger_controller_dag.py for tasks to queue
[2022-08-22 20:24:38,695] {logging_mixin.py:109} INFO - [2022-08-22 20:24:38,695] {dagbag.py:500} INFO - Filling up the DagBag from /opt/anaconda3/envs/airflow_env/lib/python3.9/site-packages/airflow/example_dags/example_trigger_controller_dag.py
[2022-08-22 20:24:38,712] {processor.py:654} INFO - DAG(s) dict_keys(['example_trigger_controller_dag']) retrieved from /opt/anaconda3/envs/airflow_env/lib/python3.9/site-packages/airflow/example_dags/example_trigger_controller_dag.py
[2022-08-22 20:24:38,721] {logging_mixin.py:109} INFO - [2022-08-22 20:24:38,721] {dag.py:2396} INFO - Sync 1 DAGs
[2022-08-22 20:24:38,726] {logging_mixin.py:109} INFO - [2022-08-22 20:24:38,726] {dag.py:2935} INFO - Setting next_dagrun for example_trigger_controller_dag to 2021-01-01T00:00:00+00:00
[2022-08-22 20:24:38,730] {processor.py:171} INFO - Processing /opt/anaconda3/envs/airflow_env/lib/python3.9/site-packages/airflow/example_dags/example_trigger_controller_dag.py took 0.036 seconds
[2022-08-22 20:25:40,444] {processor.py:163} INFO - Started process (PID=2557) to work on /opt/anaconda3/envs/airflow_env/lib/python3.9/site-packages/airflow/example_dags/example_trigger_controller_dag.py
[2022-08-22 20:25:40,445] {processor.py:642} INFO - Processing file /opt/anaconda3/envs/airflow_env/lib/python3.9/site-packages/airflow/example_dags/example_trigger_controller_dag.py for tasks to queue
[2022-08-22 20:25:40,445] {logging_mixin.py:109} INFO - [2022-08-22 20:25:40,445] {dagbag.py:500} INFO - Filling up the DagBag from /opt/anaconda3/envs/airflow_env/lib/python3.9/site-packages/airflow/example_dags/example_trigger_controller_dag.py
[2022-08-22 20:25:40,460] {processor.py:654} INFO - DAG(s) dict_keys(['example_trigger_controller_dag']) retrieved from /opt/anaconda3/envs/airflow_env/lib/python3.9/site-packages/airflow/example_dags/example_trigger_controller_dag.py
[2022-08-22 20:25:40,468] {logging_mixin.py:109} INFO - [2022-08-22 20:25:40,468] {dag.py:2396} INFO - Sync 1 DAGs
[2022-08-22 20:25:40,473] {logging_mixin.py:109} INFO - [2022-08-22 20:25:40,473] {dag.py:2935} INFO - Setting next_dagrun for example_trigger_controller_dag to 2021-01-01T00:00:00+00:00
[2022-08-22 20:25:40,476] {processor.py:171} INFO - Processing /opt/anaconda3/envs/airflow_env/lib/python3.9/site-packages/airflow/example_dags/example_trigger_controller_dag.py took 0.033 seconds
[2022-08-22 20:26:41,984] {processor.py:163} INFO - Started process (PID=2599) to work on /opt/anaconda3/envs/airflow_env/lib/python3.9/site-packages/airflow/example_dags/example_trigger_controller_dag.py
[2022-08-22 20:26:41,984] {processor.py:642} INFO - Processing file /opt/anaconda3/envs/airflow_env/lib/python3.9/site-packages/airflow/example_dags/example_trigger_controller_dag.py for tasks to queue
[2022-08-22 20:26:41,984] {logging_mixin.py:109} INFO - [2022-08-22 20:26:41,984] {dagbag.py:500} INFO - Filling up the DagBag from /opt/anaconda3/envs/airflow_env/lib/python3.9/site-packages/airflow/example_dags/example_trigger_controller_dag.py
[2022-08-22 20:26:41,998] {processor.py:654} INFO - DAG(s) dict_keys(['example_trigger_controller_dag']) retrieved from /opt/anaconda3/envs/airflow_env/lib/python3.9/site-packages/airflow/example_dags/example_trigger_controller_dag.py
[2022-08-22 20:26:42,006] {logging_mixin.py:109} INFO - [2022-08-22 20:26:42,006] {dag.py:2396} INFO - Sync 1 DAGs
[2022-08-22 20:26:42,010] {logging_mixin.py:109} INFO - [2022-08-22 20:26:42,010] {dag.py:2935} INFO - Setting next_dagrun for example_trigger_controller_dag to 2021-01-01T00:00:00+00:00
[2022-08-22 20:26:42,014] {processor.py:171} INFO - Processing /opt/anaconda3/envs/airflow_env/lib/python3.9/site-packages/airflow/example_dags/example_trigger_controller_dag.py took 0.031 seconds
[2022-08-22 20:28:55,886] {processor.py:163} INFO - Started process (PID=2729) to work on /opt/anaconda3/envs/airflow_env/lib/python3.9/site-packages/airflow/example_dags/example_trigger_controller_dag.py
[2022-08-22 20:28:55,887] {processor.py:642} INFO - Processing file /opt/anaconda3/envs/airflow_env/lib/python3.9/site-packages/airflow/example_dags/example_trigger_controller_dag.py for tasks to queue
[2022-08-22 20:28:55,887] {logging_mixin.py:109} INFO - [2022-08-22 20:28:55,887] {dagbag.py:500} INFO - Filling up the DagBag from /opt/anaconda3/envs/airflow_env/lib/python3.9/site-packages/airflow/example_dags/example_trigger_controller_dag.py
[2022-08-22 20:28:55,901] {processor.py:654} INFO - DAG(s) dict_keys(['example_trigger_controller_dag']) retrieved from /opt/anaconda3/envs/airflow_env/lib/python3.9/site-packages/airflow/example_dags/example_trigger_controller_dag.py
[2022-08-22 20:28:55,910] {logging_mixin.py:109} INFO - [2022-08-22 20:28:55,910] {dag.py:2396} INFO - Sync 1 DAGs
[2022-08-22 20:28:55,914] {logging_mixin.py:109} INFO - [2022-08-22 20:28:55,914] {dag.py:2935} INFO - Setting next_dagrun for example_trigger_controller_dag to 2021-01-01T00:00:00+00:00
[2022-08-22 20:28:55,917] {processor.py:171} INFO - Processing /opt/anaconda3/envs/airflow_env/lib/python3.9/site-packages/airflow/example_dags/example_trigger_controller_dag.py took 0.031 seconds
[2022-08-22 20:29:57,267] {processor.py:163} INFO - Started process (PID=2773) to work on /opt/anaconda3/envs/airflow_env/lib/python3.9/site-packages/airflow/example_dags/example_trigger_controller_dag.py
[2022-08-22 20:29:57,267] {processor.py:642} INFO - Processing file /opt/anaconda3/envs/airflow_env/lib/python3.9/site-packages/airflow/example_dags/example_trigger_controller_dag.py for tasks to queue
[2022-08-22 20:29:57,267] {logging_mixin.py:109} INFO - [2022-08-22 20:29:57,267] {dagbag.py:500} INFO - Filling up the DagBag from /opt/anaconda3/envs/airflow_env/lib/python3.9/site-packages/airflow/example_dags/example_trigger_controller_dag.py
[2022-08-22 20:29:57,281] {processor.py:654} INFO - DAG(s) dict_keys(['example_trigger_controller_dag']) retrieved from /opt/anaconda3/envs/airflow_env/lib/python3.9/site-packages/airflow/example_dags/example_trigger_controller_dag.py
[2022-08-22 20:29:57,290] {logging_mixin.py:109} INFO - [2022-08-22 20:29:57,290] {dag.py:2396} INFO - Sync 1 DAGs
[2022-08-22 20:29:57,294] {logging_mixin.py:109} INFO - [2022-08-22 20:29:57,294] {dag.py:2935} INFO - Setting next_dagrun for example_trigger_controller_dag to 2021-01-01T00:00:00+00:00
[2022-08-22 20:29:57,298] {processor.py:171} INFO - Processing /opt/anaconda3/envs/airflow_env/lib/python3.9/site-packages/airflow/example_dags/example_trigger_controller_dag.py took 0.031 seconds
