[2022-08-22 19:59:15,167] {processor.py:163} INFO - Started process (PID=16788) to work on /opt/anaconda3/envs/airflow_env/lib/python3.9/site-packages/airflow/example_dags/example_branch_labels.py
[2022-08-22 19:59:15,167] {processor.py:642} INFO - Processing file /opt/anaconda3/envs/airflow_env/lib/python3.9/site-packages/airflow/example_dags/example_branch_labels.py for tasks to queue
[2022-08-22 19:59:15,168] {logging_mixin.py:109} INFO - [2022-08-22 19:59:15,168] {dagbag.py:500} INFO - Filling up the DagBag from /opt/anaconda3/envs/airflow_env/lib/python3.9/site-packages/airflow/example_dags/example_branch_labels.py
[2022-08-22 19:59:15,185] {processor.py:654} INFO - DAG(s) dict_keys(['example_branch_labels']) retrieved from /opt/anaconda3/envs/airflow_env/lib/python3.9/site-packages/airflow/example_dags/example_branch_labels.py
[2022-08-22 19:59:15,196] {logging_mixin.py:109} INFO - [2022-08-22 19:59:15,196] {dag.py:2396} INFO - Sync 1 DAGs
[2022-08-22 19:59:15,202] {logging_mixin.py:109} INFO - [2022-08-22 19:59:15,202] {dag.py:2935} INFO - Setting next_dagrun for example_branch_labels to 2022-08-22 00:00:00+00:00
[2022-08-22 19:59:15,206] {processor.py:171} INFO - Processing /opt/anaconda3/envs/airflow_env/lib/python3.9/site-packages/airflow/example_dags/example_branch_labels.py took 0.039 seconds
[2022-08-22 20:00:22,019] {processor.py:163} INFO - Started process (PID=16840) to work on /opt/anaconda3/envs/airflow_env/lib/python3.9/site-packages/airflow/example_dags/example_branch_labels.py
[2022-08-22 20:00:22,022] {processor.py:642} INFO - Processing file /opt/anaconda3/envs/airflow_env/lib/python3.9/site-packages/airflow/example_dags/example_branch_labels.py for tasks to queue
[2022-08-22 20:00:22,022] {logging_mixin.py:109} INFO - [2022-08-22 20:00:22,022] {dagbag.py:500} INFO - Filling up the DagBag from /opt/anaconda3/envs/airflow_env/lib/python3.9/site-packages/airflow/example_dags/example_branch_labels.py
[2022-08-22 20:00:22,039] {processor.py:654} INFO - DAG(s) dict_keys(['example_branch_labels']) retrieved from /opt/anaconda3/envs/airflow_env/lib/python3.9/site-packages/airflow/example_dags/example_branch_labels.py
[2022-08-22 20:00:22,049] {logging_mixin.py:109} INFO - [2022-08-22 20:00:22,049] {dag.py:2396} INFO - Sync 1 DAGs
[2022-08-22 20:00:22,054] {logging_mixin.py:109} INFO - [2022-08-22 20:00:22,054] {dag.py:2935} INFO - Setting next_dagrun for example_branch_labels to 2022-08-22 00:00:00+00:00
[2022-08-22 20:00:22,058] {processor.py:171} INFO - Processing /opt/anaconda3/envs/airflow_env/lib/python3.9/site-packages/airflow/example_dags/example_branch_labels.py took 0.040 seconds
[2022-08-22 20:01:28,763] {processor.py:163} INFO - Started process (PID=16888) to work on /opt/anaconda3/envs/airflow_env/lib/python3.9/site-packages/airflow/example_dags/example_branch_labels.py
[2022-08-22 20:01:28,764] {processor.py:642} INFO - Processing file /opt/anaconda3/envs/airflow_env/lib/python3.9/site-packages/airflow/example_dags/example_branch_labels.py for tasks to queue
[2022-08-22 20:01:28,764] {logging_mixin.py:109} INFO - [2022-08-22 20:01:28,764] {dagbag.py:500} INFO - Filling up the DagBag from /opt/anaconda3/envs/airflow_env/lib/python3.9/site-packages/airflow/example_dags/example_branch_labels.py
[2022-08-22 20:01:28,781] {processor.py:654} INFO - DAG(s) dict_keys(['example_branch_labels']) retrieved from /opt/anaconda3/envs/airflow_env/lib/python3.9/site-packages/airflow/example_dags/example_branch_labels.py
[2022-08-22 20:01:28,792] {logging_mixin.py:109} INFO - [2022-08-22 20:01:28,792] {dag.py:2396} INFO - Sync 1 DAGs
[2022-08-22 20:01:28,798] {logging_mixin.py:109} INFO - [2022-08-22 20:01:28,798] {dag.py:2935} INFO - Setting next_dagrun for example_branch_labels to 2022-08-22 00:00:00+00:00
[2022-08-22 20:01:28,801] {processor.py:171} INFO - Processing /opt/anaconda3/envs/airflow_env/lib/python3.9/site-packages/airflow/example_dags/example_branch_labels.py took 0.039 seconds
[2022-08-22 20:02:35,543] {processor.py:163} INFO - Started process (PID=16930) to work on /opt/anaconda3/envs/airflow_env/lib/python3.9/site-packages/airflow/example_dags/example_branch_labels.py
[2022-08-22 20:02:35,544] {processor.py:642} INFO - Processing file /opt/anaconda3/envs/airflow_env/lib/python3.9/site-packages/airflow/example_dags/example_branch_labels.py for tasks to queue
[2022-08-22 20:02:35,545] {logging_mixin.py:109} INFO - [2022-08-22 20:02:35,545] {dagbag.py:500} INFO - Filling up the DagBag from /opt/anaconda3/envs/airflow_env/lib/python3.9/site-packages/airflow/example_dags/example_branch_labels.py
[2022-08-22 20:02:35,560] {processor.py:654} INFO - DAG(s) dict_keys(['example_branch_labels']) retrieved from /opt/anaconda3/envs/airflow_env/lib/python3.9/site-packages/airflow/example_dags/example_branch_labels.py
[2022-08-22 20:02:35,570] {logging_mixin.py:109} INFO - [2022-08-22 20:02:35,570] {dag.py:2396} INFO - Sync 1 DAGs
[2022-08-22 20:02:35,575] {logging_mixin.py:109} INFO - [2022-08-22 20:02:35,575] {dag.py:2935} INFO - Setting next_dagrun for example_branch_labels to 2022-08-22 00:00:00+00:00
[2022-08-22 20:02:35,579] {processor.py:171} INFO - Processing /opt/anaconda3/envs/airflow_env/lib/python3.9/site-packages/airflow/example_dags/example_branch_labels.py took 0.036 seconds
[2022-08-22 20:03:39,457] {processor.py:163} INFO - Started process (PID=16976) to work on /opt/anaconda3/envs/airflow_env/lib/python3.9/site-packages/airflow/example_dags/example_branch_labels.py
[2022-08-22 20:03:39,457] {processor.py:642} INFO - Processing file /opt/anaconda3/envs/airflow_env/lib/python3.9/site-packages/airflow/example_dags/example_branch_labels.py for tasks to queue
[2022-08-22 20:03:39,457] {logging_mixin.py:109} INFO - [2022-08-22 20:03:39,457] {dagbag.py:500} INFO - Filling up the DagBag from /opt/anaconda3/envs/airflow_env/lib/python3.9/site-packages/airflow/example_dags/example_branch_labels.py
[2022-08-22 20:03:39,473] {processor.py:654} INFO - DAG(s) dict_keys(['example_branch_labels']) retrieved from /opt/anaconda3/envs/airflow_env/lib/python3.9/site-packages/airflow/example_dags/example_branch_labels.py
[2022-08-22 20:03:39,483] {logging_mixin.py:109} INFO - [2022-08-22 20:03:39,483] {dag.py:2396} INFO - Sync 1 DAGs
[2022-08-22 20:03:39,489] {logging_mixin.py:109} INFO - [2022-08-22 20:03:39,488] {dag.py:2935} INFO - Setting next_dagrun for example_branch_labels to 2022-08-22 00:00:00+00:00
[2022-08-22 20:03:39,493] {processor.py:171} INFO - Processing /opt/anaconda3/envs/airflow_env/lib/python3.9/site-packages/airflow/example_dags/example_branch_labels.py took 0.036 seconds
[2022-08-22 20:04:44,073] {processor.py:163} INFO - Started process (PID=17062) to work on /opt/anaconda3/envs/airflow_env/lib/python3.9/site-packages/airflow/example_dags/example_branch_labels.py
[2022-08-22 20:04:44,073] {processor.py:642} INFO - Processing file /opt/anaconda3/envs/airflow_env/lib/python3.9/site-packages/airflow/example_dags/example_branch_labels.py for tasks to queue
[2022-08-22 20:04:44,074] {logging_mixin.py:109} INFO - [2022-08-22 20:04:44,074] {dagbag.py:500} INFO - Filling up the DagBag from /opt/anaconda3/envs/airflow_env/lib/python3.9/site-packages/airflow/example_dags/example_branch_labels.py
[2022-08-22 20:04:44,091] {processor.py:654} INFO - DAG(s) dict_keys(['example_branch_labels']) retrieved from /opt/anaconda3/envs/airflow_env/lib/python3.9/site-packages/airflow/example_dags/example_branch_labels.py
[2022-08-22 20:04:44,101] {logging_mixin.py:109} INFO - [2022-08-22 20:04:44,101] {dag.py:2396} INFO - Sync 1 DAGs
[2022-08-22 20:04:44,106] {logging_mixin.py:109} INFO - [2022-08-22 20:04:44,106] {dag.py:2935} INFO - Setting next_dagrun for example_branch_labels to 2022-08-22 00:00:00+00:00
[2022-08-22 20:04:44,110] {processor.py:171} INFO - Processing /opt/anaconda3/envs/airflow_env/lib/python3.9/site-packages/airflow/example_dags/example_branch_labels.py took 0.038 seconds
[2022-08-22 20:05:50,068] {processor.py:163} INFO - Started process (PID=17107) to work on /opt/anaconda3/envs/airflow_env/lib/python3.9/site-packages/airflow/example_dags/example_branch_labels.py
[2022-08-22 20:05:50,069] {processor.py:642} INFO - Processing file /opt/anaconda3/envs/airflow_env/lib/python3.9/site-packages/airflow/example_dags/example_branch_labels.py for tasks to queue
[2022-08-22 20:05:50,069] {logging_mixin.py:109} INFO - [2022-08-22 20:05:50,069] {dagbag.py:500} INFO - Filling up the DagBag from /opt/anaconda3/envs/airflow_env/lib/python3.9/site-packages/airflow/example_dags/example_branch_labels.py
[2022-08-22 20:05:50,086] {processor.py:654} INFO - DAG(s) dict_keys(['example_branch_labels']) retrieved from /opt/anaconda3/envs/airflow_env/lib/python3.9/site-packages/airflow/example_dags/example_branch_labels.py
[2022-08-22 20:05:50,097] {logging_mixin.py:109} INFO - [2022-08-22 20:05:50,097] {dag.py:2396} INFO - Sync 1 DAGs
[2022-08-22 20:05:50,103] {logging_mixin.py:109} INFO - [2022-08-22 20:05:50,103] {dag.py:2935} INFO - Setting next_dagrun for example_branch_labels to 2022-08-22 00:00:00+00:00
[2022-08-22 20:05:50,107] {processor.py:171} INFO - Processing /opt/anaconda3/envs/airflow_env/lib/python3.9/site-packages/airflow/example_dags/example_branch_labels.py took 0.039 seconds
[2022-08-22 20:13:03,017] {processor.py:163} INFO - Started process (PID=1453) to work on /opt/anaconda3/envs/airflow_env/lib/python3.9/site-packages/airflow/example_dags/example_branch_labels.py
[2022-08-22 20:13:03,018] {processor.py:642} INFO - Processing file /opt/anaconda3/envs/airflow_env/lib/python3.9/site-packages/airflow/example_dags/example_branch_labels.py for tasks to queue
[2022-08-22 20:13:03,018] {logging_mixin.py:109} INFO - [2022-08-22 20:13:03,018] {dagbag.py:500} INFO - Filling up the DagBag from /opt/anaconda3/envs/airflow_env/lib/python3.9/site-packages/airflow/example_dags/example_branch_labels.py
[2022-08-22 20:13:03,033] {processor.py:654} INFO - DAG(s) dict_keys(['example_branch_labels']) retrieved from /opt/anaconda3/envs/airflow_env/lib/python3.9/site-packages/airflow/example_dags/example_branch_labels.py
[2022-08-22 20:13:03,041] {logging_mixin.py:109} INFO - [2022-08-22 20:13:03,041] {dag.py:2396} INFO - Sync 1 DAGs
[2022-08-22 20:13:03,046] {logging_mixin.py:109} INFO - [2022-08-22 20:13:03,046] {dag.py:2935} INFO - Setting next_dagrun for example_branch_labels to 2022-08-22 00:00:00+00:00
[2022-08-22 20:13:03,049] {processor.py:171} INFO - Processing /opt/anaconda3/envs/airflow_env/lib/python3.9/site-packages/airflow/example_dags/example_branch_labels.py took 0.032 seconds
[2022-08-22 20:14:06,368] {processor.py:163} INFO - Started process (PID=1500) to work on /opt/anaconda3/envs/airflow_env/lib/python3.9/site-packages/airflow/example_dags/example_branch_labels.py
[2022-08-22 20:14:06,376] {processor.py:642} INFO - Processing file /opt/anaconda3/envs/airflow_env/lib/python3.9/site-packages/airflow/example_dags/example_branch_labels.py for tasks to queue
[2022-08-22 20:14:06,377] {logging_mixin.py:109} INFO - [2022-08-22 20:14:06,377] {dagbag.py:500} INFO - Filling up the DagBag from /opt/anaconda3/envs/airflow_env/lib/python3.9/site-packages/airflow/example_dags/example_branch_labels.py
[2022-08-22 20:14:06,391] {processor.py:654} INFO - DAG(s) dict_keys(['example_branch_labels']) retrieved from /opt/anaconda3/envs/airflow_env/lib/python3.9/site-packages/airflow/example_dags/example_branch_labels.py
[2022-08-22 20:14:06,400] {logging_mixin.py:109} INFO - [2022-08-22 20:14:06,400] {dag.py:2396} INFO - Sync 1 DAGs
[2022-08-22 20:14:06,405] {logging_mixin.py:109} INFO - [2022-08-22 20:14:06,405] {dag.py:2935} INFO - Setting next_dagrun for example_branch_labels to 2022-08-22 00:00:00+00:00
[2022-08-22 20:14:06,408] {processor.py:171} INFO - Processing /opt/anaconda3/envs/airflow_env/lib/python3.9/site-packages/airflow/example_dags/example_branch_labels.py took 0.041 seconds
[2022-08-22 20:15:07,745] {processor.py:163} INFO - Started process (PID=1627) to work on /opt/anaconda3/envs/airflow_env/lib/python3.9/site-packages/airflow/example_dags/example_branch_labels.py
[2022-08-22 20:15:07,745] {processor.py:642} INFO - Processing file /opt/anaconda3/envs/airflow_env/lib/python3.9/site-packages/airflow/example_dags/example_branch_labels.py for tasks to queue
[2022-08-22 20:15:07,745] {logging_mixin.py:109} INFO - [2022-08-22 20:15:07,745] {dagbag.py:500} INFO - Filling up the DagBag from /opt/anaconda3/envs/airflow_env/lib/python3.9/site-packages/airflow/example_dags/example_branch_labels.py
[2022-08-22 20:15:07,761] {processor.py:654} INFO - DAG(s) dict_keys(['example_branch_labels']) retrieved from /opt/anaconda3/envs/airflow_env/lib/python3.9/site-packages/airflow/example_dags/example_branch_labels.py
[2022-08-22 20:15:07,772] {logging_mixin.py:109} INFO - [2022-08-22 20:15:07,771] {dag.py:2396} INFO - Sync 1 DAGs
[2022-08-22 20:15:07,777] {logging_mixin.py:109} INFO - [2022-08-22 20:15:07,777] {dag.py:2935} INFO - Setting next_dagrun for example_branch_labels to 2022-08-22 00:00:00+00:00
[2022-08-22 20:15:07,781] {processor.py:171} INFO - Processing /opt/anaconda3/envs/airflow_env/lib/python3.9/site-packages/airflow/example_dags/example_branch_labels.py took 0.037 seconds
[2022-08-22 20:16:11,484] {processor.py:163} INFO - Started process (PID=1866) to work on /opt/anaconda3/envs/airflow_env/lib/python3.9/site-packages/airflow/example_dags/example_branch_labels.py
[2022-08-22 20:16:11,484] {processor.py:642} INFO - Processing file /opt/anaconda3/envs/airflow_env/lib/python3.9/site-packages/airflow/example_dags/example_branch_labels.py for tasks to queue
[2022-08-22 20:16:11,484] {logging_mixin.py:109} INFO - [2022-08-22 20:16:11,484] {dagbag.py:500} INFO - Filling up the DagBag from /opt/anaconda3/envs/airflow_env/lib/python3.9/site-packages/airflow/example_dags/example_branch_labels.py
[2022-08-22 20:16:11,501] {processor.py:654} INFO - DAG(s) dict_keys(['example_branch_labels']) retrieved from /opt/anaconda3/envs/airflow_env/lib/python3.9/site-packages/airflow/example_dags/example_branch_labels.py
[2022-08-22 20:16:11,511] {logging_mixin.py:109} INFO - [2022-08-22 20:16:11,511] {dag.py:2396} INFO - Sync 1 DAGs
[2022-08-22 20:16:11,516] {logging_mixin.py:109} INFO - [2022-08-22 20:16:11,516] {dag.py:2935} INFO - Setting next_dagrun for example_branch_labels to 2022-08-22 00:00:00+00:00
[2022-08-22 20:16:11,520] {processor.py:171} INFO - Processing /opt/anaconda3/envs/airflow_env/lib/python3.9/site-packages/airflow/example_dags/example_branch_labels.py took 0.037 seconds
[2022-08-22 20:17:12,246] {processor.py:163} INFO - Started process (PID=1944) to work on /opt/anaconda3/envs/airflow_env/lib/python3.9/site-packages/airflow/example_dags/example_branch_labels.py
[2022-08-22 20:17:12,246] {processor.py:642} INFO - Processing file /opt/anaconda3/envs/airflow_env/lib/python3.9/site-packages/airflow/example_dags/example_branch_labels.py for tasks to queue
[2022-08-22 20:17:12,247] {logging_mixin.py:109} INFO - [2022-08-22 20:17:12,247] {dagbag.py:500} INFO - Filling up the DagBag from /opt/anaconda3/envs/airflow_env/lib/python3.9/site-packages/airflow/example_dags/example_branch_labels.py
[2022-08-22 20:17:12,262] {processor.py:654} INFO - DAG(s) dict_keys(['example_branch_labels']) retrieved from /opt/anaconda3/envs/airflow_env/lib/python3.9/site-packages/airflow/example_dags/example_branch_labels.py
[2022-08-22 20:17:12,278] {logging_mixin.py:109} INFO - [2022-08-22 20:17:12,278] {dag.py:2396} INFO - Sync 1 DAGs
[2022-08-22 20:17:12,284] {logging_mixin.py:109} INFO - [2022-08-22 20:17:12,284] {dag.py:2935} INFO - Setting next_dagrun for example_branch_labels to 2022-08-22 00:00:00+00:00
[2022-08-22 20:17:12,287] {processor.py:171} INFO - Processing /opt/anaconda3/envs/airflow_env/lib/python3.9/site-packages/airflow/example_dags/example_branch_labels.py took 0.042 seconds
[2022-08-22 20:18:11,486] {processor.py:163} INFO - Started process (PID=1988) to work on /opt/anaconda3/envs/airflow_env/lib/python3.9/site-packages/airflow/example_dags/example_branch_labels.py
[2022-08-22 20:18:11,487] {processor.py:642} INFO - Processing file /opt/anaconda3/envs/airflow_env/lib/python3.9/site-packages/airflow/example_dags/example_branch_labels.py for tasks to queue
[2022-08-22 20:18:11,487] {logging_mixin.py:109} INFO - [2022-08-22 20:18:11,487] {dagbag.py:500} INFO - Filling up the DagBag from /opt/anaconda3/envs/airflow_env/lib/python3.9/site-packages/airflow/example_dags/example_branch_labels.py
[2022-08-22 20:18:11,501] {processor.py:654} INFO - DAG(s) dict_keys(['example_branch_labels']) retrieved from /opt/anaconda3/envs/airflow_env/lib/python3.9/site-packages/airflow/example_dags/example_branch_labels.py
[2022-08-22 20:18:11,510] {logging_mixin.py:109} INFO - [2022-08-22 20:18:11,510] {dag.py:2396} INFO - Sync 1 DAGs
[2022-08-22 20:18:11,515] {logging_mixin.py:109} INFO - [2022-08-22 20:18:11,514] {dag.py:2935} INFO - Setting next_dagrun for example_branch_labels to 2022-08-22 00:00:00+00:00
[2022-08-22 20:18:11,518] {processor.py:171} INFO - Processing /opt/anaconda3/envs/airflow_env/lib/python3.9/site-packages/airflow/example_dags/example_branch_labels.py took 0.032 seconds
[2022-08-22 20:19:12,778] {processor.py:163} INFO - Started process (PID=2070) to work on /opt/anaconda3/envs/airflow_env/lib/python3.9/site-packages/airflow/example_dags/example_branch_labels.py
[2022-08-22 20:19:12,778] {processor.py:642} INFO - Processing file /opt/anaconda3/envs/airflow_env/lib/python3.9/site-packages/airflow/example_dags/example_branch_labels.py for tasks to queue
[2022-08-22 20:19:12,778] {logging_mixin.py:109} INFO - [2022-08-22 20:19:12,778] {dagbag.py:500} INFO - Filling up the DagBag from /opt/anaconda3/envs/airflow_env/lib/python3.9/site-packages/airflow/example_dags/example_branch_labels.py
[2022-08-22 20:19:12,792] {processor.py:654} INFO - DAG(s) dict_keys(['example_branch_labels']) retrieved from /opt/anaconda3/envs/airflow_env/lib/python3.9/site-packages/airflow/example_dags/example_branch_labels.py
[2022-08-22 20:19:12,801] {logging_mixin.py:109} INFO - [2022-08-22 20:19:12,801] {dag.py:2396} INFO - Sync 1 DAGs
[2022-08-22 20:19:12,806] {logging_mixin.py:109} INFO - [2022-08-22 20:19:12,806] {dag.py:2935} INFO - Setting next_dagrun for example_branch_labels to 2022-08-22 00:00:00+00:00
[2022-08-22 20:19:12,809] {processor.py:171} INFO - Processing /opt/anaconda3/envs/airflow_env/lib/python3.9/site-packages/airflow/example_dags/example_branch_labels.py took 0.032 seconds
[2022-08-22 20:20:16,074] {processor.py:163} INFO - Started process (PID=2152) to work on /opt/anaconda3/envs/airflow_env/lib/python3.9/site-packages/airflow/example_dags/example_branch_labels.py
[2022-08-22 20:20:16,074] {processor.py:642} INFO - Processing file /opt/anaconda3/envs/airflow_env/lib/python3.9/site-packages/airflow/example_dags/example_branch_labels.py for tasks to queue
[2022-08-22 20:20:16,074] {logging_mixin.py:109} INFO - [2022-08-22 20:20:16,074] {dagbag.py:500} INFO - Filling up the DagBag from /opt/anaconda3/envs/airflow_env/lib/python3.9/site-packages/airflow/example_dags/example_branch_labels.py
[2022-08-22 20:20:16,088] {processor.py:654} INFO - DAG(s) dict_keys(['example_branch_labels']) retrieved from /opt/anaconda3/envs/airflow_env/lib/python3.9/site-packages/airflow/example_dags/example_branch_labels.py
[2022-08-22 20:20:16,097] {logging_mixin.py:109} INFO - [2022-08-22 20:20:16,097] {dag.py:2396} INFO - Sync 1 DAGs
[2022-08-22 20:20:16,102] {logging_mixin.py:109} INFO - [2022-08-22 20:20:16,102] {dag.py:2935} INFO - Setting next_dagrun for example_branch_labels to 2022-08-22 00:00:00+00:00
[2022-08-22 20:20:16,105] {processor.py:171} INFO - Processing /opt/anaconda3/envs/airflow_env/lib/python3.9/site-packages/airflow/example_dags/example_branch_labels.py took 0.032 seconds
[2022-08-22 20:21:17,541] {processor.py:163} INFO - Started process (PID=2287) to work on /opt/anaconda3/envs/airflow_env/lib/python3.9/site-packages/airflow/example_dags/example_branch_labels.py
[2022-08-22 20:21:17,542] {processor.py:642} INFO - Processing file /opt/anaconda3/envs/airflow_env/lib/python3.9/site-packages/airflow/example_dags/example_branch_labels.py for tasks to queue
[2022-08-22 20:21:17,542] {logging_mixin.py:109} INFO - [2022-08-22 20:21:17,542] {dagbag.py:500} INFO - Filling up the DagBag from /opt/anaconda3/envs/airflow_env/lib/python3.9/site-packages/airflow/example_dags/example_branch_labels.py
[2022-08-22 20:21:17,557] {processor.py:654} INFO - DAG(s) dict_keys(['example_branch_labels']) retrieved from /opt/anaconda3/envs/airflow_env/lib/python3.9/site-packages/airflow/example_dags/example_branch_labels.py
[2022-08-22 20:21:17,566] {logging_mixin.py:109} INFO - [2022-08-22 20:21:17,566] {dag.py:2396} INFO - Sync 1 DAGs
[2022-08-22 20:21:17,571] {logging_mixin.py:109} INFO - [2022-08-22 20:21:17,571] {dag.py:2935} INFO - Setting next_dagrun for example_branch_labels to 2022-08-22 00:00:00+00:00
[2022-08-22 20:21:17,574] {processor.py:171} INFO - Processing /opt/anaconda3/envs/airflow_env/lib/python3.9/site-packages/airflow/example_dags/example_branch_labels.py took 0.034 seconds
[2022-08-22 20:23:12,297] {processor.py:163} INFO - Started process (PID=2386) to work on /opt/anaconda3/envs/airflow_env/lib/python3.9/site-packages/airflow/example_dags/example_branch_labels.py
[2022-08-22 20:23:12,299] {processor.py:642} INFO - Processing file /opt/anaconda3/envs/airflow_env/lib/python3.9/site-packages/airflow/example_dags/example_branch_labels.py for tasks to queue
[2022-08-22 20:23:12,299] {logging_mixin.py:109} INFO - [2022-08-22 20:23:12,299] {dagbag.py:500} INFO - Filling up the DagBag from /opt/anaconda3/envs/airflow_env/lib/python3.9/site-packages/airflow/example_dags/example_branch_labels.py
[2022-08-22 20:23:12,314] {processor.py:654} INFO - DAG(s) dict_keys(['example_branch_labels']) retrieved from /opt/anaconda3/envs/airflow_env/lib/python3.9/site-packages/airflow/example_dags/example_branch_labels.py
[2022-08-22 20:23:12,323] {logging_mixin.py:109} INFO - [2022-08-22 20:23:12,323] {dag.py:2396} INFO - Sync 1 DAGs
[2022-08-22 20:23:12,328] {logging_mixin.py:109} INFO - [2022-08-22 20:23:12,328] {dag.py:2935} INFO - Setting next_dagrun for example_branch_labels to 2022-08-22 00:00:00+00:00
[2022-08-22 20:23:12,331] {processor.py:171} INFO - Processing /opt/anaconda3/envs/airflow_env/lib/python3.9/site-packages/airflow/example_dags/example_branch_labels.py took 0.034 seconds
[2022-08-22 20:24:13,700] {processor.py:163} INFO - Started process (PID=2426) to work on /opt/anaconda3/envs/airflow_env/lib/python3.9/site-packages/airflow/example_dags/example_branch_labels.py
[2022-08-22 20:24:13,701] {processor.py:642} INFO - Processing file /opt/anaconda3/envs/airflow_env/lib/python3.9/site-packages/airflow/example_dags/example_branch_labels.py for tasks to queue
[2022-08-22 20:24:13,702] {logging_mixin.py:109} INFO - [2022-08-22 20:24:13,702] {dagbag.py:500} INFO - Filling up the DagBag from /opt/anaconda3/envs/airflow_env/lib/python3.9/site-packages/airflow/example_dags/example_branch_labels.py
[2022-08-22 20:24:13,717] {processor.py:654} INFO - DAG(s) dict_keys(['example_branch_labels']) retrieved from /opt/anaconda3/envs/airflow_env/lib/python3.9/site-packages/airflow/example_dags/example_branch_labels.py
[2022-08-22 20:24:13,725] {logging_mixin.py:109} INFO - [2022-08-22 20:24:13,725] {dag.py:2396} INFO - Sync 1 DAGs
[2022-08-22 20:24:13,730] {logging_mixin.py:109} INFO - [2022-08-22 20:24:13,730] {dag.py:2935} INFO - Setting next_dagrun for example_branch_labels to 2022-08-22 00:00:00+00:00
[2022-08-22 20:24:13,733] {processor.py:171} INFO - Processing /opt/anaconda3/envs/airflow_env/lib/python3.9/site-packages/airflow/example_dags/example_branch_labels.py took 0.033 seconds
[2022-08-22 20:25:15,367] {processor.py:163} INFO - Started process (PID=2532) to work on /opt/anaconda3/envs/airflow_env/lib/python3.9/site-packages/airflow/example_dags/example_branch_labels.py
[2022-08-22 20:25:15,368] {processor.py:642} INFO - Processing file /opt/anaconda3/envs/airflow_env/lib/python3.9/site-packages/airflow/example_dags/example_branch_labels.py for tasks to queue
[2022-08-22 20:25:15,368] {logging_mixin.py:109} INFO - [2022-08-22 20:25:15,368] {dagbag.py:500} INFO - Filling up the DagBag from /opt/anaconda3/envs/airflow_env/lib/python3.9/site-packages/airflow/example_dags/example_branch_labels.py
[2022-08-22 20:25:15,383] {processor.py:654} INFO - DAG(s) dict_keys(['example_branch_labels']) retrieved from /opt/anaconda3/envs/airflow_env/lib/python3.9/site-packages/airflow/example_dags/example_branch_labels.py
[2022-08-22 20:25:15,393] {logging_mixin.py:109} INFO - [2022-08-22 20:25:15,393] {dag.py:2396} INFO - Sync 1 DAGs
[2022-08-22 20:25:15,399] {logging_mixin.py:109} INFO - [2022-08-22 20:25:15,399] {dag.py:2935} INFO - Setting next_dagrun for example_branch_labels to 2022-08-22 00:00:00+00:00
[2022-08-22 20:25:15,402] {processor.py:171} INFO - Processing /opt/anaconda3/envs/airflow_env/lib/python3.9/site-packages/airflow/example_dags/example_branch_labels.py took 0.035 seconds
[2022-08-22 20:26:18,637] {processor.py:163} INFO - Started process (PID=2585) to work on /opt/anaconda3/envs/airflow_env/lib/python3.9/site-packages/airflow/example_dags/example_branch_labels.py
[2022-08-22 20:26:18,638] {processor.py:642} INFO - Processing file /opt/anaconda3/envs/airflow_env/lib/python3.9/site-packages/airflow/example_dags/example_branch_labels.py for tasks to queue
[2022-08-22 20:26:18,638] {logging_mixin.py:109} INFO - [2022-08-22 20:26:18,638] {dagbag.py:500} INFO - Filling up the DagBag from /opt/anaconda3/envs/airflow_env/lib/python3.9/site-packages/airflow/example_dags/example_branch_labels.py
[2022-08-22 20:26:18,654] {processor.py:654} INFO - DAG(s) dict_keys(['example_branch_labels']) retrieved from /opt/anaconda3/envs/airflow_env/lib/python3.9/site-packages/airflow/example_dags/example_branch_labels.py
[2022-08-22 20:26:18,664] {logging_mixin.py:109} INFO - [2022-08-22 20:26:18,664] {dag.py:2396} INFO - Sync 1 DAGs
[2022-08-22 20:26:18,669] {logging_mixin.py:109} INFO - [2022-08-22 20:26:18,669] {dag.py:2935} INFO - Setting next_dagrun for example_branch_labels to 2022-08-22 00:00:00+00:00
[2022-08-22 20:26:18,673] {processor.py:171} INFO - Processing /opt/anaconda3/envs/airflow_env/lib/python3.9/site-packages/airflow/example_dags/example_branch_labels.py took 0.036 seconds
[2022-08-22 20:27:21,732] {processor.py:163} INFO - Started process (PID=2660) to work on /opt/anaconda3/envs/airflow_env/lib/python3.9/site-packages/airflow/example_dags/example_branch_labels.py
[2022-08-22 20:27:21,732] {processor.py:642} INFO - Processing file /opt/anaconda3/envs/airflow_env/lib/python3.9/site-packages/airflow/example_dags/example_branch_labels.py for tasks to queue
[2022-08-22 20:27:21,733] {logging_mixin.py:109} INFO - [2022-08-22 20:27:21,733] {dagbag.py:500} INFO - Filling up the DagBag from /opt/anaconda3/envs/airflow_env/lib/python3.9/site-packages/airflow/example_dags/example_branch_labels.py
[2022-08-22 20:27:21,750] {processor.py:654} INFO - DAG(s) dict_keys(['example_branch_labels']) retrieved from /opt/anaconda3/envs/airflow_env/lib/python3.9/site-packages/airflow/example_dags/example_branch_labels.py
[2022-08-22 20:27:21,761] {logging_mixin.py:109} INFO - [2022-08-22 20:27:21,761] {dag.py:2396} INFO - Sync 1 DAGs
[2022-08-22 20:27:21,766] {logging_mixin.py:109} INFO - [2022-08-22 20:27:21,766] {dag.py:2935} INFO - Setting next_dagrun for example_branch_labels to 2022-08-22 00:00:00+00:00
[2022-08-22 20:27:21,771] {processor.py:171} INFO - Processing /opt/anaconda3/envs/airflow_env/lib/python3.9/site-packages/airflow/example_dags/example_branch_labels.py took 0.039 seconds
[2022-08-22 20:29:32,259] {processor.py:163} INFO - Started process (PID=2750) to work on /opt/anaconda3/envs/airflow_env/lib/python3.9/site-packages/airflow/example_dags/example_branch_labels.py
[2022-08-22 20:29:32,260] {processor.py:642} INFO - Processing file /opt/anaconda3/envs/airflow_env/lib/python3.9/site-packages/airflow/example_dags/example_branch_labels.py for tasks to queue
[2022-08-22 20:29:32,261] {logging_mixin.py:109} INFO - [2022-08-22 20:29:32,261] {dagbag.py:500} INFO - Filling up the DagBag from /opt/anaconda3/envs/airflow_env/lib/python3.9/site-packages/airflow/example_dags/example_branch_labels.py
[2022-08-22 20:29:32,275] {processor.py:654} INFO - DAG(s) dict_keys(['example_branch_labels']) retrieved from /opt/anaconda3/envs/airflow_env/lib/python3.9/site-packages/airflow/example_dags/example_branch_labels.py
[2022-08-22 20:29:32,284] {logging_mixin.py:109} INFO - [2022-08-22 20:29:32,284] {dag.py:2396} INFO - Sync 1 DAGs
[2022-08-22 20:29:32,289] {logging_mixin.py:109} INFO - [2022-08-22 20:29:32,289] {dag.py:2935} INFO - Setting next_dagrun for example_branch_labels to 2022-08-22 00:00:00+00:00
[2022-08-22 20:29:32,292] {processor.py:171} INFO - Processing /opt/anaconda3/envs/airflow_env/lib/python3.9/site-packages/airflow/example_dags/example_branch_labels.py took 0.034 seconds
