[2022-08-22 19:58:43,333] {processor.py:163} INFO - Started process (PID=16765) to work on /opt/anaconda3/envs/airflow_env/lib/python3.9/site-packages/airflow/example_dags/example_task_group.py
[2022-08-22 19:58:43,333] {processor.py:642} INFO - Processing file /opt/anaconda3/envs/airflow_env/lib/python3.9/site-packages/airflow/example_dags/example_task_group.py for tasks to queue
[2022-08-22 19:58:43,333] {logging_mixin.py:109} INFO - [2022-08-22 19:58:43,333] {dagbag.py:500} INFO - Filling up the DagBag from /opt/anaconda3/envs/airflow_env/lib/python3.9/site-packages/airflow/example_dags/example_task_group.py
[2022-08-22 19:58:43,352] {processor.py:654} INFO - DAG(s) dict_keys(['example_task_group']) retrieved from /opt/anaconda3/envs/airflow_env/lib/python3.9/site-packages/airflow/example_dags/example_task_group.py
[2022-08-22 19:58:43,363] {logging_mixin.py:109} INFO - [2022-08-22 19:58:43,363] {dag.py:2396} INFO - Sync 1 DAGs
[2022-08-22 19:58:43,368] {logging_mixin.py:109} INFO - [2022-08-22 19:58:43,368] {dag.py:2935} INFO - Setting next_dagrun for example_task_group to 2022-08-22T00:58:43.367915+00:00
[2022-08-22 19:58:43,372] {processor.py:171} INFO - Processing /opt/anaconda3/envs/airflow_env/lib/python3.9/site-packages/airflow/example_dags/example_task_group.py took 0.039 seconds
[2022-08-22 19:59:47,030] {processor.py:163} INFO - Started process (PID=16807) to work on /opt/anaconda3/envs/airflow_env/lib/python3.9/site-packages/airflow/example_dags/example_task_group.py
[2022-08-22 19:59:47,031] {processor.py:642} INFO - Processing file /opt/anaconda3/envs/airflow_env/lib/python3.9/site-packages/airflow/example_dags/example_task_group.py for tasks to queue
[2022-08-22 19:59:47,031] {logging_mixin.py:109} INFO - [2022-08-22 19:59:47,031] {dagbag.py:500} INFO - Filling up the DagBag from /opt/anaconda3/envs/airflow_env/lib/python3.9/site-packages/airflow/example_dags/example_task_group.py
[2022-08-22 19:59:47,048] {processor.py:654} INFO - DAG(s) dict_keys(['example_task_group']) retrieved from /opt/anaconda3/envs/airflow_env/lib/python3.9/site-packages/airflow/example_dags/example_task_group.py
[2022-08-22 19:59:47,059] {logging_mixin.py:109} INFO - [2022-08-22 19:59:47,059] {dag.py:2396} INFO - Sync 1 DAGs
[2022-08-22 19:59:47,063] {logging_mixin.py:109} INFO - [2022-08-22 19:59:47,063] {dag.py:2935} INFO - Setting next_dagrun for example_task_group to 2022-08-22T00:59:47.063704+00:00
[2022-08-22 19:59:47,067] {processor.py:171} INFO - Processing /opt/anaconda3/envs/airflow_env/lib/python3.9/site-packages/airflow/example_dags/example_task_group.py took 0.038 seconds
[2022-08-22 20:00:53,725] {processor.py:163} INFO - Started process (PID=16868) to work on /opt/anaconda3/envs/airflow_env/lib/python3.9/site-packages/airflow/example_dags/example_task_group.py
[2022-08-22 20:00:53,726] {processor.py:642} INFO - Processing file /opt/anaconda3/envs/airflow_env/lib/python3.9/site-packages/airflow/example_dags/example_task_group.py for tasks to queue
[2022-08-22 20:00:53,726] {logging_mixin.py:109} INFO - [2022-08-22 20:00:53,726] {dagbag.py:500} INFO - Filling up the DagBag from /opt/anaconda3/envs/airflow_env/lib/python3.9/site-packages/airflow/example_dags/example_task_group.py
[2022-08-22 20:00:53,743] {processor.py:654} INFO - DAG(s) dict_keys(['example_task_group']) retrieved from /opt/anaconda3/envs/airflow_env/lib/python3.9/site-packages/airflow/example_dags/example_task_group.py
[2022-08-22 20:00:53,754] {logging_mixin.py:109} INFO - [2022-08-22 20:00:53,753] {dag.py:2396} INFO - Sync 1 DAGs
[2022-08-22 20:00:53,758] {logging_mixin.py:109} INFO - [2022-08-22 20:00:53,758] {dag.py:2935} INFO - Setting next_dagrun for example_task_group to 2022-08-22T01:00:53.758420+00:00
[2022-08-22 20:00:53,762] {processor.py:171} INFO - Processing /opt/anaconda3/envs/airflow_env/lib/python3.9/site-packages/airflow/example_dags/example_task_group.py took 0.037 seconds
[2022-08-22 20:02:00,292] {processor.py:163} INFO - Started process (PID=16907) to work on /opt/anaconda3/envs/airflow_env/lib/python3.9/site-packages/airflow/example_dags/example_task_group.py
[2022-08-22 20:02:00,293] {processor.py:642} INFO - Processing file /opt/anaconda3/envs/airflow_env/lib/python3.9/site-packages/airflow/example_dags/example_task_group.py for tasks to queue
[2022-08-22 20:02:00,293] {logging_mixin.py:109} INFO - [2022-08-22 20:02:00,293] {dagbag.py:500} INFO - Filling up the DagBag from /opt/anaconda3/envs/airflow_env/lib/python3.9/site-packages/airflow/example_dags/example_task_group.py
[2022-08-22 20:02:00,311] {processor.py:654} INFO - DAG(s) dict_keys(['example_task_group']) retrieved from /opt/anaconda3/envs/airflow_env/lib/python3.9/site-packages/airflow/example_dags/example_task_group.py
[2022-08-22 20:02:00,322] {logging_mixin.py:109} INFO - [2022-08-22 20:02:00,322] {dag.py:2396} INFO - Sync 1 DAGs
[2022-08-22 20:02:00,327] {logging_mixin.py:109} INFO - [2022-08-22 20:02:00,327] {dag.py:2935} INFO - Setting next_dagrun for example_task_group to 2022-08-22T01:02:00.327055+00:00
[2022-08-22 20:02:00,331] {processor.py:171} INFO - Processing /opt/anaconda3/envs/airflow_env/lib/python3.9/site-packages/airflow/example_dags/example_task_group.py took 0.039 seconds
[2022-08-22 20:03:06,592] {processor.py:163} INFO - Started process (PID=16955) to work on /opt/anaconda3/envs/airflow_env/lib/python3.9/site-packages/airflow/example_dags/example_task_group.py
[2022-08-22 20:03:06,593] {processor.py:642} INFO - Processing file /opt/anaconda3/envs/airflow_env/lib/python3.9/site-packages/airflow/example_dags/example_task_group.py for tasks to queue
[2022-08-22 20:03:06,594] {logging_mixin.py:109} INFO - [2022-08-22 20:03:06,594] {dagbag.py:500} INFO - Filling up the DagBag from /opt/anaconda3/envs/airflow_env/lib/python3.9/site-packages/airflow/example_dags/example_task_group.py
[2022-08-22 20:03:06,611] {processor.py:654} INFO - DAG(s) dict_keys(['example_task_group']) retrieved from /opt/anaconda3/envs/airflow_env/lib/python3.9/site-packages/airflow/example_dags/example_task_group.py
[2022-08-22 20:03:06,622] {logging_mixin.py:109} INFO - [2022-08-22 20:03:06,622] {dag.py:2396} INFO - Sync 1 DAGs
[2022-08-22 20:03:06,627] {logging_mixin.py:109} INFO - [2022-08-22 20:03:06,627] {dag.py:2935} INFO - Setting next_dagrun for example_task_group to 2022-08-22T01:03:06.627596+00:00
[2022-08-22 20:03:06,631] {processor.py:171} INFO - Processing /opt/anaconda3/envs/airflow_env/lib/python3.9/site-packages/airflow/example_dags/example_task_group.py took 0.039 seconds
[2022-08-22 20:04:08,766] {processor.py:163} INFO - Started process (PID=16996) to work on /opt/anaconda3/envs/airflow_env/lib/python3.9/site-packages/airflow/example_dags/example_task_group.py
[2022-08-22 20:04:08,767] {processor.py:642} INFO - Processing file /opt/anaconda3/envs/airflow_env/lib/python3.9/site-packages/airflow/example_dags/example_task_group.py for tasks to queue
[2022-08-22 20:04:08,767] {logging_mixin.py:109} INFO - [2022-08-22 20:04:08,767] {dagbag.py:500} INFO - Filling up the DagBag from /opt/anaconda3/envs/airflow_env/lib/python3.9/site-packages/airflow/example_dags/example_task_group.py
[2022-08-22 20:04:08,784] {processor.py:654} INFO - DAG(s) dict_keys(['example_task_group']) retrieved from /opt/anaconda3/envs/airflow_env/lib/python3.9/site-packages/airflow/example_dags/example_task_group.py
[2022-08-22 20:04:08,795] {logging_mixin.py:109} INFO - [2022-08-22 20:04:08,795] {dag.py:2396} INFO - Sync 1 DAGs
[2022-08-22 20:04:08,800] {logging_mixin.py:109} INFO - [2022-08-22 20:04:08,800] {dag.py:2935} INFO - Setting next_dagrun for example_task_group to 2022-08-22T01:04:08.800684+00:00
[2022-08-22 20:04:08,805] {processor.py:171} INFO - Processing /opt/anaconda3/envs/airflow_env/lib/python3.9/site-packages/airflow/example_dags/example_task_group.py took 0.039 seconds
[2022-08-22 20:05:15,411] {processor.py:163} INFO - Started process (PID=17086) to work on /opt/anaconda3/envs/airflow_env/lib/python3.9/site-packages/airflow/example_dags/example_task_group.py
[2022-08-22 20:05:15,411] {processor.py:642} INFO - Processing file /opt/anaconda3/envs/airflow_env/lib/python3.9/site-packages/airflow/example_dags/example_task_group.py for tasks to queue
[2022-08-22 20:05:15,411] {logging_mixin.py:109} INFO - [2022-08-22 20:05:15,411] {dagbag.py:500} INFO - Filling up the DagBag from /opt/anaconda3/envs/airflow_env/lib/python3.9/site-packages/airflow/example_dags/example_task_group.py
[2022-08-22 20:05:15,427] {processor.py:654} INFO - DAG(s) dict_keys(['example_task_group']) retrieved from /opt/anaconda3/envs/airflow_env/lib/python3.9/site-packages/airflow/example_dags/example_task_group.py
[2022-08-22 20:05:15,437] {logging_mixin.py:109} INFO - [2022-08-22 20:05:15,437] {dag.py:2396} INFO - Sync 1 DAGs
[2022-08-22 20:05:15,455] {logging_mixin.py:109} INFO - [2022-08-22 20:05:15,455] {dag.py:2935} INFO - Setting next_dagrun for example_task_group to 2022-08-22T01:05:15.455764+00:00
[2022-08-22 20:05:15,476] {processor.py:171} INFO - Processing /opt/anaconda3/envs/airflow_env/lib/python3.9/site-packages/airflow/example_dags/example_task_group.py took 0.066 seconds
[2022-08-22 20:06:19,213] {processor.py:163} INFO - Started process (PID=17123) to work on /opt/anaconda3/envs/airflow_env/lib/python3.9/site-packages/airflow/example_dags/example_task_group.py
[2022-08-22 20:06:19,214] {processor.py:642} INFO - Processing file /opt/anaconda3/envs/airflow_env/lib/python3.9/site-packages/airflow/example_dags/example_task_group.py for tasks to queue
[2022-08-22 20:06:19,214] {logging_mixin.py:109} INFO - [2022-08-22 20:06:19,214] {dagbag.py:500} INFO - Filling up the DagBag from /opt/anaconda3/envs/airflow_env/lib/python3.9/site-packages/airflow/example_dags/example_task_group.py
[2022-08-22 20:06:19,232] {processor.py:654} INFO - DAG(s) dict_keys(['example_task_group']) retrieved from /opt/anaconda3/envs/airflow_env/lib/python3.9/site-packages/airflow/example_dags/example_task_group.py
[2022-08-22 20:06:19,243] {logging_mixin.py:109} INFO - [2022-08-22 20:06:19,243] {dag.py:2396} INFO - Sync 1 DAGs
[2022-08-22 20:06:19,248] {logging_mixin.py:109} INFO - [2022-08-22 20:06:19,248] {dag.py:2935} INFO - Setting next_dagrun for example_task_group to 2022-08-22T01:06:19.247873+00:00
[2022-08-22 20:06:19,252] {processor.py:171} INFO - Processing /opt/anaconda3/envs/airflow_env/lib/python3.9/site-packages/airflow/example_dags/example_task_group.py took 0.039 seconds
[2022-08-22 20:12:32,173] {processor.py:163} INFO - Started process (PID=1422) to work on /opt/anaconda3/envs/airflow_env/lib/python3.9/site-packages/airflow/example_dags/example_task_group.py
[2022-08-22 20:12:32,174] {processor.py:642} INFO - Processing file /opt/anaconda3/envs/airflow_env/lib/python3.9/site-packages/airflow/example_dags/example_task_group.py for tasks to queue
[2022-08-22 20:12:32,174] {logging_mixin.py:109} INFO - [2022-08-22 20:12:32,174] {dagbag.py:500} INFO - Filling up the DagBag from /opt/anaconda3/envs/airflow_env/lib/python3.9/site-packages/airflow/example_dags/example_task_group.py
[2022-08-22 20:12:32,191] {processor.py:654} INFO - DAG(s) dict_keys(['example_task_group']) retrieved from /opt/anaconda3/envs/airflow_env/lib/python3.9/site-packages/airflow/example_dags/example_task_group.py
[2022-08-22 20:12:32,201] {logging_mixin.py:109} INFO - [2022-08-22 20:12:32,201] {dag.py:2396} INFO - Sync 1 DAGs
[2022-08-22 20:12:32,206] {logging_mixin.py:109} INFO - [2022-08-22 20:12:32,206] {dag.py:2935} INFO - Setting next_dagrun for example_task_group to 2022-08-22T01:12:32.206316+00:00
[2022-08-22 20:12:32,210] {processor.py:171} INFO - Processing /opt/anaconda3/envs/airflow_env/lib/python3.9/site-packages/airflow/example_dags/example_task_group.py took 0.037 seconds
[2022-08-22 20:13:33,922] {processor.py:163} INFO - Started process (PID=1476) to work on /opt/anaconda3/envs/airflow_env/lib/python3.9/site-packages/airflow/example_dags/example_task_group.py
[2022-08-22 20:13:33,922] {processor.py:642} INFO - Processing file /opt/anaconda3/envs/airflow_env/lib/python3.9/site-packages/airflow/example_dags/example_task_group.py for tasks to queue
[2022-08-22 20:13:33,923] {logging_mixin.py:109} INFO - [2022-08-22 20:13:33,923] {dagbag.py:500} INFO - Filling up the DagBag from /opt/anaconda3/envs/airflow_env/lib/python3.9/site-packages/airflow/example_dags/example_task_group.py
[2022-08-22 20:13:33,937] {processor.py:654} INFO - DAG(s) dict_keys(['example_task_group']) retrieved from /opt/anaconda3/envs/airflow_env/lib/python3.9/site-packages/airflow/example_dags/example_task_group.py
[2022-08-22 20:13:33,946] {logging_mixin.py:109} INFO - [2022-08-22 20:13:33,946] {dag.py:2396} INFO - Sync 1 DAGs
[2022-08-22 20:13:33,951] {logging_mixin.py:109} INFO - [2022-08-22 20:13:33,951] {dag.py:2935} INFO - Setting next_dagrun for example_task_group to 2022-08-22T01:13:33.951048+00:00
[2022-08-22 20:13:33,955] {processor.py:171} INFO - Processing /opt/anaconda3/envs/airflow_env/lib/python3.9/site-packages/airflow/example_dags/example_task_group.py took 0.033 seconds
[2022-08-22 20:14:37,105] {processor.py:163} INFO - Started process (PID=1568) to work on /opt/anaconda3/envs/airflow_env/lib/python3.9/site-packages/airflow/example_dags/example_task_group.py
[2022-08-22 20:14:37,105] {processor.py:642} INFO - Processing file /opt/anaconda3/envs/airflow_env/lib/python3.9/site-packages/airflow/example_dags/example_task_group.py for tasks to queue
[2022-08-22 20:14:37,105] {logging_mixin.py:109} INFO - [2022-08-22 20:14:37,105] {dagbag.py:500} INFO - Filling up the DagBag from /opt/anaconda3/envs/airflow_env/lib/python3.9/site-packages/airflow/example_dags/example_task_group.py
[2022-08-22 20:14:37,120] {processor.py:654} INFO - DAG(s) dict_keys(['example_task_group']) retrieved from /opt/anaconda3/envs/airflow_env/lib/python3.9/site-packages/airflow/example_dags/example_task_group.py
[2022-08-22 20:14:37,129] {logging_mixin.py:109} INFO - [2022-08-22 20:14:37,129] {dag.py:2396} INFO - Sync 1 DAGs
[2022-08-22 20:14:37,133] {logging_mixin.py:109} INFO - [2022-08-22 20:14:37,133] {dag.py:2935} INFO - Setting next_dagrun for example_task_group to 2022-08-22T01:14:37.133350+00:00
[2022-08-22 20:14:37,137] {processor.py:171} INFO - Processing /opt/anaconda3/envs/airflow_env/lib/python3.9/site-packages/airflow/example_dags/example_task_group.py took 0.033 seconds
[2022-08-22 20:15:38,702] {processor.py:163} INFO - Started process (PID=1843) to work on /opt/anaconda3/envs/airflow_env/lib/python3.9/site-packages/airflow/example_dags/example_task_group.py
[2022-08-22 20:15:38,702] {processor.py:642} INFO - Processing file /opt/anaconda3/envs/airflow_env/lib/python3.9/site-packages/airflow/example_dags/example_task_group.py for tasks to queue
[2022-08-22 20:15:38,702] {logging_mixin.py:109} INFO - [2022-08-22 20:15:38,702] {dagbag.py:500} INFO - Filling up the DagBag from /opt/anaconda3/envs/airflow_env/lib/python3.9/site-packages/airflow/example_dags/example_task_group.py
[2022-08-22 20:15:38,719] {processor.py:654} INFO - DAG(s) dict_keys(['example_task_group']) retrieved from /opt/anaconda3/envs/airflow_env/lib/python3.9/site-packages/airflow/example_dags/example_task_group.py
[2022-08-22 20:15:38,730] {logging_mixin.py:109} INFO - [2022-08-22 20:15:38,730] {dag.py:2396} INFO - Sync 1 DAGs
[2022-08-22 20:15:38,735] {logging_mixin.py:109} INFO - [2022-08-22 20:15:38,735] {dag.py:2935} INFO - Setting next_dagrun for example_task_group to 2022-08-22T01:15:38.735383+00:00
[2022-08-22 20:15:38,739] {processor.py:171} INFO - Processing /opt/anaconda3/envs/airflow_env/lib/python3.9/site-packages/airflow/example_dags/example_task_group.py took 0.038 seconds
[2022-08-22 20:16:42,332] {processor.py:163} INFO - Started process (PID=1926) to work on /opt/anaconda3/envs/airflow_env/lib/python3.9/site-packages/airflow/example_dags/example_task_group.py
[2022-08-22 20:16:42,332] {processor.py:642} INFO - Processing file /opt/anaconda3/envs/airflow_env/lib/python3.9/site-packages/airflow/example_dags/example_task_group.py for tasks to queue
[2022-08-22 20:16:42,332] {logging_mixin.py:109} INFO - [2022-08-22 20:16:42,332] {dagbag.py:500} INFO - Filling up the DagBag from /opt/anaconda3/envs/airflow_env/lib/python3.9/site-packages/airflow/example_dags/example_task_group.py
[2022-08-22 20:16:42,347] {processor.py:654} INFO - DAG(s) dict_keys(['example_task_group']) retrieved from /opt/anaconda3/envs/airflow_env/lib/python3.9/site-packages/airflow/example_dags/example_task_group.py
[2022-08-22 20:16:42,356] {logging_mixin.py:109} INFO - [2022-08-22 20:16:42,356] {dag.py:2396} INFO - Sync 1 DAGs
[2022-08-22 20:16:42,361] {logging_mixin.py:109} INFO - [2022-08-22 20:16:42,361] {dag.py:2935} INFO - Setting next_dagrun for example_task_group to 2022-08-22T01:16:42.361007+00:00
[2022-08-22 20:16:42,364] {processor.py:171} INFO - Processing /opt/anaconda3/envs/airflow_env/lib/python3.9/site-packages/airflow/example_dags/example_task_group.py took 0.033 seconds
[2022-08-22 20:17:40,858] {processor.py:163} INFO - Started process (PID=1965) to work on /opt/anaconda3/envs/airflow_env/lib/python3.9/site-packages/airflow/example_dags/example_task_group.py
[2022-08-22 20:17:40,858] {processor.py:642} INFO - Processing file /opt/anaconda3/envs/airflow_env/lib/python3.9/site-packages/airflow/example_dags/example_task_group.py for tasks to queue
[2022-08-22 20:17:40,858] {logging_mixin.py:109} INFO - [2022-08-22 20:17:40,858] {dagbag.py:500} INFO - Filling up the DagBag from /opt/anaconda3/envs/airflow_env/lib/python3.9/site-packages/airflow/example_dags/example_task_group.py
[2022-08-22 20:17:40,873] {processor.py:654} INFO - DAG(s) dict_keys(['example_task_group']) retrieved from /opt/anaconda3/envs/airflow_env/lib/python3.9/site-packages/airflow/example_dags/example_task_group.py
[2022-08-22 20:17:40,882] {logging_mixin.py:109} INFO - [2022-08-22 20:17:40,882] {dag.py:2396} INFO - Sync 1 DAGs
[2022-08-22 20:17:40,886] {logging_mixin.py:109} INFO - [2022-08-22 20:17:40,886] {dag.py:2935} INFO - Setting next_dagrun for example_task_group to 2022-08-22T01:17:40.886853+00:00
[2022-08-22 20:17:40,890] {processor.py:171} INFO - Processing /opt/anaconda3/envs/airflow_env/lib/python3.9/site-packages/airflow/example_dags/example_task_group.py took 0.033 seconds
[2022-08-22 20:18:40,262] {processor.py:163} INFO - Started process (PID=2021) to work on /opt/anaconda3/envs/airflow_env/lib/python3.9/site-packages/airflow/example_dags/example_task_group.py
[2022-08-22 20:18:40,263] {processor.py:642} INFO - Processing file /opt/anaconda3/envs/airflow_env/lib/python3.9/site-packages/airflow/example_dags/example_task_group.py for tasks to queue
[2022-08-22 20:18:40,263] {logging_mixin.py:109} INFO - [2022-08-22 20:18:40,263] {dagbag.py:500} INFO - Filling up the DagBag from /opt/anaconda3/envs/airflow_env/lib/python3.9/site-packages/airflow/example_dags/example_task_group.py
[2022-08-22 20:18:40,279] {processor.py:654} INFO - DAG(s) dict_keys(['example_task_group']) retrieved from /opt/anaconda3/envs/airflow_env/lib/python3.9/site-packages/airflow/example_dags/example_task_group.py
[2022-08-22 20:18:40,289] {logging_mixin.py:109} INFO - [2022-08-22 20:18:40,289] {dag.py:2396} INFO - Sync 1 DAGs
[2022-08-22 20:18:40,293] {logging_mixin.py:109} INFO - [2022-08-22 20:18:40,293] {dag.py:2935} INFO - Setting next_dagrun for example_task_group to 2022-08-22T01:18:40.293546+00:00
[2022-08-22 20:18:40,297] {processor.py:171} INFO - Processing /opt/anaconda3/envs/airflow_env/lib/python3.9/site-packages/airflow/example_dags/example_task_group.py took 0.035 seconds
[2022-08-22 20:19:41,673] {processor.py:163} INFO - Started process (PID=2099) to work on /opt/anaconda3/envs/airflow_env/lib/python3.9/site-packages/airflow/example_dags/example_task_group.py
[2022-08-22 20:19:41,674] {processor.py:642} INFO - Processing file /opt/anaconda3/envs/airflow_env/lib/python3.9/site-packages/airflow/example_dags/example_task_group.py for tasks to queue
[2022-08-22 20:19:41,674] {logging_mixin.py:109} INFO - [2022-08-22 20:19:41,674] {dagbag.py:500} INFO - Filling up the DagBag from /opt/anaconda3/envs/airflow_env/lib/python3.9/site-packages/airflow/example_dags/example_task_group.py
[2022-08-22 20:19:41,689] {processor.py:654} INFO - DAG(s) dict_keys(['example_task_group']) retrieved from /opt/anaconda3/envs/airflow_env/lib/python3.9/site-packages/airflow/example_dags/example_task_group.py
[2022-08-22 20:19:41,698] {logging_mixin.py:109} INFO - [2022-08-22 20:19:41,698] {dag.py:2396} INFO - Sync 1 DAGs
[2022-08-22 20:19:41,702] {logging_mixin.py:109} INFO - [2022-08-22 20:19:41,702] {dag.py:2935} INFO - Setting next_dagrun for example_task_group to 2022-08-22T01:19:41.702693+00:00
[2022-08-22 20:19:41,706] {processor.py:171} INFO - Processing /opt/anaconda3/envs/airflow_env/lib/python3.9/site-packages/airflow/example_dags/example_task_group.py took 0.033 seconds
[2022-08-22 20:20:44,863] {processor.py:163} INFO - Started process (PID=2260) to work on /opt/anaconda3/envs/airflow_env/lib/python3.9/site-packages/airflow/example_dags/example_task_group.py
[2022-08-22 20:20:44,863] {processor.py:642} INFO - Processing file /opt/anaconda3/envs/airflow_env/lib/python3.9/site-packages/airflow/example_dags/example_task_group.py for tasks to queue
[2022-08-22 20:20:44,863] {logging_mixin.py:109} INFO - [2022-08-22 20:20:44,863] {dagbag.py:500} INFO - Filling up the DagBag from /opt/anaconda3/envs/airflow_env/lib/python3.9/site-packages/airflow/example_dags/example_task_group.py
[2022-08-22 20:20:44,879] {processor.py:654} INFO - DAG(s) dict_keys(['example_task_group']) retrieved from /opt/anaconda3/envs/airflow_env/lib/python3.9/site-packages/airflow/example_dags/example_task_group.py
[2022-08-22 20:20:44,891] {logging_mixin.py:109} INFO - [2022-08-22 20:20:44,891] {dag.py:2396} INFO - Sync 1 DAGs
[2022-08-22 20:20:44,895] {logging_mixin.py:109} INFO - [2022-08-22 20:20:44,895] {dag.py:2935} INFO - Setting next_dagrun for example_task_group to 2022-08-22T01:20:44.895749+00:00
[2022-08-22 20:20:44,900] {processor.py:171} INFO - Processing /opt/anaconda3/envs/airflow_env/lib/python3.9/site-packages/airflow/example_dags/example_task_group.py took 0.037 seconds
[2022-08-22 20:21:46,876] {processor.py:163} INFO - Started process (PID=2312) to work on /opt/anaconda3/envs/airflow_env/lib/python3.9/site-packages/airflow/example_dags/example_task_group.py
[2022-08-22 20:21:46,878] {processor.py:642} INFO - Processing file /opt/anaconda3/envs/airflow_env/lib/python3.9/site-packages/airflow/example_dags/example_task_group.py for tasks to queue
[2022-08-22 20:21:46,878] {logging_mixin.py:109} INFO - [2022-08-22 20:21:46,878] {dagbag.py:500} INFO - Filling up the DagBag from /opt/anaconda3/envs/airflow_env/lib/python3.9/site-packages/airflow/example_dags/example_task_group.py
[2022-08-22 20:21:46,895] {processor.py:654} INFO - DAG(s) dict_keys(['example_task_group']) retrieved from /opt/anaconda3/envs/airflow_env/lib/python3.9/site-packages/airflow/example_dags/example_task_group.py
[2022-08-22 20:21:46,906] {logging_mixin.py:109} INFO - [2022-08-22 20:21:46,906] {dag.py:2396} INFO - Sync 1 DAGs
[2022-08-22 20:21:46,910] {logging_mixin.py:109} INFO - [2022-08-22 20:21:46,910] {dag.py:2935} INFO - Setting next_dagrun for example_task_group to 2022-08-22T01:21:46.910793+00:00
[2022-08-22 20:21:46,914] {processor.py:171} INFO - Processing /opt/anaconda3/envs/airflow_env/lib/python3.9/site-packages/airflow/example_dags/example_task_group.py took 0.038 seconds
[2022-08-22 20:22:41,730] {processor.py:163} INFO - Started process (PID=2366) to work on /opt/anaconda3/envs/airflow_env/lib/python3.9/site-packages/airflow/example_dags/example_task_group.py
[2022-08-22 20:22:41,730] {processor.py:642} INFO - Processing file /opt/anaconda3/envs/airflow_env/lib/python3.9/site-packages/airflow/example_dags/example_task_group.py for tasks to queue
[2022-08-22 20:22:41,730] {logging_mixin.py:109} INFO - [2022-08-22 20:22:41,730] {dagbag.py:500} INFO - Filling up the DagBag from /opt/anaconda3/envs/airflow_env/lib/python3.9/site-packages/airflow/example_dags/example_task_group.py
[2022-08-22 20:22:41,747] {processor.py:654} INFO - DAG(s) dict_keys(['example_task_group']) retrieved from /opt/anaconda3/envs/airflow_env/lib/python3.9/site-packages/airflow/example_dags/example_task_group.py
[2022-08-22 20:22:41,758] {logging_mixin.py:109} INFO - [2022-08-22 20:22:41,758] {dag.py:2396} INFO - Sync 1 DAGs
[2022-08-22 20:22:41,763] {logging_mixin.py:109} INFO - [2022-08-22 20:22:41,763] {dag.py:2935} INFO - Setting next_dagrun for example_task_group to 2022-08-22T01:22:41.763790+00:00
[2022-08-22 20:22:41,768] {processor.py:171} INFO - Processing /opt/anaconda3/envs/airflow_env/lib/python3.9/site-packages/airflow/example_dags/example_task_group.py took 0.039 seconds
[2022-08-22 20:23:43,090] {processor.py:163} INFO - Started process (PID=2406) to work on /opt/anaconda3/envs/airflow_env/lib/python3.9/site-packages/airflow/example_dags/example_task_group.py
[2022-08-22 20:23:43,090] {processor.py:642} INFO - Processing file /opt/anaconda3/envs/airflow_env/lib/python3.9/site-packages/airflow/example_dags/example_task_group.py for tasks to queue
[2022-08-22 20:23:43,090] {logging_mixin.py:109} INFO - [2022-08-22 20:23:43,090] {dagbag.py:500} INFO - Filling up the DagBag from /opt/anaconda3/envs/airflow_env/lib/python3.9/site-packages/airflow/example_dags/example_task_group.py
[2022-08-22 20:23:43,108] {processor.py:654} INFO - DAG(s) dict_keys(['example_task_group']) retrieved from /opt/anaconda3/envs/airflow_env/lib/python3.9/site-packages/airflow/example_dags/example_task_group.py
[2022-08-22 20:23:43,118] {logging_mixin.py:109} INFO - [2022-08-22 20:23:43,118] {dag.py:2396} INFO - Sync 1 DAGs
[2022-08-22 20:23:43,123] {logging_mixin.py:109} INFO - [2022-08-22 20:23:43,123] {dag.py:2935} INFO - Setting next_dagrun for example_task_group to 2022-08-22T01:23:43.123285+00:00
[2022-08-22 20:23:43,127] {processor.py:171} INFO - Processing /opt/anaconda3/envs/airflow_env/lib/python3.9/site-packages/airflow/example_dags/example_task_group.py took 0.037 seconds
[2022-08-22 20:24:44,494] {processor.py:163} INFO - Started process (PID=2449) to work on /opt/anaconda3/envs/airflow_env/lib/python3.9/site-packages/airflow/example_dags/example_task_group.py
[2022-08-22 20:24:44,494] {processor.py:642} INFO - Processing file /opt/anaconda3/envs/airflow_env/lib/python3.9/site-packages/airflow/example_dags/example_task_group.py for tasks to queue
[2022-08-22 20:24:44,494] {logging_mixin.py:109} INFO - [2022-08-22 20:24:44,494] {dagbag.py:500} INFO - Filling up the DagBag from /opt/anaconda3/envs/airflow_env/lib/python3.9/site-packages/airflow/example_dags/example_task_group.py
[2022-08-22 20:24:44,511] {processor.py:654} INFO - DAG(s) dict_keys(['example_task_group']) retrieved from /opt/anaconda3/envs/airflow_env/lib/python3.9/site-packages/airflow/example_dags/example_task_group.py
[2022-08-22 20:24:44,521] {logging_mixin.py:109} INFO - [2022-08-22 20:24:44,521] {dag.py:2396} INFO - Sync 1 DAGs
[2022-08-22 20:24:44,526] {logging_mixin.py:109} INFO - [2022-08-22 20:24:44,526] {dag.py:2935} INFO - Setting next_dagrun for example_task_group to 2022-08-22T01:24:44.526103+00:00
[2022-08-22 20:24:44,529] {processor.py:171} INFO - Processing /opt/anaconda3/envs/airflow_env/lib/python3.9/site-packages/airflow/example_dags/example_task_group.py took 0.036 seconds
[2022-08-22 20:25:46,330] {processor.py:163} INFO - Started process (PID=2561) to work on /opt/anaconda3/envs/airflow_env/lib/python3.9/site-packages/airflow/example_dags/example_task_group.py
[2022-08-22 20:25:46,332] {processor.py:642} INFO - Processing file /opt/anaconda3/envs/airflow_env/lib/python3.9/site-packages/airflow/example_dags/example_task_group.py for tasks to queue
[2022-08-22 20:25:46,332] {logging_mixin.py:109} INFO - [2022-08-22 20:25:46,332] {dagbag.py:500} INFO - Filling up the DagBag from /opt/anaconda3/envs/airflow_env/lib/python3.9/site-packages/airflow/example_dags/example_task_group.py
[2022-08-22 20:25:46,349] {processor.py:654} INFO - DAG(s) dict_keys(['example_task_group']) retrieved from /opt/anaconda3/envs/airflow_env/lib/python3.9/site-packages/airflow/example_dags/example_task_group.py
[2022-08-22 20:25:46,360] {logging_mixin.py:109} INFO - [2022-08-22 20:25:46,360] {dag.py:2396} INFO - Sync 1 DAGs
[2022-08-22 20:25:46,365] {logging_mixin.py:109} INFO - [2022-08-22 20:25:46,365] {dag.py:2935} INFO - Setting next_dagrun for example_task_group to 2022-08-22T01:25:46.365249+00:00
[2022-08-22 20:25:46,369] {processor.py:171} INFO - Processing /opt/anaconda3/envs/airflow_env/lib/python3.9/site-packages/airflow/example_dags/example_task_group.py took 0.039 seconds
[2022-08-22 20:26:47,861] {processor.py:163} INFO - Started process (PID=2603) to work on /opt/anaconda3/envs/airflow_env/lib/python3.9/site-packages/airflow/example_dags/example_task_group.py
[2022-08-22 20:26:47,861] {processor.py:642} INFO - Processing file /opt/anaconda3/envs/airflow_env/lib/python3.9/site-packages/airflow/example_dags/example_task_group.py for tasks to queue
[2022-08-22 20:26:47,861] {logging_mixin.py:109} INFO - [2022-08-22 20:26:47,861] {dagbag.py:500} INFO - Filling up the DagBag from /opt/anaconda3/envs/airflow_env/lib/python3.9/site-packages/airflow/example_dags/example_task_group.py
[2022-08-22 20:26:47,879] {processor.py:654} INFO - DAG(s) dict_keys(['example_task_group']) retrieved from /opt/anaconda3/envs/airflow_env/lib/python3.9/site-packages/airflow/example_dags/example_task_group.py
[2022-08-22 20:26:47,890] {logging_mixin.py:109} INFO - [2022-08-22 20:26:47,890] {dag.py:2396} INFO - Sync 1 DAGs
[2022-08-22 20:26:47,895] {logging_mixin.py:109} INFO - [2022-08-22 20:26:47,895] {dag.py:2935} INFO - Setting next_dagrun for example_task_group to 2022-08-22T01:26:47.895359+00:00
[2022-08-22 20:26:47,900] {processor.py:171} INFO - Processing /opt/anaconda3/envs/airflow_env/lib/python3.9/site-packages/airflow/example_dags/example_task_group.py took 0.039 seconds
[2022-08-22 20:29:01,651] {processor.py:163} INFO - Started process (PID=2732) to work on /opt/anaconda3/envs/airflow_env/lib/python3.9/site-packages/airflow/example_dags/example_task_group.py
[2022-08-22 20:29:01,653] {processor.py:642} INFO - Processing file /opt/anaconda3/envs/airflow_env/lib/python3.9/site-packages/airflow/example_dags/example_task_group.py for tasks to queue
[2022-08-22 20:29:01,653] {logging_mixin.py:109} INFO - [2022-08-22 20:29:01,653] {dagbag.py:500} INFO - Filling up the DagBag from /opt/anaconda3/envs/airflow_env/lib/python3.9/site-packages/airflow/example_dags/example_task_group.py
[2022-08-22 20:29:01,668] {processor.py:654} INFO - DAG(s) dict_keys(['example_task_group']) retrieved from /opt/anaconda3/envs/airflow_env/lib/python3.9/site-packages/airflow/example_dags/example_task_group.py
[2022-08-22 20:29:01,677] {logging_mixin.py:109} INFO - [2022-08-22 20:29:01,677] {dag.py:2396} INFO - Sync 1 DAGs
[2022-08-22 20:29:01,681] {logging_mixin.py:109} INFO - [2022-08-22 20:29:01,681] {dag.py:2935} INFO - Setting next_dagrun for example_task_group to 2022-08-22T01:29:01.681524+00:00
[2022-08-22 20:29:01,685] {processor.py:171} INFO - Processing /opt/anaconda3/envs/airflow_env/lib/python3.9/site-packages/airflow/example_dags/example_task_group.py took 0.033 seconds
[2022-08-22 20:30:03,098] {processor.py:163} INFO - Started process (PID=2776) to work on /opt/anaconda3/envs/airflow_env/lib/python3.9/site-packages/airflow/example_dags/example_task_group.py
[2022-08-22 20:30:03,098] {processor.py:642} INFO - Processing file /opt/anaconda3/envs/airflow_env/lib/python3.9/site-packages/airflow/example_dags/example_task_group.py for tasks to queue
[2022-08-22 20:30:03,098] {logging_mixin.py:109} INFO - [2022-08-22 20:30:03,098] {dagbag.py:500} INFO - Filling up the DagBag from /opt/anaconda3/envs/airflow_env/lib/python3.9/site-packages/airflow/example_dags/example_task_group.py
[2022-08-22 20:30:03,113] {processor.py:654} INFO - DAG(s) dict_keys(['example_task_group']) retrieved from /opt/anaconda3/envs/airflow_env/lib/python3.9/site-packages/airflow/example_dags/example_task_group.py
[2022-08-22 20:30:03,122] {logging_mixin.py:109} INFO - [2022-08-22 20:30:03,122] {dag.py:2396} INFO - Sync 1 DAGs
[2022-08-22 20:30:03,127] {logging_mixin.py:109} INFO - [2022-08-22 20:30:03,126] {dag.py:2935} INFO - Setting next_dagrun for example_task_group to 2022-08-22T01:30:03.126898+00:00
[2022-08-22 20:30:03,130] {processor.py:171} INFO - Processing /opt/anaconda3/envs/airflow_env/lib/python3.9/site-packages/airflow/example_dags/example_task_group.py took 0.033 seconds
