[2022-08-22 19:59:07,403] {processor.py:163} INFO - Started process (PID=16779) to work on /opt/anaconda3/envs/airflow_env/lib/python3.9/site-packages/airflow/example_dags/example_dag_decorator.py
[2022-08-22 19:59:07,422] {processor.py:642} INFO - Processing file /opt/anaconda3/envs/airflow_env/lib/python3.9/site-packages/airflow/example_dags/example_dag_decorator.py for tasks to queue
[2022-08-22 19:59:07,422] {logging_mixin.py:109} INFO - [2022-08-22 19:59:07,422] {dagbag.py:500} INFO - Filling up the DagBag from /opt/anaconda3/envs/airflow_env/lib/python3.9/site-packages/airflow/example_dags/example_dag_decorator.py
[2022-08-22 19:59:07,456] {processor.py:654} INFO - DAG(s) dict_keys(['example_dag_decorator']) retrieved from /opt/anaconda3/envs/airflow_env/lib/python3.9/site-packages/airflow/example_dags/example_dag_decorator.py
[2022-08-22 19:59:07,643] {logging_mixin.py:109} INFO - [2022-08-22 19:59:07,643] {dag.py:2396} INFO - Sync 1 DAGs
[2022-08-22 19:59:07,662] {logging_mixin.py:109} INFO - [2022-08-22 19:59:07,662] {dag.py:2935} INFO - Setting next_dagrun for example_dag_decorator to None
[2022-08-22 19:59:07,715] {processor.py:171} INFO - Processing /opt/anaconda3/envs/airflow_env/lib/python3.9/site-packages/airflow/example_dags/example_dag_decorator.py took 0.312 seconds
[2022-08-22 20:00:13,945] {processor.py:163} INFO - Started process (PID=16825) to work on /opt/anaconda3/envs/airflow_env/lib/python3.9/site-packages/airflow/example_dags/example_dag_decorator.py
[2022-08-22 20:00:13,946] {processor.py:642} INFO - Processing file /opt/anaconda3/envs/airflow_env/lib/python3.9/site-packages/airflow/example_dags/example_dag_decorator.py for tasks to queue
[2022-08-22 20:00:13,947] {logging_mixin.py:109} INFO - [2022-08-22 20:00:13,946] {dagbag.py:500} INFO - Filling up the DagBag from /opt/anaconda3/envs/airflow_env/lib/python3.9/site-packages/airflow/example_dags/example_dag_decorator.py
[2022-08-22 20:00:13,973] {processor.py:654} INFO - DAG(s) dict_keys(['example_dag_decorator']) retrieved from /opt/anaconda3/envs/airflow_env/lib/python3.9/site-packages/airflow/example_dags/example_dag_decorator.py
[2022-08-22 20:00:14,082] {logging_mixin.py:109} INFO - [2022-08-22 20:00:14,082] {dag.py:2396} INFO - Sync 1 DAGs
[2022-08-22 20:00:14,088] {logging_mixin.py:109} INFO - [2022-08-22 20:00:14,088] {dag.py:2935} INFO - Setting next_dagrun for example_dag_decorator to None
[2022-08-22 20:00:14,093] {processor.py:171} INFO - Processing /opt/anaconda3/envs/airflow_env/lib/python3.9/site-packages/airflow/example_dags/example_dag_decorator.py took 0.148 seconds
[2022-08-22 20:01:20,797] {processor.py:163} INFO - Started process (PID=16883) to work on /opt/anaconda3/envs/airflow_env/lib/python3.9/site-packages/airflow/example_dags/example_dag_decorator.py
[2022-08-22 20:01:20,797] {processor.py:642} INFO - Processing file /opt/anaconda3/envs/airflow_env/lib/python3.9/site-packages/airflow/example_dags/example_dag_decorator.py for tasks to queue
[2022-08-22 20:01:20,798] {logging_mixin.py:109} INFO - [2022-08-22 20:01:20,798] {dagbag.py:500} INFO - Filling up the DagBag from /opt/anaconda3/envs/airflow_env/lib/python3.9/site-packages/airflow/example_dags/example_dag_decorator.py
[2022-08-22 20:01:20,826] {processor.py:654} INFO - DAG(s) dict_keys(['example_dag_decorator']) retrieved from /opt/anaconda3/envs/airflow_env/lib/python3.9/site-packages/airflow/example_dags/example_dag_decorator.py
[2022-08-22 20:01:20,991] {logging_mixin.py:109} INFO - [2022-08-22 20:01:20,991] {dag.py:2396} INFO - Sync 1 DAGs
[2022-08-22 20:01:20,997] {logging_mixin.py:109} INFO - [2022-08-22 20:01:20,997] {dag.py:2935} INFO - Setting next_dagrun for example_dag_decorator to None
[2022-08-22 20:01:21,002] {processor.py:171} INFO - Processing /opt/anaconda3/envs/airflow_env/lib/python3.9/site-packages/airflow/example_dags/example_dag_decorator.py took 0.206 seconds
[2022-08-22 20:02:27,706] {processor.py:163} INFO - Started process (PID=16924) to work on /opt/anaconda3/envs/airflow_env/lib/python3.9/site-packages/airflow/example_dags/example_dag_decorator.py
[2022-08-22 20:02:27,706] {processor.py:642} INFO - Processing file /opt/anaconda3/envs/airflow_env/lib/python3.9/site-packages/airflow/example_dags/example_dag_decorator.py for tasks to queue
[2022-08-22 20:02:27,706] {logging_mixin.py:109} INFO - [2022-08-22 20:02:27,706] {dagbag.py:500} INFO - Filling up the DagBag from /opt/anaconda3/envs/airflow_env/lib/python3.9/site-packages/airflow/example_dags/example_dag_decorator.py
[2022-08-22 20:02:27,732] {processor.py:654} INFO - DAG(s) dict_keys(['example_dag_decorator']) retrieved from /opt/anaconda3/envs/airflow_env/lib/python3.9/site-packages/airflow/example_dags/example_dag_decorator.py
[2022-08-22 20:02:27,868] {logging_mixin.py:109} INFO - [2022-08-22 20:02:27,868] {dag.py:2396} INFO - Sync 1 DAGs
[2022-08-22 20:02:27,874] {logging_mixin.py:109} INFO - [2022-08-22 20:02:27,874] {dag.py:2935} INFO - Setting next_dagrun for example_dag_decorator to None
[2022-08-22 20:02:27,878] {processor.py:171} INFO - Processing /opt/anaconda3/envs/airflow_env/lib/python3.9/site-packages/airflow/example_dags/example_dag_decorator.py took 0.173 seconds
[2022-08-22 20:03:31,647] {processor.py:163} INFO - Started process (PID=16972) to work on /opt/anaconda3/envs/airflow_env/lib/python3.9/site-packages/airflow/example_dags/example_dag_decorator.py
[2022-08-22 20:03:31,647] {processor.py:642} INFO - Processing file /opt/anaconda3/envs/airflow_env/lib/python3.9/site-packages/airflow/example_dags/example_dag_decorator.py for tasks to queue
[2022-08-22 20:03:31,647] {logging_mixin.py:109} INFO - [2022-08-22 20:03:31,647] {dagbag.py:500} INFO - Filling up the DagBag from /opt/anaconda3/envs/airflow_env/lib/python3.9/site-packages/airflow/example_dags/example_dag_decorator.py
[2022-08-22 20:03:31,676] {processor.py:654} INFO - DAG(s) dict_keys(['example_dag_decorator']) retrieved from /opt/anaconda3/envs/airflow_env/lib/python3.9/site-packages/airflow/example_dags/example_dag_decorator.py
[2022-08-22 20:03:31,791] {logging_mixin.py:109} INFO - [2022-08-22 20:03:31,791] {dag.py:2396} INFO - Sync 1 DAGs
[2022-08-22 20:03:31,797] {logging_mixin.py:109} INFO - [2022-08-22 20:03:31,797] {dag.py:2935} INFO - Setting next_dagrun for example_dag_decorator to None
[2022-08-22 20:03:31,802] {processor.py:171} INFO - Processing /opt/anaconda3/envs/airflow_env/lib/python3.9/site-packages/airflow/example_dags/example_dag_decorator.py took 0.155 seconds
[2022-08-22 20:04:35,812] {processor.py:163} INFO - Started process (PID=17042) to work on /opt/anaconda3/envs/airflow_env/lib/python3.9/site-packages/airflow/example_dags/example_dag_decorator.py
[2022-08-22 20:04:35,812] {processor.py:642} INFO - Processing file /opt/anaconda3/envs/airflow_env/lib/python3.9/site-packages/airflow/example_dags/example_dag_decorator.py for tasks to queue
[2022-08-22 20:04:35,812] {logging_mixin.py:109} INFO - [2022-08-22 20:04:35,812] {dagbag.py:500} INFO - Filling up the DagBag from /opt/anaconda3/envs/airflow_env/lib/python3.9/site-packages/airflow/example_dags/example_dag_decorator.py
[2022-08-22 20:04:35,843] {processor.py:654} INFO - DAG(s) dict_keys(['example_dag_decorator']) retrieved from /opt/anaconda3/envs/airflow_env/lib/python3.9/site-packages/airflow/example_dags/example_dag_decorator.py
[2022-08-22 20:04:35,961] {logging_mixin.py:109} INFO - [2022-08-22 20:04:35,961] {dag.py:2396} INFO - Sync 1 DAGs
[2022-08-22 20:04:35,967] {logging_mixin.py:109} INFO - [2022-08-22 20:04:35,967] {dag.py:2935} INFO - Setting next_dagrun for example_dag_decorator to None
[2022-08-22 20:04:35,973] {processor.py:171} INFO - Processing /opt/anaconda3/envs/airflow_env/lib/python3.9/site-packages/airflow/example_dags/example_dag_decorator.py took 0.161 seconds
[2022-08-22 20:05:42,220] {processor.py:163} INFO - Started process (PID=17102) to work on /opt/anaconda3/envs/airflow_env/lib/python3.9/site-packages/airflow/example_dags/example_dag_decorator.py
[2022-08-22 20:05:42,220] {processor.py:642} INFO - Processing file /opt/anaconda3/envs/airflow_env/lib/python3.9/site-packages/airflow/example_dags/example_dag_decorator.py for tasks to queue
[2022-08-22 20:05:42,220] {logging_mixin.py:109} INFO - [2022-08-22 20:05:42,220] {dagbag.py:500} INFO - Filling up the DagBag from /opt/anaconda3/envs/airflow_env/lib/python3.9/site-packages/airflow/example_dags/example_dag_decorator.py
[2022-08-22 20:05:42,248] {processor.py:654} INFO - DAG(s) dict_keys(['example_dag_decorator']) retrieved from /opt/anaconda3/envs/airflow_env/lib/python3.9/site-packages/airflow/example_dags/example_dag_decorator.py
[2022-08-22 20:05:42,359] {logging_mixin.py:109} INFO - [2022-08-22 20:05:42,359] {dag.py:2396} INFO - Sync 1 DAGs
[2022-08-22 20:05:42,365] {logging_mixin.py:109} INFO - [2022-08-22 20:05:42,365] {dag.py:2935} INFO - Setting next_dagrun for example_dag_decorator to None
[2022-08-22 20:05:42,370] {processor.py:171} INFO - Processing /opt/anaconda3/envs/airflow_env/lib/python3.9/site-packages/airflow/example_dags/example_dag_decorator.py took 0.150 seconds
[2022-08-22 20:12:55,284] {processor.py:163} INFO - Started process (PID=1445) to work on /opt/anaconda3/envs/airflow_env/lib/python3.9/site-packages/airflow/example_dags/example_dag_decorator.py
[2022-08-22 20:12:55,284] {processor.py:642} INFO - Processing file /opt/anaconda3/envs/airflow_env/lib/python3.9/site-packages/airflow/example_dags/example_dag_decorator.py for tasks to queue
[2022-08-22 20:12:55,284] {logging_mixin.py:109} INFO - [2022-08-22 20:12:55,284] {dagbag.py:500} INFO - Filling up the DagBag from /opt/anaconda3/envs/airflow_env/lib/python3.9/site-packages/airflow/example_dags/example_dag_decorator.py
[2022-08-22 20:12:55,310] {processor.py:654} INFO - DAG(s) dict_keys(['example_dag_decorator']) retrieved from /opt/anaconda3/envs/airflow_env/lib/python3.9/site-packages/airflow/example_dags/example_dag_decorator.py
[2022-08-22 20:12:55,413] {logging_mixin.py:109} INFO - [2022-08-22 20:12:55,413] {dag.py:2396} INFO - Sync 1 DAGs
[2022-08-22 20:12:55,419] {logging_mixin.py:109} INFO - [2022-08-22 20:12:55,419] {dag.py:2935} INFO - Setting next_dagrun for example_dag_decorator to None
[2022-08-22 20:12:55,424] {processor.py:171} INFO - Processing /opt/anaconda3/envs/airflow_env/lib/python3.9/site-packages/airflow/example_dags/example_dag_decorator.py took 0.140 seconds
[2022-08-22 20:13:58,668] {processor.py:163} INFO - Started process (PID=1495) to work on /opt/anaconda3/envs/airflow_env/lib/python3.9/site-packages/airflow/example_dags/example_dag_decorator.py
[2022-08-22 20:13:58,669] {processor.py:642} INFO - Processing file /opt/anaconda3/envs/airflow_env/lib/python3.9/site-packages/airflow/example_dags/example_dag_decorator.py for tasks to queue
[2022-08-22 20:13:58,669] {logging_mixin.py:109} INFO - [2022-08-22 20:13:58,669] {dagbag.py:500} INFO - Filling up the DagBag from /opt/anaconda3/envs/airflow_env/lib/python3.9/site-packages/airflow/example_dags/example_dag_decorator.py
[2022-08-22 20:13:58,693] {processor.py:654} INFO - DAG(s) dict_keys(['example_dag_decorator']) retrieved from /opt/anaconda3/envs/airflow_env/lib/python3.9/site-packages/airflow/example_dags/example_dag_decorator.py
[2022-08-22 20:13:58,787] {logging_mixin.py:109} INFO - [2022-08-22 20:13:58,787] {dag.py:2396} INFO - Sync 1 DAGs
[2022-08-22 20:13:58,792] {logging_mixin.py:109} INFO - [2022-08-22 20:13:58,792] {dag.py:2935} INFO - Setting next_dagrun for example_dag_decorator to None
[2022-08-22 20:13:58,796] {processor.py:171} INFO - Processing /opt/anaconda3/envs/airflow_env/lib/python3.9/site-packages/airflow/example_dags/example_dag_decorator.py took 0.128 seconds
[2022-08-22 20:14:59,997] {processor.py:163} INFO - Started process (PID=1622) to work on /opt/anaconda3/envs/airflow_env/lib/python3.9/site-packages/airflow/example_dags/example_dag_decorator.py
[2022-08-22 20:14:59,997] {processor.py:642} INFO - Processing file /opt/anaconda3/envs/airflow_env/lib/python3.9/site-packages/airflow/example_dags/example_dag_decorator.py for tasks to queue
[2022-08-22 20:14:59,997] {logging_mixin.py:109} INFO - [2022-08-22 20:14:59,997] {dagbag.py:500} INFO - Filling up the DagBag from /opt/anaconda3/envs/airflow_env/lib/python3.9/site-packages/airflow/example_dags/example_dag_decorator.py
[2022-08-22 20:15:00,021] {processor.py:654} INFO - DAG(s) dict_keys(['example_dag_decorator']) retrieved from /opt/anaconda3/envs/airflow_env/lib/python3.9/site-packages/airflow/example_dags/example_dag_decorator.py
[2022-08-22 20:15:00,118] {logging_mixin.py:109} INFO - [2022-08-22 20:15:00,118] {dag.py:2396} INFO - Sync 1 DAGs
[2022-08-22 20:15:00,123] {logging_mixin.py:109} INFO - [2022-08-22 20:15:00,123] {dag.py:2935} INFO - Setting next_dagrun for example_dag_decorator to None
[2022-08-22 20:15:00,127] {processor.py:171} INFO - Processing /opt/anaconda3/envs/airflow_env/lib/python3.9/site-packages/airflow/example_dags/example_dag_decorator.py took 0.131 seconds
[2022-08-22 20:16:03,682] {processor.py:163} INFO - Started process (PID=1861) to work on /opt/anaconda3/envs/airflow_env/lib/python3.9/site-packages/airflow/example_dags/example_dag_decorator.py
[2022-08-22 20:16:03,695] {processor.py:642} INFO - Processing file /opt/anaconda3/envs/airflow_env/lib/python3.9/site-packages/airflow/example_dags/example_dag_decorator.py for tasks to queue
[2022-08-22 20:16:03,695] {logging_mixin.py:109} INFO - [2022-08-22 20:16:03,695] {dagbag.py:500} INFO - Filling up the DagBag from /opt/anaconda3/envs/airflow_env/lib/python3.9/site-packages/airflow/example_dags/example_dag_decorator.py
[2022-08-22 20:16:03,719] {processor.py:654} INFO - DAG(s) dict_keys(['example_dag_decorator']) retrieved from /opt/anaconda3/envs/airflow_env/lib/python3.9/site-packages/airflow/example_dags/example_dag_decorator.py
[2022-08-22 20:16:03,816] {logging_mixin.py:109} INFO - [2022-08-22 20:16:03,816] {dag.py:2396} INFO - Sync 1 DAGs
[2022-08-22 20:16:03,821] {logging_mixin.py:109} INFO - [2022-08-22 20:16:03,821] {dag.py:2935} INFO - Setting next_dagrun for example_dag_decorator to None
[2022-08-22 20:16:03,825] {processor.py:171} INFO - Processing /opt/anaconda3/envs/airflow_env/lib/python3.9/site-packages/airflow/example_dags/example_dag_decorator.py took 0.143 seconds
[2022-08-22 20:17:05,124] {processor.py:163} INFO - Started process (PID=1940) to work on /opt/anaconda3/envs/airflow_env/lib/python3.9/site-packages/airflow/example_dags/example_dag_decorator.py
[2022-08-22 20:17:05,124] {processor.py:642} INFO - Processing file /opt/anaconda3/envs/airflow_env/lib/python3.9/site-packages/airflow/example_dags/example_dag_decorator.py for tasks to queue
[2022-08-22 20:17:05,125] {logging_mixin.py:109} INFO - [2022-08-22 20:17:05,125] {dagbag.py:500} INFO - Filling up the DagBag from /opt/anaconda3/envs/airflow_env/lib/python3.9/site-packages/airflow/example_dags/example_dag_decorator.py
[2022-08-22 20:17:05,148] {processor.py:654} INFO - DAG(s) dict_keys(['example_dag_decorator']) retrieved from /opt/anaconda3/envs/airflow_env/lib/python3.9/site-packages/airflow/example_dags/example_dag_decorator.py
[2022-08-22 20:17:05,242] {logging_mixin.py:109} INFO - [2022-08-22 20:17:05,242] {dag.py:2396} INFO - Sync 1 DAGs
[2022-08-22 20:17:05,247] {logging_mixin.py:109} INFO - [2022-08-22 20:17:05,247] {dag.py:2935} INFO - Setting next_dagrun for example_dag_decorator to None
[2022-08-22 20:17:05,251] {processor.py:171} INFO - Processing /opt/anaconda3/envs/airflow_env/lib/python3.9/site-packages/airflow/example_dags/example_dag_decorator.py took 0.128 seconds
[2022-08-22 20:18:03,777] {processor.py:163} INFO - Started process (PID=1983) to work on /opt/anaconda3/envs/airflow_env/lib/python3.9/site-packages/airflow/example_dags/example_dag_decorator.py
[2022-08-22 20:18:03,777] {processor.py:642} INFO - Processing file /opt/anaconda3/envs/airflow_env/lib/python3.9/site-packages/airflow/example_dags/example_dag_decorator.py for tasks to queue
[2022-08-22 20:18:03,777] {logging_mixin.py:109} INFO - [2022-08-22 20:18:03,777] {dagbag.py:500} INFO - Filling up the DagBag from /opt/anaconda3/envs/airflow_env/lib/python3.9/site-packages/airflow/example_dags/example_dag_decorator.py
[2022-08-22 20:18:03,804] {processor.py:654} INFO - DAG(s) dict_keys(['example_dag_decorator']) retrieved from /opt/anaconda3/envs/airflow_env/lib/python3.9/site-packages/airflow/example_dags/example_dag_decorator.py
[2022-08-22 20:18:03,909] {logging_mixin.py:109} INFO - [2022-08-22 20:18:03,909] {dag.py:2396} INFO - Sync 1 DAGs
[2022-08-22 20:18:03,915] {logging_mixin.py:109} INFO - [2022-08-22 20:18:03,915] {dag.py:2935} INFO - Setting next_dagrun for example_dag_decorator to None
[2022-08-22 20:18:03,920] {processor.py:171} INFO - Processing /opt/anaconda3/envs/airflow_env/lib/python3.9/site-packages/airflow/example_dags/example_dag_decorator.py took 0.144 seconds
[2022-08-22 20:19:05,096] {processor.py:163} INFO - Started process (PID=2066) to work on /opt/anaconda3/envs/airflow_env/lib/python3.9/site-packages/airflow/example_dags/example_dag_decorator.py
[2022-08-22 20:19:05,097] {processor.py:642} INFO - Processing file /opt/anaconda3/envs/airflow_env/lib/python3.9/site-packages/airflow/example_dags/example_dag_decorator.py for tasks to queue
[2022-08-22 20:19:05,097] {logging_mixin.py:109} INFO - [2022-08-22 20:19:05,097] {dagbag.py:500} INFO - Filling up the DagBag from /opt/anaconda3/envs/airflow_env/lib/python3.9/site-packages/airflow/example_dags/example_dag_decorator.py
[2022-08-22 20:19:05,119] {processor.py:654} INFO - DAG(s) dict_keys(['example_dag_decorator']) retrieved from /opt/anaconda3/envs/airflow_env/lib/python3.9/site-packages/airflow/example_dags/example_dag_decorator.py
[2022-08-22 20:19:05,214] {logging_mixin.py:109} INFO - [2022-08-22 20:19:05,214] {dag.py:2396} INFO - Sync 1 DAGs
[2022-08-22 20:19:05,219] {logging_mixin.py:109} INFO - [2022-08-22 20:19:05,219] {dag.py:2935} INFO - Setting next_dagrun for example_dag_decorator to None
[2022-08-22 20:19:05,223] {processor.py:171} INFO - Processing /opt/anaconda3/envs/airflow_env/lib/python3.9/site-packages/airflow/example_dags/example_dag_decorator.py took 0.127 seconds
[2022-08-22 20:20:08,331] {processor.py:163} INFO - Started process (PID=2148) to work on /opt/anaconda3/envs/airflow_env/lib/python3.9/site-packages/airflow/example_dags/example_dag_decorator.py
[2022-08-22 20:20:08,331] {processor.py:642} INFO - Processing file /opt/anaconda3/envs/airflow_env/lib/python3.9/site-packages/airflow/example_dags/example_dag_decorator.py for tasks to queue
[2022-08-22 20:20:08,332] {logging_mixin.py:109} INFO - [2022-08-22 20:20:08,332] {dagbag.py:500} INFO - Filling up the DagBag from /opt/anaconda3/envs/airflow_env/lib/python3.9/site-packages/airflow/example_dags/example_dag_decorator.py
[2022-08-22 20:20:08,354] {processor.py:654} INFO - DAG(s) dict_keys(['example_dag_decorator']) retrieved from /opt/anaconda3/envs/airflow_env/lib/python3.9/site-packages/airflow/example_dags/example_dag_decorator.py
[2022-08-22 20:20:08,453] {logging_mixin.py:109} INFO - [2022-08-22 20:20:08,453] {dag.py:2396} INFO - Sync 1 DAGs
[2022-08-22 20:20:08,458] {logging_mixin.py:109} INFO - [2022-08-22 20:20:08,458] {dag.py:2935} INFO - Setting next_dagrun for example_dag_decorator to None
[2022-08-22 20:20:08,462] {processor.py:171} INFO - Processing /opt/anaconda3/envs/airflow_env/lib/python3.9/site-packages/airflow/example_dags/example_dag_decorator.py took 0.131 seconds
[2022-08-22 20:21:09,723] {processor.py:163} INFO - Started process (PID=2282) to work on /opt/anaconda3/envs/airflow_env/lib/python3.9/site-packages/airflow/example_dags/example_dag_decorator.py
[2022-08-22 20:21:09,723] {processor.py:642} INFO - Processing file /opt/anaconda3/envs/airflow_env/lib/python3.9/site-packages/airflow/example_dags/example_dag_decorator.py for tasks to queue
[2022-08-22 20:21:09,724] {logging_mixin.py:109} INFO - [2022-08-22 20:21:09,724] {dagbag.py:500} INFO - Filling up the DagBag from /opt/anaconda3/envs/airflow_env/lib/python3.9/site-packages/airflow/example_dags/example_dag_decorator.py
[2022-08-22 20:21:09,748] {processor.py:654} INFO - DAG(s) dict_keys(['example_dag_decorator']) retrieved from /opt/anaconda3/envs/airflow_env/lib/python3.9/site-packages/airflow/example_dags/example_dag_decorator.py
[2022-08-22 20:21:09,874] {logging_mixin.py:109} INFO - [2022-08-22 20:21:09,874] {dag.py:2396} INFO - Sync 1 DAGs
[2022-08-22 20:21:09,879] {logging_mixin.py:109} INFO - [2022-08-22 20:21:09,879] {dag.py:2935} INFO - Setting next_dagrun for example_dag_decorator to None
[2022-08-22 20:21:09,883] {processor.py:171} INFO - Processing /opt/anaconda3/envs/airflow_env/lib/python3.9/site-packages/airflow/example_dags/example_dag_decorator.py took 0.160 seconds
[2022-08-22 20:22:12,984] {processor.py:163} INFO - Started process (PID=2344) to work on /opt/anaconda3/envs/airflow_env/lib/python3.9/site-packages/airflow/example_dags/example_dag_decorator.py
[2022-08-22 20:22:12,985] {processor.py:642} INFO - Processing file /opt/anaconda3/envs/airflow_env/lib/python3.9/site-packages/airflow/example_dags/example_dag_decorator.py for tasks to queue
[2022-08-22 20:22:12,985] {logging_mixin.py:109} INFO - [2022-08-22 20:22:12,985] {dagbag.py:500} INFO - Filling up the DagBag from /opt/anaconda3/envs/airflow_env/lib/python3.9/site-packages/airflow/example_dags/example_dag_decorator.py
[2022-08-22 20:22:13,014] {processor.py:654} INFO - DAG(s) dict_keys(['example_dag_decorator']) retrieved from /opt/anaconda3/envs/airflow_env/lib/python3.9/site-packages/airflow/example_dags/example_dag_decorator.py
[2022-08-22 20:22:13,124] {logging_mixin.py:109} INFO - [2022-08-22 20:22:13,123] {dag.py:2396} INFO - Sync 1 DAGs
[2022-08-22 20:22:13,129] {logging_mixin.py:109} INFO - [2022-08-22 20:22:13,129] {dag.py:2935} INFO - Setting next_dagrun for example_dag_decorator to None
[2022-08-22 20:22:13,134] {processor.py:171} INFO - Processing /opt/anaconda3/envs/airflow_env/lib/python3.9/site-packages/airflow/example_dags/example_dag_decorator.py took 0.151 seconds
[2022-08-22 20:23:04,609] {processor.py:163} INFO - Started process (PID=2381) to work on /opt/anaconda3/envs/airflow_env/lib/python3.9/site-packages/airflow/example_dags/example_dag_decorator.py
[2022-08-22 20:23:04,609] {processor.py:642} INFO - Processing file /opt/anaconda3/envs/airflow_env/lib/python3.9/site-packages/airflow/example_dags/example_dag_decorator.py for tasks to queue
[2022-08-22 20:23:04,609] {logging_mixin.py:109} INFO - [2022-08-22 20:23:04,609] {dagbag.py:500} INFO - Filling up the DagBag from /opt/anaconda3/envs/airflow_env/lib/python3.9/site-packages/airflow/example_dags/example_dag_decorator.py
[2022-08-22 20:23:04,633] {processor.py:654} INFO - DAG(s) dict_keys(['example_dag_decorator']) retrieved from /opt/anaconda3/envs/airflow_env/lib/python3.9/site-packages/airflow/example_dags/example_dag_decorator.py
[2022-08-22 20:23:04,728] {logging_mixin.py:109} INFO - [2022-08-22 20:23:04,727] {dag.py:2396} INFO - Sync 1 DAGs
[2022-08-22 20:23:04,732] {logging_mixin.py:109} INFO - [2022-08-22 20:23:04,732] {dag.py:2935} INFO - Setting next_dagrun for example_dag_decorator to None
[2022-08-22 20:23:04,737] {processor.py:171} INFO - Processing /opt/anaconda3/envs/airflow_env/lib/python3.9/site-packages/airflow/example_dags/example_dag_decorator.py took 0.128 seconds
[2022-08-22 20:24:05,946] {processor.py:163} INFO - Started process (PID=2422) to work on /opt/anaconda3/envs/airflow_env/lib/python3.9/site-packages/airflow/example_dags/example_dag_decorator.py
[2022-08-22 20:24:05,947] {processor.py:642} INFO - Processing file /opt/anaconda3/envs/airflow_env/lib/python3.9/site-packages/airflow/example_dags/example_dag_decorator.py for tasks to queue
[2022-08-22 20:24:05,947] {logging_mixin.py:109} INFO - [2022-08-22 20:24:05,947] {dagbag.py:500} INFO - Filling up the DagBag from /opt/anaconda3/envs/airflow_env/lib/python3.9/site-packages/airflow/example_dags/example_dag_decorator.py
[2022-08-22 20:24:05,972] {processor.py:654} INFO - DAG(s) dict_keys(['example_dag_decorator']) retrieved from /opt/anaconda3/envs/airflow_env/lib/python3.9/site-packages/airflow/example_dags/example_dag_decorator.py
[2022-08-22 20:24:06,093] {logging_mixin.py:109} INFO - [2022-08-22 20:24:06,093] {dag.py:2396} INFO - Sync 1 DAGs
[2022-08-22 20:24:06,098] {logging_mixin.py:109} INFO - [2022-08-22 20:24:06,098] {dag.py:2935} INFO - Setting next_dagrun for example_dag_decorator to None
[2022-08-22 20:24:06,102] {processor.py:171} INFO - Processing /opt/anaconda3/envs/airflow_env/lib/python3.9/site-packages/airflow/example_dags/example_dag_decorator.py took 0.157 seconds
[2022-08-22 20:25:07,531] {processor.py:163} INFO - Started process (PID=2478) to work on /opt/anaconda3/envs/airflow_env/lib/python3.9/site-packages/airflow/example_dags/example_dag_decorator.py
[2022-08-22 20:25:07,531] {processor.py:642} INFO - Processing file /opt/anaconda3/envs/airflow_env/lib/python3.9/site-packages/airflow/example_dags/example_dag_decorator.py for tasks to queue
[2022-08-22 20:25:07,531] {logging_mixin.py:109} INFO - [2022-08-22 20:25:07,531] {dagbag.py:500} INFO - Filling up the DagBag from /opt/anaconda3/envs/airflow_env/lib/python3.9/site-packages/airflow/example_dags/example_dag_decorator.py
[2022-08-22 20:25:07,555] {processor.py:654} INFO - DAG(s) dict_keys(['example_dag_decorator']) retrieved from /opt/anaconda3/envs/airflow_env/lib/python3.9/site-packages/airflow/example_dags/example_dag_decorator.py
[2022-08-22 20:25:07,677] {logging_mixin.py:109} INFO - [2022-08-22 20:25:07,676] {dag.py:2396} INFO - Sync 1 DAGs
[2022-08-22 20:25:07,681] {logging_mixin.py:109} INFO - [2022-08-22 20:25:07,681] {dag.py:2935} INFO - Setting next_dagrun for example_dag_decorator to None
[2022-08-22 20:25:07,685] {processor.py:171} INFO - Processing /opt/anaconda3/envs/airflow_env/lib/python3.9/site-packages/airflow/example_dags/example_dag_decorator.py took 0.155 seconds
[2022-08-22 20:26:10,915] {processor.py:163} INFO - Started process (PID=2579) to work on /opt/anaconda3/envs/airflow_env/lib/python3.9/site-packages/airflow/example_dags/example_dag_decorator.py
[2022-08-22 20:26:10,915] {processor.py:642} INFO - Processing file /opt/anaconda3/envs/airflow_env/lib/python3.9/site-packages/airflow/example_dags/example_dag_decorator.py for tasks to queue
[2022-08-22 20:26:10,915] {logging_mixin.py:109} INFO - [2022-08-22 20:26:10,915] {dagbag.py:500} INFO - Filling up the DagBag from /opt/anaconda3/envs/airflow_env/lib/python3.9/site-packages/airflow/example_dags/example_dag_decorator.py
[2022-08-22 20:26:10,939] {processor.py:654} INFO - DAG(s) dict_keys(['example_dag_decorator']) retrieved from /opt/anaconda3/envs/airflow_env/lib/python3.9/site-packages/airflow/example_dags/example_dag_decorator.py
[2022-08-22 20:26:11,034] {logging_mixin.py:109} INFO - [2022-08-22 20:26:11,034] {dag.py:2396} INFO - Sync 1 DAGs
[2022-08-22 20:26:11,039] {logging_mixin.py:109} INFO - [2022-08-22 20:26:11,039] {dag.py:2935} INFO - Setting next_dagrun for example_dag_decorator to None
[2022-08-22 20:26:11,043] {processor.py:171} INFO - Processing /opt/anaconda3/envs/airflow_env/lib/python3.9/site-packages/airflow/example_dags/example_dag_decorator.py took 0.129 seconds
[2022-08-22 20:27:14,294] {processor.py:163} INFO - Started process (PID=2644) to work on /opt/anaconda3/envs/airflow_env/lib/python3.9/site-packages/airflow/example_dags/example_dag_decorator.py
[2022-08-22 20:27:14,294] {processor.py:642} INFO - Processing file /opt/anaconda3/envs/airflow_env/lib/python3.9/site-packages/airflow/example_dags/example_dag_decorator.py for tasks to queue
[2022-08-22 20:27:14,294] {logging_mixin.py:109} INFO - [2022-08-22 20:27:14,294] {dagbag.py:500} INFO - Filling up the DagBag from /opt/anaconda3/envs/airflow_env/lib/python3.9/site-packages/airflow/example_dags/example_dag_decorator.py
[2022-08-22 20:27:14,322] {processor.py:654} INFO - DAG(s) dict_keys(['example_dag_decorator']) retrieved from /opt/anaconda3/envs/airflow_env/lib/python3.9/site-packages/airflow/example_dags/example_dag_decorator.py
[2022-08-22 20:27:14,421] {logging_mixin.py:109} INFO - [2022-08-22 20:27:14,421] {dag.py:2396} INFO - Sync 1 DAGs
[2022-08-22 20:27:14,426] {logging_mixin.py:109} INFO - [2022-08-22 20:27:14,426] {dag.py:2935} INFO - Setting next_dagrun for example_dag_decorator to None
[2022-08-22 20:27:14,430] {processor.py:171} INFO - Processing /opt/anaconda3/envs/airflow_env/lib/python3.9/site-packages/airflow/example_dags/example_dag_decorator.py took 0.137 seconds
[2022-08-22 20:29:24,570] {processor.py:163} INFO - Started process (PID=2745) to work on /opt/anaconda3/envs/airflow_env/lib/python3.9/site-packages/airflow/example_dags/example_dag_decorator.py
[2022-08-22 20:29:24,571] {processor.py:642} INFO - Processing file /opt/anaconda3/envs/airflow_env/lib/python3.9/site-packages/airflow/example_dags/example_dag_decorator.py for tasks to queue
[2022-08-22 20:29:24,572] {logging_mixin.py:109} INFO - [2022-08-22 20:29:24,572] {dagbag.py:500} INFO - Filling up the DagBag from /opt/anaconda3/envs/airflow_env/lib/python3.9/site-packages/airflow/example_dags/example_dag_decorator.py
[2022-08-22 20:29:24,595] {processor.py:654} INFO - DAG(s) dict_keys(['example_dag_decorator']) retrieved from /opt/anaconda3/envs/airflow_env/lib/python3.9/site-packages/airflow/example_dags/example_dag_decorator.py
[2022-08-22 20:29:24,692] {logging_mixin.py:109} INFO - [2022-08-22 20:29:24,692] {dag.py:2396} INFO - Sync 1 DAGs
[2022-08-22 20:29:24,697] {logging_mixin.py:109} INFO - [2022-08-22 20:29:24,697] {dag.py:2935} INFO - Setting next_dagrun for example_dag_decorator to None
[2022-08-22 20:29:24,701] {processor.py:171} INFO - Processing /opt/anaconda3/envs/airflow_env/lib/python3.9/site-packages/airflow/example_dags/example_dag_decorator.py took 0.131 seconds
[2022-08-22 20:30:28,219] {processor.py:163} INFO - Started process (PID=2795) to work on /opt/anaconda3/envs/airflow_env/lib/python3.9/site-packages/airflow/example_dags/example_dag_decorator.py
[2022-08-22 20:30:28,219] {processor.py:642} INFO - Processing file /opt/anaconda3/envs/airflow_env/lib/python3.9/site-packages/airflow/example_dags/example_dag_decorator.py for tasks to queue
[2022-08-22 20:30:28,219] {logging_mixin.py:109} INFO - [2022-08-22 20:30:28,219] {dagbag.py:500} INFO - Filling up the DagBag from /opt/anaconda3/envs/airflow_env/lib/python3.9/site-packages/airflow/example_dags/example_dag_decorator.py
[2022-08-22 20:30:28,247] {processor.py:654} INFO - DAG(s) dict_keys(['example_dag_decorator']) retrieved from /opt/anaconda3/envs/airflow_env/lib/python3.9/site-packages/airflow/example_dags/example_dag_decorator.py
[2022-08-22 20:30:28,390] {logging_mixin.py:109} INFO - [2022-08-22 20:30:28,390] {dag.py:2396} INFO - Sync 1 DAGs
[2022-08-22 20:30:28,396] {logging_mixin.py:109} INFO - [2022-08-22 20:30:28,396] {dag.py:2935} INFO - Setting next_dagrun for example_dag_decorator to None
[2022-08-22 20:30:28,400] {processor.py:171} INFO - Processing /opt/anaconda3/envs/airflow_env/lib/python3.9/site-packages/airflow/example_dags/example_dag_decorator.py took 0.182 seconds
