[2022-08-22 19:58:25,466] {processor.py:163} INFO - Started process (PID=16750) to work on /opt/anaconda3/envs/airflow_env/lib/python3.9/site-packages/airflow/example_dags/tutorial_taskflow_api_etl.py
[2022-08-22 19:58:25,466] {processor.py:642} INFO - Processing file /opt/anaconda3/envs/airflow_env/lib/python3.9/site-packages/airflow/example_dags/tutorial_taskflow_api_etl.py for tasks to queue
[2022-08-22 19:58:25,466] {logging_mixin.py:109} INFO - [2022-08-22 19:58:25,466] {dagbag.py:500} INFO - Filling up the DagBag from /opt/anaconda3/envs/airflow_env/lib/python3.9/site-packages/airflow/example_dags/tutorial_taskflow_api_etl.py
[2022-08-22 19:58:25,493] {processor.py:654} INFO - DAG(s) dict_keys(['tutorial_taskflow_api_etl']) retrieved from /opt/anaconda3/envs/airflow_env/lib/python3.9/site-packages/airflow/example_dags/tutorial_taskflow_api_etl.py
[2022-08-22 19:58:25,626] {logging_mixin.py:109} INFO - [2022-08-22 19:58:25,626] {dag.py:2396} INFO - Sync 1 DAGs
[2022-08-22 19:58:25,633] {logging_mixin.py:109} INFO - [2022-08-22 19:58:25,633] {dag.py:2935} INFO - Setting next_dagrun for tutorial_taskflow_api_etl to None
[2022-08-22 19:58:25,638] {processor.py:171} INFO - Processing /opt/anaconda3/envs/airflow_env/lib/python3.9/site-packages/airflow/example_dags/tutorial_taskflow_api_etl.py took 0.173 seconds
[2022-08-22 19:59:28,838] {processor.py:163} INFO - Started process (PID=16796) to work on /opt/anaconda3/envs/airflow_env/lib/python3.9/site-packages/airflow/example_dags/tutorial_taskflow_api_etl.py
[2022-08-22 19:59:28,839] {processor.py:642} INFO - Processing file /opt/anaconda3/envs/airflow_env/lib/python3.9/site-packages/airflow/example_dags/tutorial_taskflow_api_etl.py for tasks to queue
[2022-08-22 19:59:28,839] {logging_mixin.py:109} INFO - [2022-08-22 19:59:28,839] {dagbag.py:500} INFO - Filling up the DagBag from /opt/anaconda3/envs/airflow_env/lib/python3.9/site-packages/airflow/example_dags/tutorial_taskflow_api_etl.py
[2022-08-22 19:59:28,865] {processor.py:654} INFO - DAG(s) dict_keys(['tutorial_taskflow_api_etl']) retrieved from /opt/anaconda3/envs/airflow_env/lib/python3.9/site-packages/airflow/example_dags/tutorial_taskflow_api_etl.py
[2022-08-22 19:59:29,009] {logging_mixin.py:109} INFO - [2022-08-22 19:59:29,008] {dag.py:2396} INFO - Sync 1 DAGs
[2022-08-22 19:59:29,015] {logging_mixin.py:109} INFO - [2022-08-22 19:59:29,015] {dag.py:2935} INFO - Setting next_dagrun for tutorial_taskflow_api_etl to None
[2022-08-22 19:59:29,019] {processor.py:171} INFO - Processing /opt/anaconda3/envs/airflow_env/lib/python3.9/site-packages/airflow/example_dags/tutorial_taskflow_api_etl.py took 0.182 seconds
[2022-08-22 20:00:35,655] {processor.py:163} INFO - Started process (PID=16856) to work on /opt/anaconda3/envs/airflow_env/lib/python3.9/site-packages/airflow/example_dags/tutorial_taskflow_api_etl.py
[2022-08-22 20:00:35,656] {processor.py:642} INFO - Processing file /opt/anaconda3/envs/airflow_env/lib/python3.9/site-packages/airflow/example_dags/tutorial_taskflow_api_etl.py for tasks to queue
[2022-08-22 20:00:35,656] {logging_mixin.py:109} INFO - [2022-08-22 20:00:35,656] {dagbag.py:500} INFO - Filling up the DagBag from /opt/anaconda3/envs/airflow_env/lib/python3.9/site-packages/airflow/example_dags/tutorial_taskflow_api_etl.py
[2022-08-22 20:00:35,682] {processor.py:654} INFO - DAG(s) dict_keys(['tutorial_taskflow_api_etl']) retrieved from /opt/anaconda3/envs/airflow_env/lib/python3.9/site-packages/airflow/example_dags/tutorial_taskflow_api_etl.py
[2022-08-22 20:00:35,813] {logging_mixin.py:109} INFO - [2022-08-22 20:00:35,812] {dag.py:2396} INFO - Sync 1 DAGs
[2022-08-22 20:00:35,818] {logging_mixin.py:109} INFO - [2022-08-22 20:00:35,818] {dag.py:2935} INFO - Setting next_dagrun for tutorial_taskflow_api_etl to None
[2022-08-22 20:00:35,822] {processor.py:171} INFO - Processing /opt/anaconda3/envs/airflow_env/lib/python3.9/site-packages/airflow/example_dags/tutorial_taskflow_api_etl.py took 0.168 seconds
[2022-08-22 20:01:42,286] {processor.py:163} INFO - Started process (PID=16895) to work on /opt/anaconda3/envs/airflow_env/lib/python3.9/site-packages/airflow/example_dags/tutorial_taskflow_api_etl.py
[2022-08-22 20:01:42,287] {processor.py:642} INFO - Processing file /opt/anaconda3/envs/airflow_env/lib/python3.9/site-packages/airflow/example_dags/tutorial_taskflow_api_etl.py for tasks to queue
[2022-08-22 20:01:42,287] {logging_mixin.py:109} INFO - [2022-08-22 20:01:42,287] {dagbag.py:500} INFO - Filling up the DagBag from /opt/anaconda3/envs/airflow_env/lib/python3.9/site-packages/airflow/example_dags/tutorial_taskflow_api_etl.py
[2022-08-22 20:01:42,311] {processor.py:654} INFO - DAG(s) dict_keys(['tutorial_taskflow_api_etl']) retrieved from /opt/anaconda3/envs/airflow_env/lib/python3.9/site-packages/airflow/example_dags/tutorial_taskflow_api_etl.py
[2022-08-22 20:01:42,446] {logging_mixin.py:109} INFO - [2022-08-22 20:01:42,446] {dag.py:2396} INFO - Sync 1 DAGs
[2022-08-22 20:01:42,451] {logging_mixin.py:109} INFO - [2022-08-22 20:01:42,451] {dag.py:2935} INFO - Setting next_dagrun for tutorial_taskflow_api_etl to None
[2022-08-22 20:01:42,455] {processor.py:171} INFO - Processing /opt/anaconda3/envs/airflow_env/lib/python3.9/site-packages/airflow/example_dags/tutorial_taskflow_api_etl.py took 0.170 seconds
[2022-08-22 20:02:48,852] {processor.py:163} INFO - Started process (PID=16938) to work on /opt/anaconda3/envs/airflow_env/lib/python3.9/site-packages/airflow/example_dags/tutorial_taskflow_api_etl.py
[2022-08-22 20:02:48,853] {processor.py:642} INFO - Processing file /opt/anaconda3/envs/airflow_env/lib/python3.9/site-packages/airflow/example_dags/tutorial_taskflow_api_etl.py for tasks to queue
[2022-08-22 20:02:48,853] {logging_mixin.py:109} INFO - [2022-08-22 20:02:48,853] {dagbag.py:500} INFO - Filling up the DagBag from /opt/anaconda3/envs/airflow_env/lib/python3.9/site-packages/airflow/example_dags/tutorial_taskflow_api_etl.py
[2022-08-22 20:02:48,879] {processor.py:654} INFO - DAG(s) dict_keys(['tutorial_taskflow_api_etl']) retrieved from /opt/anaconda3/envs/airflow_env/lib/python3.9/site-packages/airflow/example_dags/tutorial_taskflow_api_etl.py
[2022-08-22 20:02:48,983] {logging_mixin.py:109} INFO - [2022-08-22 20:02:48,983] {dag.py:2396} INFO - Sync 1 DAGs
[2022-08-22 20:02:48,989] {logging_mixin.py:109} INFO - [2022-08-22 20:02:48,988] {dag.py:2935} INFO - Setting next_dagrun for tutorial_taskflow_api_etl to None
[2022-08-22 20:02:48,993] {processor.py:171} INFO - Processing /opt/anaconda3/envs/airflow_env/lib/python3.9/site-packages/airflow/example_dags/tutorial_taskflow_api_etl.py took 0.142 seconds
[2022-08-22 20:03:50,992] {processor.py:163} INFO - Started process (PID=16986) to work on /opt/anaconda3/envs/airflow_env/lib/python3.9/site-packages/airflow/example_dags/tutorial_taskflow_api_etl.py
[2022-08-22 20:03:50,992] {processor.py:642} INFO - Processing file /opt/anaconda3/envs/airflow_env/lib/python3.9/site-packages/airflow/example_dags/tutorial_taskflow_api_etl.py for tasks to queue
[2022-08-22 20:03:50,992] {logging_mixin.py:109} INFO - [2022-08-22 20:03:50,992] {dagbag.py:500} INFO - Filling up the DagBag from /opt/anaconda3/envs/airflow_env/lib/python3.9/site-packages/airflow/example_dags/tutorial_taskflow_api_etl.py
[2022-08-22 20:03:51,019] {processor.py:654} INFO - DAG(s) dict_keys(['tutorial_taskflow_api_etl']) retrieved from /opt/anaconda3/envs/airflow_env/lib/python3.9/site-packages/airflow/example_dags/tutorial_taskflow_api_etl.py
[2022-08-22 20:03:51,127] {logging_mixin.py:109} INFO - [2022-08-22 20:03:51,127] {dag.py:2396} INFO - Sync 1 DAGs
[2022-08-22 20:03:51,133] {logging_mixin.py:109} INFO - [2022-08-22 20:03:51,133] {dag.py:2935} INFO - Setting next_dagrun for tutorial_taskflow_api_etl to None
[2022-08-22 20:03:51,138] {processor.py:171} INFO - Processing /opt/anaconda3/envs/airflow_env/lib/python3.9/site-packages/airflow/example_dags/tutorial_taskflow_api_etl.py took 0.146 seconds
[2022-08-22 20:04:57,427] {processor.py:163} INFO - Started process (PID=17070) to work on /opt/anaconda3/envs/airflow_env/lib/python3.9/site-packages/airflow/example_dags/tutorial_taskflow_api_etl.py
[2022-08-22 20:04:57,427] {processor.py:642} INFO - Processing file /opt/anaconda3/envs/airflow_env/lib/python3.9/site-packages/airflow/example_dags/tutorial_taskflow_api_etl.py for tasks to queue
[2022-08-22 20:04:57,427] {logging_mixin.py:109} INFO - [2022-08-22 20:04:57,427] {dagbag.py:500} INFO - Filling up the DagBag from /opt/anaconda3/envs/airflow_env/lib/python3.9/site-packages/airflow/example_dags/tutorial_taskflow_api_etl.py
[2022-08-22 20:04:57,452] {processor.py:654} INFO - DAG(s) dict_keys(['tutorial_taskflow_api_etl']) retrieved from /opt/anaconda3/envs/airflow_env/lib/python3.9/site-packages/airflow/example_dags/tutorial_taskflow_api_etl.py
[2022-08-22 20:04:57,559] {logging_mixin.py:109} INFO - [2022-08-22 20:04:57,559] {dag.py:2396} INFO - Sync 1 DAGs
[2022-08-22 20:04:57,564] {logging_mixin.py:109} INFO - [2022-08-22 20:04:57,564] {dag.py:2935} INFO - Setting next_dagrun for tutorial_taskflow_api_etl to None
[2022-08-22 20:04:57,569] {processor.py:171} INFO - Processing /opt/anaconda3/envs/airflow_env/lib/python3.9/site-packages/airflow/example_dags/tutorial_taskflow_api_etl.py took 0.142 seconds
[2022-08-22 20:06:01,483] {processor.py:163} INFO - Started process (PID=17113) to work on /opt/anaconda3/envs/airflow_env/lib/python3.9/site-packages/airflow/example_dags/tutorial_taskflow_api_etl.py
[2022-08-22 20:06:01,483] {processor.py:642} INFO - Processing file /opt/anaconda3/envs/airflow_env/lib/python3.9/site-packages/airflow/example_dags/tutorial_taskflow_api_etl.py for tasks to queue
[2022-08-22 20:06:01,483] {logging_mixin.py:109} INFO - [2022-08-22 20:06:01,483] {dagbag.py:500} INFO - Filling up the DagBag from /opt/anaconda3/envs/airflow_env/lib/python3.9/site-packages/airflow/example_dags/tutorial_taskflow_api_etl.py
[2022-08-22 20:06:01,506] {processor.py:654} INFO - DAG(s) dict_keys(['tutorial_taskflow_api_etl']) retrieved from /opt/anaconda3/envs/airflow_env/lib/python3.9/site-packages/airflow/example_dags/tutorial_taskflow_api_etl.py
[2022-08-22 20:06:01,611] {logging_mixin.py:109} INFO - [2022-08-22 20:06:01,610] {dag.py:2396} INFO - Sync 1 DAGs
[2022-08-22 20:06:01,616] {logging_mixin.py:109} INFO - [2022-08-22 20:06:01,616] {dag.py:2935} INFO - Setting next_dagrun for tutorial_taskflow_api_etl to None
[2022-08-22 20:06:01,620] {processor.py:171} INFO - Processing /opt/anaconda3/envs/airflow_env/lib/python3.9/site-packages/airflow/example_dags/tutorial_taskflow_api_etl.py took 0.138 seconds
[2022-08-22 20:12:14,584] {processor.py:163} INFO - Started process (PID=1410) to work on /opt/anaconda3/envs/airflow_env/lib/python3.9/site-packages/airflow/example_dags/tutorial_taskflow_api_etl.py
[2022-08-22 20:12:14,584] {processor.py:642} INFO - Processing file /opt/anaconda3/envs/airflow_env/lib/python3.9/site-packages/airflow/example_dags/tutorial_taskflow_api_etl.py for tasks to queue
[2022-08-22 20:12:14,584] {logging_mixin.py:109} INFO - [2022-08-22 20:12:14,584] {dagbag.py:500} INFO - Filling up the DagBag from /opt/anaconda3/envs/airflow_env/lib/python3.9/site-packages/airflow/example_dags/tutorial_taskflow_api_etl.py
[2022-08-22 20:12:14,609] {processor.py:654} INFO - DAG(s) dict_keys(['tutorial_taskflow_api_etl']) retrieved from /opt/anaconda3/envs/airflow_env/lib/python3.9/site-packages/airflow/example_dags/tutorial_taskflow_api_etl.py
[2022-08-22 20:12:14,712] {logging_mixin.py:109} INFO - [2022-08-22 20:12:14,712] {dag.py:2396} INFO - Sync 1 DAGs
[2022-08-22 20:12:14,718] {logging_mixin.py:109} INFO - [2022-08-22 20:12:14,718] {dag.py:2935} INFO - Setting next_dagrun for tutorial_taskflow_api_etl to None
[2022-08-22 20:12:14,722] {processor.py:171} INFO - Processing /opt/anaconda3/envs/airflow_env/lib/python3.9/site-packages/airflow/example_dags/tutorial_taskflow_api_etl.py took 0.138 seconds
[2022-08-22 20:13:16,375] {processor.py:163} INFO - Started process (PID=1465) to work on /opt/anaconda3/envs/airflow_env/lib/python3.9/site-packages/airflow/example_dags/tutorial_taskflow_api_etl.py
[2022-08-22 20:13:16,375] {processor.py:642} INFO - Processing file /opt/anaconda3/envs/airflow_env/lib/python3.9/site-packages/airflow/example_dags/tutorial_taskflow_api_etl.py for tasks to queue
[2022-08-22 20:13:16,375] {logging_mixin.py:109} INFO - [2022-08-22 20:13:16,375] {dagbag.py:500} INFO - Filling up the DagBag from /opt/anaconda3/envs/airflow_env/lib/python3.9/site-packages/airflow/example_dags/tutorial_taskflow_api_etl.py
[2022-08-22 20:13:16,399] {processor.py:654} INFO - DAG(s) dict_keys(['tutorial_taskflow_api_etl']) retrieved from /opt/anaconda3/envs/airflow_env/lib/python3.9/site-packages/airflow/example_dags/tutorial_taskflow_api_etl.py
[2022-08-22 20:13:16,507] {logging_mixin.py:109} INFO - [2022-08-22 20:13:16,507] {dag.py:2396} INFO - Sync 1 DAGs
[2022-08-22 20:13:16,513] {logging_mixin.py:109} INFO - [2022-08-22 20:13:16,513] {dag.py:2935} INFO - Setting next_dagrun for tutorial_taskflow_api_etl to None
[2022-08-22 20:13:16,518] {processor.py:171} INFO - Processing /opt/anaconda3/envs/airflow_env/lib/python3.9/site-packages/airflow/example_dags/tutorial_taskflow_api_etl.py took 0.143 seconds
[2022-08-22 20:14:19,603] {processor.py:163} INFO - Started process (PID=1548) to work on /opt/anaconda3/envs/airflow_env/lib/python3.9/site-packages/airflow/example_dags/tutorial_taskflow_api_etl.py
[2022-08-22 20:14:19,603] {processor.py:642} INFO - Processing file /opt/anaconda3/envs/airflow_env/lib/python3.9/site-packages/airflow/example_dags/tutorial_taskflow_api_etl.py for tasks to queue
[2022-08-22 20:14:19,604] {logging_mixin.py:109} INFO - [2022-08-22 20:14:19,604] {dagbag.py:500} INFO - Filling up the DagBag from /opt/anaconda3/envs/airflow_env/lib/python3.9/site-packages/airflow/example_dags/tutorial_taskflow_api_etl.py
[2022-08-22 20:14:19,628] {processor.py:654} INFO - DAG(s) dict_keys(['tutorial_taskflow_api_etl']) retrieved from /opt/anaconda3/envs/airflow_env/lib/python3.9/site-packages/airflow/example_dags/tutorial_taskflow_api_etl.py
[2022-08-22 20:14:19,729] {logging_mixin.py:109} INFO - [2022-08-22 20:14:19,729] {dag.py:2396} INFO - Sync 1 DAGs
[2022-08-22 20:14:19,734] {logging_mixin.py:109} INFO - [2022-08-22 20:14:19,734] {dag.py:2935} INFO - Setting next_dagrun for tutorial_taskflow_api_etl to None
[2022-08-22 20:14:19,739] {processor.py:171} INFO - Processing /opt/anaconda3/envs/airflow_env/lib/python3.9/site-packages/airflow/example_dags/tutorial_taskflow_api_etl.py took 0.136 seconds
[2022-08-22 20:15:21,277] {processor.py:163} INFO - Started process (PID=1789) to work on /opt/anaconda3/envs/airflow_env/lib/python3.9/site-packages/airflow/example_dags/tutorial_taskflow_api_etl.py
[2022-08-22 20:15:21,277] {processor.py:642} INFO - Processing file /opt/anaconda3/envs/airflow_env/lib/python3.9/site-packages/airflow/example_dags/tutorial_taskflow_api_etl.py for tasks to queue
[2022-08-22 20:15:21,277] {logging_mixin.py:109} INFO - [2022-08-22 20:15:21,277] {dagbag.py:500} INFO - Filling up the DagBag from /opt/anaconda3/envs/airflow_env/lib/python3.9/site-packages/airflow/example_dags/tutorial_taskflow_api_etl.py
[2022-08-22 20:15:21,304] {processor.py:654} INFO - DAG(s) dict_keys(['tutorial_taskflow_api_etl']) retrieved from /opt/anaconda3/envs/airflow_env/lib/python3.9/site-packages/airflow/example_dags/tutorial_taskflow_api_etl.py
[2022-08-22 20:15:21,414] {logging_mixin.py:109} INFO - [2022-08-22 20:15:21,414] {dag.py:2396} INFO - Sync 1 DAGs
[2022-08-22 20:15:21,420] {logging_mixin.py:109} INFO - [2022-08-22 20:15:21,419] {dag.py:2935} INFO - Setting next_dagrun for tutorial_taskflow_api_etl to None
[2022-08-22 20:15:21,424] {processor.py:171} INFO - Processing /opt/anaconda3/envs/airflow_env/lib/python3.9/site-packages/airflow/example_dags/tutorial_taskflow_api_etl.py took 0.148 seconds
[2022-08-22 20:16:24,732] {processor.py:163} INFO - Started process (PID=1874) to work on /opt/anaconda3/envs/airflow_env/lib/python3.9/site-packages/airflow/example_dags/tutorial_taskflow_api_etl.py
[2022-08-22 20:16:24,732] {processor.py:642} INFO - Processing file /opt/anaconda3/envs/airflow_env/lib/python3.9/site-packages/airflow/example_dags/tutorial_taskflow_api_etl.py for tasks to queue
[2022-08-22 20:16:24,732] {logging_mixin.py:109} INFO - [2022-08-22 20:16:24,732] {dagbag.py:500} INFO - Filling up the DagBag from /opt/anaconda3/envs/airflow_env/lib/python3.9/site-packages/airflow/example_dags/tutorial_taskflow_api_etl.py
[2022-08-22 20:16:24,754] {processor.py:654} INFO - DAG(s) dict_keys(['tutorial_taskflow_api_etl']) retrieved from /opt/anaconda3/envs/airflow_env/lib/python3.9/site-packages/airflow/example_dags/tutorial_taskflow_api_etl.py
[2022-08-22 20:16:24,847] {logging_mixin.py:109} INFO - [2022-08-22 20:16:24,847] {dag.py:2396} INFO - Sync 1 DAGs
[2022-08-22 20:16:24,852] {logging_mixin.py:109} INFO - [2022-08-22 20:16:24,852] {dag.py:2935} INFO - Setting next_dagrun for tutorial_taskflow_api_etl to None
[2022-08-22 20:16:24,856] {processor.py:171} INFO - Processing /opt/anaconda3/envs/airflow_env/lib/python3.9/site-packages/airflow/example_dags/tutorial_taskflow_api_etl.py took 0.125 seconds
[2022-08-22 20:17:23,803] {processor.py:163} INFO - Started process (PID=1954) to work on /opt/anaconda3/envs/airflow_env/lib/python3.9/site-packages/airflow/example_dags/tutorial_taskflow_api_etl.py
[2022-08-22 20:17:23,811] {processor.py:642} INFO - Processing file /opt/anaconda3/envs/airflow_env/lib/python3.9/site-packages/airflow/example_dags/tutorial_taskflow_api_etl.py for tasks to queue
[2022-08-22 20:17:23,812] {logging_mixin.py:109} INFO - [2022-08-22 20:17:23,812] {dagbag.py:500} INFO - Filling up the DagBag from /opt/anaconda3/envs/airflow_env/lib/python3.9/site-packages/airflow/example_dags/tutorial_taskflow_api_etl.py
[2022-08-22 20:17:23,836] {processor.py:654} INFO - DAG(s) dict_keys(['tutorial_taskflow_api_etl']) retrieved from /opt/anaconda3/envs/airflow_env/lib/python3.9/site-packages/airflow/example_dags/tutorial_taskflow_api_etl.py
[2022-08-22 20:17:23,935] {logging_mixin.py:109} INFO - [2022-08-22 20:17:23,935] {dag.py:2396} INFO - Sync 1 DAGs
[2022-08-22 20:17:23,940] {logging_mixin.py:109} INFO - [2022-08-22 20:17:23,940] {dag.py:2935} INFO - Setting next_dagrun for tutorial_taskflow_api_etl to None
[2022-08-22 20:17:23,945] {processor.py:171} INFO - Processing /opt/anaconda3/envs/airflow_env/lib/python3.9/site-packages/airflow/example_dags/tutorial_taskflow_api_etl.py took 0.143 seconds
[2022-08-22 20:18:22,837] {processor.py:163} INFO - Started process (PID=1994) to work on /opt/anaconda3/envs/airflow_env/lib/python3.9/site-packages/airflow/example_dags/tutorial_taskflow_api_etl.py
[2022-08-22 20:18:22,837] {processor.py:642} INFO - Processing file /opt/anaconda3/envs/airflow_env/lib/python3.9/site-packages/airflow/example_dags/tutorial_taskflow_api_etl.py for tasks to queue
[2022-08-22 20:18:22,837] {logging_mixin.py:109} INFO - [2022-08-22 20:18:22,837] {dagbag.py:500} INFO - Filling up the DagBag from /opt/anaconda3/envs/airflow_env/lib/python3.9/site-packages/airflow/example_dags/tutorial_taskflow_api_etl.py
[2022-08-22 20:18:22,863] {processor.py:654} INFO - DAG(s) dict_keys(['tutorial_taskflow_api_etl']) retrieved from /opt/anaconda3/envs/airflow_env/lib/python3.9/site-packages/airflow/example_dags/tutorial_taskflow_api_etl.py
[2022-08-22 20:18:22,974] {logging_mixin.py:109} INFO - [2022-08-22 20:18:22,974] {dag.py:2396} INFO - Sync 1 DAGs
[2022-08-22 20:18:22,980] {logging_mixin.py:109} INFO - [2022-08-22 20:18:22,980] {dag.py:2935} INFO - Setting next_dagrun for tutorial_taskflow_api_etl to None
[2022-08-22 20:18:22,985] {processor.py:171} INFO - Processing /opt/anaconda3/envs/airflow_env/lib/python3.9/site-packages/airflow/example_dags/tutorial_taskflow_api_etl.py took 0.149 seconds
[2022-08-22 20:19:24,140] {processor.py:163} INFO - Started process (PID=2082) to work on /opt/anaconda3/envs/airflow_env/lib/python3.9/site-packages/airflow/example_dags/tutorial_taskflow_api_etl.py
[2022-08-22 20:19:24,141] {processor.py:642} INFO - Processing file /opt/anaconda3/envs/airflow_env/lib/python3.9/site-packages/airflow/example_dags/tutorial_taskflow_api_etl.py for tasks to queue
[2022-08-22 20:19:24,141] {logging_mixin.py:109} INFO - [2022-08-22 20:19:24,141] {dagbag.py:500} INFO - Filling up the DagBag from /opt/anaconda3/envs/airflow_env/lib/python3.9/site-packages/airflow/example_dags/tutorial_taskflow_api_etl.py
[2022-08-22 20:19:24,162] {processor.py:654} INFO - DAG(s) dict_keys(['tutorial_taskflow_api_etl']) retrieved from /opt/anaconda3/envs/airflow_env/lib/python3.9/site-packages/airflow/example_dags/tutorial_taskflow_api_etl.py
[2022-08-22 20:19:24,257] {logging_mixin.py:109} INFO - [2022-08-22 20:19:24,257] {dag.py:2396} INFO - Sync 1 DAGs
[2022-08-22 20:19:24,262] {logging_mixin.py:109} INFO - [2022-08-22 20:19:24,262] {dag.py:2935} INFO - Setting next_dagrun for tutorial_taskflow_api_etl to None
[2022-08-22 20:19:24,266] {processor.py:171} INFO - Processing /opt/anaconda3/envs/airflow_env/lib/python3.9/site-packages/airflow/example_dags/tutorial_taskflow_api_etl.py took 0.126 seconds
[2022-08-22 20:20:27,373] {processor.py:163} INFO - Started process (PID=2162) to work on /opt/anaconda3/envs/airflow_env/lib/python3.9/site-packages/airflow/example_dags/tutorial_taskflow_api_etl.py
[2022-08-22 20:20:27,373] {processor.py:642} INFO - Processing file /opt/anaconda3/envs/airflow_env/lib/python3.9/site-packages/airflow/example_dags/tutorial_taskflow_api_etl.py for tasks to queue
[2022-08-22 20:20:27,373] {logging_mixin.py:109} INFO - [2022-08-22 20:20:27,373] {dagbag.py:500} INFO - Filling up the DagBag from /opt/anaconda3/envs/airflow_env/lib/python3.9/site-packages/airflow/example_dags/tutorial_taskflow_api_etl.py
[2022-08-22 20:20:27,395] {processor.py:654} INFO - DAG(s) dict_keys(['tutorial_taskflow_api_etl']) retrieved from /opt/anaconda3/envs/airflow_env/lib/python3.9/site-packages/airflow/example_dags/tutorial_taskflow_api_etl.py
[2022-08-22 20:20:27,492] {logging_mixin.py:109} INFO - [2022-08-22 20:20:27,492] {dag.py:2396} INFO - Sync 1 DAGs
[2022-08-22 20:20:27,497] {logging_mixin.py:109} INFO - [2022-08-22 20:20:27,497] {dag.py:2935} INFO - Setting next_dagrun for tutorial_taskflow_api_etl to None
[2022-08-22 20:20:27,502] {processor.py:171} INFO - Processing /opt/anaconda3/envs/airflow_env/lib/python3.9/site-packages/airflow/example_dags/tutorial_taskflow_api_etl.py took 0.129 seconds
[2022-08-22 20:21:29,067] {processor.py:163} INFO - Started process (PID=2295) to work on /opt/anaconda3/envs/airflow_env/lib/python3.9/site-packages/airflow/example_dags/tutorial_taskflow_api_etl.py
[2022-08-22 20:21:29,069] {processor.py:642} INFO - Processing file /opt/anaconda3/envs/airflow_env/lib/python3.9/site-packages/airflow/example_dags/tutorial_taskflow_api_etl.py for tasks to queue
[2022-08-22 20:21:29,069] {logging_mixin.py:109} INFO - [2022-08-22 20:21:29,069] {dagbag.py:500} INFO - Filling up the DagBag from /opt/anaconda3/envs/airflow_env/lib/python3.9/site-packages/airflow/example_dags/tutorial_taskflow_api_etl.py
[2022-08-22 20:21:29,092] {processor.py:654} INFO - DAG(s) dict_keys(['tutorial_taskflow_api_etl']) retrieved from /opt/anaconda3/envs/airflow_env/lib/python3.9/site-packages/airflow/example_dags/tutorial_taskflow_api_etl.py
[2022-08-22 20:21:29,216] {logging_mixin.py:109} INFO - [2022-08-22 20:21:29,216] {dag.py:2396} INFO - Sync 1 DAGs
[2022-08-22 20:21:29,222] {logging_mixin.py:109} INFO - [2022-08-22 20:21:29,222] {dag.py:2935} INFO - Setting next_dagrun for tutorial_taskflow_api_etl to None
[2022-08-22 20:21:29,226] {processor.py:171} INFO - Processing /opt/anaconda3/envs/airflow_env/lib/python3.9/site-packages/airflow/example_dags/tutorial_taskflow_api_etl.py took 0.159 seconds
[2022-08-22 20:22:24,064] {processor.py:163} INFO - Started process (PID=2356) to work on /opt/anaconda3/envs/airflow_env/lib/python3.9/site-packages/airflow/example_dags/tutorial_taskflow_api_etl.py
[2022-08-22 20:22:24,064] {processor.py:642} INFO - Processing file /opt/anaconda3/envs/airflow_env/lib/python3.9/site-packages/airflow/example_dags/tutorial_taskflow_api_etl.py for tasks to queue
[2022-08-22 20:22:24,065] {logging_mixin.py:109} INFO - [2022-08-22 20:22:24,065] {dagbag.py:500} INFO - Filling up the DagBag from /opt/anaconda3/envs/airflow_env/lib/python3.9/site-packages/airflow/example_dags/tutorial_taskflow_api_etl.py
[2022-08-22 20:22:24,088] {processor.py:654} INFO - DAG(s) dict_keys(['tutorial_taskflow_api_etl']) retrieved from /opt/anaconda3/envs/airflow_env/lib/python3.9/site-packages/airflow/example_dags/tutorial_taskflow_api_etl.py
[2022-08-22 20:22:24,184] {logging_mixin.py:109} INFO - [2022-08-22 20:22:24,184] {dag.py:2396} INFO - Sync 1 DAGs
[2022-08-22 20:22:24,190] {logging_mixin.py:109} INFO - [2022-08-22 20:22:24,190] {dag.py:2935} INFO - Setting next_dagrun for tutorial_taskflow_api_etl to None
[2022-08-22 20:22:24,193] {processor.py:171} INFO - Processing /opt/anaconda3/envs/airflow_env/lib/python3.9/site-packages/airflow/example_dags/tutorial_taskflow_api_etl.py took 0.129 seconds
[2022-08-22 20:23:25,522] {processor.py:163} INFO - Started process (PID=2397) to work on /opt/anaconda3/envs/airflow_env/lib/python3.9/site-packages/airflow/example_dags/tutorial_taskflow_api_etl.py
[2022-08-22 20:23:25,523] {processor.py:642} INFO - Processing file /opt/anaconda3/envs/airflow_env/lib/python3.9/site-packages/airflow/example_dags/tutorial_taskflow_api_etl.py for tasks to queue
[2022-08-22 20:23:25,523] {logging_mixin.py:109} INFO - [2022-08-22 20:23:25,523] {dagbag.py:500} INFO - Filling up the DagBag from /opt/anaconda3/envs/airflow_env/lib/python3.9/site-packages/airflow/example_dags/tutorial_taskflow_api_etl.py
[2022-08-22 20:23:25,547] {processor.py:654} INFO - DAG(s) dict_keys(['tutorial_taskflow_api_etl']) retrieved from /opt/anaconda3/envs/airflow_env/lib/python3.9/site-packages/airflow/example_dags/tutorial_taskflow_api_etl.py
[2022-08-22 20:23:25,669] {logging_mixin.py:109} INFO - [2022-08-22 20:23:25,669] {dag.py:2396} INFO - Sync 1 DAGs
[2022-08-22 20:23:25,675] {logging_mixin.py:109} INFO - [2022-08-22 20:23:25,675] {dag.py:2935} INFO - Setting next_dagrun for tutorial_taskflow_api_etl to None
[2022-08-22 20:23:25,679] {processor.py:171} INFO - Processing /opt/anaconda3/envs/airflow_env/lib/python3.9/site-packages/airflow/example_dags/tutorial_taskflow_api_etl.py took 0.157 seconds
[2022-08-22 20:24:26,985] {processor.py:163} INFO - Started process (PID=2434) to work on /opt/anaconda3/envs/airflow_env/lib/python3.9/site-packages/airflow/example_dags/tutorial_taskflow_api_etl.py
[2022-08-22 20:24:26,986] {processor.py:642} INFO - Processing file /opt/anaconda3/envs/airflow_env/lib/python3.9/site-packages/airflow/example_dags/tutorial_taskflow_api_etl.py for tasks to queue
[2022-08-22 20:24:26,986] {logging_mixin.py:109} INFO - [2022-08-22 20:24:26,986] {dagbag.py:500} INFO - Filling up the DagBag from /opt/anaconda3/envs/airflow_env/lib/python3.9/site-packages/airflow/example_dags/tutorial_taskflow_api_etl.py
[2022-08-22 20:24:27,008] {processor.py:654} INFO - DAG(s) dict_keys(['tutorial_taskflow_api_etl']) retrieved from /opt/anaconda3/envs/airflow_env/lib/python3.9/site-packages/airflow/example_dags/tutorial_taskflow_api_etl.py
[2022-08-22 20:24:27,111] {logging_mixin.py:109} INFO - [2022-08-22 20:24:27,111] {dag.py:2396} INFO - Sync 1 DAGs
[2022-08-22 20:24:27,116] {logging_mixin.py:109} INFO - [2022-08-22 20:24:27,116] {dag.py:2935} INFO - Setting next_dagrun for tutorial_taskflow_api_etl to None
[2022-08-22 20:24:27,121] {processor.py:171} INFO - Processing /opt/anaconda3/envs/airflow_env/lib/python3.9/site-packages/airflow/example_dags/tutorial_taskflow_api_etl.py took 0.137 seconds
[2022-08-22 20:25:28,741] {processor.py:163} INFO - Started process (PID=2548) to work on /opt/anaconda3/envs/airflow_env/lib/python3.9/site-packages/airflow/example_dags/tutorial_taskflow_api_etl.py
[2022-08-22 20:25:28,742] {processor.py:642} INFO - Processing file /opt/anaconda3/envs/airflow_env/lib/python3.9/site-packages/airflow/example_dags/tutorial_taskflow_api_etl.py for tasks to queue
[2022-08-22 20:25:28,742] {logging_mixin.py:109} INFO - [2022-08-22 20:25:28,742] {dagbag.py:500} INFO - Filling up the DagBag from /opt/anaconda3/envs/airflow_env/lib/python3.9/site-packages/airflow/example_dags/tutorial_taskflow_api_etl.py
[2022-08-22 20:25:28,767] {processor.py:654} INFO - DAG(s) dict_keys(['tutorial_taskflow_api_etl']) retrieved from /opt/anaconda3/envs/airflow_env/lib/python3.9/site-packages/airflow/example_dags/tutorial_taskflow_api_etl.py
[2022-08-22 20:25:28,891] {logging_mixin.py:109} INFO - [2022-08-22 20:25:28,891] {dag.py:2396} INFO - Sync 1 DAGs
[2022-08-22 20:25:28,896] {logging_mixin.py:109} INFO - [2022-08-22 20:25:28,896] {dag.py:2935} INFO - Setting next_dagrun for tutorial_taskflow_api_etl to None
[2022-08-22 20:25:28,900] {processor.py:171} INFO - Processing /opt/anaconda3/envs/airflow_env/lib/python3.9/site-packages/airflow/example_dags/tutorial_taskflow_api_etl.py took 0.160 seconds
[2022-08-22 20:26:30,122] {processor.py:163} INFO - Started process (PID=2592) to work on /opt/anaconda3/envs/airflow_env/lib/python3.9/site-packages/airflow/example_dags/tutorial_taskflow_api_etl.py
[2022-08-22 20:26:30,122] {processor.py:642} INFO - Processing file /opt/anaconda3/envs/airflow_env/lib/python3.9/site-packages/airflow/example_dags/tutorial_taskflow_api_etl.py for tasks to queue
[2022-08-22 20:26:30,123] {logging_mixin.py:109} INFO - [2022-08-22 20:26:30,123] {dagbag.py:500} INFO - Filling up the DagBag from /opt/anaconda3/envs/airflow_env/lib/python3.9/site-packages/airflow/example_dags/tutorial_taskflow_api_etl.py
[2022-08-22 20:26:30,149] {processor.py:654} INFO - DAG(s) dict_keys(['tutorial_taskflow_api_etl']) retrieved from /opt/anaconda3/envs/airflow_env/lib/python3.9/site-packages/airflow/example_dags/tutorial_taskflow_api_etl.py
[2022-08-22 20:26:30,251] {logging_mixin.py:109} INFO - [2022-08-22 20:26:30,250] {dag.py:2396} INFO - Sync 1 DAGs
[2022-08-22 20:26:30,256] {logging_mixin.py:109} INFO - [2022-08-22 20:26:30,256] {dag.py:2935} INFO - Setting next_dagrun for tutorial_taskflow_api_etl to None
[2022-08-22 20:26:30,260] {processor.py:171} INFO - Processing /opt/anaconda3/envs/airflow_env/lib/python3.9/site-packages/airflow/example_dags/tutorial_taskflow_api_etl.py took 0.139 seconds
[2022-08-22 20:27:32,984] {processor.py:163} INFO - Started process (PID=2667) to work on /opt/anaconda3/envs/airflow_env/lib/python3.9/site-packages/airflow/example_dags/tutorial_taskflow_api_etl.py
[2022-08-22 20:27:32,984] {processor.py:642} INFO - Processing file /opt/anaconda3/envs/airflow_env/lib/python3.9/site-packages/airflow/example_dags/tutorial_taskflow_api_etl.py for tasks to queue
[2022-08-22 20:27:32,984] {logging_mixin.py:109} INFO - [2022-08-22 20:27:32,984] {dagbag.py:500} INFO - Filling up the DagBag from /opt/anaconda3/envs/airflow_env/lib/python3.9/site-packages/airflow/example_dags/tutorial_taskflow_api_etl.py
[2022-08-22 20:27:33,006] {processor.py:654} INFO - DAG(s) dict_keys(['tutorial_taskflow_api_etl']) retrieved from /opt/anaconda3/envs/airflow_env/lib/python3.9/site-packages/airflow/example_dags/tutorial_taskflow_api_etl.py
[2022-08-22 20:27:33,100] {logging_mixin.py:109} INFO - [2022-08-22 20:27:33,100] {dag.py:2396} INFO - Sync 1 DAGs
[2022-08-22 20:27:33,105] {logging_mixin.py:109} INFO - [2022-08-22 20:27:33,105] {dag.py:2935} INFO - Setting next_dagrun for tutorial_taskflow_api_etl to None
[2022-08-22 20:27:33,109] {processor.py:171} INFO - Processing /opt/anaconda3/envs/airflow_env/lib/python3.9/site-packages/airflow/example_dags/tutorial_taskflow_api_etl.py took 0.126 seconds
[2022-08-22 20:28:44,163] {processor.py:163} INFO - Started process (PID=2722) to work on /opt/anaconda3/envs/airflow_env/lib/python3.9/site-packages/airflow/example_dags/tutorial_taskflow_api_etl.py
[2022-08-22 20:28:44,165] {processor.py:642} INFO - Processing file /opt/anaconda3/envs/airflow_env/lib/python3.9/site-packages/airflow/example_dags/tutorial_taskflow_api_etl.py for tasks to queue
[2022-08-22 20:28:44,165] {logging_mixin.py:109} INFO - [2022-08-22 20:28:44,165] {dagbag.py:500} INFO - Filling up the DagBag from /opt/anaconda3/envs/airflow_env/lib/python3.9/site-packages/airflow/example_dags/tutorial_taskflow_api_etl.py
[2022-08-22 20:28:44,187] {processor.py:654} INFO - DAG(s) dict_keys(['tutorial_taskflow_api_etl']) retrieved from /opt/anaconda3/envs/airflow_env/lib/python3.9/site-packages/airflow/example_dags/tutorial_taskflow_api_etl.py
[2022-08-22 20:28:44,284] {logging_mixin.py:109} INFO - [2022-08-22 20:28:44,284] {dag.py:2396} INFO - Sync 1 DAGs
[2022-08-22 20:28:44,289] {logging_mixin.py:109} INFO - [2022-08-22 20:28:44,289] {dag.py:2935} INFO - Setting next_dagrun for tutorial_taskflow_api_etl to None
[2022-08-22 20:28:44,293] {processor.py:171} INFO - Processing /opt/anaconda3/envs/airflow_env/lib/python3.9/site-packages/airflow/example_dags/tutorial_taskflow_api_etl.py took 0.130 seconds
[2022-08-22 20:29:45,441] {processor.py:163} INFO - Started process (PID=2765) to work on /opt/anaconda3/envs/airflow_env/lib/python3.9/site-packages/airflow/example_dags/tutorial_taskflow_api_etl.py
[2022-08-22 20:29:45,441] {processor.py:642} INFO - Processing file /opt/anaconda3/envs/airflow_env/lib/python3.9/site-packages/airflow/example_dags/tutorial_taskflow_api_etl.py for tasks to queue
[2022-08-22 20:29:45,441] {logging_mixin.py:109} INFO - [2022-08-22 20:29:45,441] {dagbag.py:500} INFO - Filling up the DagBag from /opt/anaconda3/envs/airflow_env/lib/python3.9/site-packages/airflow/example_dags/tutorial_taskflow_api_etl.py
[2022-08-22 20:29:45,464] {processor.py:654} INFO - DAG(s) dict_keys(['tutorial_taskflow_api_etl']) retrieved from /opt/anaconda3/envs/airflow_env/lib/python3.9/site-packages/airflow/example_dags/tutorial_taskflow_api_etl.py
[2022-08-22 20:29:45,558] {logging_mixin.py:109} INFO - [2022-08-22 20:29:45,558] {dag.py:2396} INFO - Sync 1 DAGs
[2022-08-22 20:29:45,563] {logging_mixin.py:109} INFO - [2022-08-22 20:29:45,563] {dag.py:2935} INFO - Setting next_dagrun for tutorial_taskflow_api_etl to None
[2022-08-22 20:29:45,568] {processor.py:171} INFO - Processing /opt/anaconda3/envs/airflow_env/lib/python3.9/site-packages/airflow/example_dags/tutorial_taskflow_api_etl.py took 0.127 seconds
