[2022-09-03 14:15:14,006] {taskinstance.py:1032} INFO - Dependencies all met for <TaskInstance: etl_airflow.Extraction manual__2022-09-03T19:14:57.857601+00:00 [queued]>
[2022-09-03 14:15:14,009] {taskinstance.py:1032} INFO - Dependencies all met for <TaskInstance: etl_airflow.Extraction manual__2022-09-03T19:14:57.857601+00:00 [queued]>
[2022-09-03 14:15:14,009] {taskinstance.py:1238} INFO - 
--------------------------------------------------------------------------------
[2022-09-03 14:15:14,009] {taskinstance.py:1239} INFO - Starting attempt 1 of 1
[2022-09-03 14:15:14,009] {taskinstance.py:1240} INFO - 
--------------------------------------------------------------------------------
[2022-09-03 14:15:14,013] {taskinstance.py:1259} INFO - Executing <Task(PythonOperator): Extraction> on 2022-09-03 19:14:57.857601+00:00
[2022-09-03 14:15:14,019] {standard_task_runner.py:52} INFO - Started process 41554 to run task
[2022-09-03 14:15:14,025] {standard_task_runner.py:76} INFO - Running: ['airflow', 'tasks', 'run', 'etl_airflow', 'Extraction', 'manual__2022-09-03T19:14:57.857601+00:00', '--job-id', '654', '--raw', '--subdir', 'DAGS_FOLDER/etl_airflowv2.py', '--cfg-path', '/var/folders/35/pzst1sv14yld_nkt23lk_vmr0000gn/T/tmpd3fkzdmf', '--error-file', '/var/folders/35/pzst1sv14yld_nkt23lk_vmr0000gn/T/tmp22cd5c4p']
[2022-09-03 14:15:14,027] {standard_task_runner.py:77} INFO - Job 654: Subtask Extraction
[2022-09-03 14:15:14,053] {logging_mixin.py:109} INFO - Running <TaskInstance: etl_airflow.Extraction manual__2022-09-03T19:14:57.857601+00:00 [running]> on host 1.0.0.127.in-addr.arpa
[2022-09-03 14:15:14,079] {taskinstance.py:1424} INFO - Exporting the following env vars:
AIRFLOW_CTX_DAG_EMAIL=jonathan.dejesus.azor@gmail.com
AIRFLOW_CTX_DAG_OWNER=admin
AIRFLOW_CTX_DAG_ID=etl_airflow
AIRFLOW_CTX_TASK_ID=Extraction
AIRFLOW_CTX_EXECUTION_DATE=2022-09-03T19:14:57.857601+00:00
AIRFLOW_CTX_DAG_RUN_ID=manual__2022-09-03T19:14:57.857601+00:00
[2022-09-03 14:15:15,048] {logging_mixin.py:109} INFO -      incident_report_number  ... rep_time
0               20222391738  ...     2353
1               20222391646  ...     2346
2               20222391708  ...     2340
3               20222391707  ...       27
4               20222391682  ...       37
..                      ...  ...      ...
195             20222381037  ...     1626
196             20222381066  ...     1623
197             20222381057  ...     1601
198             20222380989  ...     1559
199             20222381059  ...     1630

[200 rows x 9 columns]
[2022-09-03 14:15:15,305] {_metadata.py:99} WARNING - Compute Engine Metadata server unavailable on attempt 1 of 3. Reason: [Errno 64] Host is down
[2022-09-03 14:15:15,305] {_metadata.py:99} WARNING - Compute Engine Metadata server unavailable on attempt 2 of 3. Reason: [Errno 64] Host is down
[2022-09-03 14:15:15,305] {_metadata.py:99} WARNING - Compute Engine Metadata server unavailable on attempt 3 of 3. Reason: [Errno 64] Host is down
[2022-09-03 14:15:15,306] {_default.py:290} WARNING - Authentication failed using Compute Engine authentication due to unavailable metadata server.
[2022-09-03 14:15:20,246] {logging_mixin.py:109} WARNING -   0%|          | 0/1 [00:00<?, ?it/s]
[2022-09-03 14:15:20,247] {gbq.py:604} INFO - 200 out of 200 rows loaded.
[2022-09-03 14:15:20,247] {logging_mixin.py:109} WARNING - 100%|##########| 1/1 [00:00<00:00, 2007.80it/s]
[2022-09-03 14:15:20,248] {logging_mixin.py:109} WARNING - 
[2022-09-03 14:15:20,248] {logging_mixin.py:109} INFO - Staging table completed successfully
[2022-09-03 14:15:20,248] {python.py:175} INFO - Done. Returned value was: None
[2022-09-03 14:15:20,256] {taskinstance.py:1267} INFO - Marking task as SUCCESS. dag_id=etl_airflow, task_id=Extraction, execution_date=20220903T191457, start_date=20220903T191514, end_date=20220903T191520
[2022-09-03 14:15:20,278] {local_task_job.py:154} INFO - Task exited with return code 0
[2022-09-03 14:15:20,292] {local_task_job.py:264} INFO - 1 downstream tasks scheduled from follow-on schedule check
