[2022-08-28 14:30:15,759] {taskinstance.py:1032} INFO - Dependencies all met for <TaskInstance: ETL_Examples.Extraction scheduled__2022-08-28T02:00:00+00:00 [queued]>
[2022-08-28 14:30:15,762] {taskinstance.py:1032} INFO - Dependencies all met for <TaskInstance: ETL_Examples.Extraction scheduled__2022-08-28T02:00:00+00:00 [queued]>
[2022-08-28 14:30:15,762] {taskinstance.py:1238} INFO - 
--------------------------------------------------------------------------------
[2022-08-28 14:30:15,762] {taskinstance.py:1239} INFO - Starting attempt 1 of 1
[2022-08-28 14:30:15,762] {taskinstance.py:1240} INFO - 
--------------------------------------------------------------------------------
[2022-08-28 14:30:15,767] {taskinstance.py:1259} INFO - Executing <Task(PythonOperator): Extraction> on 2022-08-28 02:00:00+00:00
[2022-08-28 14:30:15,773] {standard_task_runner.py:52} INFO - Started process 28028 to run task
[2022-08-28 14:30:15,777] {standard_task_runner.py:76} INFO - Running: ['airflow', 'tasks', 'run', 'ETL_Examples', 'Extraction', 'scheduled__2022-08-28T02:00:00+00:00', '--job-id', '120', '--raw', '--subdir', 'DAGS_FOLDER/Pushtobigquery2.py', '--cfg-path', '/var/folders/35/pzst1sv14yld_nkt23lk_vmr0000gn/T/tmpunhw4j76', '--error-file', '/var/folders/35/pzst1sv14yld_nkt23lk_vmr0000gn/T/tmpm2oaa_gz']
[2022-08-28 14:30:15,779] {standard_task_runner.py:77} INFO - Job 120: Subtask Extraction
[2022-08-28 14:30:15,802] {logging_mixin.py:109} INFO - Running <TaskInstance: ETL_Examples.Extraction scheduled__2022-08-28T02:00:00+00:00 [running]> on host 1.0.0.127.in-addr.arpa
[2022-08-28 14:30:15,823] {taskinstance.py:1424} INFO - Exporting the following env vars:
AIRFLOW_CTX_DAG_EMAIL=jonathan.dejesus.azor@gmail.com
AIRFLOW_CTX_DAG_OWNER=admin
AIRFLOW_CTX_DAG_ID=ETL_Examples
AIRFLOW_CTX_TASK_ID=Extraction
AIRFLOW_CTX_EXECUTION_DATE=2022-08-28T02:00:00+00:00
AIRFLOW_CTX_DAG_RUN_ID=scheduled__2022-08-28T02:00:00+00:00
[2022-08-28 14:30:16,827] {logging_mixin.py:109} INFO -      incident_report_number                 crime_type  ...                 rep_date rep_time
0               20222321633         FAMILY DISTURBANCE  ...  2022-08-21T00:00:00.000       31
1               20222321603        PUBLIC INTOXICATION  ...  2022-08-20T00:00:00.000     2346
2               20222321596         FAMILY DISTURBANCE  ...  2022-08-21T00:00:00.000       30
3               20222321579                 AUTO THEFT  ...  2022-08-20T00:00:00.000     2329
4               20222321567                 AUTO THEFT  ...  2022-08-20T00:00:00.000     2325
..                      ...                        ...  ...                      ...      ...
195             20222311299         ASSAULT BY CONTACT  ...  2022-08-19T00:00:00.000     1942
196             20222311272         FAMILY DISTURBANCE  ...  2022-08-19T00:00:00.000     1916
197             20222311148        ASSAULT WITH INJURY  ...  2022-08-19T00:00:00.000     1914
198             20222311261  VIOL TEMP EX PARTE  ORDER  ...  2022-08-19T00:00:00.000     1910
199             20222311178         DATING DISTURBANCE  ...  2022-08-19T00:00:00.000     1903

[200 rows x 9 columns]
[2022-08-28 14:30:16,827] {python.py:175} INFO - Done. Returned value was: None
[2022-08-28 14:30:16,831] {taskinstance.py:1267} INFO - Marking task as SUCCESS. dag_id=ETL_Examples, task_id=Extraction, execution_date=20220828T020000, start_date=20220828T193015, end_date=20220828T193016
[2022-08-28 14:30:16,875] {local_task_job.py:154} INFO - Task exited with return code 0
[2022-08-28 14:30:16,888] {local_task_job.py:264} INFO - 1 downstream tasks scheduled from follow-on schedule check
[2022-08-28 15:25:24,638] {taskinstance.py:1032} INFO - Dependencies all met for <TaskInstance: ETL_Examples.Extraction scheduled__2022-08-28T02:00:00+00:00 [queued]>
[2022-08-28 15:25:24,641] {taskinstance.py:1032} INFO - Dependencies all met for <TaskInstance: ETL_Examples.Extraction scheduled__2022-08-28T02:00:00+00:00 [queued]>
[2022-08-28 15:25:24,641] {taskinstance.py:1238} INFO - 
--------------------------------------------------------------------------------
[2022-08-28 15:25:24,641] {taskinstance.py:1239} INFO - Starting attempt 1 of 2
[2022-08-28 15:25:24,641] {taskinstance.py:1240} INFO - 
--------------------------------------------------------------------------------
[2022-08-28 15:25:24,645] {taskinstance.py:1259} INFO - Executing <Task(PythonOperator): Extraction> on 2022-08-28 02:00:00+00:00
[2022-08-28 15:25:24,651] {standard_task_runner.py:52} INFO - Started process 30372 to run task
[2022-08-28 15:25:24,655] {standard_task_runner.py:76} INFO - Running: ['airflow', 'tasks', 'run', 'ETL_Examples', 'Extraction', 'scheduled__2022-08-28T02:00:00+00:00', '--job-id', '360', '--raw', '--subdir', 'DAGS_FOLDER/Pushtobigquery2.py', '--cfg-path', '/var/folders/35/pzst1sv14yld_nkt23lk_vmr0000gn/T/tmpwa_0txmn', '--error-file', '/var/folders/35/pzst1sv14yld_nkt23lk_vmr0000gn/T/tmp6joi82q2']
[2022-08-28 15:25:24,657] {standard_task_runner.py:77} INFO - Job 360: Subtask Extraction
[2022-08-28 15:25:24,678] {logging_mixin.py:109} INFO - Running <TaskInstance: ETL_Examples.Extraction scheduled__2022-08-28T02:00:00+00:00 [running]> on host 1.0.0.127.in-addr.arpa
[2022-08-28 15:25:24,700] {taskinstance.py:1424} INFO - Exporting the following env vars:
AIRFLOW_CTX_DAG_EMAIL=jonathan.dejesus.azor@gmail.com
AIRFLOW_CTX_DAG_OWNER=admin
AIRFLOW_CTX_DAG_ID=ETL_Examples
AIRFLOW_CTX_TASK_ID=Extraction
AIRFLOW_CTX_EXECUTION_DATE=2022-08-28T02:00:00+00:00
AIRFLOW_CTX_DAG_RUN_ID=scheduled__2022-08-28T02:00:00+00:00
[2022-08-28 15:25:25,537] {python.py:175} INFO - Done. Returned value was:     incident_report_number                    crime_type  ...                 rep_date rep_time
0              20222321633            FAMILY DISTURBANCE  ...  2022-08-21T00:00:00.000       31
1              20222321603           PUBLIC INTOXICATION  ...  2022-08-20T00:00:00.000     2346
2              20222321596            FAMILY DISTURBANCE  ...  2022-08-21T00:00:00.000       30
3              20222321579                    AUTO THEFT  ...  2022-08-20T00:00:00.000     2329
4              20222321567                    AUTO THEFT  ...  2022-08-20T00:00:00.000     2325
..                     ...                           ...  ...                      ...      ...
95             20228015091                    AUTO THEFT  ...  2022-08-20T00:00:00.000      852
96           2022222320350             CRIMINAL TRESPASS  ...  2022-08-20T00:00:00.000      741
97             20222320452                    AUTO THEFT  ...  2022-08-20T00:00:00.000      731
98             20222320356           BURGLARY OF VEHICLE  ...  2022-08-20T00:00:00.000      705
99             20222320216  POSS CONTROLLED SUB/NARCOTIC  ...  2022-08-20T00:00:00.000      700

[100 rows x 9 columns]
[2022-08-28 15:25:25,553] {taskinstance.py:1267} INFO - Marking task as SUCCESS. dag_id=ETL_Examples, task_id=Extraction, execution_date=20220828T020000, start_date=20220828T202524, end_date=20220828T202525
[2022-08-28 15:25:25,577] {local_task_job.py:154} INFO - Task exited with return code 0
[2022-08-28 15:25:25,590] {local_task_job.py:264} INFO - 1 downstream tasks scheduled from follow-on schedule check
[2022-08-28 15:48:57,686] {taskinstance.py:1032} INFO - Dependencies all met for <TaskInstance: ETL_Examples.Extraction scheduled__2022-08-28T02:00:00+00:00 [queued]>
[2022-08-28 15:48:57,690] {taskinstance.py:1032} INFO - Dependencies all met for <TaskInstance: ETL_Examples.Extraction scheduled__2022-08-28T02:00:00+00:00 [queued]>
[2022-08-28 15:48:57,690] {taskinstance.py:1238} INFO - 
--------------------------------------------------------------------------------
[2022-08-28 15:48:57,690] {taskinstance.py:1239} INFO - Starting attempt 1 of 2
[2022-08-28 15:48:57,690] {taskinstance.py:1240} INFO - 
--------------------------------------------------------------------------------
[2022-08-28 15:48:57,694] {taskinstance.py:1259} INFO - Executing <Task(PythonOperator): Extraction> on 2022-08-28 02:00:00+00:00
[2022-08-28 15:48:57,700] {standard_task_runner.py:52} INFO - Started process 31081 to run task
[2022-08-28 15:48:57,705] {standard_task_runner.py:76} INFO - Running: ['airflow', 'tasks', 'run', 'ETL_Examples', 'Extraction', 'scheduled__2022-08-28T02:00:00+00:00', '--job-id', '434', '--raw', '--subdir', 'DAGS_FOLDER/Pushtobigquery2.py', '--cfg-path', '/var/folders/35/pzst1sv14yld_nkt23lk_vmr0000gn/T/tmp_ph7dswx', '--error-file', '/var/folders/35/pzst1sv14yld_nkt23lk_vmr0000gn/T/tmp6172o0vz']
[2022-08-28 15:48:57,706] {standard_task_runner.py:77} INFO - Job 434: Subtask Extraction
[2022-08-28 15:48:57,728] {logging_mixin.py:109} INFO - Running <TaskInstance: ETL_Examples.Extraction scheduled__2022-08-28T02:00:00+00:00 [running]> on host 1.0.0.127.in-addr.arpa
[2022-08-28 15:48:57,748] {taskinstance.py:1424} INFO - Exporting the following env vars:
AIRFLOW_CTX_DAG_EMAIL=jonathan.dejesus.azor@gmail.com
AIRFLOW_CTX_DAG_OWNER=admin
AIRFLOW_CTX_DAG_ID=ETL_Examples
AIRFLOW_CTX_TASK_ID=Extraction
AIRFLOW_CTX_EXECUTION_DATE=2022-08-28T02:00:00+00:00
AIRFLOW_CTX_DAG_RUN_ID=scheduled__2022-08-28T02:00:00+00:00
[2022-08-28 15:48:58,494] {python.py:175} INFO - Done. Returned value was:     incident_report_number                    crime_type  ...                 rep_date rep_time
0              20222321633            FAMILY DISTURBANCE  ...  2022-08-21T00:00:00.000       31
1              20222321603           PUBLIC INTOXICATION  ...  2022-08-20T00:00:00.000     2346
2              20222321596            FAMILY DISTURBANCE  ...  2022-08-21T00:00:00.000       30
3              20222321579                    AUTO THEFT  ...  2022-08-20T00:00:00.000     2329
4              20222321567                    AUTO THEFT  ...  2022-08-20T00:00:00.000     2325
..                     ...                           ...  ...                      ...      ...
95             20228015091                    AUTO THEFT  ...  2022-08-20T00:00:00.000      852
96           2022222320350             CRIMINAL TRESPASS  ...  2022-08-20T00:00:00.000      741
97             20222320452                    AUTO THEFT  ...  2022-08-20T00:00:00.000      731
98             20222320356           BURGLARY OF VEHICLE  ...  2022-08-20T00:00:00.000      705
99             20222320216  POSS CONTROLLED SUB/NARCOTIC  ...  2022-08-20T00:00:00.000      700

[100 rows x 9 columns]
[2022-08-28 15:48:58,509] {taskinstance.py:1267} INFO - Marking task as SUCCESS. dag_id=ETL_Examples, task_id=Extraction, execution_date=20220828T020000, start_date=20220828T204857, end_date=20220828T204858
[2022-08-28 15:48:58,539] {local_task_job.py:154} INFO - Task exited with return code 0
[2022-08-28 15:48:58,551] {local_task_job.py:264} INFO - 1 downstream tasks scheduled from follow-on schedule check
[2022-08-28 15:50:38,289] {taskinstance.py:1032} INFO - Dependencies all met for <TaskInstance: ETL_Examples.Extraction scheduled__2022-08-28T02:00:00+00:00 [queued]>
[2022-08-28 15:50:38,292] {taskinstance.py:1032} INFO - Dependencies all met for <TaskInstance: ETL_Examples.Extraction scheduled__2022-08-28T02:00:00+00:00 [queued]>
[2022-08-28 15:50:38,292] {taskinstance.py:1238} INFO - 
--------------------------------------------------------------------------------
[2022-08-28 15:50:38,292] {taskinstance.py:1239} INFO - Starting attempt 1 of 2
[2022-08-28 15:50:38,292] {taskinstance.py:1240} INFO - 
--------------------------------------------------------------------------------
[2022-08-28 15:50:38,296] {taskinstance.py:1259} INFO - Executing <Task(PythonOperator): Extraction> on 2022-08-28 02:00:00+00:00
[2022-08-28 15:50:38,303] {standard_task_runner.py:52} INFO - Started process 31172 to run task
[2022-08-28 15:50:38,307] {standard_task_runner.py:76} INFO - Running: ['airflow', 'tasks', 'run', 'ETL_Examples', 'Extraction', 'scheduled__2022-08-28T02:00:00+00:00', '--job-id', '458', '--raw', '--subdir', 'DAGS_FOLDER/Pushtobigquery2.py', '--cfg-path', '/var/folders/35/pzst1sv14yld_nkt23lk_vmr0000gn/T/tmp1w_9lj7v', '--error-file', '/var/folders/35/pzst1sv14yld_nkt23lk_vmr0000gn/T/tmpdjvqay8a']
[2022-08-28 15:50:38,309] {standard_task_runner.py:77} INFO - Job 458: Subtask Extraction
[2022-08-28 15:50:38,330] {logging_mixin.py:109} INFO - Running <TaskInstance: ETL_Examples.Extraction scheduled__2022-08-28T02:00:00+00:00 [running]> on host 1.0.0.127.in-addr.arpa
[2022-08-28 15:50:38,351] {taskinstance.py:1424} INFO - Exporting the following env vars:
AIRFLOW_CTX_DAG_EMAIL=jonathan.dejesus.azor@gmail.com
AIRFLOW_CTX_DAG_OWNER=admin
AIRFLOW_CTX_DAG_ID=ETL_Examples
AIRFLOW_CTX_TASK_ID=Extraction
AIRFLOW_CTX_EXECUTION_DATE=2022-08-28T02:00:00+00:00
AIRFLOW_CTX_DAG_RUN_ID=scheduled__2022-08-28T02:00:00+00:00
[2022-08-28 15:50:39,599] {python.py:175} INFO - Done. Returned value was:     incident_report_number                    crime_type  ...                 rep_date rep_time
0              20222321633            FAMILY DISTURBANCE  ...  2022-08-21T00:00:00.000       31
1              20222321603           PUBLIC INTOXICATION  ...  2022-08-20T00:00:00.000     2346
2              20222321596            FAMILY DISTURBANCE  ...  2022-08-21T00:00:00.000       30
3              20222321579                    AUTO THEFT  ...  2022-08-20T00:00:00.000     2329
4              20222321567                    AUTO THEFT  ...  2022-08-20T00:00:00.000     2325
..                     ...                           ...  ...                      ...      ...
95             20228015091                    AUTO THEFT  ...  2022-08-20T00:00:00.000      852
96           2022222320350             CRIMINAL TRESPASS  ...  2022-08-20T00:00:00.000      741
97             20222320452                    AUTO THEFT  ...  2022-08-20T00:00:00.000      731
98             20222320356           BURGLARY OF VEHICLE  ...  2022-08-20T00:00:00.000      705
99             20222320216  POSS CONTROLLED SUB/NARCOTIC  ...  2022-08-20T00:00:00.000      700

[100 rows x 9 columns]
[2022-08-28 15:50:39,615] {taskinstance.py:1267} INFO - Marking task as SUCCESS. dag_id=ETL_Examples, task_id=Extraction, execution_date=20220828T020000, start_date=20220828T205038, end_date=20220828T205039
[2022-08-28 15:50:39,633] {local_task_job.py:154} INFO - Task exited with return code 0
[2022-08-28 15:50:39,647] {local_task_job.py:264} INFO - 1 downstream tasks scheduled from follow-on schedule check
