[2022-09-02 12:19:01,433] {taskinstance.py:1032} INFO - Dependencies all met for <TaskInstance: etl_crime.Transform scheduled__2022-08-28T00:40:00+00:00 [queued]>
[2022-09-02 12:19:01,436] {taskinstance.py:1032} INFO - Dependencies all met for <TaskInstance: etl_crime.Transform scheduled__2022-08-28T00:40:00+00:00 [queued]>
[2022-09-02 12:19:01,436] {taskinstance.py:1238} INFO - 
--------------------------------------------------------------------------------
[2022-09-02 12:19:01,436] {taskinstance.py:1239} INFO - Starting attempt 1 of 1
[2022-09-02 12:19:01,436] {taskinstance.py:1240} INFO - 
--------------------------------------------------------------------------------
[2022-09-02 12:19:01,440] {taskinstance.py:1259} INFO - Executing <Task(PythonOperator): Transform> on 2022-08-28 00:40:00+00:00
[2022-09-02 12:19:01,447] {standard_task_runner.py:52} INFO - Started process 36498 to run task
[2022-09-02 12:19:01,451] {standard_task_runner.py:76} INFO - Running: ['airflow', 'tasks', 'run', 'etl_crime', 'Transform', 'scheduled__2022-08-28T00:40:00+00:00', '--job-id', '541', '--raw', '--subdir', 'DAGS_FOLDER/etl_bigquery.py', '--cfg-path', '/var/folders/35/pzst1sv14yld_nkt23lk_vmr0000gn/T/tmph51qifwn', '--error-file', '/var/folders/35/pzst1sv14yld_nkt23lk_vmr0000gn/T/tmpw8aj1899']
[2022-09-02 12:19:01,453] {standard_task_runner.py:77} INFO - Job 541: Subtask Transform
[2022-09-02 12:19:01,477] {logging_mixin.py:109} INFO - Running <TaskInstance: etl_crime.Transform scheduled__2022-08-28T00:40:00+00:00 [running]> on host 1.0.0.127.in-addr.arpa
[2022-09-02 12:19:01,499] {taskinstance.py:1424} INFO - Exporting the following env vars:
AIRFLOW_CTX_DAG_EMAIL=jonathan.dejesus.azor@gmail.com
AIRFLOW_CTX_DAG_OWNER=admin
AIRFLOW_CTX_DAG_ID=etl_crime
AIRFLOW_CTX_TASK_ID=Transform
AIRFLOW_CTX_EXECUTION_DATE=2022-08-28T00:40:00+00:00
AIRFLOW_CTX_DAG_RUN_ID=scheduled__2022-08-28T00:40:00+00:00
[2022-09-02 12:19:01,706] {_metadata.py:99} WARNING - Compute Engine Metadata server unavailable on attempt 1 of 3. Reason: [Errno 64] Host is down
[2022-09-02 12:19:01,707] {_metadata.py:99} WARNING - Compute Engine Metadata server unavailable on attempt 2 of 3. Reason: [Errno 64] Host is down
[2022-09-02 12:19:01,707] {_metadata.py:99} WARNING - Compute Engine Metadata server unavailable on attempt 3 of 3. Reason: [Errno 64] Host is down
[2022-09-02 12:19:01,707] {_default.py:290} WARNING - Authentication failed using Compute Engine authentication due to unavailable metadata server.
[2022-09-02 12:19:02,886] {logging_mixin.py:109} WARNING - Downloading:   0%|          | 0/200 [00:00<?, ?rows/s]
[2022-09-02 12:19:03,099] {logging_mixin.py:109} WARNING - Downloading: 100%|##########| 200/200 [00:00<00:00, 944.84rows/s]
[2022-09-02 12:19:03,099] {logging_mixin.py:109} WARNING - Downloading: 100%|##########| 200/200 [00:00<00:00, 941.57rows/s]
[2022-09-02 12:19:03,099] {logging_mixin.py:109} WARNING - 
[2022-09-02 12:19:03,106] {logging_mixin.py:109} INFO - Staging table extraction successfully completed
[2022-09-02 12:19:03,114] {logging_mixin.py:109} INFO -      incident_report_number  ... rep_time
0               20222381575  ...     2129
1               20222381479  ...     1935
2               20222381858  ...     2337
3               20222381688  ...     2201
4               20222381348  ...     1830
..                      ...  ...      ...
195             20222390765  ...     1208
196             20222391622  ...        7
197             20222391707  ...       27
198             20222391682  ...       37
199             20222391561  ...       10

[200 rows x 9 columns]
[2022-09-02 12:19:03,150] {logging_mixin.py:109} INFO - Index(['incident_report_number', 'crime_type', 'location_type', 'address',
       'zip_code', 'occurred_date', 'ocurred_time', 'reported_date',
       'reported_time', 'new_occurred_time', 'std_time_new_occurred_time',
       'new_reported_time', 'std_time_new_reported_time'],
      dtype='object')
[2022-09-02 12:19:03,151] {logging_mixin.py:109} INFO - Index(['incident_report_number', 'crime_type', 'location_type', 'address',
       'zip_code', 'occurred_date', 'ocurred_time', 'reported_date',
       'reported_time', 'std_time_new_occurred_time',
       'std_time_new_reported_time'],
      dtype='object')
[2022-09-02 12:19:10,729] {logging_mixin.py:109} WARNING -   0%|          | 0/1 [00:00<?, ?it/s]
[2022-09-02 12:19:10,730] {gbq.py:604} INFO - 200 out of 200 rows loaded.
[2022-09-02 12:19:10,732] {logging_mixin.py:109} WARNING - 100%|##########| 1/1 [00:00<00:00, 928.56it/s]
[2022-09-02 12:19:10,733] {logging_mixin.py:109} WARNING - 
[2022-09-02 12:19:10,734] {logging_mixin.py:109} INFO - Staging 2 table completed successfully
[2022-09-02 12:19:10,735] {python.py:175} INFO - Done. Returned value was: None
[2022-09-02 12:19:10,748] {taskinstance.py:1267} INFO - Marking task as SUCCESS. dag_id=etl_crime, task_id=Transform, execution_date=20220828T004000, start_date=20220902T171901, end_date=20220902T171910
[2022-09-02 12:19:10,773] {local_task_job.py:154} INFO - Task exited with return code 0
[2022-09-02 12:19:10,783] {local_task_job.py:264} INFO - 1 downstream tasks scheduled from follow-on schedule check
