[2022-08-28 15:32:56,821] {taskinstance.py:1032} INFO - Dependencies all met for <TaskInstance: ETL_Examples.Extraction scheduled__2022-08-28T06:00:00+00:00 [queued]>
[2022-08-28 15:32:56,825] {taskinstance.py:1032} INFO - Dependencies all met for <TaskInstance: ETL_Examples.Extraction scheduled__2022-08-28T06:00:00+00:00 [queued]>
[2022-08-28 15:32:56,825] {taskinstance.py:1238} INFO - 
--------------------------------------------------------------------------------
[2022-08-28 15:32:56,825] {taskinstance.py:1239} INFO - Starting attempt 1 of 2
[2022-08-28 15:32:56,825] {taskinstance.py:1240} INFO - 
--------------------------------------------------------------------------------
[2022-08-28 15:32:56,830] {taskinstance.py:1259} INFO - Executing <Task(PythonOperator): Extraction> on 2022-08-28 06:00:00+00:00
[2022-08-28 15:32:56,838] {standard_task_runner.py:52} INFO - Started process 30648 to run task
[2022-08-28 15:32:56,848] {standard_task_runner.py:76} INFO - Running: ['airflow', 'tasks', 'run', 'ETL_Examples', 'Extraction', 'scheduled__2022-08-28T06:00:00+00:00', '--job-id', '391', '--raw', '--subdir', 'DAGS_FOLDER/Pushtobigquery2.py', '--cfg-path', '/var/folders/35/pzst1sv14yld_nkt23lk_vmr0000gn/T/tmp0a8_427u', '--error-file', '/var/folders/35/pzst1sv14yld_nkt23lk_vmr0000gn/T/tmpwxue51_v']
[2022-08-28 15:32:56,851] {standard_task_runner.py:77} INFO - Job 391: Subtask Extraction
[2022-08-28 15:32:56,876] {logging_mixin.py:109} INFO - Running <TaskInstance: ETL_Examples.Extraction scheduled__2022-08-28T06:00:00+00:00 [running]> on host 1.0.0.127.in-addr.arpa
[2022-08-28 15:32:56,897] {taskinstance.py:1424} INFO - Exporting the following env vars:
AIRFLOW_CTX_DAG_EMAIL=jonathan.dejesus.azor@gmail.com
AIRFLOW_CTX_DAG_OWNER=admin
AIRFLOW_CTX_DAG_ID=ETL_Examples
AIRFLOW_CTX_TASK_ID=Extraction
AIRFLOW_CTX_EXECUTION_DATE=2022-08-28T06:00:00+00:00
AIRFLOW_CTX_DAG_RUN_ID=scheduled__2022-08-28T06:00:00+00:00
[2022-08-28 15:32:57,656] {python.py:175} INFO - Done. Returned value was:     incident_report_number                    crime_type  ...                 rep_date rep_time
0              20222321633            FAMILY DISTURBANCE  ...  2022-08-21T00:00:00.000       31
1              20222321603           PUBLIC INTOXICATION  ...  2022-08-20T00:00:00.000     2346
2              20222321596            FAMILY DISTURBANCE  ...  2022-08-21T00:00:00.000       30
3              20222321579                    AUTO THEFT  ...  2022-08-20T00:00:00.000     2329
4              20222321567                    AUTO THEFT  ...  2022-08-20T00:00:00.000     2325
..                     ...                           ...  ...                      ...      ...
95             20228015091                    AUTO THEFT  ...  2022-08-20T00:00:00.000      852
96           2022222320350             CRIMINAL TRESPASS  ...  2022-08-20T00:00:00.000      741
97             20222320452                    AUTO THEFT  ...  2022-08-20T00:00:00.000      731
98             20222320356           BURGLARY OF VEHICLE  ...  2022-08-20T00:00:00.000      705
99             20222320216  POSS CONTROLLED SUB/NARCOTIC  ...  2022-08-20T00:00:00.000      700

[100 rows x 9 columns]
[2022-08-28 15:32:57,673] {taskinstance.py:1267} INFO - Marking task as SUCCESS. dag_id=ETL_Examples, task_id=Extraction, execution_date=20220828T060000, start_date=20220828T203256, end_date=20220828T203257
[2022-08-28 15:32:57,703] {local_task_job.py:154} INFO - Task exited with return code 0
[2022-08-28 15:32:57,716] {local_task_job.py:264} INFO - 1 downstream tasks scheduled from follow-on schedule check
[2022-08-28 16:04:31,484] {taskinstance.py:1032} INFO - Dependencies all met for <TaskInstance: ETL_Examples.Extraction scheduled__2022-08-28T06:00:00+00:00 [queued]>
[2022-08-28 16:04:31,488] {taskinstance.py:1032} INFO - Dependencies all met for <TaskInstance: ETL_Examples.Extraction scheduled__2022-08-28T06:00:00+00:00 [queued]>
[2022-08-28 16:04:31,488] {taskinstance.py:1238} INFO - 
--------------------------------------------------------------------------------
[2022-08-28 16:04:31,488] {taskinstance.py:1239} INFO - Starting attempt 1 of 2
[2022-08-28 16:04:31,488] {taskinstance.py:1240} INFO - 
--------------------------------------------------------------------------------
[2022-08-28 16:04:31,493] {taskinstance.py:1259} INFO - Executing <Task(PythonOperator): Extraction> on 2022-08-28 06:00:00+00:00
[2022-08-28 16:04:31,501] {standard_task_runner.py:52} INFO - Started process 31834 to run task
[2022-08-28 16:04:31,506] {standard_task_runner.py:76} INFO - Running: ['airflow', 'tasks', 'run', 'ETL_Examples', 'Extraction', 'scheduled__2022-08-28T06:00:00+00:00', '--job-id', '524', '--raw', '--subdir', 'DAGS_FOLDER/Pushtobigquery2.py', '--cfg-path', '/var/folders/35/pzst1sv14yld_nkt23lk_vmr0000gn/T/tmp235crv8a', '--error-file', '/var/folders/35/pzst1sv14yld_nkt23lk_vmr0000gn/T/tmp308xr1r5']
[2022-08-28 16:04:31,507] {standard_task_runner.py:77} INFO - Job 524: Subtask Extraction
[2022-08-28 16:04:31,534] {logging_mixin.py:109} INFO - Running <TaskInstance: ETL_Examples.Extraction scheduled__2022-08-28T06:00:00+00:00 [running]> on host 1.0.0.127.in-addr.arpa
[2022-08-28 16:04:31,578] {taskinstance.py:1424} INFO - Exporting the following env vars:
AIRFLOW_CTX_DAG_EMAIL=jonathan.dejesus.azor@gmail.com
AIRFLOW_CTX_DAG_OWNER=admin
AIRFLOW_CTX_DAG_ID=ETL_Examples
AIRFLOW_CTX_TASK_ID=Extraction
AIRFLOW_CTX_EXECUTION_DATE=2022-08-28T06:00:00+00:00
AIRFLOW_CTX_DAG_RUN_ID=scheduled__2022-08-28T06:00:00+00:00
[2022-08-28 16:04:32,392] {python.py:175} INFO - Done. Returned value was:      incident_report_number                 crime_type  ...                 rep_date rep_time
0               20222321633         FAMILY DISTURBANCE  ...  2022-08-21T00:00:00.000       31
1               20222321603        PUBLIC INTOXICATION  ...  2022-08-20T00:00:00.000     2346
2               20222321596         FAMILY DISTURBANCE  ...  2022-08-21T00:00:00.000       30
3               20222321579                 AUTO THEFT  ...  2022-08-20T00:00:00.000     2329
4               20222321567                 AUTO THEFT  ...  2022-08-20T00:00:00.000     2325
..                      ...                        ...  ...                      ...      ...
195             20222311299         ASSAULT BY CONTACT  ...  2022-08-19T00:00:00.000     1942
196             20222311272         FAMILY DISTURBANCE  ...  2022-08-19T00:00:00.000     1916
197             20222311148        ASSAULT WITH INJURY  ...  2022-08-19T00:00:00.000     1914
198             20222311261  VIOL TEMP EX PARTE  ORDER  ...  2022-08-19T00:00:00.000     1910
199             20222311178         DATING DISTURBANCE  ...  2022-08-19T00:00:00.000     1903

[200 rows x 9 columns]
[2022-08-28 16:04:32,408] {taskinstance.py:1267} INFO - Marking task as SUCCESS. dag_id=ETL_Examples, task_id=Extraction, execution_date=20220828T060000, start_date=20220828T210431, end_date=20220828T210432
[2022-08-28 16:04:32,438] {local_task_job.py:154} INFO - Task exited with return code 0
[2022-08-28 16:04:32,448] {local_task_job.py:264} INFO - 0 downstream tasks scheduled from follow-on schedule check
