[2022-09-03 13:52:50,348] {taskinstance.py:1032} INFO - Dependencies all met for <TaskInstance: etl_airflow.Extraction scheduled__2022-09-03T05:20:00+00:00 [queued]>
[2022-09-03 13:52:50,351] {taskinstance.py:1032} INFO - Dependencies all met for <TaskInstance: etl_airflow.Extraction scheduled__2022-09-03T05:20:00+00:00 [queued]>
[2022-09-03 13:52:50,351] {taskinstance.py:1238} INFO - 
--------------------------------------------------------------------------------
[2022-09-03 13:52:50,351] {taskinstance.py:1239} INFO - Starting attempt 1 of 1
[2022-09-03 13:52:50,351] {taskinstance.py:1240} INFO - 
--------------------------------------------------------------------------------
[2022-09-03 13:52:50,355] {taskinstance.py:1259} INFO - Executing <Task(PythonOperator): Extraction> on 2022-09-03 05:20:00+00:00
[2022-09-03 13:52:50,362] {standard_task_runner.py:52} INFO - Started process 40900 to run task
[2022-09-03 13:52:50,367] {standard_task_runner.py:76} INFO - Running: ['airflow', 'tasks', 'run', 'etl_airflow', 'Extraction', 'scheduled__2022-09-03T05:20:00+00:00', '--job-id', '603', '--raw', '--subdir', 'DAGS_FOLDER/etl_airflowv2.py', '--cfg-path', '/var/folders/35/pzst1sv14yld_nkt23lk_vmr0000gn/T/tmpmsp4jhcn', '--error-file', '/var/folders/35/pzst1sv14yld_nkt23lk_vmr0000gn/T/tmp4ms2tgvz']
[2022-09-03 13:52:50,368] {standard_task_runner.py:77} INFO - Job 603: Subtask Extraction
[2022-09-03 13:52:50,390] {logging_mixin.py:109} INFO - Running <TaskInstance: etl_airflow.Extraction scheduled__2022-09-03T05:20:00+00:00 [running]> on host Jonathans-MacBook-Pro.local
[2022-09-03 13:52:50,411] {taskinstance.py:1424} INFO - Exporting the following env vars:
AIRFLOW_CTX_DAG_EMAIL=jonathan.dejesus.azor@gmail.com
AIRFLOW_CTX_DAG_OWNER=admin
AIRFLOW_CTX_DAG_ID=etl_airflow
AIRFLOW_CTX_TASK_ID=Extraction
AIRFLOW_CTX_EXECUTION_DATE=2022-09-03T05:20:00+00:00
AIRFLOW_CTX_DAG_RUN_ID=scheduled__2022-09-03T05:20:00+00:00
[2022-09-03 13:52:51,407] {logging_mixin.py:109} INFO -      incident_report_number  ... rep_time
0               20222391738  ...     2353
1               20222391646  ...     2346
2               20222391707  ...       27
3               20222391708  ...     2340
4               20222391682  ...       37
..                      ...  ...      ...
195             20222381037  ...     1626
196             20222381066  ...     1623
197             20222381057  ...     1601
198             20222380989  ...     1559
199             20222381059  ...     1630

[200 rows x 9 columns]
[2022-09-03 13:52:51,407] {python.py:175} INFO - Done. Returned value was:      incident_report_number  ... rep_time
0               20222391738  ...     2353
1               20222391646  ...     2346
2               20222391707  ...       27
3               20222391708  ...     2340
4               20222391682  ...       37
..                      ...  ...      ...
195             20222381037  ...     1626
196             20222381066  ...     1623
197             20222381057  ...     1601
198             20222380989  ...     1559
199             20222381059  ...     1630

[200 rows x 9 columns]
[2022-09-03 13:52:51,420] {taskinstance.py:1267} INFO - Marking task as SUCCESS. dag_id=etl_airflow, task_id=Extraction, execution_date=20220903T052000, start_date=20220903T185250, end_date=20220903T185251
[2022-09-03 13:52:51,434] {local_task_job.py:154} INFO - Task exited with return code 0
[2022-09-03 13:52:51,448] {local_task_job.py:264} INFO - 0 downstream tasks scheduled from follow-on schedule check
