[2022-09-02 12:23:49,215] {taskinstance.py:1032} INFO - Dependencies all met for <TaskInstance: etl_crime.Load manual__2022-09-02T17:22:40.157847+00:00 [queued]>
[2022-09-02 12:23:49,219] {taskinstance.py:1032} INFO - Dependencies all met for <TaskInstance: etl_crime.Load manual__2022-09-02T17:22:40.157847+00:00 [queued]>
[2022-09-02 12:23:49,219] {taskinstance.py:1238} INFO - 
--------------------------------------------------------------------------------
[2022-09-02 12:23:49,219] {taskinstance.py:1239} INFO - Starting attempt 1 of 1
[2022-09-02 12:23:49,219] {taskinstance.py:1240} INFO - 
--------------------------------------------------------------------------------
[2022-09-02 12:23:49,223] {taskinstance.py:1259} INFO - Executing <Task(PythonOperator): Load> on 2022-09-02 17:22:40.157847+00:00
[2022-09-02 12:23:49,229] {standard_task_runner.py:52} INFO - Started process 36616 to run task
[2022-09-02 12:23:49,233] {standard_task_runner.py:76} INFO - Running: ['airflow', 'tasks', 'run', 'etl_crime', 'Load', 'manual__2022-09-02T17:22:40.157847+00:00', '--job-id', '560', '--raw', '--subdir', 'DAGS_FOLDER/etl_bigquery.py', '--cfg-path', '/var/folders/35/pzst1sv14yld_nkt23lk_vmr0000gn/T/tmpzstmy333', '--error-file', '/var/folders/35/pzst1sv14yld_nkt23lk_vmr0000gn/T/tmp7d7ryr45']
[2022-09-02 12:23:49,235] {standard_task_runner.py:77} INFO - Job 560: Subtask Load
[2022-09-02 12:23:49,260] {logging_mixin.py:109} INFO - Running <TaskInstance: etl_crime.Load manual__2022-09-02T17:22:40.157847+00:00 [running]> on host 1.0.0.127.in-addr.arpa
[2022-09-02 12:23:49,286] {taskinstance.py:1424} INFO - Exporting the following env vars:
AIRFLOW_CTX_DAG_EMAIL=jonathan.dejesus.azor@gmail.com
AIRFLOW_CTX_DAG_OWNER=admin
AIRFLOW_CTX_DAG_ID=etl_crime
AIRFLOW_CTX_TASK_ID=Load
AIRFLOW_CTX_EXECUTION_DATE=2022-09-02T17:22:40.157847+00:00
AIRFLOW_CTX_DAG_RUN_ID=manual__2022-09-02T17:22:40.157847+00:00
[2022-09-02 12:23:49,545] {_metadata.py:99} WARNING - Compute Engine Metadata server unavailable on attempt 1 of 3. Reason: [Errno 64] Host is down
[2022-09-02 12:23:49,545] {_metadata.py:99} WARNING - Compute Engine Metadata server unavailable on attempt 2 of 3. Reason: [Errno 64] Host is down
[2022-09-02 12:23:49,545] {_metadata.py:99} WARNING - Compute Engine Metadata server unavailable on attempt 3 of 3. Reason: [Errno 64] Host is down
[2022-09-02 12:23:49,545] {_default.py:290} WARNING - Authentication failed using Compute Engine authentication due to unavailable metadata server.
[2022-09-02 12:23:50,819] {logging_mixin.py:109} WARNING - Downloading:   0%|          | 0/200 [00:00<?, ?rows/s]
[2022-09-02 12:23:51,096] {logging_mixin.py:109} WARNING - Downloading: 100%|##########| 200/200 [00:00<00:00, 725.15rows/s]
[2022-09-02 12:23:51,098] {logging_mixin.py:109} WARNING - Downloading: 100%|##########| 200/200 [00:00<00:00, 720.86rows/s]
[2022-09-02 12:23:51,098] {logging_mixin.py:109} WARNING - 
[2022-09-02 12:23:55,868] {logging_mixin.py:109} WARNING -   0%|          | 0/1 [00:00<?, ?it/s]
[2022-09-02 12:23:55,869] {gbq.py:604} INFO - 200 out of 200 rows loaded.
[2022-09-02 12:23:55,871] {logging_mixin.py:109} WARNING - 100%|##########| 1/1 [00:00<00:00, 840.37it/s]
[2022-09-02 12:23:55,872] {logging_mixin.py:109} WARNING - 
[2022-09-02 12:23:55,873] {logging_mixin.py:109} INFO - Done, please check the table
[2022-09-02 12:23:55,874] {python.py:175} INFO - Done. Returned value was: None
[2022-09-02 12:23:55,890] {taskinstance.py:1267} INFO - Marking task as SUCCESS. dag_id=etl_crime, task_id=Load, execution_date=20220902T172240, start_date=20220902T172349, end_date=20220902T172355
[2022-09-02 12:23:55,930] {local_task_job.py:154} INFO - Task exited with return code 0
[2022-09-02 12:23:55,938] {local_task_job.py:264} INFO - 0 downstream tasks scheduled from follow-on schedule check
