[2022-08-22 19:58:19,664] {processor.py:163} INFO - Started process (PID=16745) to work on /opt/anaconda3/envs/airflow_env/lib/python3.9/site-packages/airflow/example_dags/subdags/subdag.py
[2022-08-22 19:58:19,664] {processor.py:642} INFO - Processing file /opt/anaconda3/envs/airflow_env/lib/python3.9/site-packages/airflow/example_dags/subdags/subdag.py for tasks to queue
[2022-08-22 19:58:19,665] {logging_mixin.py:109} INFO - [2022-08-22 19:58:19,665] {dagbag.py:500} INFO - Filling up the DagBag from /opt/anaconda3/envs/airflow_env/lib/python3.9/site-packages/airflow/example_dags/subdags/subdag.py
[2022-08-22 19:58:19,679] {processor.py:656} WARNING - No viable dags retrieved from /opt/anaconda3/envs/airflow_env/lib/python3.9/site-packages/airflow/example_dags/subdags/subdag.py
[2022-08-22 19:58:19,680] {processor.py:171} INFO - Processing /opt/anaconda3/envs/airflow_env/lib/python3.9/site-packages/airflow/example_dags/subdags/subdag.py took 0.017 seconds
[2022-08-22 19:59:23,034] {processor.py:163} INFO - Started process (PID=16792) to work on /opt/anaconda3/envs/airflow_env/lib/python3.9/site-packages/airflow/example_dags/subdags/subdag.py
[2022-08-22 19:59:23,035] {processor.py:642} INFO - Processing file /opt/anaconda3/envs/airflow_env/lib/python3.9/site-packages/airflow/example_dags/subdags/subdag.py for tasks to queue
[2022-08-22 19:59:23,035] {logging_mixin.py:109} INFO - [2022-08-22 19:59:23,035] {dagbag.py:500} INFO - Filling up the DagBag from /opt/anaconda3/envs/airflow_env/lib/python3.9/site-packages/airflow/example_dags/subdags/subdag.py
[2022-08-22 19:59:23,049] {processor.py:656} WARNING - No viable dags retrieved from /opt/anaconda3/envs/airflow_env/lib/python3.9/site-packages/airflow/example_dags/subdags/subdag.py
[2022-08-22 19:59:23,050] {processor.py:171} INFO - Processing /opt/anaconda3/envs/airflow_env/lib/python3.9/site-packages/airflow/example_dags/subdags/subdag.py took 0.017 seconds
[2022-08-22 19:59:56,685] {processor.py:163} INFO - Started process (PID=16814) to work on /opt/anaconda3/envs/airflow_env/lib/python3.9/site-packages/airflow/example_dags/subdags/subdag.py
[2022-08-22 19:59:56,695] {processor.py:642} INFO - Processing file /opt/anaconda3/envs/airflow_env/lib/python3.9/site-packages/airflow/example_dags/subdags/subdag.py for tasks to queue
[2022-08-22 19:59:56,695] {logging_mixin.py:109} INFO - [2022-08-22 19:59:56,695] {dagbag.py:500} INFO - Filling up the DagBag from /opt/anaconda3/envs/airflow_env/lib/python3.9/site-packages/airflow/example_dags/subdags/subdag.py
[2022-08-22 19:59:56,708] {processor.py:656} WARNING - No viable dags retrieved from /opt/anaconda3/envs/airflow_env/lib/python3.9/site-packages/airflow/example_dags/subdags/subdag.py
[2022-08-22 19:59:56,710] {processor.py:171} INFO - Processing /opt/anaconda3/envs/airflow_env/lib/python3.9/site-packages/airflow/example_dags/subdags/subdag.py took 0.025 seconds
[2022-08-22 20:00:29,866] {processor.py:163} INFO - Started process (PID=16850) to work on /opt/anaconda3/envs/airflow_env/lib/python3.9/site-packages/airflow/example_dags/subdags/subdag.py
[2022-08-22 20:00:29,868] {processor.py:642} INFO - Processing file /opt/anaconda3/envs/airflow_env/lib/python3.9/site-packages/airflow/example_dags/subdags/subdag.py for tasks to queue
[2022-08-22 20:00:29,868] {logging_mixin.py:109} INFO - [2022-08-22 20:00:29,868] {dagbag.py:500} INFO - Filling up the DagBag from /opt/anaconda3/envs/airflow_env/lib/python3.9/site-packages/airflow/example_dags/subdags/subdag.py
[2022-08-22 20:00:29,881] {processor.py:656} WARNING - No viable dags retrieved from /opt/anaconda3/envs/airflow_env/lib/python3.9/site-packages/airflow/example_dags/subdags/subdag.py
[2022-08-22 20:00:29,882] {processor.py:171} INFO - Processing /opt/anaconda3/envs/airflow_env/lib/python3.9/site-packages/airflow/example_dags/subdags/subdag.py took 0.016 seconds
[2022-08-22 20:01:03,371] {processor.py:163} INFO - Started process (PID=16873) to work on /opt/anaconda3/envs/airflow_env/lib/python3.9/site-packages/airflow/example_dags/subdags/subdag.py
[2022-08-22 20:01:03,372] {processor.py:642} INFO - Processing file /opt/anaconda3/envs/airflow_env/lib/python3.9/site-packages/airflow/example_dags/subdags/subdag.py for tasks to queue
[2022-08-22 20:01:03,372] {logging_mixin.py:109} INFO - [2022-08-22 20:01:03,372] {dagbag.py:500} INFO - Filling up the DagBag from /opt/anaconda3/envs/airflow_env/lib/python3.9/site-packages/airflow/example_dags/subdags/subdag.py
[2022-08-22 20:01:03,385] {processor.py:656} WARNING - No viable dags retrieved from /opt/anaconda3/envs/airflow_env/lib/python3.9/site-packages/airflow/example_dags/subdags/subdag.py
[2022-08-22 20:01:03,387] {processor.py:171} INFO - Processing /opt/anaconda3/envs/airflow_env/lib/python3.9/site-packages/airflow/example_dags/subdags/subdag.py took 0.016 seconds
[2022-08-22 20:01:36,535] {processor.py:163} INFO - Started process (PID=16892) to work on /opt/anaconda3/envs/airflow_env/lib/python3.9/site-packages/airflow/example_dags/subdags/subdag.py
[2022-08-22 20:01:36,536] {processor.py:642} INFO - Processing file /opt/anaconda3/envs/airflow_env/lib/python3.9/site-packages/airflow/example_dags/subdags/subdag.py for tasks to queue
[2022-08-22 20:01:36,536] {logging_mixin.py:109} INFO - [2022-08-22 20:01:36,536] {dagbag.py:500} INFO - Filling up the DagBag from /opt/anaconda3/envs/airflow_env/lib/python3.9/site-packages/airflow/example_dags/subdags/subdag.py
[2022-08-22 20:01:36,549] {processor.py:656} WARNING - No viable dags retrieved from /opt/anaconda3/envs/airflow_env/lib/python3.9/site-packages/airflow/example_dags/subdags/subdag.py
[2022-08-22 20:01:36,550] {processor.py:171} INFO - Processing /opt/anaconda3/envs/airflow_env/lib/python3.9/site-packages/airflow/example_dags/subdags/subdag.py took 0.016 seconds
[2022-08-22 20:02:10,203] {processor.py:163} INFO - Started process (PID=16913) to work on /opt/anaconda3/envs/airflow_env/lib/python3.9/site-packages/airflow/example_dags/subdags/subdag.py
[2022-08-22 20:02:10,204] {processor.py:642} INFO - Processing file /opt/anaconda3/envs/airflow_env/lib/python3.9/site-packages/airflow/example_dags/subdags/subdag.py for tasks to queue
[2022-08-22 20:02:10,204] {logging_mixin.py:109} INFO - [2022-08-22 20:02:10,204] {dagbag.py:500} INFO - Filling up the DagBag from /opt/anaconda3/envs/airflow_env/lib/python3.9/site-packages/airflow/example_dags/subdags/subdag.py
[2022-08-22 20:02:10,218] {processor.py:656} WARNING - No viable dags retrieved from /opt/anaconda3/envs/airflow_env/lib/python3.9/site-packages/airflow/example_dags/subdags/subdag.py
[2022-08-22 20:02:10,219] {processor.py:171} INFO - Processing /opt/anaconda3/envs/airflow_env/lib/python3.9/site-packages/airflow/example_dags/subdags/subdag.py took 0.017 seconds
[2022-08-22 20:02:43,182] {processor.py:163} INFO - Started process (PID=16934) to work on /opt/anaconda3/envs/airflow_env/lib/python3.9/site-packages/airflow/example_dags/subdags/subdag.py
[2022-08-22 20:02:43,183] {processor.py:642} INFO - Processing file /opt/anaconda3/envs/airflow_env/lib/python3.9/site-packages/airflow/example_dags/subdags/subdag.py for tasks to queue
[2022-08-22 20:02:43,183] {logging_mixin.py:109} INFO - [2022-08-22 20:02:43,183] {dagbag.py:500} INFO - Filling up the DagBag from /opt/anaconda3/envs/airflow_env/lib/python3.9/site-packages/airflow/example_dags/subdags/subdag.py
[2022-08-22 20:02:43,195] {processor.py:656} WARNING - No viable dags retrieved from /opt/anaconda3/envs/airflow_env/lib/python3.9/site-packages/airflow/example_dags/subdags/subdag.py
[2022-08-22 20:02:43,196] {processor.py:171} INFO - Processing /opt/anaconda3/envs/airflow_env/lib/python3.9/site-packages/airflow/example_dags/subdags/subdag.py took 0.014 seconds
[2022-08-22 20:03:16,105] {processor.py:163} INFO - Started process (PID=16960) to work on /opt/anaconda3/envs/airflow_env/lib/python3.9/site-packages/airflow/example_dags/subdags/subdag.py
[2022-08-22 20:03:16,105] {processor.py:642} INFO - Processing file /opt/anaconda3/envs/airflow_env/lib/python3.9/site-packages/airflow/example_dags/subdags/subdag.py for tasks to queue
[2022-08-22 20:03:16,105] {logging_mixin.py:109} INFO - [2022-08-22 20:03:16,105] {dagbag.py:500} INFO - Filling up the DagBag from /opt/anaconda3/envs/airflow_env/lib/python3.9/site-packages/airflow/example_dags/subdags/subdag.py
[2022-08-22 20:03:16,118] {processor.py:656} WARNING - No viable dags retrieved from /opt/anaconda3/envs/airflow_env/lib/python3.9/site-packages/airflow/example_dags/subdags/subdag.py
[2022-08-22 20:03:16,119] {processor.py:171} INFO - Processing /opt/anaconda3/envs/airflow_env/lib/python3.9/site-packages/airflow/example_dags/subdags/subdag.py took 0.014 seconds
[2022-08-22 20:03:47,185] {processor.py:163} INFO - Started process (PID=16984) to work on /opt/anaconda3/envs/airflow_env/lib/python3.9/site-packages/airflow/example_dags/subdags/subdag.py
[2022-08-22 20:03:47,185] {processor.py:642} INFO - Processing file /opt/anaconda3/envs/airflow_env/lib/python3.9/site-packages/airflow/example_dags/subdags/subdag.py for tasks to queue
[2022-08-22 20:03:47,186] {logging_mixin.py:109} INFO - [2022-08-22 20:03:47,186] {dagbag.py:500} INFO - Filling up the DagBag from /opt/anaconda3/envs/airflow_env/lib/python3.9/site-packages/airflow/example_dags/subdags/subdag.py
[2022-08-22 20:03:47,199] {processor.py:656} WARNING - No viable dags retrieved from /opt/anaconda3/envs/airflow_env/lib/python3.9/site-packages/airflow/example_dags/subdags/subdag.py
[2022-08-22 20:03:47,200] {processor.py:171} INFO - Processing /opt/anaconda3/envs/airflow_env/lib/python3.9/site-packages/airflow/example_dags/subdags/subdag.py took 0.015 seconds
[2022-08-22 20:04:18,481] {processor.py:163} INFO - Started process (PID=17025) to work on /opt/anaconda3/envs/airflow_env/lib/python3.9/site-packages/airflow/example_dags/subdags/subdag.py
[2022-08-22 20:04:18,482] {processor.py:642} INFO - Processing file /opt/anaconda3/envs/airflow_env/lib/python3.9/site-packages/airflow/example_dags/subdags/subdag.py for tasks to queue
[2022-08-22 20:04:18,482] {logging_mixin.py:109} INFO - [2022-08-22 20:04:18,482] {dagbag.py:500} INFO - Filling up the DagBag from /opt/anaconda3/envs/airflow_env/lib/python3.9/site-packages/airflow/example_dags/subdags/subdag.py
[2022-08-22 20:04:18,494] {processor.py:656} WARNING - No viable dags retrieved from /opt/anaconda3/envs/airflow_env/lib/python3.9/site-packages/airflow/example_dags/subdags/subdag.py
[2022-08-22 20:04:18,495] {processor.py:171} INFO - Processing /opt/anaconda3/envs/airflow_env/lib/python3.9/site-packages/airflow/example_dags/subdags/subdag.py took 0.014 seconds
[2022-08-22 20:04:51,757] {processor.py:163} INFO - Started process (PID=17067) to work on /opt/anaconda3/envs/airflow_env/lib/python3.9/site-packages/airflow/example_dags/subdags/subdag.py
[2022-08-22 20:04:51,757] {processor.py:642} INFO - Processing file /opt/anaconda3/envs/airflow_env/lib/python3.9/site-packages/airflow/example_dags/subdags/subdag.py for tasks to queue
[2022-08-22 20:04:51,757] {logging_mixin.py:109} INFO - [2022-08-22 20:04:51,757] {dagbag.py:500} INFO - Filling up the DagBag from /opt/anaconda3/envs/airflow_env/lib/python3.9/site-packages/airflow/example_dags/subdags/subdag.py
[2022-08-22 20:04:51,770] {processor.py:656} WARNING - No viable dags retrieved from /opt/anaconda3/envs/airflow_env/lib/python3.9/site-packages/airflow/example_dags/subdags/subdag.py
[2022-08-22 20:04:51,771] {processor.py:171} INFO - Processing /opt/anaconda3/envs/airflow_env/lib/python3.9/site-packages/airflow/example_dags/subdags/subdag.py took 0.014 seconds
[2022-08-22 20:05:25,139] {processor.py:163} INFO - Started process (PID=17093) to work on /opt/anaconda3/envs/airflow_env/lib/python3.9/site-packages/airflow/example_dags/subdags/subdag.py
[2022-08-22 20:05:25,139] {processor.py:642} INFO - Processing file /opt/anaconda3/envs/airflow_env/lib/python3.9/site-packages/airflow/example_dags/subdags/subdag.py for tasks to queue
[2022-08-22 20:05:25,140] {logging_mixin.py:109} INFO - [2022-08-22 20:05:25,140] {dagbag.py:500} INFO - Filling up the DagBag from /opt/anaconda3/envs/airflow_env/lib/python3.9/site-packages/airflow/example_dags/subdags/subdag.py
[2022-08-22 20:05:25,152] {processor.py:656} WARNING - No viable dags retrieved from /opt/anaconda3/envs/airflow_env/lib/python3.9/site-packages/airflow/example_dags/subdags/subdag.py
[2022-08-22 20:05:25,153] {processor.py:171} INFO - Processing /opt/anaconda3/envs/airflow_env/lib/python3.9/site-packages/airflow/example_dags/subdags/subdag.py took 0.014 seconds
[2022-08-22 20:05:57,708] {processor.py:163} INFO - Started process (PID=17111) to work on /opt/anaconda3/envs/airflow_env/lib/python3.9/site-packages/airflow/example_dags/subdags/subdag.py
[2022-08-22 20:05:57,708] {processor.py:642} INFO - Processing file /opt/anaconda3/envs/airflow_env/lib/python3.9/site-packages/airflow/example_dags/subdags/subdag.py for tasks to queue
[2022-08-22 20:05:57,708] {logging_mixin.py:109} INFO - [2022-08-22 20:05:57,708] {dagbag.py:500} INFO - Filling up the DagBag from /opt/anaconda3/envs/airflow_env/lib/python3.9/site-packages/airflow/example_dags/subdags/subdag.py
[2022-08-22 20:05:57,721] {processor.py:656} WARNING - No viable dags retrieved from /opt/anaconda3/envs/airflow_env/lib/python3.9/site-packages/airflow/example_dags/subdags/subdag.py
[2022-08-22 20:05:57,722] {processor.py:171} INFO - Processing /opt/anaconda3/envs/airflow_env/lib/python3.9/site-packages/airflow/example_dags/subdags/subdag.py took 0.014 seconds
[2022-08-22 20:06:28,861] {processor.py:163} INFO - Started process (PID=17130) to work on /opt/anaconda3/envs/airflow_env/lib/python3.9/site-packages/airflow/example_dags/subdags/subdag.py
[2022-08-22 20:06:28,861] {processor.py:642} INFO - Processing file /opt/anaconda3/envs/airflow_env/lib/python3.9/site-packages/airflow/example_dags/subdags/subdag.py for tasks to queue
[2022-08-22 20:06:28,861] {logging_mixin.py:109} INFO - [2022-08-22 20:06:28,861] {dagbag.py:500} INFO - Filling up the DagBag from /opt/anaconda3/envs/airflow_env/lib/python3.9/site-packages/airflow/example_dags/subdags/subdag.py
[2022-08-22 20:06:28,873] {processor.py:656} WARNING - No viable dags retrieved from /opt/anaconda3/envs/airflow_env/lib/python3.9/site-packages/airflow/example_dags/subdags/subdag.py
[2022-08-22 20:06:28,874] {processor.py:171} INFO - Processing /opt/anaconda3/envs/airflow_env/lib/python3.9/site-packages/airflow/example_dags/subdags/subdag.py took 0.014 seconds
[2022-08-22 20:12:08,976] {processor.py:163} INFO - Started process (PID=1406) to work on /opt/anaconda3/envs/airflow_env/lib/python3.9/site-packages/airflow/example_dags/subdags/subdag.py
[2022-08-22 20:12:08,976] {processor.py:642} INFO - Processing file /opt/anaconda3/envs/airflow_env/lib/python3.9/site-packages/airflow/example_dags/subdags/subdag.py for tasks to queue
[2022-08-22 20:12:08,977] {logging_mixin.py:109} INFO - [2022-08-22 20:12:08,977] {dagbag.py:500} INFO - Filling up the DagBag from /opt/anaconda3/envs/airflow_env/lib/python3.9/site-packages/airflow/example_dags/subdags/subdag.py
[2022-08-22 20:12:08,990] {processor.py:656} WARNING - No viable dags retrieved from /opt/anaconda3/envs/airflow_env/lib/python3.9/site-packages/airflow/example_dags/subdags/subdag.py
[2022-08-22 20:12:08,991] {processor.py:171} INFO - Processing /opt/anaconda3/envs/airflow_env/lib/python3.9/site-packages/airflow/example_dags/subdags/subdag.py took 0.015 seconds
[2022-08-22 20:13:10,641] {processor.py:163} INFO - Started process (PID=1459) to work on /opt/anaconda3/envs/airflow_env/lib/python3.9/site-packages/airflow/example_dags/subdags/subdag.py
[2022-08-22 20:13:10,641] {processor.py:642} INFO - Processing file /opt/anaconda3/envs/airflow_env/lib/python3.9/site-packages/airflow/example_dags/subdags/subdag.py for tasks to queue
[2022-08-22 20:13:10,641] {logging_mixin.py:109} INFO - [2022-08-22 20:13:10,641] {dagbag.py:500} INFO - Filling up the DagBag from /opt/anaconda3/envs/airflow_env/lib/python3.9/site-packages/airflow/example_dags/subdags/subdag.py
[2022-08-22 20:13:10,653] {processor.py:656} WARNING - No viable dags retrieved from /opt/anaconda3/envs/airflow_env/lib/python3.9/site-packages/airflow/example_dags/subdags/subdag.py
[2022-08-22 20:13:10,654] {processor.py:171} INFO - Processing /opt/anaconda3/envs/airflow_env/lib/python3.9/site-packages/airflow/example_dags/subdags/subdag.py took 0.013 seconds
[2022-08-22 20:13:41,531] {processor.py:163} INFO - Started process (PID=1480) to work on /opt/anaconda3/envs/airflow_env/lib/python3.9/site-packages/airflow/example_dags/subdags/subdag.py
[2022-08-22 20:13:41,531] {processor.py:642} INFO - Processing file /opt/anaconda3/envs/airflow_env/lib/python3.9/site-packages/airflow/example_dags/subdags/subdag.py for tasks to queue
[2022-08-22 20:13:41,532] {logging_mixin.py:109} INFO - [2022-08-22 20:13:41,532] {dagbag.py:500} INFO - Filling up the DagBag from /opt/anaconda3/envs/airflow_env/lib/python3.9/site-packages/airflow/example_dags/subdags/subdag.py
[2022-08-22 20:13:41,544] {processor.py:656} WARNING - No viable dags retrieved from /opt/anaconda3/envs/airflow_env/lib/python3.9/site-packages/airflow/example_dags/subdags/subdag.py
[2022-08-22 20:13:41,545] {processor.py:171} INFO - Processing /opt/anaconda3/envs/airflow_env/lib/python3.9/site-packages/airflow/example_dags/subdags/subdag.py took 0.015 seconds
[2022-08-22 20:14:13,934] {processor.py:163} INFO - Started process (PID=1543) to work on /opt/anaconda3/envs/airflow_env/lib/python3.9/site-packages/airflow/example_dags/subdags/subdag.py
[2022-08-22 20:14:13,934] {processor.py:642} INFO - Processing file /opt/anaconda3/envs/airflow_env/lib/python3.9/site-packages/airflow/example_dags/subdags/subdag.py for tasks to queue
[2022-08-22 20:14:13,934] {logging_mixin.py:109} INFO - [2022-08-22 20:14:13,934] {dagbag.py:500} INFO - Filling up the DagBag from /opt/anaconda3/envs/airflow_env/lib/python3.9/site-packages/airflow/example_dags/subdags/subdag.py
[2022-08-22 20:14:13,947] {processor.py:656} WARNING - No viable dags retrieved from /opt/anaconda3/envs/airflow_env/lib/python3.9/site-packages/airflow/example_dags/subdags/subdag.py
[2022-08-22 20:14:13,948] {processor.py:171} INFO - Processing /opt/anaconda3/envs/airflow_env/lib/python3.9/site-packages/airflow/example_dags/subdags/subdag.py took 0.014 seconds
[2022-08-22 20:15:15,582] {processor.py:163} INFO - Started process (PID=1778) to work on /opt/anaconda3/envs/airflow_env/lib/python3.9/site-packages/airflow/example_dags/subdags/subdag.py
[2022-08-22 20:15:15,582] {processor.py:642} INFO - Processing file /opt/anaconda3/envs/airflow_env/lib/python3.9/site-packages/airflow/example_dags/subdags/subdag.py for tasks to queue
[2022-08-22 20:15:15,582] {logging_mixin.py:109} INFO - [2022-08-22 20:15:15,582] {dagbag.py:500} INFO - Filling up the DagBag from /opt/anaconda3/envs/airflow_env/lib/python3.9/site-packages/airflow/example_dags/subdags/subdag.py
[2022-08-22 20:15:15,595] {processor.py:656} WARNING - No viable dags retrieved from /opt/anaconda3/envs/airflow_env/lib/python3.9/site-packages/airflow/example_dags/subdags/subdag.py
[2022-08-22 20:15:15,596] {processor.py:171} INFO - Processing /opt/anaconda3/envs/airflow_env/lib/python3.9/site-packages/airflow/example_dags/subdags/subdag.py took 0.015 seconds
[2022-08-22 20:15:46,509] {processor.py:163} INFO - Started process (PID=1850) to work on /opt/anaconda3/envs/airflow_env/lib/python3.9/site-packages/airflow/example_dags/subdags/subdag.py
[2022-08-22 20:15:46,509] {processor.py:642} INFO - Processing file /opt/anaconda3/envs/airflow_env/lib/python3.9/site-packages/airflow/example_dags/subdags/subdag.py for tasks to queue
[2022-08-22 20:15:46,509] {logging_mixin.py:109} INFO - [2022-08-22 20:15:46,509] {dagbag.py:500} INFO - Filling up the DagBag from /opt/anaconda3/envs/airflow_env/lib/python3.9/site-packages/airflow/example_dags/subdags/subdag.py
[2022-08-22 20:15:46,521] {processor.py:656} WARNING - No viable dags retrieved from /opt/anaconda3/envs/airflow_env/lib/python3.9/site-packages/airflow/example_dags/subdags/subdag.py
[2022-08-22 20:15:46,522] {processor.py:171} INFO - Processing /opt/anaconda3/envs/airflow_env/lib/python3.9/site-packages/airflow/example_dags/subdags/subdag.py took 0.014 seconds
[2022-08-22 20:16:19,154] {processor.py:163} INFO - Started process (PID=1870) to work on /opt/anaconda3/envs/airflow_env/lib/python3.9/site-packages/airflow/example_dags/subdags/subdag.py
[2022-08-22 20:16:19,154] {processor.py:642} INFO - Processing file /opt/anaconda3/envs/airflow_env/lib/python3.9/site-packages/airflow/example_dags/subdags/subdag.py for tasks to queue
[2022-08-22 20:16:19,154] {logging_mixin.py:109} INFO - [2022-08-22 20:16:19,154] {dagbag.py:500} INFO - Filling up the DagBag from /opt/anaconda3/envs/airflow_env/lib/python3.9/site-packages/airflow/example_dags/subdags/subdag.py
[2022-08-22 20:16:19,166] {processor.py:656} WARNING - No viable dags retrieved from /opt/anaconda3/envs/airflow_env/lib/python3.9/site-packages/airflow/example_dags/subdags/subdag.py
[2022-08-22 20:16:19,167] {processor.py:171} INFO - Processing /opt/anaconda3/envs/airflow_env/lib/python3.9/site-packages/airflow/example_dags/subdags/subdag.py took 0.013 seconds
[2022-08-22 20:17:18,142] {processor.py:163} INFO - Started process (PID=1950) to work on /opt/anaconda3/envs/airflow_env/lib/python3.9/site-packages/airflow/example_dags/subdags/subdag.py
[2022-08-22 20:17:18,142] {processor.py:642} INFO - Processing file /opt/anaconda3/envs/airflow_env/lib/python3.9/site-packages/airflow/example_dags/subdags/subdag.py for tasks to queue
[2022-08-22 20:17:18,143] {logging_mixin.py:109} INFO - [2022-08-22 20:17:18,143] {dagbag.py:500} INFO - Filling up the DagBag from /opt/anaconda3/envs/airflow_env/lib/python3.9/site-packages/airflow/example_dags/subdags/subdag.py
[2022-08-22 20:17:18,154] {processor.py:656} WARNING - No viable dags retrieved from /opt/anaconda3/envs/airflow_env/lib/python3.9/site-packages/airflow/example_dags/subdags/subdag.py
[2022-08-22 20:17:18,155] {processor.py:171} INFO - Processing /opt/anaconda3/envs/airflow_env/lib/python3.9/site-packages/airflow/example_dags/subdags/subdag.py took 0.013 seconds
[2022-08-22 20:18:17,168] {processor.py:163} INFO - Started process (PID=1991) to work on /opt/anaconda3/envs/airflow_env/lib/python3.9/site-packages/airflow/example_dags/subdags/subdag.py
[2022-08-22 20:18:17,168] {processor.py:642} INFO - Processing file /opt/anaconda3/envs/airflow_env/lib/python3.9/site-packages/airflow/example_dags/subdags/subdag.py for tasks to queue
[2022-08-22 20:18:17,168] {logging_mixin.py:109} INFO - [2022-08-22 20:18:17,168] {dagbag.py:500} INFO - Filling up the DagBag from /opt/anaconda3/envs/airflow_env/lib/python3.9/site-packages/airflow/example_dags/subdags/subdag.py
[2022-08-22 20:18:17,180] {processor.py:656} WARNING - No viable dags retrieved from /opt/anaconda3/envs/airflow_env/lib/python3.9/site-packages/airflow/example_dags/subdags/subdag.py
[2022-08-22 20:18:17,180] {processor.py:171} INFO - Processing /opt/anaconda3/envs/airflow_env/lib/python3.9/site-packages/airflow/example_dags/subdags/subdag.py took 0.013 seconds
[2022-08-22 20:19:18,432] {processor.py:163} INFO - Started process (PID=2075) to work on /opt/anaconda3/envs/airflow_env/lib/python3.9/site-packages/airflow/example_dags/subdags/subdag.py
[2022-08-22 20:19:18,432] {processor.py:642} INFO - Processing file /opt/anaconda3/envs/airflow_env/lib/python3.9/site-packages/airflow/example_dags/subdags/subdag.py for tasks to queue
[2022-08-22 20:19:18,433] {logging_mixin.py:109} INFO - [2022-08-22 20:19:18,433] {dagbag.py:500} INFO - Filling up the DagBag from /opt/anaconda3/envs/airflow_env/lib/python3.9/site-packages/airflow/example_dags/subdags/subdag.py
[2022-08-22 20:19:18,444] {processor.py:656} WARNING - No viable dags retrieved from /opt/anaconda3/envs/airflow_env/lib/python3.9/site-packages/airflow/example_dags/subdags/subdag.py
[2022-08-22 20:19:18,445] {processor.py:171} INFO - Processing /opt/anaconda3/envs/airflow_env/lib/python3.9/site-packages/airflow/example_dags/subdags/subdag.py took 0.013 seconds
[2022-08-22 20:19:49,297] {processor.py:163} INFO - Started process (PID=2106) to work on /opt/anaconda3/envs/airflow_env/lib/python3.9/site-packages/airflow/example_dags/subdags/subdag.py
[2022-08-22 20:19:49,297] {processor.py:642} INFO - Processing file /opt/anaconda3/envs/airflow_env/lib/python3.9/site-packages/airflow/example_dags/subdags/subdag.py for tasks to queue
[2022-08-22 20:19:49,297] {logging_mixin.py:109} INFO - [2022-08-22 20:19:49,297] {dagbag.py:500} INFO - Filling up the DagBag from /opt/anaconda3/envs/airflow_env/lib/python3.9/site-packages/airflow/example_dags/subdags/subdag.py
[2022-08-22 20:19:49,309] {processor.py:656} WARNING - No viable dags retrieved from /opt/anaconda3/envs/airflow_env/lib/python3.9/site-packages/airflow/example_dags/subdags/subdag.py
[2022-08-22 20:19:49,309] {processor.py:171} INFO - Processing /opt/anaconda3/envs/airflow_env/lib/python3.9/site-packages/airflow/example_dags/subdags/subdag.py took 0.013 seconds
[2022-08-22 20:20:21,786] {processor.py:163} INFO - Started process (PID=2155) to work on /opt/anaconda3/envs/airflow_env/lib/python3.9/site-packages/airflow/example_dags/subdags/subdag.py
[2022-08-22 20:20:21,786] {processor.py:642} INFO - Processing file /opt/anaconda3/envs/airflow_env/lib/python3.9/site-packages/airflow/example_dags/subdags/subdag.py for tasks to queue
[2022-08-22 20:20:21,787] {logging_mixin.py:109} INFO - [2022-08-22 20:20:21,787] {dagbag.py:500} INFO - Filling up the DagBag from /opt/anaconda3/envs/airflow_env/lib/python3.9/site-packages/airflow/example_dags/subdags/subdag.py
[2022-08-22 20:20:21,799] {processor.py:656} WARNING - No viable dags retrieved from /opt/anaconda3/envs/airflow_env/lib/python3.9/site-packages/airflow/example_dags/subdags/subdag.py
[2022-08-22 20:20:21,800] {processor.py:171} INFO - Processing /opt/anaconda3/envs/airflow_env/lib/python3.9/site-packages/airflow/example_dags/subdags/subdag.py took 0.014 seconds
[2022-08-22 20:21:23,311] {processor.py:163} INFO - Started process (PID=2290) to work on /opt/anaconda3/envs/airflow_env/lib/python3.9/site-packages/airflow/example_dags/subdags/subdag.py
[2022-08-22 20:21:23,312] {processor.py:642} INFO - Processing file /opt/anaconda3/envs/airflow_env/lib/python3.9/site-packages/airflow/example_dags/subdags/subdag.py for tasks to queue
[2022-08-22 20:21:23,312] {logging_mixin.py:109} INFO - [2022-08-22 20:21:23,312] {dagbag.py:500} INFO - Filling up the DagBag from /opt/anaconda3/envs/airflow_env/lib/python3.9/site-packages/airflow/example_dags/subdags/subdag.py
[2022-08-22 20:21:23,324] {processor.py:656} WARNING - No viable dags retrieved from /opt/anaconda3/envs/airflow_env/lib/python3.9/site-packages/airflow/example_dags/subdags/subdag.py
[2022-08-22 20:21:23,325] {processor.py:171} INFO - Processing /opt/anaconda3/envs/airflow_env/lib/python3.9/site-packages/airflow/example_dags/subdags/subdag.py took 0.015 seconds
[2022-08-22 20:21:54,517] {processor.py:163} INFO - Started process (PID=2321) to work on /opt/anaconda3/envs/airflow_env/lib/python3.9/site-packages/airflow/example_dags/subdags/subdag.py
[2022-08-22 20:21:54,517] {processor.py:642} INFO - Processing file /opt/anaconda3/envs/airflow_env/lib/python3.9/site-packages/airflow/example_dags/subdags/subdag.py for tasks to queue
[2022-08-22 20:21:54,518] {logging_mixin.py:109} INFO - [2022-08-22 20:21:54,518] {dagbag.py:500} INFO - Filling up the DagBag from /opt/anaconda3/envs/airflow_env/lib/python3.9/site-packages/airflow/example_dags/subdags/subdag.py
[2022-08-22 20:21:54,530] {processor.py:656} WARNING - No viable dags retrieved from /opt/anaconda3/envs/airflow_env/lib/python3.9/site-packages/airflow/example_dags/subdags/subdag.py
[2022-08-22 20:21:54,531] {processor.py:171} INFO - Processing /opt/anaconda3/envs/airflow_env/lib/python3.9/site-packages/airflow/example_dags/subdags/subdag.py took 0.015 seconds
[2022-08-22 20:22:18,435] {processor.py:163} INFO - Started process (PID=2351) to work on /opt/anaconda3/envs/airflow_env/lib/python3.9/site-packages/airflow/example_dags/subdags/subdag.py
[2022-08-22 20:22:18,435] {processor.py:642} INFO - Processing file /opt/anaconda3/envs/airflow_env/lib/python3.9/site-packages/airflow/example_dags/subdags/subdag.py for tasks to queue
[2022-08-22 20:22:18,435] {logging_mixin.py:109} INFO - [2022-08-22 20:22:18,435] {dagbag.py:500} INFO - Filling up the DagBag from /opt/anaconda3/envs/airflow_env/lib/python3.9/site-packages/airflow/example_dags/subdags/subdag.py
[2022-08-22 20:22:18,447] {processor.py:656} WARNING - No viable dags retrieved from /opt/anaconda3/envs/airflow_env/lib/python3.9/site-packages/airflow/example_dags/subdags/subdag.py
[2022-08-22 20:22:18,447] {processor.py:171} INFO - Processing /opt/anaconda3/envs/airflow_env/lib/python3.9/site-packages/airflow/example_dags/subdags/subdag.py took 0.013 seconds
[2022-08-22 20:23:19,926] {processor.py:163} INFO - Started process (PID=2392) to work on /opt/anaconda3/envs/airflow_env/lib/python3.9/site-packages/airflow/example_dags/subdags/subdag.py
[2022-08-22 20:23:19,927] {processor.py:642} INFO - Processing file /opt/anaconda3/envs/airflow_env/lib/python3.9/site-packages/airflow/example_dags/subdags/subdag.py for tasks to queue
[2022-08-22 20:23:19,927] {logging_mixin.py:109} INFO - [2022-08-22 20:23:19,927] {dagbag.py:500} INFO - Filling up the DagBag from /opt/anaconda3/envs/airflow_env/lib/python3.9/site-packages/airflow/example_dags/subdags/subdag.py
[2022-08-22 20:23:19,939] {processor.py:656} WARNING - No viable dags retrieved from /opt/anaconda3/envs/airflow_env/lib/python3.9/site-packages/airflow/example_dags/subdags/subdag.py
[2022-08-22 20:23:19,940] {processor.py:171} INFO - Processing /opt/anaconda3/envs/airflow_env/lib/python3.9/site-packages/airflow/example_dags/subdags/subdag.py took 0.014 seconds
[2022-08-22 20:24:21,320] {processor.py:163} INFO - Started process (PID=2430) to work on /opt/anaconda3/envs/airflow_env/lib/python3.9/site-packages/airflow/example_dags/subdags/subdag.py
[2022-08-22 20:24:21,322] {processor.py:642} INFO - Processing file /opt/anaconda3/envs/airflow_env/lib/python3.9/site-packages/airflow/example_dags/subdags/subdag.py for tasks to queue
[2022-08-22 20:24:21,322] {logging_mixin.py:109} INFO - [2022-08-22 20:24:21,322] {dagbag.py:500} INFO - Filling up the DagBag from /opt/anaconda3/envs/airflow_env/lib/python3.9/site-packages/airflow/example_dags/subdags/subdag.py
[2022-08-22 20:24:21,334] {processor.py:656} WARNING - No viable dags retrieved from /opt/anaconda3/envs/airflow_env/lib/python3.9/site-packages/airflow/example_dags/subdags/subdag.py
[2022-08-22 20:24:21,335] {processor.py:171} INFO - Processing /opt/anaconda3/envs/airflow_env/lib/python3.9/site-packages/airflow/example_dags/subdags/subdag.py took 0.015 seconds
[2022-08-22 20:25:23,037] {processor.py:163} INFO - Started process (PID=2544) to work on /opt/anaconda3/envs/airflow_env/lib/python3.9/site-packages/airflow/example_dags/subdags/subdag.py
[2022-08-22 20:25:23,037] {processor.py:642} INFO - Processing file /opt/anaconda3/envs/airflow_env/lib/python3.9/site-packages/airflow/example_dags/subdags/subdag.py for tasks to queue
[2022-08-22 20:25:23,038] {logging_mixin.py:109} INFO - [2022-08-22 20:25:23,038] {dagbag.py:500} INFO - Filling up the DagBag from /opt/anaconda3/envs/airflow_env/lib/python3.9/site-packages/airflow/example_dags/subdags/subdag.py
[2022-08-22 20:25:23,052] {processor.py:656} WARNING - No viable dags retrieved from /opt/anaconda3/envs/airflow_env/lib/python3.9/site-packages/airflow/example_dags/subdags/subdag.py
[2022-08-22 20:25:23,053] {processor.py:171} INFO - Processing /opt/anaconda3/envs/airflow_env/lib/python3.9/site-packages/airflow/example_dags/subdags/subdag.py took 0.017 seconds
[2022-08-22 20:25:55,783] {processor.py:163} INFO - Started process (PID=2570) to work on /opt/anaconda3/envs/airflow_env/lib/python3.9/site-packages/airflow/example_dags/subdags/subdag.py
[2022-08-22 20:25:55,784] {processor.py:642} INFO - Processing file /opt/anaconda3/envs/airflow_env/lib/python3.9/site-packages/airflow/example_dags/subdags/subdag.py for tasks to queue
[2022-08-22 20:25:55,784] {logging_mixin.py:109} INFO - [2022-08-22 20:25:55,784] {dagbag.py:500} INFO - Filling up the DagBag from /opt/anaconda3/envs/airflow_env/lib/python3.9/site-packages/airflow/example_dags/subdags/subdag.py
[2022-08-22 20:25:55,796] {processor.py:656} WARNING - No viable dags retrieved from /opt/anaconda3/envs/airflow_env/lib/python3.9/site-packages/airflow/example_dags/subdags/subdag.py
[2022-08-22 20:25:55,797] {processor.py:171} INFO - Processing /opt/anaconda3/envs/airflow_env/lib/python3.9/site-packages/airflow/example_dags/subdags/subdag.py took 0.014 seconds
[2022-08-22 20:26:57,264] {processor.py:163} INFO - Started process (PID=2610) to work on /opt/anaconda3/envs/airflow_env/lib/python3.9/site-packages/airflow/example_dags/subdags/subdag.py
[2022-08-22 20:26:57,265] {processor.py:642} INFO - Processing file /opt/anaconda3/envs/airflow_env/lib/python3.9/site-packages/airflow/example_dags/subdags/subdag.py for tasks to queue
[2022-08-22 20:26:57,265] {logging_mixin.py:109} INFO - [2022-08-22 20:26:57,265] {dagbag.py:500} INFO - Filling up the DagBag from /opt/anaconda3/envs/airflow_env/lib/python3.9/site-packages/airflow/example_dags/subdags/subdag.py
[2022-08-22 20:26:57,276] {processor.py:656} WARNING - No viable dags retrieved from /opt/anaconda3/envs/airflow_env/lib/python3.9/site-packages/airflow/example_dags/subdags/subdag.py
[2022-08-22 20:26:57,277] {processor.py:171} INFO - Processing /opt/anaconda3/envs/airflow_env/lib/python3.9/site-packages/airflow/example_dags/subdags/subdag.py took 0.013 seconds
[2022-08-22 20:27:29,241] {processor.py:163} INFO - Started process (PID=2665) to work on /opt/anaconda3/envs/airflow_env/lib/python3.9/site-packages/airflow/example_dags/subdags/subdag.py
[2022-08-22 20:27:29,241] {processor.py:642} INFO - Processing file /opt/anaconda3/envs/airflow_env/lib/python3.9/site-packages/airflow/example_dags/subdags/subdag.py for tasks to queue
[2022-08-22 20:27:29,241] {logging_mixin.py:109} INFO - [2022-08-22 20:27:29,241] {dagbag.py:500} INFO - Filling up the DagBag from /opt/anaconda3/envs/airflow_env/lib/python3.9/site-packages/airflow/example_dags/subdags/subdag.py
[2022-08-22 20:27:29,252] {processor.py:656} WARNING - No viable dags retrieved from /opt/anaconda3/envs/airflow_env/lib/python3.9/site-packages/airflow/example_dags/subdags/subdag.py
[2022-08-22 20:27:29,253] {processor.py:171} INFO - Processing /opt/anaconda3/envs/airflow_env/lib/python3.9/site-packages/airflow/example_dags/subdags/subdag.py took 0.013 seconds
[2022-08-22 20:28:38,683] {processor.py:163} INFO - Started process (PID=2718) to work on /opt/anaconda3/envs/airflow_env/lib/python3.9/site-packages/airflow/example_dags/subdags/subdag.py
[2022-08-22 20:28:38,684] {processor.py:642} INFO - Processing file /opt/anaconda3/envs/airflow_env/lib/python3.9/site-packages/airflow/example_dags/subdags/subdag.py for tasks to queue
[2022-08-22 20:28:38,684] {logging_mixin.py:109} INFO - [2022-08-22 20:28:38,684] {dagbag.py:500} INFO - Filling up the DagBag from /opt/anaconda3/envs/airflow_env/lib/python3.9/site-packages/airflow/example_dags/subdags/subdag.py
[2022-08-22 20:28:38,696] {processor.py:656} WARNING - No viable dags retrieved from /opt/anaconda3/envs/airflow_env/lib/python3.9/site-packages/airflow/example_dags/subdags/subdag.py
[2022-08-22 20:28:38,697] {processor.py:171} INFO - Processing /opt/anaconda3/envs/airflow_env/lib/python3.9/site-packages/airflow/example_dags/subdags/subdag.py took 0.014 seconds
[2022-08-22 20:29:39,786] {processor.py:163} INFO - Started process (PID=2754) to work on /opt/anaconda3/envs/airflow_env/lib/python3.9/site-packages/airflow/example_dags/subdags/subdag.py
[2022-08-22 20:29:39,787] {processor.py:642} INFO - Processing file /opt/anaconda3/envs/airflow_env/lib/python3.9/site-packages/airflow/example_dags/subdags/subdag.py for tasks to queue
[2022-08-22 20:29:39,787] {logging_mixin.py:109} INFO - [2022-08-22 20:29:39,787] {dagbag.py:500} INFO - Filling up the DagBag from /opt/anaconda3/envs/airflow_env/lib/python3.9/site-packages/airflow/example_dags/subdags/subdag.py
[2022-08-22 20:29:39,798] {processor.py:656} WARNING - No viable dags retrieved from /opt/anaconda3/envs/airflow_env/lib/python3.9/site-packages/airflow/example_dags/subdags/subdag.py
[2022-08-22 20:29:39,799] {processor.py:171} INFO - Processing /opt/anaconda3/envs/airflow_env/lib/python3.9/site-packages/airflow/example_dags/subdags/subdag.py took 0.013 seconds
[2022-08-22 20:30:10,638] {processor.py:163} INFO - Started process (PID=2782) to work on /opt/anaconda3/envs/airflow_env/lib/python3.9/site-packages/airflow/example_dags/subdags/subdag.py
[2022-08-22 20:30:10,638] {processor.py:642} INFO - Processing file /opt/anaconda3/envs/airflow_env/lib/python3.9/site-packages/airflow/example_dags/subdags/subdag.py for tasks to queue
[2022-08-22 20:30:10,638] {logging_mixin.py:109} INFO - [2022-08-22 20:30:10,638] {dagbag.py:500} INFO - Filling up the DagBag from /opt/anaconda3/envs/airflow_env/lib/python3.9/site-packages/airflow/example_dags/subdags/subdag.py
[2022-08-22 20:30:10,650] {processor.py:656} WARNING - No viable dags retrieved from /opt/anaconda3/envs/airflow_env/lib/python3.9/site-packages/airflow/example_dags/subdags/subdag.py
[2022-08-22 20:30:10,651] {processor.py:171} INFO - Processing /opt/anaconda3/envs/airflow_env/lib/python3.9/site-packages/airflow/example_dags/subdags/subdag.py took 0.013 seconds
