[2022-09-03 13:53:01,131] {taskinstance.py:1032} INFO - Dependencies all met for <TaskInstance: etl_airflow.Extraction scheduled__2022-09-03T06:00:00+00:00 [queued]>
[2022-09-03 13:53:01,134] {taskinstance.py:1032} INFO - Dependencies all met for <TaskInstance: etl_airflow.Extraction scheduled__2022-09-03T06:00:00+00:00 [queued]>
[2022-09-03 13:53:01,134] {taskinstance.py:1238} INFO - 
--------------------------------------------------------------------------------
[2022-09-03 13:53:01,134] {taskinstance.py:1239} INFO - Starting attempt 1 of 1
[2022-09-03 13:53:01,134] {taskinstance.py:1240} INFO - 
--------------------------------------------------------------------------------
[2022-09-03 13:53:01,139] {taskinstance.py:1259} INFO - Executing <Task(PythonOperator): Extraction> on 2022-09-03 06:00:00+00:00
[2022-09-03 13:53:01,146] {standard_task_runner.py:52} INFO - Started process 40909 to run task
[2022-09-03 13:53:01,151] {standard_task_runner.py:76} INFO - Running: ['airflow', 'tasks', 'run', 'etl_airflow', 'Extraction', 'scheduled__2022-09-03T06:00:00+00:00', '--job-id', '607', '--raw', '--subdir', 'DAGS_FOLDER/etl_airflowv2.py', '--cfg-path', '/var/folders/35/pzst1sv14yld_nkt23lk_vmr0000gn/T/tmpsjqqwta6', '--error-file', '/var/folders/35/pzst1sv14yld_nkt23lk_vmr0000gn/T/tmpoezsut3o']
[2022-09-03 13:53:01,152] {standard_task_runner.py:77} INFO - Job 607: Subtask Extraction
[2022-09-03 13:53:01,174] {logging_mixin.py:109} INFO - Running <TaskInstance: etl_airflow.Extraction scheduled__2022-09-03T06:00:00+00:00 [running]> on host Jonathans-MacBook-Pro.local
[2022-09-03 13:53:01,195] {taskinstance.py:1424} INFO - Exporting the following env vars:
AIRFLOW_CTX_DAG_EMAIL=jonathan.dejesus.azor@gmail.com
AIRFLOW_CTX_DAG_OWNER=admin
AIRFLOW_CTX_DAG_ID=etl_airflow
AIRFLOW_CTX_TASK_ID=Extraction
AIRFLOW_CTX_EXECUTION_DATE=2022-09-03T06:00:00+00:00
AIRFLOW_CTX_DAG_RUN_ID=scheduled__2022-09-03T06:00:00+00:00
[2022-09-03 13:53:02,925] {logging_mixin.py:109} INFO -      incident_report_number  ... rep_time
0               20222391738  ...     2353
1               20222391646  ...     2346
2               20222391708  ...     2340
3               20222391707  ...       27
4               20222391682  ...       37
..                      ...  ...      ...
195             20222381037  ...     1626
196             20222381066  ...     1623
197             20222381057  ...     1601
198             20222380989  ...     1559
199             20222381059  ...     1630

[200 rows x 9 columns]
[2022-09-03 13:53:02,925] {python.py:175} INFO - Done. Returned value was:      incident_report_number  ... rep_time
0               20222391738  ...     2353
1               20222391646  ...     2346
2               20222391708  ...     2340
3               20222391707  ...       27
4               20222391682  ...       37
..                      ...  ...      ...
195             20222381037  ...     1626
196             20222381066  ...     1623
197             20222381057  ...     1601
198             20222380989  ...     1559
199             20222381059  ...     1630

[200 rows x 9 columns]
[2022-09-03 13:53:02,938] {taskinstance.py:1267} INFO - Marking task as SUCCESS. dag_id=etl_airflow, task_id=Extraction, execution_date=20220903T060000, start_date=20220903T185301, end_date=20220903T185302
[2022-09-03 13:53:02,967] {local_task_job.py:154} INFO - Task exited with return code 0
[2022-09-03 13:53:02,980] {local_task_job.py:264} INFO - 0 downstream tasks scheduled from follow-on schedule check
